#
# A fatal error has been detected by the Java Runtime Environment:
#
#  EXCEPTION_ACCESS_VIOLATION (0xc0000005) at pc=0x00007ffe6b5d49c6, pid=6032, tid=8380
#
# JRE version: Java(TM) SE Runtime Environment 18.9 (11.0.18+9) (build 11.0.18+9-LTS-195)
# Java VM: Java HotSpot(TM) 64-Bit Server VM 18.9 (11.0.18+9-LTS-195, mixed mode, tiered, compressed oops, g1 gc, windows-amd64)
# Problematic frame:
# V  [jvm.dll+0x1a49c6]
#
# No core dump will be written. Minidumps are not enabled by default on client versions of Windows
#
# If you would like to submit a bug report, please visit:
#   https://bugreport.java.com/bugreport/crash.jsp
#

---------------  S U M M A R Y ------------

Command Line: -Dfile.encoding=UTF-8 VIsta.Login

Host: Intel(R) Core(TM) i5-6300U CPU @ 2.40GHz, 4 cores, 15G,  Windows 10 , 64 bit Build 19041 (10.0.19041.2546)
Time: Sun Sep 17 11:14:08 2023 Hora estándar, América Central elapsed time: 88.166487 seconds (0d 0h 1m 28s)

---------------  T H R E A D  ---------------

Current thread (0x000002adc6fb2800):  JavaThread "C2 CompilerThread1" daemon [_thread_in_native, id=8380, stack(0x000000fd11c00000,0x000000fd11d00000)]


Current CompileTask:
C2:  88166 5037       4       javax.swing.plaf.synth.SynthGraphicsUtils::paintText (413 bytes)

Stack: [0x000000fd11c00000,0x000000fd11d00000],  sp=0x000000fd11cfc090,  free space=1008k
Native frames: (J=compiled Java code, j=interpreted, Vv=VM code, C=native code)
V  [jvm.dll+0x1a49c6]
V  [jvm.dll+0x1a20ee]
V  [jvm.dll+0x2114fd]
V  [jvm.dll+0x210378]
V  [jvm.dll+0x18c641]
V  [jvm.dll+0x220609]
V  [jvm.dll+0x21e92c]
V  [jvm.dll+0x763f61]
V  [jvm.dll+0x75c924]
V  [jvm.dll+0x65c755]
C  [ucrtbase.dll+0x21bb2]
C  [KERNEL32.DLL+0x17614]
C  [ntdll.dll+0x526a1]


siginfo: EXCEPTION_ACCESS_VIOLATION (0xc0000005), reading address 0xffffffffffffffff


Register to memory mapping:

RIP=0x00007ffe6b5d49c6 jvm.dll
RAX=0x00007ffe6bcadf38 jvm.dll
RBX=0x000002adcaafccd0 points into unknown readable memory: 0x0000000000000000 | 00 00 00 00 00 00 00 00
RCX=0x000002adc9c35960 points into unknown readable memory: 0x00007ffe6bcadf38 | 38 df ca 6b fe 7f 00 00
RDX=0x0000000000000016 is an unknown value
RSP=0x000000fd11cfc090 is pointing into the stack for thread: 0x000002adc6fb2800
RBP=0x000000fd11cfc5b0 is pointing into the stack for thread: 0x000002adc6fb2800
RSI=0x000002adc9c35960 points into unknown readable memory: 0x00007ffe6bcadf38 | 38 df ca 6b fe 7f 00 00
RDI=0x0000000000000001 is an unknown value
R8 =0x00000000ffffffff is an unknown value
R9 =0x0000000000000010 is an unknown value
R10=0x00000000003ff000 is an unknown value
R11=0x0 is NULL
R12=0x0000000000000001 is an unknown value
R13=0x0000000000000010 is an unknown value
R14=0x0000000000000001 is an unknown value
R15=0x000002adc7375070 points into unknown readable memory: 0x00007ffe6bc9ba60 | 60 ba c9 6b fe 7f 00 00


Registers:
RAX=0x00007ffe6bcadf38, RBX=0x000002adcaafccd0, RCX=0x000002adc9c35960, RDX=0x0000000000000016
RSP=0x000000fd11cfc090, RBP=0x000000fd11cfc5b0, RSI=0x000002adc9c35960, RDI=0x0000000000000001
R8 =0x00000000ffffffff, R9 =0x0000000000000010, R10=0x00000000003ff000, R11=0x0000000000000000
R12=0x0000000000000001, R13=0x0000000000000010, R14=0x0000000000000001, R15=0x000002adc7375070
RIP=0x00007ffe6b5d49c6, EFLAGS=0x0000000000010246

Top of Stack: (sp=0x000000fd11cfc090)
0x000000fd11cfc090:   000002adcaafc190 000000fd0000009c
0x000000fd11cfc0a0:   0000000000000000 0000000000000004
0x000000fd11cfc0b0:   000002870000000f 00007ffe00000002
0x000000fd11cfc0c0:   000002adc7375070 00000000000000e0
0x000000fd11cfc0d0:   0000000000000000 0000000000000000
0x000000fd11cfc0e0:   00000000001159e0 000002adc5a57a60
0x000000fd11cfc0f0:   00000000000003d8 000002adc5a57e48
0x000000fd11cfc100:   000002adc5a57a70 0000000000000000
0x000000fd11cfc110:   000000fd11cfc698 000000fd11cfc230
0x000000fd11cfc120:   000000fd11cfc5b0 00007ffe6b5d20ee
0x000000fd11cfc130:   000000fd11cfc5b0 000000fd11cfc201
0x000000fd11cfc140:   0000000000000001 000000fdffffffff
0x000000fd11cfc150:   00000003deadbe00 000000fd11cfc740
0x000000fd11cfc160:   000000fd00000006 000002adc5a57a60
0x000000fd11cfc170:   000002adc614aaf0 000002adc6150280
0x000000fd11cfc180:   000002adc6152ad8 00000000003b3130 

Instructions: (pc=0x00007ffe6b5d49c6)
0x00007ffe6b5d49a6:   2c 45 8b e6 24 03 c6 84 24 b0 00 00 00 00 3c 02
0x00007ffe6b5d49b6:   75 17 48 8b 06 48 8b ce c6 84 24 b0 00 00 00 01
0x00007ffe6b5d49c6:   ff 90 c0 00 00 00 44 8b e0 48 8b 85 28 01 00 00
0x00007ffe6b5d49d6:   48 63 4e 28 44 0f b7 46 30 41 83 e0 01 8b 14 88 


Stack slot to memory mapping:
stack at sp + 0 slots: 0x000002adcaafc190 points into unknown readable memory: 0x0000000000000000 | 00 00 00 00 00 00 00 00
stack at sp + 1 slots: 0x000000fd0000009c is an unknown value
stack at sp + 2 slots: 0x0 is NULL
stack at sp + 3 slots: 0x0000000000000004 is an unknown value
stack at sp + 4 slots: 0x000002870000000f is an unknown value
stack at sp + 5 slots: 0x00007ffe00000002 is an unknown value
stack at sp + 6 slots: 0x000002adc7375070 points into unknown readable memory: 0x00007ffe6bc9ba60 | 60 ba c9 6b fe 7f 00 00
stack at sp + 7 slots: 0x00000000000000e0 is an unknown value


---------------  P R O C E S S  ---------------

Threads class SMR info:
_java_thread_list=0x000002adc6d8a6b0, length=17, elements={
0x000002adc433a800, 0x000002adc4343800, 0x000002adc4394800, 0x000002adc4395800,
0x000002adc4398000, 0x000002adc43aa800, 0x000002adc43ab800, 0x000002adc43ad800,
0x000002adc4540000, 0x000002adc4b31800, 0x000002adc4b34800, 0x000002adc4b35800,
0x000002adc4c56800, 0x000002ada192a800, 0x000002adc67a7800, 0x000002adc67aa800,
0x000002adc6fb2800
}

Java Threads: ( => current thread )
  0x000002adc433a800 JavaThread "Reference Handler" daemon [_thread_blocked, id=8812, stack(0x000000fd12500000,0x000000fd12600000)]
  0x000002adc4343800 JavaThread "Finalizer" daemon [_thread_blocked, id=8096, stack(0x000000fd12600000,0x000000fd12700000)]
  0x000002adc4394800 JavaThread "Signal Dispatcher" daemon [_thread_blocked, id=1312, stack(0x000000fd12700000,0x000000fd12800000)]
  0x000002adc4395800 JavaThread "Attach Listener" daemon [_thread_blocked, id=10008, stack(0x000000fd12800000,0x000000fd12900000)]
  0x000002adc4398000 JavaThread "Service Thread" daemon [_thread_blocked, id=8004, stack(0x000000fd12900000,0x000000fd12a00000)]
  0x000002adc43aa800 JavaThread "C2 CompilerThread0" daemon [_thread_blocked, id=7396, stack(0x000000fd12a00000,0x000000fd12b00000)]
  0x000002adc43ab800 JavaThread "C1 CompilerThread0" daemon [_thread_blocked, id=9504, stack(0x000000fd12b00000,0x000000fd12c00000)]
  0x000002adc43ad800 JavaThread "Sweeper thread" daemon [_thread_blocked, id=8692, stack(0x000000fd12c00000,0x000000fd12d00000)]
  0x000002adc4540000 JavaThread "Common-Cleaner" daemon [_thread_blocked, id=4936, stack(0x000000fd12e00000,0x000000fd12f00000)]
  0x000002adc4b31800 JavaThread "Java2D Disposer" daemon [_thread_blocked, id=3828, stack(0x000000fd12f00000,0x000000fd13000000)]
  0x000002adc4b34800 JavaThread "AWT-Shutdown" [_thread_blocked, id=2180, stack(0x000000fd13000000,0x000000fd13100000)]
  0x000002adc4b35800 JavaThread "AWT-Windows" daemon [_thread_in_native, id=5760, stack(0x000000fd13100000,0x000000fd13200000)]
  0x000002adc4c56800 JavaThread "AWT-EventQueue-0" [_thread_blocked, id=3252, stack(0x000000fd13300000,0x000000fd13400000)]
  0x000002ada192a800 JavaThread "DestroyJavaVM" [_thread_blocked, id=9196, stack(0x000000fd11e00000,0x000000fd11f00000)]
  0x000002adc67a7800 JavaThread "TimerQueue" daemon [_thread_blocked, id=7856, stack(0x000000fd13200000,0x000000fd13300000)]
  0x000002adc67aa800 JavaThread "Image Fetcher 0" daemon [_thread_blocked, id=4320, stack(0x000000fd11b00000,0x000000fd11c00000)]
=>0x000002adc6fb2800 JavaThread "C2 CompilerThread1" daemon [_thread_in_native, id=8380, stack(0x000000fd11c00000,0x000000fd11d00000)]

Other Threads:
  0x000002adc4315800 VMThread "VM Thread" [stack: 0x000000fd12400000,0x000000fd12500000] [id=9376]
  0x000002adc453b000 WatcherThread [stack: 0x000000fd12d00000,0x000000fd12e00000] [id=7452]
  0x000002ada193a800 GCTaskThread "GC Thread#0" [stack: 0x000000fd11f00000,0x000000fd12000000] [id=6892]
  0x000002adc4baa800 GCTaskThread "GC Thread#1" [stack: 0x000000fd13500000,0x000000fd13600000] [id=1064]
  0x000002adc4b18000 GCTaskThread "GC Thread#2" [stack: 0x000000fd13600000,0x000000fd13700000] [id=8544]
  0x000002adc4b18800 GCTaskThread "GC Thread#3" [stack: 0x000000fd13700000,0x000000fd13800000] [id=9684]
  0x000002ada1996000 ConcurrentGCThread "G1 Main Marker" [stack: 0x000000fd12000000,0x000000fd12100000] [id=7940]
  0x000002ada1998800 ConcurrentGCThread "G1 Conc#0" [stack: 0x000000fd12100000,0x000000fd12200000] [id=3288]
  0x000002adc397a800 ConcurrentGCThread "G1 Refine#0" [stack: 0x000000fd12200000,0x000000fd12300000] [id=252]
  0x000002adc4872800 ConcurrentGCThread "G1 Refine#1" [stack: 0x000000fd13800000,0x000000fd13900000] [id=5092]
  0x000002adc397b800 ConcurrentGCThread "G1 Young RemSet Sampling" [stack: 0x000000fd12300000,0x000000fd12400000] [id=5628]

Threads with active compile tasks:
C2 CompilerThread1    88421 5037       4       javax.swing.plaf.synth.SynthGraphicsUtils::paintText (413 bytes)

VM state:not at safepoint (normal execution)

VM Mutex/Monitor currently owned by a thread: None

Heap address: 0x0000000704200000, size: 4030 MB, Compressed Oops mode: Zero based, Oop shift amount: 3
Narrow klass base: 0x0000000800000000, Narrow klass shift: 0
Compressed class space size: 1073741824 Address: 0x0000000800000000

Heap:
 garbage-first heap   total 258048K, used 68916K [0x0000000704200000, 0x0000000800000000)
  region size 1024K, 23 young (23552K), 6 survivors (6144K)
 Metaspace       used 33775K, capacity 34518K, committed 34816K, reserved 1079296K
  class space    used 3642K, capacity 3982K, committed 4096K, reserved 1048576K
Heap Regions: E=young(eden), S=young(survivor), O=old, HS=humongous(starts), HC=humongous(continues), CS=collection set, F=free, A=archive, TAMS=top-at-mark-start (previous, next)
|   0|0x0000000704200000, 0x0000000704300000, 0x0000000704300000|100%|HS|  |TAMS 0x0000000704300000, 0x0000000704200000| Complete 
|   1|0x0000000704300000, 0x0000000704400000, 0x0000000704400000|100%| O|  |TAMS 0x0000000704400000, 0x0000000704300000| Untracked 
|   2|0x0000000704400000, 0x0000000704500000, 0x0000000704500000|100%| O|  |TAMS 0x0000000704500000, 0x0000000704400000| Untracked 
|   3|0x0000000704500000, 0x0000000704600000, 0x0000000704600000|100%| O|  |TAMS 0x0000000704600000, 0x0000000704500000| Untracked 
|   4|0x0000000704600000, 0x0000000704700000, 0x0000000704700000|100%| O|  |TAMS 0x0000000704700000, 0x0000000704600000| Untracked 
|   5|0x0000000704700000, 0x0000000704800000, 0x0000000704800000|100%| O|  |TAMS 0x0000000704800000, 0x0000000704700000| Untracked 
|   6|0x0000000704800000, 0x0000000704900000, 0x0000000704900000|100%|HS|  |TAMS 0x0000000704900000, 0x0000000704800000| Complete 
|   7|0x0000000704900000, 0x0000000704a00000, 0x0000000704a00000|100%|HC|  |TAMS 0x0000000704a00000, 0x0000000704900000| Complete 
|   8|0x0000000704a00000, 0x0000000704b00000, 0x0000000704b00000|100%|HC|  |TAMS 0x0000000704b00000, 0x0000000704a00000| Complete 
|   9|0x0000000704b00000, 0x0000000704c00000, 0x0000000704c00000|100%|HS|  |TAMS 0x0000000704c00000, 0x0000000704b00000| Complete 
|  10|0x0000000704c00000, 0x0000000704d00000, 0x0000000704d00000|100%|HC|  |TAMS 0x0000000704d00000, 0x0000000704c00000| Complete 
|  11|0x0000000704d00000, 0x0000000704e00000, 0x0000000704e00000|100%|HS|  |TAMS 0x0000000704e00000, 0x0000000704d00000| Complete 
|  12|0x0000000704e00000, 0x0000000704f00000, 0x0000000704f00000|100%|HC|  |TAMS 0x0000000704f00000, 0x0000000704e00000| Complete 
|  13|0x0000000704f00000, 0x0000000705000000, 0x0000000705000000|100%|HC|  |TAMS 0x0000000705000000, 0x0000000704f00000| Complete 
|  14|0x0000000705000000, 0x0000000705100000, 0x0000000705100000|100%| O|  |TAMS 0x0000000705100000, 0x0000000705000000| Untracked 
|  15|0x0000000705100000, 0x0000000705200000, 0x0000000705200000|100%| O|  |TAMS 0x0000000705186a00, 0x0000000705100000| Untracked 
|  16|0x0000000705200000, 0x0000000705300000, 0x0000000705300000|100%|HS|  |TAMS 0x0000000705200000, 0x0000000705200000| Complete 
|  17|0x0000000705300000, 0x0000000705400000, 0x0000000705400000|100%|HS|  |TAMS 0x0000000705300000, 0x0000000705300000| Complete 
|  18|0x0000000705400000, 0x0000000705500000, 0x0000000705500000|100%|HS|  |TAMS 0x0000000705400000, 0x0000000705400000| Complete 
|  19|0x0000000705500000, 0x0000000705600000, 0x0000000705600000|100%|HC|  |TAMS 0x0000000705500000, 0x0000000705500000| Complete 
|  20|0x0000000705600000, 0x0000000705700000, 0x0000000705700000|100%|HS|  |TAMS 0x0000000705600000, 0x0000000705600000| Complete 
|  21|0x0000000705700000, 0x0000000705800000, 0x0000000705800000|100%|HC|  |TAMS 0x0000000705700000, 0x0000000705700000| Complete 
|  22|0x0000000705800000, 0x0000000705900000, 0x0000000705900000|100%|HC|  |TAMS 0x0000000705800000, 0x0000000705800000| Complete 
|  23|0x0000000705900000, 0x0000000705a00000, 0x0000000705a00000|100%|HC|  |TAMS 0x0000000705900000, 0x0000000705900000| Complete 
|  24|0x0000000705a00000, 0x0000000705b00000, 0x0000000705b00000|100%| O|  |TAMS 0x0000000705a00000, 0x0000000705a00000| Untracked 
|  25|0x0000000705b00000, 0x0000000705c00000, 0x0000000705c00000|100%| O|  |TAMS 0x0000000705b00000, 0x0000000705b00000| Untracked 
|  26|0x0000000705c00000, 0x0000000705d00000, 0x0000000705d00000|100%| O|  |TAMS 0x0000000705c00000, 0x0000000705c00000| Untracked 
|  27|0x0000000705d00000, 0x0000000705e00000, 0x0000000705e00000|100%|HS|  |TAMS 0x0000000705d00000, 0x0000000705d00000| Complete 
|  28|0x0000000705e00000, 0x0000000705f00000, 0x0000000705f00000|100%|HS|  |TAMS 0x0000000705e00000, 0x0000000705e00000| Complete 
|  29|0x0000000705f00000, 0x0000000706000000, 0x0000000706000000|100%|HC|  |TAMS 0x0000000705f00000, 0x0000000705f00000| Complete 
|  30|0x0000000706000000, 0x0000000706100000, 0x0000000706100000|100%|HC|  |TAMS 0x0000000706000000, 0x0000000706000000| Complete 
|  31|0x0000000706100000, 0x0000000706200000, 0x0000000706200000|100%|HS|  |TAMS 0x0000000706100000, 0x0000000706100000| Complete 
|  32|0x0000000706200000, 0x0000000706300000, 0x0000000706300000|100%|HC|  |TAMS 0x0000000706200000, 0x0000000706200000| Complete 
|  33|0x0000000706300000, 0x0000000706400000, 0x0000000706400000|100%|HS|  |TAMS 0x0000000706300000, 0x0000000706300000| Complete 
|  34|0x0000000706400000, 0x0000000706500000, 0x0000000706500000|100%|HC|  |TAMS 0x0000000706400000, 0x0000000706400000| Complete 
|  35|0x0000000706500000, 0x0000000706600000, 0x0000000706600000|100%|HC|  |TAMS 0x0000000706500000, 0x0000000706500000| Complete 
|  36|0x0000000706600000, 0x0000000706700000, 0x0000000706700000|100%|HC|  |TAMS 0x0000000706600000, 0x0000000706600000| Complete 
|  37|0x0000000706700000, 0x0000000706800000, 0x0000000706800000|100%| O|  |TAMS 0x0000000706700000, 0x0000000706700000| Untracked 
|  38|0x0000000706800000, 0x0000000706900000, 0x0000000706900000|100%| O|  |TAMS 0x0000000706800000, 0x0000000706800000| Untracked 
|  39|0x0000000706900000, 0x0000000706a00000, 0x0000000706a00000|100%| O|  |TAMS 0x0000000706900000, 0x0000000706900000| Untracked 
|  40|0x0000000706a00000, 0x0000000706b00000, 0x0000000706b00000|100%| O|  |TAMS 0x0000000706a00000, 0x0000000706a00000| Untracked 
|  41|0x0000000706b00000, 0x0000000706c00000, 0x0000000706c00000|100%| O|  |TAMS 0x0000000706b00000, 0x0000000706b00000| Untracked 
|  42|0x0000000706c00000, 0x0000000706d00000, 0x0000000706d00000|100%| O|  |TAMS 0x0000000706c00000, 0x0000000706c00000| Untracked 
|  43|0x0000000706d00000, 0x0000000706dd9000, 0x0000000706e00000| 84%| O|  |TAMS 0x0000000706d00000, 0x0000000706d00000| Untracked 
|  44|0x0000000706e00000, 0x0000000706f00000, 0x0000000706f00000|100%|HS|  |TAMS 0x0000000706e00000, 0x0000000706e00000| Complete 
|  45|0x0000000706f00000, 0x0000000707000000, 0x0000000707000000|100%|HC|  |TAMS 0x0000000706f00000, 0x0000000706f00000| Complete 
|  46|0x0000000707000000, 0x0000000707100000, 0x0000000707100000|100%|HC|  |TAMS 0x0000000707000000, 0x0000000707000000| Complete 
|  47|0x0000000707100000, 0x0000000707100000, 0x0000000707200000|  0%| F|  |TAMS 0x0000000707100000, 0x0000000707100000| Untracked 
|  48|0x0000000707200000, 0x0000000707200000, 0x0000000707300000|  0%| F|  |TAMS 0x0000000707200000, 0x0000000707200000| Untracked 
|  49|0x0000000707300000, 0x0000000707300000, 0x0000000707400000|  0%| F|  |TAMS 0x0000000707300000, 0x0000000707300000| Untracked 
|  50|0x0000000707400000, 0x0000000707400000, 0x0000000707500000|  0%| F|  |TAMS 0x0000000707400000, 0x0000000707400000| Untracked 
|  51|0x0000000707500000, 0x0000000707500000, 0x0000000707600000|  0%| F|  |TAMS 0x0000000707500000, 0x0000000707500000| Untracked 
|  52|0x0000000707600000, 0x0000000707600000, 0x0000000707700000|  0%| F|  |TAMS 0x0000000707600000, 0x0000000707600000| Untracked 
|  53|0x0000000707700000, 0x0000000707700000, 0x0000000707800000|  0%| F|  |TAMS 0x0000000707700000, 0x0000000707700000| Untracked 
|  54|0x0000000707800000, 0x0000000707800000, 0x0000000707900000|  0%| F|  |TAMS 0x0000000707800000, 0x0000000707800000| Untracked 
|  55|0x0000000707900000, 0x0000000707900000, 0x0000000707a00000|  0%| F|  |TAMS 0x0000000707900000, 0x0000000707900000| Untracked 
|  56|0x0000000707a00000, 0x0000000707a00000, 0x0000000707b00000|  0%| F|  |TAMS 0x0000000707a00000, 0x0000000707a00000| Untracked 
|  57|0x0000000707b00000, 0x0000000707b00000, 0x0000000707c00000|  0%| F|  |TAMS 0x0000000707b00000, 0x0000000707b00000| Untracked 
|  58|0x0000000707c00000, 0x0000000707c00000, 0x0000000707d00000|  0%| F|  |TAMS 0x0000000707c00000, 0x0000000707c00000| Untracked 
|  59|0x0000000707d00000, 0x0000000707d00000, 0x0000000707e00000|  0%| F|  |TAMS 0x0000000707d00000, 0x0000000707d00000| Untracked 
|  60|0x0000000707e00000, 0x0000000707e00000, 0x0000000707f00000|  0%| F|  |TAMS 0x0000000707e00000, 0x0000000707e00000| Untracked 
|  61|0x0000000707f00000, 0x0000000707f00000, 0x0000000708000000|  0%| F|  |TAMS 0x0000000707f00000, 0x0000000707f00000| Untracked 
|  62|0x0000000708000000, 0x0000000708000000, 0x0000000708100000|  0%| F|  |TAMS 0x0000000708000000, 0x0000000708000000| Untracked 
|  63|0x0000000708100000, 0x0000000708100000, 0x0000000708200000|  0%| F|  |TAMS 0x0000000708100000, 0x0000000708100000| Untracked 
|  64|0x0000000708200000, 0x0000000708200000, 0x0000000708300000|  0%| F|  |TAMS 0x0000000708200000, 0x0000000708200000| Untracked 
|  65|0x0000000708300000, 0x0000000708300000, 0x0000000708400000|  0%| F|  |TAMS 0x0000000708300000, 0x0000000708300000| Untracked 
|  66|0x0000000708400000, 0x0000000708400000, 0x0000000708500000|  0%| F|  |TAMS 0x0000000708400000, 0x0000000708400000| Untracked 
|  67|0x0000000708500000, 0x0000000708500000, 0x0000000708600000|  0%| F|  |TAMS 0x0000000708500000, 0x0000000708500000| Untracked 
|  68|0x0000000708600000, 0x0000000708600000, 0x0000000708700000|  0%| F|  |TAMS 0x0000000708600000, 0x0000000708600000| Untracked 
|  69|0x0000000708700000, 0x0000000708700000, 0x0000000708800000|  0%| F|  |TAMS 0x0000000708700000, 0x0000000708700000| Untracked 
|  70|0x0000000708800000, 0x0000000708800000, 0x0000000708900000|  0%| F|  |TAMS 0x0000000708800000, 0x0000000708800000| Untracked 
|  71|0x0000000708900000, 0x0000000708900000, 0x0000000708a00000|  0%| F|  |TAMS 0x0000000708900000, 0x0000000708900000| Untracked 
|  72|0x0000000708a00000, 0x0000000708a00000, 0x0000000708b00000|  0%| F|  |TAMS 0x0000000708a00000, 0x0000000708a00000| Untracked 
|  73|0x0000000708b00000, 0x0000000708b00000, 0x0000000708c00000|  0%| F|  |TAMS 0x0000000708b00000, 0x0000000708b00000| Untracked 
|  74|0x0000000708c00000, 0x0000000708c00000, 0x0000000708d00000|  0%| F|  |TAMS 0x0000000708c00000, 0x0000000708c00000| Untracked 
|  75|0x0000000708d00000, 0x0000000708d00000, 0x0000000708e00000|  0%| F|  |TAMS 0x0000000708d00000, 0x0000000708d00000| Untracked 
|  76|0x0000000708e00000, 0x0000000708e00000, 0x0000000708f00000|  0%| F|  |TAMS 0x0000000708e00000, 0x0000000708e00000| Untracked 
|  77|0x0000000708f00000, 0x0000000708f00000, 0x0000000709000000|  0%| F|  |TAMS 0x0000000708f00000, 0x0000000708f00000| Untracked 
|  78|0x0000000709000000, 0x0000000709000000, 0x0000000709100000|  0%| F|  |TAMS 0x0000000709000000, 0x0000000709000000| Untracked 
|  79|0x0000000709100000, 0x0000000709100000, 0x0000000709200000|  0%| F|  |TAMS 0x0000000709100000, 0x0000000709100000| Untracked 
|  80|0x0000000709200000, 0x0000000709200000, 0x0000000709300000|  0%| F|  |TAMS 0x0000000709200000, 0x0000000709200000| Untracked 
|  81|0x0000000709300000, 0x0000000709300000, 0x0000000709400000|  0%| F|  |TAMS 0x0000000709300000, 0x0000000709300000| Untracked 
|  82|0x0000000709400000, 0x0000000709400000, 0x0000000709500000|  0%| F|  |TAMS 0x0000000709400000, 0x0000000709400000| Untracked 
|  83|0x0000000709500000, 0x0000000709500000, 0x0000000709600000|  0%| F|  |TAMS 0x0000000709500000, 0x0000000709500000| Untracked 
|  84|0x0000000709600000, 0x0000000709600000, 0x0000000709700000|  0%| F|  |TAMS 0x0000000709600000, 0x0000000709600000| Untracked 
|  85|0x0000000709700000, 0x0000000709700000, 0x0000000709800000|  0%| F|  |TAMS 0x0000000709700000, 0x0000000709700000| Untracked 
|  86|0x0000000709800000, 0x0000000709800000, 0x0000000709900000|  0%| F|  |TAMS 0x0000000709800000, 0x0000000709800000| Untracked 
|  87|0x0000000709900000, 0x0000000709900000, 0x0000000709a00000|  0%| F|  |TAMS 0x0000000709900000, 0x0000000709900000| Untracked 
|  88|0x0000000709a00000, 0x0000000709a00000, 0x0000000709b00000|  0%| F|  |TAMS 0x0000000709a00000, 0x0000000709a00000| Untracked 
|  89|0x0000000709b00000, 0x0000000709b00000, 0x0000000709c00000|  0%| F|  |TAMS 0x0000000709b00000, 0x0000000709b00000| Untracked 
|  90|0x0000000709c00000, 0x0000000709c00000, 0x0000000709d00000|  0%| F|  |TAMS 0x0000000709c00000, 0x0000000709c00000| Untracked 
|  91|0x0000000709d00000, 0x0000000709d00000, 0x0000000709e00000|  0%| F|  |TAMS 0x0000000709d00000, 0x0000000709d00000| Untracked 
|  92|0x0000000709e00000, 0x0000000709e00000, 0x0000000709f00000|  0%| F|  |TAMS 0x0000000709e00000, 0x0000000709e00000| Untracked 
|  93|0x0000000709f00000, 0x0000000709f00000, 0x000000070a000000|  0%| F|  |TAMS 0x0000000709f00000, 0x0000000709f00000| Untracked 
|  94|0x000000070a000000, 0x000000070a000000, 0x000000070a100000|  0%| F|  |TAMS 0x000000070a000000, 0x000000070a000000| Untracked 
|  95|0x000000070a100000, 0x000000070a100000, 0x000000070a200000|  0%| F|  |TAMS 0x000000070a100000, 0x000000070a100000| Untracked 
|  96|0x000000070a200000, 0x000000070a200000, 0x000000070a300000|  0%| F|  |TAMS 0x000000070a200000, 0x000000070a200000| Untracked 
|  97|0x000000070a300000, 0x000000070a300000, 0x000000070a400000|  0%| F|  |TAMS 0x000000070a300000, 0x000000070a300000| Untracked 
|  98|0x000000070a400000, 0x000000070a400000, 0x000000070a500000|  0%| F|  |TAMS 0x000000070a400000, 0x000000070a400000| Untracked 
|  99|0x000000070a500000, 0x000000070a500000, 0x000000070a600000|  0%| F|  |TAMS 0x000000070a500000, 0x000000070a500000| Untracked 
| 100|0x000000070a600000, 0x000000070a600000, 0x000000070a700000|  0%| F|  |TAMS 0x000000070a600000, 0x000000070a600000| Untracked 
| 101|0x000000070a700000, 0x000000070a700000, 0x000000070a800000|  0%| F|  |TAMS 0x000000070a700000, 0x000000070a700000| Untracked 
| 102|0x000000070a800000, 0x000000070a800000, 0x000000070a900000|  0%| F|  |TAMS 0x000000070a800000, 0x000000070a800000| Untracked 
| 103|0x000000070a900000, 0x000000070a900000, 0x000000070aa00000|  0%| F|  |TAMS 0x000000070a900000, 0x000000070a900000| Untracked 
| 104|0x000000070aa00000, 0x000000070aa00000, 0x000000070ab00000|  0%| F|  |TAMS 0x000000070aa00000, 0x000000070aa00000| Untracked 
| 105|0x000000070ab00000, 0x000000070ab00000, 0x000000070ac00000|  0%| F|  |TAMS 0x000000070ab00000, 0x000000070ab00000| Untracked 
| 106|0x000000070ac00000, 0x000000070ac00000, 0x000000070ad00000|  0%| F|  |TAMS 0x000000070ac00000, 0x000000070ac00000| Untracked 
| 107|0x000000070ad00000, 0x000000070ad00000, 0x000000070ae00000|  0%| F|  |TAMS 0x000000070ad00000, 0x000000070ad00000| Untracked 
| 108|0x000000070ae00000, 0x000000070ae00000, 0x000000070af00000|  0%| F|  |TAMS 0x000000070ae00000, 0x000000070ae00000| Untracked 
| 109|0x000000070af00000, 0x000000070af00000, 0x000000070b000000|  0%| F|  |TAMS 0x000000070af00000, 0x000000070af00000| Untracked 
| 110|0x000000070b000000, 0x000000070b000000, 0x000000070b100000|  0%| F|  |TAMS 0x000000070b000000, 0x000000070b000000| Untracked 
| 111|0x000000070b100000, 0x000000070b100000, 0x000000070b200000|  0%| F|  |TAMS 0x000000070b100000, 0x000000070b100000| Untracked 
| 112|0x000000070b200000, 0x000000070b200000, 0x000000070b300000|  0%| F|  |TAMS 0x000000070b200000, 0x000000070b200000| Untracked 
| 113|0x000000070b300000, 0x000000070b300000, 0x000000070b400000|  0%| F|  |TAMS 0x000000070b300000, 0x000000070b300000| Untracked 
| 114|0x000000070b400000, 0x000000070b400000, 0x000000070b500000|  0%| F|  |TAMS 0x000000070b400000, 0x000000070b400000| Untracked 
| 115|0x000000070b500000, 0x000000070b500000, 0x000000070b600000|  0%| F|  |TAMS 0x000000070b500000, 0x000000070b500000| Untracked 
| 116|0x000000070b600000, 0x000000070b600000, 0x000000070b700000|  0%| F|  |TAMS 0x000000070b600000, 0x000000070b600000| Untracked 
| 117|0x000000070b700000, 0x000000070b700000, 0x000000070b800000|  0%| F|  |TAMS 0x000000070b700000, 0x000000070b700000| Untracked 
| 118|0x000000070b800000, 0x000000070b800000, 0x000000070b900000|  0%| F|  |TAMS 0x000000070b800000, 0x000000070b800000| Untracked 
| 119|0x000000070b900000, 0x000000070b900000, 0x000000070ba00000|  0%| F|  |TAMS 0x000000070b900000, 0x000000070b900000| Untracked 
| 120|0x000000070ba00000, 0x000000070ba00000, 0x000000070bb00000|  0%| F|  |TAMS 0x000000070ba00000, 0x000000070ba00000| Untracked 
| 121|0x000000070bb00000, 0x000000070bb00000, 0x000000070bc00000|  0%| F|  |TAMS 0x000000070bb00000, 0x000000070bb00000| Untracked 
| 122|0x000000070bc00000, 0x000000070bc00000, 0x000000070bd00000|  0%| F|  |TAMS 0x000000070bc00000, 0x000000070bc00000| Untracked 
| 123|0x000000070bd00000, 0x000000070bd00000, 0x000000070be00000|  0%| F|  |TAMS 0x000000070bd00000, 0x000000070bd00000| Untracked 
| 124|0x000000070be00000, 0x000000070be00000, 0x000000070bf00000|  0%| F|  |TAMS 0x000000070be00000, 0x000000070be00000| Untracked 
| 125|0x000000070bf00000, 0x000000070bf00000, 0x000000070c000000|  0%| F|  |TAMS 0x000000070bf00000, 0x000000070bf00000| Untracked 
| 126|0x000000070c000000, 0x000000070c000000, 0x000000070c100000|  0%| F|  |TAMS 0x000000070c000000, 0x000000070c000000| Untracked 
| 127|0x000000070c100000, 0x000000070c100000, 0x000000070c200000|  0%| F|  |TAMS 0x000000070c100000, 0x000000070c100000| Untracked 
| 128|0x000000070c200000, 0x000000070c200000, 0x000000070c300000|  0%| F|  |TAMS 0x000000070c200000, 0x000000070c200000| Untracked 
| 129|0x000000070c300000, 0x000000070c300000, 0x000000070c400000|  0%| F|  |TAMS 0x000000070c300000, 0x000000070c300000| Untracked 
| 130|0x000000070c400000, 0x000000070c400000, 0x000000070c500000|  0%| F|  |TAMS 0x000000070c400000, 0x000000070c400000| Untracked 
| 131|0x000000070c500000, 0x000000070c500000, 0x000000070c600000|  0%| F|  |TAMS 0x000000070c500000, 0x000000070c500000| Untracked 
| 132|0x000000070c600000, 0x000000070c600000, 0x000000070c700000|  0%| F|  |TAMS 0x000000070c600000, 0x000000070c600000| Untracked 
| 133|0x000000070c700000, 0x000000070c700000, 0x000000070c800000|  0%| F|  |TAMS 0x000000070c700000, 0x000000070c700000| Untracked 
| 134|0x000000070c800000, 0x000000070c800000, 0x000000070c900000|  0%| F|  |TAMS 0x000000070c800000, 0x000000070c800000| Untracked 
| 135|0x000000070c900000, 0x000000070c900000, 0x000000070ca00000|  0%| F|  |TAMS 0x000000070c900000, 0x000000070c900000| Untracked 
| 136|0x000000070ca00000, 0x000000070ca00000, 0x000000070cb00000|  0%| F|  |TAMS 0x000000070ca00000, 0x000000070ca00000| Untracked 
| 137|0x000000070cb00000, 0x000000070cb00000, 0x000000070cc00000|  0%| F|  |TAMS 0x000000070cb00000, 0x000000070cb00000| Untracked 
| 138|0x000000070cc00000, 0x000000070cc00000, 0x000000070cd00000|  0%| F|  |TAMS 0x000000070cc00000, 0x000000070cc00000| Untracked 
| 139|0x000000070cd00000, 0x000000070cd00000, 0x000000070ce00000|  0%| F|  |TAMS 0x000000070cd00000, 0x000000070cd00000| Untracked 
| 140|0x000000070ce00000, 0x000000070ce00000, 0x000000070cf00000|  0%| F|  |TAMS 0x000000070ce00000, 0x000000070ce00000| Untracked 
| 141|0x000000070cf00000, 0x000000070cf00000, 0x000000070d000000|  0%| F|  |TAMS 0x000000070cf00000, 0x000000070cf00000| Untracked 
| 142|0x000000070d000000, 0x000000070d000000, 0x000000070d100000|  0%| F|  |TAMS 0x000000070d000000, 0x000000070d000000| Untracked 
| 143|0x000000070d100000, 0x000000070d100000, 0x000000070d200000|  0%| F|  |TAMS 0x000000070d100000, 0x000000070d100000| Untracked 
| 144|0x000000070d200000, 0x000000070d200000, 0x000000070d300000|  0%| F|  |TAMS 0x000000070d200000, 0x000000070d200000| Untracked 
| 145|0x000000070d300000, 0x000000070d300000, 0x000000070d400000|  0%| F|  |TAMS 0x000000070d300000, 0x000000070d300000| Untracked 
| 146|0x000000070d400000, 0x000000070d400000, 0x000000070d500000|  0%| F|  |TAMS 0x000000070d400000, 0x000000070d400000| Untracked 
| 147|0x000000070d500000, 0x000000070d500000, 0x000000070d600000|  0%| F|  |TAMS 0x000000070d500000, 0x000000070d500000| Untracked 
| 148|0x000000070d600000, 0x000000070d600000, 0x000000070d700000|  0%| F|  |TAMS 0x000000070d600000, 0x000000070d600000| Untracked 
| 149|0x000000070d700000, 0x000000070d700000, 0x000000070d800000|  0%| F|  |TAMS 0x000000070d700000, 0x000000070d700000| Untracked 
| 150|0x000000070d800000, 0x000000070d800000, 0x000000070d900000|  0%| F|  |TAMS 0x000000070d800000, 0x000000070d800000| Untracked 
| 151|0x000000070d900000, 0x000000070d900000, 0x000000070da00000|  0%| F|  |TAMS 0x000000070d900000, 0x000000070d900000| Untracked 
| 152|0x000000070da00000, 0x000000070da00000, 0x000000070db00000|  0%| F|  |TAMS 0x000000070da00000, 0x000000070da00000| Untracked 
| 153|0x000000070db00000, 0x000000070db00000, 0x000000070dc00000|  0%| F|  |TAMS 0x000000070db00000, 0x000000070db00000| Untracked 
| 154|0x000000070dc00000, 0x000000070dc00000, 0x000000070dd00000|  0%| F|  |TAMS 0x000000070dc00000, 0x000000070dc00000| Untracked 
| 155|0x000000070dd00000, 0x000000070dd00000, 0x000000070de00000|  0%| F|  |TAMS 0x000000070dd00000, 0x000000070dd00000| Untracked 
| 156|0x000000070de00000, 0x000000070de00000, 0x000000070df00000|  0%| F|  |TAMS 0x000000070de00000, 0x000000070de00000| Untracked 
| 157|0x000000070df00000, 0x000000070df00000, 0x000000070e000000|  0%| F|  |TAMS 0x000000070df00000, 0x000000070df00000| Untracked 
| 158|0x000000070e000000, 0x000000070e000000, 0x000000070e100000|  0%| F|  |TAMS 0x000000070e000000, 0x000000070e000000| Untracked 
| 159|0x000000070e100000, 0x000000070e100000, 0x000000070e200000|  0%| F|  |TAMS 0x000000070e100000, 0x000000070e100000| Untracked 
| 160|0x000000070e200000, 0x000000070e200000, 0x000000070e300000|  0%| F|  |TAMS 0x000000070e200000, 0x000000070e200000| Untracked 
| 161|0x000000070e300000, 0x000000070e374270, 0x000000070e400000| 45%| S|CS|TAMS 0x000000070e300000, 0x000000070e300000| Complete 
| 162|0x000000070e400000, 0x000000070e500000, 0x000000070e500000|100%| S|CS|TAMS 0x000000070e400000, 0x000000070e400000| Complete 
| 163|0x000000070e500000, 0x000000070e600000, 0x000000070e600000|100%| S|CS|TAMS 0x000000070e500000, 0x000000070e500000| Complete 
| 164|0x000000070e600000, 0x000000070e700000, 0x000000070e700000|100%| S|CS|TAMS 0x000000070e600000, 0x000000070e600000| Complete 
| 165|0x000000070e700000, 0x000000070e800000, 0x000000070e800000|100%| S|CS|TAMS 0x000000070e700000, 0x000000070e700000| Complete 
| 166|0x000000070e800000, 0x000000070e900000, 0x000000070e900000|100%| S|CS|TAMS 0x000000070e800000, 0x000000070e800000| Complete 
| 167|0x000000070e900000, 0x000000070e900000, 0x000000070ea00000|  0%| F|  |TAMS 0x000000070e900000, 0x000000070e900000| Untracked 
| 168|0x000000070ea00000, 0x000000070ea00000, 0x000000070eb00000|  0%| F|  |TAMS 0x000000070ea00000, 0x000000070ea00000| Untracked 
| 169|0x000000070eb00000, 0x000000070eb00000, 0x000000070ec00000|  0%| F|  |TAMS 0x000000070eb00000, 0x000000070eb00000| Untracked 
| 170|0x000000070ec00000, 0x000000070ec00000, 0x000000070ed00000|  0%| F|  |TAMS 0x000000070ec00000, 0x000000070ec00000| Untracked 
| 171|0x000000070ed00000, 0x000000070ed00000, 0x000000070ee00000|  0%| F|  |TAMS 0x000000070ed00000, 0x000000070ed00000| Untracked 
| 172|0x000000070ee00000, 0x000000070ee00000, 0x000000070ef00000|  0%| F|  |TAMS 0x000000070ee00000, 0x000000070ee00000| Untracked 
| 173|0x000000070ef00000, 0x000000070ef00000, 0x000000070f000000|  0%| F|  |TAMS 0x000000070ef00000, 0x000000070ef00000| Untracked 
| 174|0x000000070f000000, 0x000000070f000000, 0x000000070f100000|  0%| F|  |TAMS 0x000000070f000000, 0x000000070f000000| Untracked 
| 175|0x000000070f100000, 0x000000070f100000, 0x000000070f200000|  0%| F|  |TAMS 0x000000070f100000, 0x000000070f100000| Untracked 
| 176|0x000000070f200000, 0x000000070f200000, 0x000000070f300000|  0%| F|  |TAMS 0x000000070f200000, 0x000000070f200000| Untracked 
| 177|0x000000070f300000, 0x000000070f300000, 0x000000070f400000|  0%| F|  |TAMS 0x000000070f300000, 0x000000070f300000| Untracked 
| 178|0x000000070f400000, 0x000000070f400000, 0x000000070f500000|  0%| F|  |TAMS 0x000000070f400000, 0x000000070f400000| Untracked 
| 179|0x000000070f500000, 0x000000070f500000, 0x000000070f600000|  0%| F|  |TAMS 0x000000070f500000, 0x000000070f500000| Untracked 
| 180|0x000000070f600000, 0x000000070f600000, 0x000000070f700000|  0%| F|  |TAMS 0x000000070f600000, 0x000000070f600000| Untracked 
| 181|0x000000070f700000, 0x000000070f700000, 0x000000070f800000|  0%| F|  |TAMS 0x000000070f700000, 0x000000070f700000| Untracked 
| 182|0x000000070f800000, 0x000000070f800000, 0x000000070f900000|  0%| F|  |TAMS 0x000000070f800000, 0x000000070f800000| Untracked 
| 183|0x000000070f900000, 0x000000070f900000, 0x000000070fa00000|  0%| F|  |TAMS 0x000000070f900000, 0x000000070f900000| Untracked 
| 184|0x000000070fa00000, 0x000000070fa00000, 0x000000070fb00000|  0%| F|  |TAMS 0x000000070fa00000, 0x000000070fa00000| Untracked 
| 185|0x000000070fb00000, 0x000000070fb00000, 0x000000070fc00000|  0%| F|  |TAMS 0x000000070fb00000, 0x000000070fb00000| Untracked 
| 186|0x000000070fc00000, 0x000000070fc00000, 0x000000070fd00000|  0%| F|  |TAMS 0x000000070fc00000, 0x000000070fc00000| Untracked 
| 187|0x000000070fd00000, 0x000000070fd00000, 0x000000070fe00000|  0%| F|  |TAMS 0x000000070fd00000, 0x000000070fd00000| Untracked 
| 188|0x000000070fe00000, 0x000000070fe00000, 0x000000070ff00000|  0%| F|  |TAMS 0x000000070fe00000, 0x000000070fe00000| Untracked 
| 189|0x000000070ff00000, 0x000000070ff00000, 0x0000000710000000|  0%| F|  |TAMS 0x000000070ff00000, 0x000000070ff00000| Untracked 
| 190|0x0000000710000000, 0x0000000710000000, 0x0000000710100000|  0%| F|  |TAMS 0x0000000710000000, 0x0000000710000000| Untracked 
| 191|0x0000000710100000, 0x0000000710100000, 0x0000000710200000|  0%| F|  |TAMS 0x0000000710100000, 0x0000000710100000| Untracked 
| 192|0x0000000710200000, 0x0000000710200000, 0x0000000710300000|  0%| F|  |TAMS 0x0000000710200000, 0x0000000710200000| Untracked 
| 193|0x0000000710300000, 0x0000000710300000, 0x0000000710400000|  0%| F|  |TAMS 0x0000000710300000, 0x0000000710300000| Untracked 
| 194|0x0000000710400000, 0x0000000710400000, 0x0000000710500000|  0%| F|  |TAMS 0x0000000710400000, 0x0000000710400000| Untracked 
| 195|0x0000000710500000, 0x0000000710500000, 0x0000000710600000|  0%| F|  |TAMS 0x0000000710500000, 0x0000000710500000| Untracked 
| 196|0x0000000710600000, 0x0000000710600000, 0x0000000710700000|  0%| F|  |TAMS 0x0000000710600000, 0x0000000710600000| Untracked 
| 197|0x0000000710700000, 0x0000000710700000, 0x0000000710800000|  0%| F|  |TAMS 0x0000000710700000, 0x0000000710700000| Untracked 
| 198|0x0000000710800000, 0x0000000710800000, 0x0000000710900000|  0%| F|  |TAMS 0x0000000710800000, 0x0000000710800000| Untracked 
| 199|0x0000000710900000, 0x0000000710900000, 0x0000000710a00000|  0%| F|  |TAMS 0x0000000710900000, 0x0000000710900000| Untracked 
| 200|0x0000000710a00000, 0x0000000710a00000, 0x0000000710b00000|  0%| F|  |TAMS 0x0000000710a00000, 0x0000000710a00000| Untracked 
| 201|0x0000000710b00000, 0x0000000710b00000, 0x0000000710c00000|  0%| F|  |TAMS 0x0000000710b00000, 0x0000000710b00000| Untracked 
| 202|0x0000000710c00000, 0x0000000710c00000, 0x0000000710d00000|  0%| F|  |TAMS 0x0000000710c00000, 0x0000000710c00000| Untracked 
| 203|0x0000000710d00000, 0x0000000710d00000, 0x0000000710e00000|  0%| F|  |TAMS 0x0000000710d00000, 0x0000000710d00000| Untracked 
| 204|0x0000000710e00000, 0x0000000710e00000, 0x0000000710f00000|  0%| F|  |TAMS 0x0000000710e00000, 0x0000000710e00000| Untracked 
| 205|0x0000000710f00000, 0x0000000710f00000, 0x0000000711000000|  0%| F|  |TAMS 0x0000000710f00000, 0x0000000710f00000| Untracked 
| 206|0x0000000711000000, 0x0000000711000000, 0x0000000711100000|  0%| F|  |TAMS 0x0000000711000000, 0x0000000711000000| Untracked 
| 207|0x0000000711100000, 0x0000000711100000, 0x0000000711200000|  0%| F|  |TAMS 0x0000000711100000, 0x0000000711100000| Untracked 
| 208|0x0000000711200000, 0x0000000711200000, 0x0000000711300000|  0%| F|  |TAMS 0x0000000711200000, 0x0000000711200000| Untracked 
| 209|0x0000000711300000, 0x0000000711300000, 0x0000000711400000|  0%| F|  |TAMS 0x0000000711300000, 0x0000000711300000| Untracked 
| 210|0x0000000711400000, 0x0000000711400000, 0x0000000711500000|  0%| F|  |TAMS 0x0000000711400000, 0x0000000711400000| Untracked 
| 211|0x0000000711500000, 0x0000000711500000, 0x0000000711600000|  0%| F|  |TAMS 0x0000000711500000, 0x0000000711500000| Untracked 
| 212|0x0000000711600000, 0x0000000711600000, 0x0000000711700000|  0%| F|  |TAMS 0x0000000711600000, 0x0000000711600000| Untracked 
| 213|0x0000000711700000, 0x0000000711700000, 0x0000000711800000|  0%| F|  |TAMS 0x0000000711700000, 0x0000000711700000| Untracked 
| 214|0x0000000711800000, 0x0000000711800000, 0x0000000711900000|  0%| F|  |TAMS 0x0000000711800000, 0x0000000711800000| Untracked 
| 215|0x0000000711900000, 0x0000000711900000, 0x0000000711a00000|  0%| F|  |TAMS 0x0000000711900000, 0x0000000711900000| Untracked 
| 216|0x0000000711a00000, 0x0000000711a00000, 0x0000000711b00000|  0%| F|  |TAMS 0x0000000711a00000, 0x0000000711a00000| Untracked 
| 217|0x0000000711b00000, 0x0000000711b00000, 0x0000000711c00000|  0%| F|  |TAMS 0x0000000711b00000, 0x0000000711b00000| Untracked 
| 218|0x0000000711c00000, 0x0000000711c00000, 0x0000000711d00000|  0%| F|  |TAMS 0x0000000711c00000, 0x0000000711c00000| Untracked 
| 219|0x0000000711d00000, 0x0000000711d00000, 0x0000000711e00000|  0%| F|  |TAMS 0x0000000711d00000, 0x0000000711d00000| Untracked 
| 220|0x0000000711e00000, 0x0000000711e00000, 0x0000000711f00000|  0%| F|  |TAMS 0x0000000711e00000, 0x0000000711e00000| Untracked 
| 221|0x0000000711f00000, 0x0000000711f00000, 0x0000000712000000|  0%| F|  |TAMS 0x0000000711f00000, 0x0000000711f00000| Untracked 
| 222|0x0000000712000000, 0x0000000712000000, 0x0000000712100000|  0%| F|  |TAMS 0x0000000712000000, 0x0000000712000000| Untracked 
| 223|0x0000000712100000, 0x0000000712100000, 0x0000000712200000|  0%| F|  |TAMS 0x0000000712100000, 0x0000000712100000| Untracked 
| 224|0x0000000712200000, 0x0000000712200000, 0x0000000712300000|  0%| F|  |TAMS 0x0000000712200000, 0x0000000712200000| Untracked 
| 225|0x0000000712300000, 0x0000000712300000, 0x0000000712400000|  0%| F|  |TAMS 0x0000000712300000, 0x0000000712300000| Untracked 
| 226|0x0000000712400000, 0x0000000712400000, 0x0000000712500000|  0%| F|  |TAMS 0x0000000712400000, 0x0000000712400000| Untracked 
| 227|0x0000000712500000, 0x0000000712500000, 0x0000000712600000|  0%| F|  |TAMS 0x0000000712500000, 0x0000000712500000| Untracked 
| 228|0x0000000712600000, 0x0000000712600000, 0x0000000712700000|  0%| F|  |TAMS 0x0000000712600000, 0x0000000712600000| Untracked 
| 229|0x0000000712700000, 0x0000000712700000, 0x0000000712800000|  0%| F|  |TAMS 0x0000000712700000, 0x0000000712700000| Untracked 
| 230|0x0000000712800000, 0x0000000712800000, 0x0000000712900000|  0%| F|  |TAMS 0x0000000712800000, 0x0000000712800000| Untracked 
| 231|0x0000000712900000, 0x0000000712900000, 0x0000000712a00000|  0%| F|  |TAMS 0x0000000712900000, 0x0000000712900000| Untracked 
| 232|0x0000000712a00000, 0x0000000712a00000, 0x0000000712b00000|  0%| F|  |TAMS 0x0000000712a00000, 0x0000000712a00000| Untracked 
| 233|0x0000000712b00000, 0x0000000712b00000, 0x0000000712c00000|  0%| F|  |TAMS 0x0000000712b00000, 0x0000000712b00000| Untracked 
| 234|0x0000000712c00000, 0x0000000712c00000, 0x0000000712d00000|  0%| F|  |TAMS 0x0000000712c00000, 0x0000000712c00000| Untracked 
| 235|0x0000000712d00000, 0x0000000712dc8af8, 0x0000000712e00000| 78%| E|  |TAMS 0x0000000712d00000, 0x0000000712d00000| Complete 
| 236|0x0000000712e00000, 0x0000000712f00000, 0x0000000712f00000|100%| E|CS|TAMS 0x0000000712e00000, 0x0000000712e00000| Complete 
| 237|0x0000000712f00000, 0x0000000713000000, 0x0000000713000000|100%| E|  |TAMS 0x0000000712f00000, 0x0000000712f00000| Complete 
| 238|0x0000000713000000, 0x0000000713100000, 0x0000000713100000|100%| E|CS|TAMS 0x0000000713000000, 0x0000000713000000| Complete 
| 239|0x0000000713100000, 0x0000000713200000, 0x0000000713200000|100%| E|CS|TAMS 0x0000000713100000, 0x0000000713100000| Complete 
| 240|0x0000000713200000, 0x0000000713300000, 0x0000000713300000|100%| E|CS|TAMS 0x0000000713200000, 0x0000000713200000| Complete 
| 241|0x0000000713300000, 0x0000000713400000, 0x0000000713400000|100%| E|CS|TAMS 0x0000000713300000, 0x0000000713300000| Complete 
| 242|0x0000000713400000, 0x0000000713500000, 0x0000000713500000|100%| E|CS|TAMS 0x0000000713400000, 0x0000000713400000| Complete 
| 243|0x0000000713500000, 0x0000000713600000, 0x0000000713600000|100%| E|CS|TAMS 0x0000000713500000, 0x0000000713500000| Complete 
| 244|0x0000000713600000, 0x0000000713700000, 0x0000000713700000|100%| E|CS|TAMS 0x0000000713600000, 0x0000000713600000| Complete 
| 245|0x0000000713700000, 0x0000000713800000, 0x0000000713800000|100%| E|CS|TAMS 0x0000000713700000, 0x0000000713700000| Complete 
| 246|0x0000000713800000, 0x0000000713900000, 0x0000000713900000|100%| E|CS|TAMS 0x0000000713800000, 0x0000000713800000| Complete 
| 247|0x0000000713900000, 0x0000000713a00000, 0x0000000713a00000|100%| E|CS|TAMS 0x0000000713900000, 0x0000000713900000| Complete 
| 248|0x0000000713a00000, 0x0000000713b00000, 0x0000000713b00000|100%| E|CS|TAMS 0x0000000713a00000, 0x0000000713a00000| Complete 
| 249|0x0000000713b00000, 0x0000000713c00000, 0x0000000713c00000|100%| E|CS|TAMS 0x0000000713b00000, 0x0000000713b00000| Complete 
| 250|0x0000000713c00000, 0x0000000713d00000, 0x0000000713d00000|100%| E|CS|TAMS 0x0000000713c00000, 0x0000000713c00000| Complete 
| 251|0x0000000713d00000, 0x0000000713e00000, 0x0000000713e00000|100%| E|CS|TAMS 0x0000000713d00000, 0x0000000713d00000| Complete 

Card table byte_map: [0x000002adb87e0000,0x000002adb8fc0000] _byte_map_base: 0x000002adb4fbf000

Marking Bits (Prev, Next): (CMBitMap*) 0x000002ada1985550, (CMBitMap*) 0x000002ada1985518
 Prev Bits: [0x000002adbd6a0000, 0x000002adc1598000)
 Next Bits: [0x000002adb97a0000, 0x000002adbd698000)

Polling page: 0x000002ad9f8f0000

Metaspace:

Usage:
  Non-class:     29.82 MB capacity,    29.43 MB ( 99%) used,   314.38 KB (  1%) free+waste,    89.00 KB ( <1%) overhead. 
      Class:      3.89 MB capacity,     3.56 MB ( 91%) used,   295.10 KB (  7%) free+waste,    44.19 KB (  1%) overhead. 
       Both:     33.71 MB capacity,    32.98 MB ( 98%) used,   609.48 KB (  2%) free+waste,   133.19 KB ( <1%) overhead. 

Virtual space:
  Non-class space:       30.00 MB reserved,      30.00 MB (100%) committed 
      Class space:        1.00 GB reserved,       4.00 MB ( <1%) committed 
             Both:        1.03 GB reserved,      34.00 MB (  3%) committed 

Chunk freelists:
   Non-Class:  7.00 KB
       Class:  2.25 KB
        Both:  9.25 KB

CodeHeap 'non-profiled nmethods': size=120064Kb used=3240Kb max_used=3240Kb free=116823Kb
 bounds [0x000002adb0ac0000, 0x000002adb0df0000, 0x000002adb8000000]
CodeHeap 'profiled nmethods': size=120000Kb used=11035Kb max_used=11035Kb free=108964Kb
 bounds [0x000002ada9590000, 0x000002adaa060000, 0x000002adb0ac0000]
CodeHeap 'non-nmethods': size=5696Kb used=1348Kb max_used=1398Kb free=4347Kb
 bounds [0x000002ada9000000, 0x000002ada9270000, 0x000002ada9590000]
 total_blobs=5821 nmethods=5046 adapters=683
 compilation: enabled
              stopped_count=0, restarted_count=0
 full_count=0

Compilation events (10 events):
Event: 87.806 Thread 0x000002adc43ab800 nmethod 5047 0x000002adaa053a90 code [0x000002adaa053d40, 0x000002adaa054e38]
Event: 87.806 Thread 0x000002adc43ab800 5048       3       sun.java2d.marlin.MarlinCache::resetTileLine (111 bytes)
Event: 87.807 Thread 0x000002adc43ab800 nmethod 5048 0x000002adaa055890 code [0x000002adaa055a40, 0x000002adaa055d28]
Event: 87.807 Thread 0x000002adc43ab800 5049       3       sun.java2d.ReentrantContextProviderTL::acquire (71 bytes)
Event: 87.807 Thread 0x000002adc43ab800 nmethod 5049 0x000002adaa055e90 code [0x000002adaa0560a0, 0x000002adaa056858]
Event: 87.807 Thread 0x000002adc43ab800 5050       1       sun.java2d.ReentrantContextProvider$HardReference::get (5 bytes)
Event: 87.807 Thread 0x000002adc43ab800 nmethod 5050 0x000002adb0dd4210 code [0x000002adb0dd43a0, 0x000002adb0dd4458]
Event: 87.965 Thread 0x000002adc6fb2800 nmethod 5020 0x000002adb0dd4510 code [0x000002adb0dd48e0, 0x000002adb0ddaa20]
Event: 87.966 Thread 0x000002adc6fb2800 5037       4       javax.swing.plaf.synth.SynthGraphicsUtils::paintText (413 bytes)
Event: 88.079 Thread 0x000002adc43aa800 nmethod 4998 0x000002adb0ddd090 code [0x000002adb0ddd6c0, 0x000002adb0de59c0]

GC Heap History (10 events):
Event: 3.399 GC heap before
{Heap before GC invocations=1 (full 0):
 garbage-first heap   total 258048K, used 24683K [0x0000000704200000, 0x0000000800000000)
  region size 1024K, 12 young (12288K), 2 survivors (2048K)
 Metaspace       used 18270K, capacity 18642K, committed 18944K, reserved 1067008K
  class space    used 1989K, capacity 2181K, committed 2304K, reserved 1048576K
}
Event: 3.403 GC heap after
{Heap after GC invocations=2 (full 0):
 garbage-first heap   total 258048K, used 17452K [0x0000000704200000, 0x0000000800000000)
  region size 1024K, 2 young (2048K), 2 survivors (2048K)
 Metaspace       used 18270K, capacity 18642K, committed 18944K, reserved 1067008K
  class space    used 1989K, capacity 2181K, committed 2304K, reserved 1048576K
}
Event: 7.747 GC heap before
{Heap before GC invocations=2 (full 0):
 garbage-first heap   total 258048K, used 23596K [0x0000000704200000, 0x0000000800000000)
  region size 1024K, 10 young (10240K), 2 survivors (2048K)
 Metaspace       used 20584K, capacity 21076K, committed 21248K, reserved 1069056K
  class space    used 2218K, capacity 2440K, committed 2560K, reserved 1048576K
}
Event: 7.751 GC heap after
{Heap after GC invocations=3 (full 0):
 garbage-first heap   total 258048K, used 18281K [0x0000000704200000, 0x0000000800000000)
  region size 1024K, 3 young (3072K), 3 survivors (3072K)
 Metaspace       used 20584K, capacity 21076K, committed 21248K, reserved 1069056K
  class space    used 2218K, capacity 2440K, committed 2560K, reserved 1048576K
}
Event: 13.810 GC heap before
{Heap before GC invocations=4 (full 0):
 garbage-first heap   total 258048K, used 60265K [0x0000000704200000, 0x0000000800000000)
  region size 1024K, 37 young (37888K), 3 survivors (3072K)
 Metaspace       used 30209K, capacity 30977K, committed 31104K, reserved 1077248K
  class space    used 3294K, capacity 3616K, committed 3712K, reserved 1048576K
}
Event: 13.819 GC heap after
{Heap after GC invocations=5 (full 0):
 garbage-first heap   total 258048K, used 32674K [0x0000000704200000, 0x0000000800000000)
  region size 1024K, 5 young (5120K), 5 survivors (5120K)
 Metaspace       used 30209K, capacity 30977K, committed 31104K, reserved 1077248K
  class space    used 3294K, capacity 3616K, committed 3712K, reserved 1048576K
}
Event: 45.079 GC heap before
{Heap before GC invocations=5 (full 0):
 garbage-first heap   total 258048K, used 110498K [0x0000000704200000, 0x0000000800000000)
  region size 1024K, 72 young (73728K), 5 survivors (5120K)
 Metaspace       used 33553K, capacity 34279K, committed 34432K, reserved 1079296K
  class space    used 3626K, capacity 3947K, committed 3968K, reserved 1048576K
}
Event: 45.090 GC heap after
{Heap after GC invocations=6 (full 0):
 garbage-first heap   total 258048K, used 49623K [0x0000000704200000, 0x0000000800000000)
  region size 1024K, 9 young (9216K), 9 survivors (9216K)
 Metaspace       used 33553K, capacity 34279K, committed 34432K, reserved 1079296K
  class space    used 3626K, capacity 3947K, committed 3968K, reserved 1048576K
}
Event: 81.144 GC heap before
{Heap before GC invocations=6 (full 0):
 garbage-first heap   total 258048K, used 127447K [0x0000000704200000, 0x0000000800000000)
  region size 1024K, 85 young (87040K), 9 survivors (9216K)
 Metaspace       used 33612K, capacity 34358K, committed 34432K, reserved 1079296K
  class space    used 3627K, capacity 3950K, committed 3968K, reserved 1048576K
}
Event: 81.152 GC heap after
{Heap after GC invocations=7 (full 0):
 garbage-first heap   total 258048K, used 50484K [0x0000000704200000, 0x0000000800000000)
  region size 1024K, 6 young (6144K), 6 survivors (6144K)
 Metaspace       used 33612K, capacity 34358K, committed 34432K, reserved 1079296K
  class space    used 3627K, capacity 3950K, committed 3968K, reserved 1048576K
}

Deoptimization events (10 events):
Event: 87.778 Thread 0x000002adc4c56800 Uncommon trap: reason=unstable_if action=reinterpret pc=0x000002adb0cd909c method=javax.swing.JComponent.getInsets(Ljava/awt/Insets;)Ljava/awt/Insets; @ 20 c2
Event: 87.778 Thread 0x000002adc4c56800 Uncommon trap: reason=unstable_if action=reinterpret pc=0x000002adb0ce86c0 method=javax.swing.SwingUtilities.layoutCompoundLabelImpl(Ljavax/swing/JComponent;Ljava/awt/FontMetrics;Ljava/lang/String;Ljavax/swing/Icon;IIIILjava/awt/Rectangle;Ljava/awt/Rectan
Event: 87.779 Thread 0x000002adc4c56800 Uncommon trap: reason=class_check action=maybe_recompile pc=0x000002adb0cd78a8 method=javax.swing.JComponent.paintBorder(Ljava/awt/Graphics;)V @ 22 c2
Event: 87.779 Thread 0x000002adc4c56800 Uncommon trap: reason=class_check action=maybe_recompile pc=0x000002adb0dbb298 method=sun.java2d.pipe.ValidatePipe.fill(Lsun/java2d/SunGraphics2D;Ljava/awt/Shape;)V @ 14 c2
Event: 87.797 Thread 0x000002adc4c56800 Uncommon trap: reason=class_check action=maybe_recompile pc=0x000002adb0d0b058 method=sun.java2d.SurfaceData.getTransparency()I @ 4 c2
Event: 87.815 Thread 0x000002adc4c56800 Uncommon trap: reason=unstable_if action=reinterpret pc=0x000002adb0d9ec6c method=java.awt.Window.getInputContext()Ljava/awt/im/InputContext; @ 11 c2
Event: 87.818 Thread 0x000002adc4c56800 Uncommon trap: reason=unstable_if action=reinterpret pc=0x000002adb0dcb35c method=javax.swing.SwingUtilities.computeIntersection(IIIILjava/awt/Rectangle;)Ljava/awt/Rectangle; @ 62 c2
Event: 87.818 Thread 0x000002adc4c56800 Uncommon trap: reason=unstable_if action=reinterpret pc=0x000002adb0c97534 method=javax.swing.SwingUtilities.computeIntersection(IIIILjava/awt/Rectangle;)Ljava/awt/Rectangle; @ 62 c2
Event: 87.818 Thread 0x000002adc4c56800 Uncommon trap: reason=class_check action=maybe_recompile pc=0x000002adb0cd78a8 method=javax.swing.JComponent.paintBorder(Ljava/awt/Graphics;)V @ 22 c2
Event: 87.818 Thread 0x000002adc4c56800 Uncommon trap: reason=class_check action=maybe_recompile pc=0x000002adb0dbb298 method=sun.java2d.pipe.ValidatePipe.fill(Lsun/java2d/SunGraphics2D;Ljava/awt/Shape;)V @ 14 c2

Classes redefined (0 events):
No events

Internal exceptions (10 events):
Event: 16.637 Thread 0x000002adc4c56800 Exception <a 'java/lang/reflect/InvocationTargetException'{0x000000071248b7b0}> (0x000000071248b7b0) thrown at [./open/src/hotspot/share/runtime/reflection.cpp, line 1242]
Event: 20.859 Thread 0x000002adc4c56800 Exception <a 'java/lang/reflect/InvocationTargetException'{0x00000007122213e0}> (0x00000007122213e0) thrown at [./open/src/hotspot/share/runtime/reflection.cpp, line 1242]
Event: 45.530 Thread 0x000002adc4c56800 Implicit null exception at 0x000002adb0d27454 to 0x000002adb0d28abc
Event: 51.130 Thread 0x000002adc4c56800 Exception <a 'java/lang/reflect/InvocationTargetException'{0x0000000711cde4c0}> (0x0000000711cde4c0) thrown at [./open/src/hotspot/share/runtime/reflection.cpp, line 1242]
Event: 83.767 Thread 0x000002adc4c56800 Implicit null exception at 0x000002adb0d8c1e7 to 0x000002adb0d8c7fc
Event: 83.778 Thread 0x000002adc4c56800 Implicit null exception at 0x000002adb0c82dd3 to 0x000002adb0c82f98
Event: 83.778 Thread 0x000002adc4c56800 Implicit null exception at 0x000002adb0c961a6 to 0x000002adb0c96b3c
Event: 87.757 Thread 0x000002adc4c56800 Implicit null exception at 0x000002adb0d51617 to 0x000002adb0d5165d
Event: 87.773 Thread 0x000002adc4c56800 Implicit null exception at 0x000002adb0c897cf to 0x000002adb0c89994
Event: 87.778 Thread 0x000002adc4c56800 Implicit null exception at 0x000002adb0cd8fe1 to 0x000002adb0cd9084

Events (10 events):
Event: 87.818 Thread 0x000002adc4c56800 DEOPT UNPACKING pc=0x000002ada90268af sp=0x000000fd133fd348 mode 2
Event: 87.818 Thread 0x000002adc4c56800 Uncommon trap: trap_request=0xffffff4d fr.pc=0x000002adb0c97534 relative=0x00000000000000b4
Event: 87.818 Thread 0x000002adc4c56800 DEOPT PACKING pc=0x000002adb0c97534 sp=0x000000fd133fb730
Event: 87.818 Thread 0x000002adc4c56800 DEOPT UNPACKING pc=0x000002ada90268af sp=0x000000fd133fb690 mode 2
Event: 87.818 Thread 0x000002adc4c56800 Uncommon trap: trap_request=0xffffffde fr.pc=0x000002adb0cd78a8 relative=0x0000000000000108
Event: 87.818 Thread 0x000002adc4c56800 DEOPT PACKING pc=0x000002adb0cd78a8 sp=0x000000fd133fb500
Event: 87.818 Thread 0x000002adc4c56800 DEOPT UNPACKING pc=0x000002ada90268af sp=0x000000fd133fb478 mode 2
Event: 87.818 Thread 0x000002adc4c56800 Uncommon trap: trap_request=0xffffffde fr.pc=0x000002adb0dbb298 relative=0x0000000000001198
Event: 87.818 Thread 0x000002adc4c56800 DEOPT PACKING pc=0x000002adb0dbb298 sp=0x000000fd133fb350
Event: 87.818 Thread 0x000002adc4c56800 DEOPT UNPACKING pc=0x000002ada90268af sp=0x000000fd133fb2d8 mode 2


Dynamic libraries:
0x00007ff6136f0000 - 0x00007ff613700000 	C:\Program Files\Java\jdk-11\bin\java.exe
0x00007ffedcef0000 - 0x00007ffedd0e8000 	C:\Windows\SYSTEM32\ntdll.dll
0x00007ffebe4c0000 - 0x00007ffebe4d9000 	C:\Program Files\AVG\Antivirus\aswhook.dll
0x00007ffedb010000 - 0x00007ffedb0cf000 	C:\Windows\System32\KERNEL32.DLL
0x00007ffeda8d0000 - 0x00007ffedaba2000 	C:\Windows\System32\KERNELBASE.dll
0x00007ffeda7d0000 - 0x00007ffeda8d0000 	C:\Windows\System32\ucrtbase.dll
0x00007ffed11f0000 - 0x00007ffed1208000 	C:\Program Files\Java\jdk-11\bin\jli.dll
0x00007ffedb0d0000 - 0x00007ffedb17e000 	C:\Windows\System32\ADVAPI32.dll
0x00007ffedcd30000 - 0x00007ffedcdce000 	C:\Windows\System32\msvcrt.dll
0x00007ffedb180000 - 0x00007ffedb21c000 	C:\Windows\System32\sechost.dll
0x00007ffec7a60000 - 0x00007ffec7a7b000 	C:\Program Files\Java\jdk-11\bin\VCRUNTIME140.dll
0x00007ffedc2c0000 - 0x00007ffedc3e5000 	C:\Windows\System32\RPCRT4.dll
0x00007ffedcb80000 - 0x00007ffedcd21000 	C:\Windows\System32\USER32.dll
0x00007ffec8ef0000 - 0x00007ffec918a000 	C:\Windows\WinSxS\amd64_microsoft.windows.common-controls_6595b64144ccf1df_6.0.19041.1110_none_60b5254171f9507e\COMCTL32.dll
0x00007ffedac50000 - 0x00007ffedac72000 	C:\Windows\System32\win32u.dll
0x00007ffedc3f0000 - 0x00007ffedc41b000 	C:\Windows\System32\GDI32.dll
0x00007ffedae30000 - 0x00007ffedaf3f000 	C:\Windows\System32\gdi32full.dll
0x00007ffedabb0000 - 0x00007ffedac4d000 	C:\Windows\System32\msvcp_win.dll
0x00007ffed3de0000 - 0x00007ffed3dea000 	C:\Windows\SYSTEM32\VERSION.dll
0x00007ffedb280000 - 0x00007ffedb2b0000 	C:\Windows\System32\IMM32.DLL
0x00007ffec7fc0000 - 0x00007ffec7fcc000 	C:\Program Files\Java\jdk-11\bin\vcruntime140_1.dll
0x00007ffec0d70000 - 0x00007ffec0dfe000 	C:\Program Files\Java\jdk-11\bin\msvcp140.dll
0x00007ffe6b430000 - 0x00007ffe6bf98000 	C:\Program Files\Java\jdk-11\bin\server\jvm.dll
0x00007ffedb7f0000 - 0x00007ffedb7f8000 	C:\Windows\System32\PSAPI.DLL
0x00007ffec75f0000 - 0x00007ffec75f9000 	C:\Windows\SYSTEM32\WSOCK32.dll
0x00007ffec9620000 - 0x00007ffec9647000 	C:\Windows\SYSTEM32\WINMM.dll
0x00007ffedb960000 - 0x00007ffedb9cb000 	C:\Windows\System32\WS2_32.dll
0x00007ffed84b0000 - 0x00007ffed84c2000 	C:\Windows\SYSTEM32\kernel.appcore.dll
0x00007ffec69a0000 - 0x00007ffec69b0000 	C:\Program Files\Java\jdk-11\bin\verify.dll
0x00007ffecfd10000 - 0x00007ffecfef4000 	C:\Windows\SYSTEM32\DBGHELP.DLL
0x00007ffed01f0000 - 0x00007ffed0225000 	C:\Windows\SYSTEM32\dbgcore.DLL
0x00007ffedac80000 - 0x00007ffedad02000 	C:\Windows\System32\bcryptPrimitives.dll
0x00007ffec15a0000 - 0x00007ffec15c8000 	C:\Program Files\Java\jdk-11\bin\java.dll
0x00007ffec3630000 - 0x00007ffec363a000 	C:\Program Files\Java\jdk-11\bin\jimage.dll
0x00007ffec1580000 - 0x00007ffec1597000 	C:\Program Files\Java\jdk-11\bin\zip.dll
0x00007ffedc420000 - 0x00007ffedcb65000 	C:\Windows\System32\SHELL32.dll
0x00007ffed86b0000 - 0x00007ffed8e42000 	C:\Windows\SYSTEM32\windows.storage.dll
0x00007ffedb2b0000 - 0x00007ffedb605000 	C:\Windows\System32\combase.dll
0x00007ffed9f70000 - 0x00007ffed9fa0000 	C:\Windows\SYSTEM32\Wldp.dll
0x00007ffedaf40000 - 0x00007ffedafed000 	C:\Windows\System32\SHCORE.dll
0x00007ffedb220000 - 0x00007ffedb275000 	C:\Windows\System32\shlwapi.dll
0x00007ffeda530000 - 0x00007ffeda54f000 	C:\Windows\SYSTEM32\profapi.dll
0x00007ffec1560000 - 0x00007ffec1579000 	C:\Program Files\Java\jdk-11\bin\net.dll
0x00007ffed1c90000 - 0x00007ffed1d9a000 	C:\Windows\SYSTEM32\WINHTTP.dll
0x00007ffed9cd0000 - 0x00007ffed9d3a000 	C:\Windows\system32\mswsock.dll
0x00007ffec1540000 - 0x00007ffec1552000 	C:\Program Files\Java\jdk-11\bin\nio.dll
0x00007ffeb5d70000 - 0x00007ffeb5ef2000 	C:\Program Files\Java\jdk-11\bin\awt.dll
0x00007ffedb800000 - 0x00007ffedb8cd000 	C:\Windows\System32\OLEAUT32.dll
0x00007ffed7ee0000 - 0x00007ffed7f70000 	C:\Windows\SYSTEM32\apphelp.dll
0x00007ffed7fe0000 - 0x00007ffed807e000 	C:\Windows\system32\uxtheme.dll
0x00007ffedba30000 - 0x00007ffedbb44000 	C:\Windows\System32\MSCTF.dll
0x00007ffedb6c0000 - 0x00007ffedb7ea000 	C:\Windows\System32\ole32.dll
0x00007ffed83a0000 - 0x00007ffed83cf000 	C:\Windows\system32\DWMAPI.DLL
0x00007ffeb7e10000 - 0x00007ffeb7e96000 	C:\Program Files\Java\jdk-11\bin\freetype.dll
0x00007ffeb5ca0000 - 0x00007ffeb5d65000 	C:\Program Files\Java\jdk-11\bin\fontmanager.dll
0x00007ffe9bee0000 - 0x00007ffe9c005000 	C:\Windows\system32\opengl32.dll
0x00007ffe9c620000 - 0x00007ffe9c64c000 	C:\Windows\SYSTEM32\GLU32.dll
0x00007ffedb610000 - 0x00007ffedb6b9000 	C:\Windows\System32\clbcatq.dll
0x00007ffed43a0000 - 0x00007ffed4554000 	C:\Windows\SYSTEM32\WindowsCodecs.dll
0x00007ffeda7a0000 - 0x00007ffeda7c7000 	C:\Windows\System32\bcrypt.dll
0x00007ffe9d950000 - 0x00007ffe9d98e000 	C:\Windows\system32\dataexchange.dll
0x00007ffed62e0000 - 0x00007ffed6543000 	C:\Windows\system32\d3d11.dll
0x00007ffed7220000 - 0x00007ffed7403000 	C:\Windows\system32\dcomp.dll
0x00007ffed8eb0000 - 0x00007ffed8fa3000 	C:\Windows\system32\dxgi.dll
0x00007ffed4710000 - 0x00007ffed4910000 	C:\Windows\system32\twinapi.appcore.dll
0x00007ffed9ec0000 - 0x00007ffed9ed8000 	C:\Windows\SYSTEM32\CRYPTSP.dll
0x00007ffed95f0000 - 0x00007ffed9624000 	C:\Windows\system32\rsaenh.dll
0x00007ffeda4b0000 - 0x00007ffeda4de000 	C:\Windows\SYSTEM32\USERENV.dll
0x00007ffed9ee0000 - 0x00007ffed9eec000 	C:\Windows\SYSTEM32\CRYPTBASE.dll
0x00007ffed99c0000 - 0x00007ffed99fb000 	C:\Windows\SYSTEM32\IPHLPAPI.DLL
0x00007ffedcb70000 - 0x00007ffedcb78000 	C:\Windows\System32\NSI.dll
0x00007ffed2360000 - 0x00007ffed2377000 	C:\Windows\SYSTEM32\dhcpcsvc6.DLL
0x00007ffed3870000 - 0x00007ffed388d000 	C:\Windows\SYSTEM32\dhcpcsvc.DLL
0x00007ffed9a00000 - 0x00007ffed9acb000 	C:\Windows\SYSTEM32\DNSAPI.dll
0x00007ffed0060000 - 0x00007ffed0159000 	C:\Windows\SYSTEM32\textinputframework.dll
0x00007ffed77d0000 - 0x00007ffed7b2e000 	C:\Windows\System32\CoreUIComponents.dll
0x00007ffed7b30000 - 0x00007ffed7c22000 	C:\Windows\System32\CoreMessaging.dll
0x00007ffed70c0000 - 0x00007ffed7214000 	C:\Windows\SYSTEM32\wintypes.dll
0x00007ffed9710000 - 0x00007ffed9743000 	C:\Windows\SYSTEM32\ntmarta.dll
0x00007ffea00a0000 - 0x00007ffea0106000 	C:\Windows\system32\Oleacc.dll
0x00007ffebe210000 - 0x00007ffebe227000 	C:\Windows\system32\napinsp.dll
0x00007ffebde80000 - 0x00007ffebde9b000 	C:\Windows\system32\pnrpnsp.dll
0x00007ffebd390000 - 0x00007ffebd3a5000 	C:\Windows\system32\wshbth.dll
0x00007ffed5d70000 - 0x00007ffed5d8d000 	C:\Windows\system32\NLAapi.dll
0x00007ffebce60000 - 0x00007ffebce72000 	C:\Windows\System32\winrnr.dll
0x00007ffec8df0000 - 0x00007ffec8dfa000 	C:\Windows\System32\rasadhlp.dll
0x00007ffec94f0000 - 0x00007ffec9570000 	C:\Windows\System32\fwpuclnt.dll
0x00007ffec10b0000 - 0x00007ffec10bd000 	C:\Program Files\Java\jdk-11\bin\sunmscapi.dll
0x00007ffeda5f0000 - 0x00007ffeda746000 	C:\Windows\System32\CRYPT32.dll
0x00007ffed9fe0000 - 0x00007ffeda007000 	C:\Windows\SYSTEM32\ncrypt.dll
0x00007ffed9fa0000 - 0x00007ffed9fdb000 	C:\Windows\SYSTEM32\NTASN1.dll
0x00007ffec0d40000 - 0x00007ffec0d67000 	C:\Program Files\Java\jdk-11\bin\sunec.dll

dbghelp: loaded successfully - version: 4.0.5 - missing functions: none
symbol engine: initialized successfully - sym options: 0x614 - pdb path: .;C:\Program Files\Java\jdk-11\bin;C:\Windows\SYSTEM32;C:\Program Files\AVG\Antivirus;C:\Windows\WinSxS\amd64_microsoft.windows.common-controls_6595b64144ccf1df_6.0.19041.1110_none_60b5254171f9507e;C:\Program Files\Java\jdk-11\bin\server

VM Arguments:
jvm_args: -Dfile.encoding=UTF-8 
java_command: VIsta.Login
java_class_path (initial): C:\Program Files\NetBeans-15\netbeans\java\modules\ext\AbsoluteLayout.jar;C:\Users\Pao\Documents\librerias\KControls-2.0.jar;C:\Users\Pao\Documents\librerias\RSScaleLabel.jar;C:\Users\Pao\Documents\librerias\javax.activation-1.2.0.jar;C:\Users\Pao\Documents\librerias\javax.mail.jar;C:\Users\Pao\Documents\librerias\jcalendar-1.4.jar;C:\Users\Pao\Documents\librerias\mssql-jdbc-12.2.0.jre11.jar;C:\Users\Pao\Documents\librerias\Librerias para reportes\AbsoluteLayout.jar;C:\Users\Pao\Documents\librerias\Librerias para reportes\commons-beanutils-1.9.4.jar;C:\Users\Pao\Documents\librerias\Librerias para reportes\commons-codec-1.10.jar;C:\Users\Pao\Documents\librerias\Librerias para reportes\commons-collections4-4.1.jar;C:\Users\Pao\Documents\librerias\Librerias para reportes\commons-digester-2.1.jar;C:\Users\Pao\Documents\librerias\Librerias para reportes\commons-logging-1.2.jar;C:\Users\Pao\Documents\librerias\Librerias para reportes\groovy-all-2.4.5.jar;C:\Users\Pao\Documents\librerias\Librerias para reportes\itext-pdfa-5.5.4.jar;C:\Users\Pao\Documents\librerias\Librerias para reportes\itextpdf-5.5.4.jar;C:\Users\Pao\Documents\librerias\Librerias para reportes\jasperreports-6.20.5.jar;C:\Users\Pao\Documents\librerias\Librerias para reportes\jfreechart-1.0.12.jar;C:\Users\Pao\Documents\librerias\Librerias para reportes\junit-4.12.jar;C:\Users\Pao\Documents\librerias\Librerias para reportes\log4j-1.2.17.jar;C:\Users\Pao\Documents\librerias\Librerias para reportes\poi-3.16.jar;C:\Users\Pao\Documents\librerias\Librerias para reportes\poi-excelant-3.16.jar;C:\Users\Pao\Documents\librerias\Librerias para reportes\poi-ooxml-3.16.jar;C:\Users\Pao\Documents\librerias\Librerias para reportes\poi-ooxml-schemas-3.16.jar;C:\Users\Pao\Documents\librerias\Librerias para reportes\poi-scratchpad-3.16.jar;C:\Users\Pao\Documents\librerias\Librerias para reportes\xmlbeans-2.6.0.jar;C:\Users\Pao\Documents\librerias\jar_files\commons-codec-1.15.jar;C:\Users\Pao\Do
Launcher Type: SUN_STANDARD

[Global flags]
     intx CICompilerCount                          = 3                                         {product} {ergonomic}
     uint ConcGCThreads                            = 1                                         {product} {ergonomic}
     uint G1ConcRefinementThreads                  = 4                                         {product} {ergonomic}
   size_t G1HeapRegionSize                         = 1048576                                   {product} {ergonomic}
    uintx GCDrainStackTargetSize                   = 64                                        {product} {ergonomic}
   size_t InitialHeapSize                          = 264241152                                 {product} {ergonomic}
   size_t MarkStackSize                            = 4194304                                   {product} {ergonomic}
   size_t MaxHeapSize                              = 4225761280                                {product} {ergonomic}
   size_t MaxNewSize                               = 2535456768                                {product} {ergonomic}
   size_t MinHeapDeltaBytes                        = 1048576                                   {product} {ergonomic}
    uintx NonNMethodCodeHeapSize                   = 5830732                                {pd product} {ergonomic}
    uintx NonProfiledCodeHeapSize                  = 122913754                              {pd product} {ergonomic}
    uintx ProfiledCodeHeapSize                     = 122913754                              {pd product} {ergonomic}
    uintx ReservedCodeCacheSize                    = 251658240                              {pd product} {ergonomic}
     bool SegmentedCodeCache                       = true                                      {product} {ergonomic}
     bool UseCompressedClassPointers               = true                                 {lp64_product} {ergonomic}
     bool UseCompressedOops                        = true                                 {lp64_product} {ergonomic}
     bool UseG1GC                                  = true                                      {product} {ergonomic}
     bool UseLargePagesIndividualAllocation        = false                                  {pd product} {ergonomic}

Logging:
Log output configuration:
 #0: stdout all=warning uptime,level,tags
 #1: stderr all=off uptime,level,tags

Environment Variables:
PATH=C:\Program Files\Microsoft MPI\Bin\;C:\Program Files\Common Files\Oracle\Java\javapath;C:\Windows\system32;C:\Windows;C:\Windows\System32\Wbem;C:\Windows\System32\WindowsPowerShell\v1.0\;C:\Windows\System32\OpenSSH\;C:\Program Files\Azure Data Studio\bin;C:\Program Files (x86)\Microsoft SQL Server\160\Tools\Binn\;C:\Program Files\Microsoft SQL Server\160\Tools\Binn\;C:\Program Files\Microsoft SQL Server\Client SDK\ODBC\170\Tools\Binn\;C:\Program Files\Microsoft SQL Server\160\DTS\Binn\;C:\Program Files (x86)\Microsoft SQL Server\160\DTS\Binn\;C:\Program Files (x86)\HP\Common\HPDestPlgIn\;C:\Users\Pao\AppData\Local\Microsoft\WindowsApps;;C:\Program Files\Azure Data Studio\bin
USERNAME=Pao
OS=Windows_NT
PROCESSOR_IDENTIFIER=Intel64 Family 6 Model 78 Stepping 3, GenuineIntel



---------------  S Y S T E M  ---------------

OS: Windows 10 , 64 bit Build 19041 (10.0.19041.2546)

CPU:total 4 (initial active 4) (2 cores per cpu, 2 threads per core) family 6 model 78 stepping 3 microcode 0xf0, cmov, cx8, fxsr, mmx, sse, sse2, sse3, ssse3, sse4.1, sse4.2, popcnt, avx, avx2, aes, clmul, erms, rtm, 3dnowpref, lzcnt, ht, tsc, tscinvbit, bmi1, bmi2, adx, fma

Memory: 4k page, system-wide physical 16118M (8982M free)
TotalPageFile size 18550M (AvailPageFile size 11112M)
current process WorkingSet (physical memory assigned to process): 272M, peak: 274M
current process commit charge ("private bytes"): 417M, peak: 430M

vm_info: Java HotSpot(TM) 64-Bit Server VM (11.0.18+9-LTS-195) for windows-amd64 JRE (11.0.18+9-LTS-195), built on Dec  6 2022 15:50:58 by "mach5one" with MS VC++ 17.1 (VS2022)

END.
