#
# A fatal error has been detected by the Java Runtime Environment:
#
#  EXCEPTION_ACCESS_VIOLATION (0xc0000005) at pc=0x00007ffc1cf7e97c, pid=4072, tid=5288
#
# JRE version: Java(TM) SE Runtime Environment 18.9 (11.0.18+9) (build 11.0.18+9-LTS-195)
# Java VM: Java HotSpot(TM) 64-Bit Server VM 18.9 (11.0.18+9-LTS-195, mixed mode, tiered, compressed oops, g1 gc, windows-amd64)
# Problematic frame:
# V  [jvm.dll+0x1be97c]
#
# No core dump will be written. Minidumps are not enabled by default on client versions of Windows
#
# If you would like to submit a bug report, please visit:
#   https://bugreport.java.com/bugreport/crash.jsp
#

---------------  S U M M A R Y ------------

Command Line: -Dfile.encoding=UTF-8 VIsta.Programa.JframePrincipal

Host: Intel(R) Core(TM) i5-6300U CPU @ 2.40GHz, 4 cores, 15G,  Windows 10 , 64 bit Build 19041 (10.0.19041.2546)
Time: Mon Aug 28 20:49:30 2023 Hora estándar, América Central elapsed time: 1.532253 seconds (0d 0h 0m 1s)

---------------  T H R E A D  ---------------

Current thread (0x0000026a2edbd000):  JavaThread "C2 CompilerThread0" daemon [_thread_in_native, id=5288, stack(0x000000a8e1900000,0x000000a8e1a00000)]


Current CompileTask:
C2:   1532 1455   !   4       sun.font.TrueTypeFont::getTableBuffer (215 bytes)

Stack: [0x000000a8e1900000,0x000000a8e1a00000],  sp=0x000000a8e19fc0c8,  free space=1008k
Native frames: (J=compiled Java code, j=interpreted, Vv=VM code, C=native code)
V  [jvm.dll+0x1be97c]


siginfo: EXCEPTION_ACCESS_VIOLATION (0xc0000005), reading address 0x000000000000000e


Register to memory mapping:

RIP=0x00007ffc1cf7e97c jvm.dll
RAX=0x000000000000000e is an unknown value
RBX=0x0000026a2ed56dd0 points into unknown readable memory: 0x0000000000000000 | 00 00 00 00 00 00 00 00
RCX=0x0000026a0c34a570 points into unknown readable memory: 0x00007ffc1d642c38 | 38 2c 64 1d fc 7f 00 00
RDX=0x0 is NULL
RSP=0x000000a8e19fc0c8 is pointing into the stack for thread: 0x0000026a2edbd000
RBP=0x0000026a3151cda0 points into unknown readable memory: 0x00007ffc1d641180 | 80 11 64 1d fc 7f 00 00
RSI=0x000000a8e19fe8d0 is pointing into the stack for thread: 0x0000026a2edbd000
RDI=0x0000026a30e7b9f0 points into unknown readable memory: 0x00007ffc1d641180 | 80 11 64 1d fc 7f 00 00
R8 =0x0000000000000004 is an unknown value
R9 =0x0000026a3120bd90 points into unknown readable memory: 0x0000026a2edf42b0 | b0 42 df 2e 6a 02 00 00
R10=0x0000000000000002 is an unknown value
R11=0x0000000000000004 is an unknown value
R12=0x00000000fffffffc is an unknown value
R13=0x0 is NULL
R14=0x0000026a30bddf80 points into unknown readable memory: 0x0000026a30853340 | 40 33 85 30 6a 02 00 00
R15=0x0000026a3120bd28 points into unknown readable memory: 0x00007ffc1d6c4788 | 88 47 6c 1d fc 7f 00 00


Registers:
RAX=0x000000000000000e, RBX=0x0000026a2ed56dd0, RCX=0x0000026a0c34a570, RDX=0x0000000000000000
RSP=0x000000a8e19fc0c8, RBP=0x0000026a3151cda0, RSI=0x000000a8e19fe8d0, RDI=0x0000026a30e7b9f0
R8 =0x0000000000000004, R9 =0x0000026a3120bd90, R10=0x0000000000000002, R11=0x0000000000000004
R12=0x00000000fffffffc, R13=0x0000000000000000, R14=0x0000026a30bddf80, R15=0x0000026a3120bd28
RIP=0x00007ffc1cf7e97c, EFLAGS=0x0000000000010202

Top of Stack: (sp=0x000000a8e19fc0c8)
0x000000a8e19fc0c8:   00007ffc1d531b29 0000026a2ed56dd0
0x000000a8e19fc0d8:   0000026a3151cda0 000000a8e19fe8d0
0x000000a8e19fc0e8:   0000000000000000 000000a8e19fc440
0x000000a8e19fc0f8:   000000a8e19fc440 0000026a310f5b30
0x000000a8e19fc108:   00007ffc1d10892f 0000026a3151cda0
0x000000a8e19fc118:   0000000000000000 0000026a30bddf80
0x000000a8e19fc128:   0000000000000000 000000a8e19fc440
0x000000a8e19fc138:   00007ffc1d088bc0 0000000000000000
0x000000a8e19fc148:   0000026a310f5b30 0000026a3151cda0
0x000000a8e19fc158:   0000026a30e7b9f0 0000026a30bddf80
0x000000a8e19fc168:   0000000000000001 0000026a3ef264e5
0x000000a8e19fc178:   0000000000000000 0000000000000001
0x000000a8e19fc188:   00007ffc1d4df700 0000026affffff65
0x000000a8e19fc198:   0000026a0c34d2c0 0000026a30e7b9f0
0x000000a8e19fc1a8:   0000026a30e79a90 0000026a30f066f0
0x000000a8e19fc1b8:   00007ffc00000000 0000000000000000 

Instructions: (pc=0x00007ffc1cf7e97c)
0x00007ffc1cf7e95c:   f5 e8 1b 00 d5 e8 1b 00 cc cc cc cc cc cc cc cc
0x00007ffc1cf7e96c:   cc cc cc cc 48 63 51 1c 48 8b 49 10 48 8b 41 18
0x00007ffc1cf7e97c:   48 8b 04 d0 c3 cc cc cc cc cc cc cc cc cc cc cc
0x00007ffc1cf7e98c:   cc cc cc cc 48 8b 41 10 48 63 ca 48 8b 40 18 48 


Stack slot to memory mapping:
stack at sp + 0 slots: 0x00007ffc1d531b29 jvm.dll
stack at sp + 1 slots: 0x0000026a2ed56dd0 points into unknown readable memory: 0x0000000000000000 | 00 00 00 00 00 00 00 00
stack at sp + 2 slots: 0x0000026a3151cda0 points into unknown readable memory: 0x00007ffc1d641180 | 80 11 64 1d fc 7f 00 00
stack at sp + 3 slots: 0x000000a8e19fe8d0 is pointing into the stack for thread: 0x0000026a2edbd000
stack at sp + 4 slots: 0x0 is NULL
stack at sp + 5 slots: 0x000000a8e19fc440 is pointing into the stack for thread: 0x0000026a2edbd000
stack at sp + 6 slots: 0x000000a8e19fc440 is pointing into the stack for thread: 0x0000026a2edbd000
stack at sp + 7 slots: 0x0000026a310f5b30 points into unknown readable memory: 0x00007ffc1d6993c0 | c0 93 69 1d fc 7f 00 00


---------------  P R O C E S S  ---------------

Threads class SMR info:
_java_thread_list=0x0000026a2f8dfc30, length=17, elements={
0x0000026a2ed58800, 0x0000026a2ed62000, 0x0000026a2edaf800, 0x0000026a2edb0800,
0x0000026a2edb4000, 0x0000026a2edbd000, 0x0000026a2edcd000, 0x0000026a2edd6800,
0x0000026a2ef40000, 0x0000026a2f4ed000, 0x0000026a2f4ed800, 0x0000026a2f507000,
0x0000026a2f4bb000, 0x0000026a304c0800, 0x0000026a0c347800, 0x0000026a2ef3a000,
0x0000026a30763800
}

Java Threads: ( => current thread )
  0x0000026a2ed58800 JavaThread "Reference Handler" daemon [_thread_blocked, id=11216, stack(0x000000a8e1400000,0x000000a8e1500000)]
  0x0000026a2ed62000 JavaThread "Finalizer" daemon [_thread_blocked, id=11200, stack(0x000000a8e1500000,0x000000a8e1600000)]
  0x0000026a2edaf800 JavaThread "Signal Dispatcher" daemon [_thread_blocked, id=11212, stack(0x000000a8e1600000,0x000000a8e1700000)]
  0x0000026a2edb0800 JavaThread "Attach Listener" daemon [_thread_blocked, id=11208, stack(0x000000a8e1700000,0x000000a8e1800000)]
  0x0000026a2edb4000 JavaThread "Service Thread" daemon [_thread_blocked, id=11180, stack(0x000000a8e1800000,0x000000a8e1900000)]
=>0x0000026a2edbd000 JavaThread "C2 CompilerThread0" daemon [_thread_in_native, id=5288, stack(0x000000a8e1900000,0x000000a8e1a00000)]
  0x0000026a2edcd000 JavaThread "C1 CompilerThread0" daemon [_thread_in_native, id=11164, stack(0x000000a8e1a00000,0x000000a8e1b00000)]
  0x0000026a2edd6800 JavaThread "Sweeper thread" daemon [_thread_blocked, id=11240, stack(0x000000a8e1b00000,0x000000a8e1c00000)]
  0x0000026a2ef40000 JavaThread "Common-Cleaner" daemon [_thread_blocked, id=11232, stack(0x000000a8e1d00000,0x000000a8e1e00000)]
  0x0000026a2f4ed000 JavaThread "Java2D Disposer" daemon [_thread_blocked, id=11156, stack(0x000000a8e1e00000,0x000000a8e1f00000)]
  0x0000026a2f4ed800 JavaThread "AWT-Shutdown" [_thread_blocked, id=11160, stack(0x000000a8e1f00000,0x000000a8e2000000)]
  0x0000026a2f507000 JavaThread "AWT-Windows" daemon [_thread_in_native, id=7084, stack(0x000000a8e2000000,0x000000a8e2100000)]
  0x0000026a2f4bb000 JavaThread "C2 CompilerThread1" daemon [_thread_in_native, id=2900, stack(0x000000a8e2100000,0x000000a8e2200000)]
  0x0000026a304c0800 JavaThread "AWT-EventQueue-0" [_thread_in_vm, id=6536, stack(0x000000a8e2200000,0x000000a8e2300000)]
  0x0000026a0c347800 JavaThread "DestroyJavaVM" [_thread_blocked, id=7512, stack(0x000000a8e0d00000,0x000000a8e0e00000)]
  0x0000026a2ef3a000 JavaThread "Image Fetcher 0" daemon [_thread_blocked, id=4388, stack(0x000000a8e2300000,0x000000a8e2400000)]
  0x0000026a30763800 JavaThread "Image Fetcher 1" daemon [_thread_blocked, id=5820, stack(0x000000a8e2400000,0x000000a8e2500000)]

Other Threads:
  0x0000026a2ed33000 VMThread "VM Thread" [stack: 0x000000a8e1300000,0x000000a8e1400000] [id=11144]
  0x0000026a2ef3b000 WatcherThread [stack: 0x000000a8e1c00000,0x000000a8e1d00000] [id=11236]
  0x0000026a0c359000 GCTaskThread "GC Thread#0" [stack: 0x000000a8e0e00000,0x000000a8e0f00000] [id=11088]
  0x0000026a2f533000 GCTaskThread "GC Thread#1" [stack: 0x000000a8e2500000,0x000000a8e2600000] [id=4488]
  0x0000026a31146000 GCTaskThread "GC Thread#2" [stack: 0x000000a8e2600000,0x000000a8e2700000] [id=7532]
  0x0000026a2f940000 GCTaskThread "GC Thread#3" [stack: 0x000000a8e2700000,0x000000a8e2800000] [id=10236]
  0x0000026a0c3b4000 ConcurrentGCThread "G1 Main Marker" [stack: 0x000000a8e0f00000,0x000000a8e1000000] [id=1956]
  0x0000026a0c3b6800 ConcurrentGCThread "G1 Conc#0" [stack: 0x000000a8e1000000,0x000000a8e1100000] [id=11100]
  0x0000026a2e398800 ConcurrentGCThread "G1 Refine#0" [stack: 0x000000a8e1100000,0x000000a8e1200000] [id=11116]
  0x0000026a2f8c2800 ConcurrentGCThread "G1 Refine#1" [stack: 0x000000a8e2800000,0x000000a8e2900000] [id=5164]
  0x0000026a2e399800 ConcurrentGCThread "G1 Young RemSet Sampling" [stack: 0x000000a8e1200000,0x000000a8e1300000] [id=11108]

Threads with active compile tasks:
C2 CompilerThread0     1680 1455   !   4       sun.font.TrueTypeFont::getTableBuffer (215 bytes)
C1 CompilerThread0     1680 1636       3       javax.swing.plaf.synth.Region::getUItoRegionMap (578 bytes)
C2 CompilerThread1     1680 1531   !   4       sun.awt.image.PNGImageDecoder::produceImage (1916 bytes)

VM state:not at safepoint (normal execution)

VM Mutex/Monitor currently owned by a thread: None

Heap address: 0x0000000704200000, size: 4030 MB, Compressed Oops mode: Zero based, Oop shift amount: 3
Narrow klass base: 0x0000000800000000, Narrow klass shift: 0
Compressed class space size: 1073741824 Address: 0x0000000800000000

Heap:
 garbage-first heap   total 258048K, used 14683K [0x0000000704200000, 0x0000000800000000)
  region size 1024K, 8 young (8192K), 2 survivors (2048K)
 Metaspace       used 18678K, capacity 19082K, committed 19200K, reserved 1067008K
  class space    used 2064K, capacity 2265K, committed 2304K, reserved 1048576K
Heap Regions: E=young(eden), S=young(survivor), O=old, HS=humongous(starts), HC=humongous(continues), CS=collection set, F=free, A=archive, TAMS=top-at-mark-start (previous, next)
|   0|0x0000000704200000, 0x0000000704300000, 0x0000000704300000|100%|HS|  |TAMS 0x0000000704200000, 0x0000000704200000| Complete 
|   1|0x0000000704300000, 0x0000000704400000, 0x0000000704400000|100%| O|  |TAMS 0x0000000704300000, 0x0000000704300000| Untracked 
|   2|0x0000000704400000, 0x0000000704500000, 0x0000000704500000|100%| O|  |TAMS 0x0000000704400000, 0x0000000704400000| Untracked 
|   3|0x0000000704500000, 0x0000000704600000, 0x0000000704600000|100%| O|  |TAMS 0x0000000704500000, 0x0000000704500000| Untracked 
|   4|0x0000000704600000, 0x0000000704700000, 0x0000000704700000|100%| O|  |TAMS 0x0000000704600000, 0x0000000704600000| Untracked 
|   5|0x0000000704700000, 0x000000070478c800, 0x0000000704800000| 54%| O|  |TAMS 0x0000000704700000, 0x0000000704700000| Untracked 
|   6|0x0000000704800000, 0x0000000704900000, 0x0000000704900000|100%|HS|  |TAMS 0x0000000704800000, 0x0000000704800000| Complete 
|   7|0x0000000704900000, 0x0000000704a00000, 0x0000000704a00000|100%|HS|  |TAMS 0x0000000704900000, 0x0000000704900000| Complete 
|   8|0x0000000704a00000, 0x0000000704b00000, 0x0000000704b00000|100%|HC|  |TAMS 0x0000000704a00000, 0x0000000704a00000| Complete 
|   9|0x0000000704b00000, 0x0000000704b00000, 0x0000000704c00000|  0%| F|  |TAMS 0x0000000704b00000, 0x0000000704b00000| Untracked 
|  10|0x0000000704c00000, 0x0000000704c00000, 0x0000000704d00000|  0%| F|  |TAMS 0x0000000704c00000, 0x0000000704c00000| Untracked 
|  11|0x0000000704d00000, 0x0000000704d00000, 0x0000000704e00000|  0%| F|  |TAMS 0x0000000704d00000, 0x0000000704d00000| Untracked 
|  12|0x0000000704e00000, 0x0000000704e00000, 0x0000000704f00000|  0%| F|  |TAMS 0x0000000704e00000, 0x0000000704e00000| Untracked 
|  13|0x0000000704f00000, 0x0000000704f00000, 0x0000000705000000|  0%| F|  |TAMS 0x0000000704f00000, 0x0000000704f00000| Untracked 
|  14|0x0000000705000000, 0x0000000705000000, 0x0000000705100000|  0%| F|  |TAMS 0x0000000705000000, 0x0000000705000000| Untracked 
|  15|0x0000000705100000, 0x0000000705100000, 0x0000000705200000|  0%| F|  |TAMS 0x0000000705100000, 0x0000000705100000| Untracked 
|  16|0x0000000705200000, 0x0000000705200000, 0x0000000705300000|  0%| F|  |TAMS 0x0000000705200000, 0x0000000705200000| Untracked 
|  17|0x0000000705300000, 0x0000000705300000, 0x0000000705400000|  0%| F|  |TAMS 0x0000000705300000, 0x0000000705300000| Untracked 
|  18|0x0000000705400000, 0x0000000705400000, 0x0000000705500000|  0%| F|  |TAMS 0x0000000705400000, 0x0000000705400000| Untracked 
|  19|0x0000000705500000, 0x0000000705500000, 0x0000000705600000|  0%| F|  |TAMS 0x0000000705500000, 0x0000000705500000| Untracked 
|  20|0x0000000705600000, 0x0000000705600000, 0x0000000705700000|  0%| F|  |TAMS 0x0000000705600000, 0x0000000705600000| Untracked 
|  21|0x0000000705700000, 0x0000000705700000, 0x0000000705800000|  0%| F|  |TAMS 0x0000000705700000, 0x0000000705700000| Untracked 
|  22|0x0000000705800000, 0x0000000705800000, 0x0000000705900000|  0%| F|  |TAMS 0x0000000705800000, 0x0000000705800000| Untracked 
|  23|0x0000000705900000, 0x0000000705900000, 0x0000000705a00000|  0%| F|  |TAMS 0x0000000705900000, 0x0000000705900000| Untracked 
|  24|0x0000000705a00000, 0x0000000705a00000, 0x0000000705b00000|  0%| F|  |TAMS 0x0000000705a00000, 0x0000000705a00000| Untracked 
|  25|0x0000000705b00000, 0x0000000705b00000, 0x0000000705c00000|  0%| F|  |TAMS 0x0000000705b00000, 0x0000000705b00000| Untracked 
|  26|0x0000000705c00000, 0x0000000705c00000, 0x0000000705d00000|  0%| F|  |TAMS 0x0000000705c00000, 0x0000000705c00000| Untracked 
|  27|0x0000000705d00000, 0x0000000705d00000, 0x0000000705e00000|  0%| F|  |TAMS 0x0000000705d00000, 0x0000000705d00000| Untracked 
|  28|0x0000000705e00000, 0x0000000705e00000, 0x0000000705f00000|  0%| F|  |TAMS 0x0000000705e00000, 0x0000000705e00000| Untracked 
|  29|0x0000000705f00000, 0x0000000705f00000, 0x0000000706000000|  0%| F|  |TAMS 0x0000000705f00000, 0x0000000705f00000| Untracked 
|  30|0x0000000706000000, 0x0000000706000000, 0x0000000706100000|  0%| F|  |TAMS 0x0000000706000000, 0x0000000706000000| Untracked 
|  31|0x0000000706100000, 0x0000000706100000, 0x0000000706200000|  0%| F|  |TAMS 0x0000000706100000, 0x0000000706100000| Untracked 
|  32|0x0000000706200000, 0x0000000706200000, 0x0000000706300000|  0%| F|  |TAMS 0x0000000706200000, 0x0000000706200000| Untracked 
|  33|0x0000000706300000, 0x0000000706300000, 0x0000000706400000|  0%| F|  |TAMS 0x0000000706300000, 0x0000000706300000| Untracked 
|  34|0x0000000706400000, 0x0000000706400000, 0x0000000706500000|  0%| F|  |TAMS 0x0000000706400000, 0x0000000706400000| Untracked 
|  35|0x0000000706500000, 0x0000000706500000, 0x0000000706600000|  0%| F|  |TAMS 0x0000000706500000, 0x0000000706500000| Untracked 
|  36|0x0000000706600000, 0x0000000706600000, 0x0000000706700000|  0%| F|  |TAMS 0x0000000706600000, 0x0000000706600000| Untracked 
|  37|0x0000000706700000, 0x0000000706700000, 0x0000000706800000|  0%| F|  |TAMS 0x0000000706700000, 0x0000000706700000| Untracked 
|  38|0x0000000706800000, 0x0000000706800000, 0x0000000706900000|  0%| F|  |TAMS 0x0000000706800000, 0x0000000706800000| Untracked 
|  39|0x0000000706900000, 0x0000000706900000, 0x0000000706a00000|  0%| F|  |TAMS 0x0000000706900000, 0x0000000706900000| Untracked 
|  40|0x0000000706a00000, 0x0000000706a00000, 0x0000000706b00000|  0%| F|  |TAMS 0x0000000706a00000, 0x0000000706a00000| Untracked 
|  41|0x0000000706b00000, 0x0000000706b00000, 0x0000000706c00000|  0%| F|  |TAMS 0x0000000706b00000, 0x0000000706b00000| Untracked 
|  42|0x0000000706c00000, 0x0000000706c00000, 0x0000000706d00000|  0%| F|  |TAMS 0x0000000706c00000, 0x0000000706c00000| Untracked 
|  43|0x0000000706d00000, 0x0000000706d00000, 0x0000000706e00000|  0%| F|  |TAMS 0x0000000706d00000, 0x0000000706d00000| Untracked 
|  44|0x0000000706e00000, 0x0000000706e00000, 0x0000000706f00000|  0%| F|  |TAMS 0x0000000706e00000, 0x0000000706e00000| Untracked 
|  45|0x0000000706f00000, 0x0000000706f00000, 0x0000000707000000|  0%| F|  |TAMS 0x0000000706f00000, 0x0000000706f00000| Untracked 
|  46|0x0000000707000000, 0x0000000707000000, 0x0000000707100000|  0%| F|  |TAMS 0x0000000707000000, 0x0000000707000000| Untracked 
|  47|0x0000000707100000, 0x0000000707100000, 0x0000000707200000|  0%| F|  |TAMS 0x0000000707100000, 0x0000000707100000| Untracked 
|  48|0x0000000707200000, 0x0000000707200000, 0x0000000707300000|  0%| F|  |TAMS 0x0000000707200000, 0x0000000707200000| Untracked 
|  49|0x0000000707300000, 0x0000000707300000, 0x0000000707400000|  0%| F|  |TAMS 0x0000000707300000, 0x0000000707300000| Untracked 
|  50|0x0000000707400000, 0x0000000707400000, 0x0000000707500000|  0%| F|  |TAMS 0x0000000707400000, 0x0000000707400000| Untracked 
|  51|0x0000000707500000, 0x0000000707500000, 0x0000000707600000|  0%| F|  |TAMS 0x0000000707500000, 0x0000000707500000| Untracked 
|  52|0x0000000707600000, 0x0000000707600000, 0x0000000707700000|  0%| F|  |TAMS 0x0000000707600000, 0x0000000707600000| Untracked 
|  53|0x0000000707700000, 0x0000000707700000, 0x0000000707800000|  0%| F|  |TAMS 0x0000000707700000, 0x0000000707700000| Untracked 
|  54|0x0000000707800000, 0x0000000707800000, 0x0000000707900000|  0%| F|  |TAMS 0x0000000707800000, 0x0000000707800000| Untracked 
|  55|0x0000000707900000, 0x0000000707900000, 0x0000000707a00000|  0%| F|  |TAMS 0x0000000707900000, 0x0000000707900000| Untracked 
|  56|0x0000000707a00000, 0x0000000707a00000, 0x0000000707b00000|  0%| F|  |TAMS 0x0000000707a00000, 0x0000000707a00000| Untracked 
|  57|0x0000000707b00000, 0x0000000707b00000, 0x0000000707c00000|  0%| F|  |TAMS 0x0000000707b00000, 0x0000000707b00000| Untracked 
|  58|0x0000000707c00000, 0x0000000707c00000, 0x0000000707d00000|  0%| F|  |TAMS 0x0000000707c00000, 0x0000000707c00000| Untracked 
|  59|0x0000000707d00000, 0x0000000707d00000, 0x0000000707e00000|  0%| F|  |TAMS 0x0000000707d00000, 0x0000000707d00000| Untracked 
|  60|0x0000000707e00000, 0x0000000707e00000, 0x0000000707f00000|  0%| F|  |TAMS 0x0000000707e00000, 0x0000000707e00000| Untracked 
|  61|0x0000000707f00000, 0x0000000707f00000, 0x0000000708000000|  0%| F|  |TAMS 0x0000000707f00000, 0x0000000707f00000| Untracked 
|  62|0x0000000708000000, 0x0000000708000000, 0x0000000708100000|  0%| F|  |TAMS 0x0000000708000000, 0x0000000708000000| Untracked 
|  63|0x0000000708100000, 0x0000000708100000, 0x0000000708200000|  0%| F|  |TAMS 0x0000000708100000, 0x0000000708100000| Untracked 
|  64|0x0000000708200000, 0x0000000708200000, 0x0000000708300000|  0%| F|  |TAMS 0x0000000708200000, 0x0000000708200000| Untracked 
|  65|0x0000000708300000, 0x0000000708300000, 0x0000000708400000|  0%| F|  |TAMS 0x0000000708300000, 0x0000000708300000| Untracked 
|  66|0x0000000708400000, 0x0000000708400000, 0x0000000708500000|  0%| F|  |TAMS 0x0000000708400000, 0x0000000708400000| Untracked 
|  67|0x0000000708500000, 0x0000000708500000, 0x0000000708600000|  0%| F|  |TAMS 0x0000000708500000, 0x0000000708500000| Untracked 
|  68|0x0000000708600000, 0x0000000708600000, 0x0000000708700000|  0%| F|  |TAMS 0x0000000708600000, 0x0000000708600000| Untracked 
|  69|0x0000000708700000, 0x0000000708700000, 0x0000000708800000|  0%| F|  |TAMS 0x0000000708700000, 0x0000000708700000| Untracked 
|  70|0x0000000708800000, 0x0000000708800000, 0x0000000708900000|  0%| F|  |TAMS 0x0000000708800000, 0x0000000708800000| Untracked 
|  71|0x0000000708900000, 0x0000000708900000, 0x0000000708a00000|  0%| F|  |TAMS 0x0000000708900000, 0x0000000708900000| Untracked 
|  72|0x0000000708a00000, 0x0000000708a00000, 0x0000000708b00000|  0%| F|  |TAMS 0x0000000708a00000, 0x0000000708a00000| Untracked 
|  73|0x0000000708b00000, 0x0000000708b00000, 0x0000000708c00000|  0%| F|  |TAMS 0x0000000708b00000, 0x0000000708b00000| Untracked 
|  74|0x0000000708c00000, 0x0000000708c00000, 0x0000000708d00000|  0%| F|  |TAMS 0x0000000708c00000, 0x0000000708c00000| Untracked 
|  75|0x0000000708d00000, 0x0000000708d00000, 0x0000000708e00000|  0%| F|  |TAMS 0x0000000708d00000, 0x0000000708d00000| Untracked 
|  76|0x0000000708e00000, 0x0000000708e00000, 0x0000000708f00000|  0%| F|  |TAMS 0x0000000708e00000, 0x0000000708e00000| Untracked 
|  77|0x0000000708f00000, 0x0000000708f00000, 0x0000000709000000|  0%| F|  |TAMS 0x0000000708f00000, 0x0000000708f00000| Untracked 
|  78|0x0000000709000000, 0x0000000709000000, 0x0000000709100000|  0%| F|  |TAMS 0x0000000709000000, 0x0000000709000000| Untracked 
|  79|0x0000000709100000, 0x0000000709100000, 0x0000000709200000|  0%| F|  |TAMS 0x0000000709100000, 0x0000000709100000| Untracked 
|  80|0x0000000709200000, 0x0000000709200000, 0x0000000709300000|  0%| F|  |TAMS 0x0000000709200000, 0x0000000709200000| Untracked 
|  81|0x0000000709300000, 0x0000000709300000, 0x0000000709400000|  0%| F|  |TAMS 0x0000000709300000, 0x0000000709300000| Untracked 
|  82|0x0000000709400000, 0x0000000709400000, 0x0000000709500000|  0%| F|  |TAMS 0x0000000709400000, 0x0000000709400000| Untracked 
|  83|0x0000000709500000, 0x0000000709500000, 0x0000000709600000|  0%| F|  |TAMS 0x0000000709500000, 0x0000000709500000| Untracked 
|  84|0x0000000709600000, 0x0000000709600000, 0x0000000709700000|  0%| F|  |TAMS 0x0000000709600000, 0x0000000709600000| Untracked 
|  85|0x0000000709700000, 0x0000000709700000, 0x0000000709800000|  0%| F|  |TAMS 0x0000000709700000, 0x0000000709700000| Untracked 
|  86|0x0000000709800000, 0x0000000709800000, 0x0000000709900000|  0%| F|  |TAMS 0x0000000709800000, 0x0000000709800000| Untracked 
|  87|0x0000000709900000, 0x0000000709900000, 0x0000000709a00000|  0%| F|  |TAMS 0x0000000709900000, 0x0000000709900000| Untracked 
|  88|0x0000000709a00000, 0x0000000709a00000, 0x0000000709b00000|  0%| F|  |TAMS 0x0000000709a00000, 0x0000000709a00000| Untracked 
|  89|0x0000000709b00000, 0x0000000709b00000, 0x0000000709c00000|  0%| F|  |TAMS 0x0000000709b00000, 0x0000000709b00000| Untracked 
|  90|0x0000000709c00000, 0x0000000709c00000, 0x0000000709d00000|  0%| F|  |TAMS 0x0000000709c00000, 0x0000000709c00000| Untracked 
|  91|0x0000000709d00000, 0x0000000709d00000, 0x0000000709e00000|  0%| F|  |TAMS 0x0000000709d00000, 0x0000000709d00000| Untracked 
|  92|0x0000000709e00000, 0x0000000709e00000, 0x0000000709f00000|  0%| F|  |TAMS 0x0000000709e00000, 0x0000000709e00000| Untracked 
|  93|0x0000000709f00000, 0x0000000709f00000, 0x000000070a000000|  0%| F|  |TAMS 0x0000000709f00000, 0x0000000709f00000| Untracked 
|  94|0x000000070a000000, 0x000000070a000000, 0x000000070a100000|  0%| F|  |TAMS 0x000000070a000000, 0x000000070a000000| Untracked 
|  95|0x000000070a100000, 0x000000070a100000, 0x000000070a200000|  0%| F|  |TAMS 0x000000070a100000, 0x000000070a100000| Untracked 
|  96|0x000000070a200000, 0x000000070a200000, 0x000000070a300000|  0%| F|  |TAMS 0x000000070a200000, 0x000000070a200000| Untracked 
|  97|0x000000070a300000, 0x000000070a300000, 0x000000070a400000|  0%| F|  |TAMS 0x000000070a300000, 0x000000070a300000| Untracked 
|  98|0x000000070a400000, 0x000000070a400000, 0x000000070a500000|  0%| F|  |TAMS 0x000000070a400000, 0x000000070a400000| Untracked 
|  99|0x000000070a500000, 0x000000070a500000, 0x000000070a600000|  0%| F|  |TAMS 0x000000070a500000, 0x000000070a500000| Untracked 
| 100|0x000000070a600000, 0x000000070a600000, 0x000000070a700000|  0%| F|  |TAMS 0x000000070a600000, 0x000000070a600000| Untracked 
| 101|0x000000070a700000, 0x000000070a700000, 0x000000070a800000|  0%| F|  |TAMS 0x000000070a700000, 0x000000070a700000| Untracked 
| 102|0x000000070a800000, 0x000000070a800000, 0x000000070a900000|  0%| F|  |TAMS 0x000000070a800000, 0x000000070a800000| Untracked 
| 103|0x000000070a900000, 0x000000070a900000, 0x000000070aa00000|  0%| F|  |TAMS 0x000000070a900000, 0x000000070a900000| Untracked 
| 104|0x000000070aa00000, 0x000000070aa00000, 0x000000070ab00000|  0%| F|  |TAMS 0x000000070aa00000, 0x000000070aa00000| Untracked 
| 105|0x000000070ab00000, 0x000000070ab00000, 0x000000070ac00000|  0%| F|  |TAMS 0x000000070ab00000, 0x000000070ab00000| Untracked 
| 106|0x000000070ac00000, 0x000000070ac00000, 0x000000070ad00000|  0%| F|  |TAMS 0x000000070ac00000, 0x000000070ac00000| Untracked 
| 107|0x000000070ad00000, 0x000000070ad00000, 0x000000070ae00000|  0%| F|  |TAMS 0x000000070ad00000, 0x000000070ad00000| Untracked 
| 108|0x000000070ae00000, 0x000000070ae00000, 0x000000070af00000|  0%| F|  |TAMS 0x000000070ae00000, 0x000000070ae00000| Untracked 
| 109|0x000000070af00000, 0x000000070af00000, 0x000000070b000000|  0%| F|  |TAMS 0x000000070af00000, 0x000000070af00000| Untracked 
| 110|0x000000070b000000, 0x000000070b000000, 0x000000070b100000|  0%| F|  |TAMS 0x000000070b000000, 0x000000070b000000| Untracked 
| 111|0x000000070b100000, 0x000000070b100000, 0x000000070b200000|  0%| F|  |TAMS 0x000000070b100000, 0x000000070b100000| Untracked 
| 112|0x000000070b200000, 0x000000070b200000, 0x000000070b300000|  0%| F|  |TAMS 0x000000070b200000, 0x000000070b200000| Untracked 
| 113|0x000000070b300000, 0x000000070b300000, 0x000000070b400000|  0%| F|  |TAMS 0x000000070b300000, 0x000000070b300000| Untracked 
| 114|0x000000070b400000, 0x000000070b400000, 0x000000070b500000|  0%| F|  |TAMS 0x000000070b400000, 0x000000070b400000| Untracked 
| 115|0x000000070b500000, 0x000000070b500000, 0x000000070b600000|  0%| F|  |TAMS 0x000000070b500000, 0x000000070b500000| Untracked 
| 116|0x000000070b600000, 0x000000070b600000, 0x000000070b700000|  0%| F|  |TAMS 0x000000070b600000, 0x000000070b600000| Untracked 
| 117|0x000000070b700000, 0x000000070b700000, 0x000000070b800000|  0%| F|  |TAMS 0x000000070b700000, 0x000000070b700000| Untracked 
| 118|0x000000070b800000, 0x000000070b800000, 0x000000070b900000|  0%| F|  |TAMS 0x000000070b800000, 0x000000070b800000| Untracked 
| 119|0x000000070b900000, 0x000000070b900000, 0x000000070ba00000|  0%| F|  |TAMS 0x000000070b900000, 0x000000070b900000| Untracked 
| 120|0x000000070ba00000, 0x000000070ba00000, 0x000000070bb00000|  0%| F|  |TAMS 0x000000070ba00000, 0x000000070ba00000| Untracked 
| 121|0x000000070bb00000, 0x000000070bb00000, 0x000000070bc00000|  0%| F|  |TAMS 0x000000070bb00000, 0x000000070bb00000| Untracked 
| 122|0x000000070bc00000, 0x000000070bc00000, 0x000000070bd00000|  0%| F|  |TAMS 0x000000070bc00000, 0x000000070bc00000| Untracked 
| 123|0x000000070bd00000, 0x000000070bd00000, 0x000000070be00000|  0%| F|  |TAMS 0x000000070bd00000, 0x000000070bd00000| Untracked 
| 124|0x000000070be00000, 0x000000070be00000, 0x000000070bf00000|  0%| F|  |TAMS 0x000000070be00000, 0x000000070be00000| Untracked 
| 125|0x000000070bf00000, 0x000000070bf00000, 0x000000070c000000|  0%| F|  |TAMS 0x000000070bf00000, 0x000000070bf00000| Untracked 
| 126|0x000000070c000000, 0x000000070c000000, 0x000000070c100000|  0%| F|  |TAMS 0x000000070c000000, 0x000000070c000000| Untracked 
| 127|0x000000070c100000, 0x000000070c100000, 0x000000070c200000|  0%| F|  |TAMS 0x000000070c100000, 0x000000070c100000| Untracked 
| 128|0x000000070c200000, 0x000000070c200000, 0x000000070c300000|  0%| F|  |TAMS 0x000000070c200000, 0x000000070c200000| Untracked 
| 129|0x000000070c300000, 0x000000070c300000, 0x000000070c400000|  0%| F|  |TAMS 0x000000070c300000, 0x000000070c300000| Untracked 
| 130|0x000000070c400000, 0x000000070c400000, 0x000000070c500000|  0%| F|  |TAMS 0x000000070c400000, 0x000000070c400000| Untracked 
| 131|0x000000070c500000, 0x000000070c500000, 0x000000070c600000|  0%| F|  |TAMS 0x000000070c500000, 0x000000070c500000| Untracked 
| 132|0x000000070c600000, 0x000000070c600000, 0x000000070c700000|  0%| F|  |TAMS 0x000000070c600000, 0x000000070c600000| Untracked 
| 133|0x000000070c700000, 0x000000070c700000, 0x000000070c800000|  0%| F|  |TAMS 0x000000070c700000, 0x000000070c700000| Untracked 
| 134|0x000000070c800000, 0x000000070c800000, 0x000000070c900000|  0%| F|  |TAMS 0x000000070c800000, 0x000000070c800000| Untracked 
| 135|0x000000070c900000, 0x000000070c900000, 0x000000070ca00000|  0%| F|  |TAMS 0x000000070c900000, 0x000000070c900000| Untracked 
| 136|0x000000070ca00000, 0x000000070ca00000, 0x000000070cb00000|  0%| F|  |TAMS 0x000000070ca00000, 0x000000070ca00000| Untracked 
| 137|0x000000070cb00000, 0x000000070cb00000, 0x000000070cc00000|  0%| F|  |TAMS 0x000000070cb00000, 0x000000070cb00000| Untracked 
| 138|0x000000070cc00000, 0x000000070cc00000, 0x000000070cd00000|  0%| F|  |TAMS 0x000000070cc00000, 0x000000070cc00000| Untracked 
| 139|0x000000070cd00000, 0x000000070cd00000, 0x000000070ce00000|  0%| F|  |TAMS 0x000000070cd00000, 0x000000070cd00000| Untracked 
| 140|0x000000070ce00000, 0x000000070ce00000, 0x000000070cf00000|  0%| F|  |TAMS 0x000000070ce00000, 0x000000070ce00000| Untracked 
| 141|0x000000070cf00000, 0x000000070cf00000, 0x000000070d000000|  0%| F|  |TAMS 0x000000070cf00000, 0x000000070cf00000| Untracked 
| 142|0x000000070d000000, 0x000000070d000000, 0x000000070d100000|  0%| F|  |TAMS 0x000000070d000000, 0x000000070d000000| Untracked 
| 143|0x000000070d100000, 0x000000070d100000, 0x000000070d200000|  0%| F|  |TAMS 0x000000070d100000, 0x000000070d100000| Untracked 
| 144|0x000000070d200000, 0x000000070d200000, 0x000000070d300000|  0%| F|  |TAMS 0x000000070d200000, 0x000000070d200000| Untracked 
| 145|0x000000070d300000, 0x000000070d300000, 0x000000070d400000|  0%| F|  |TAMS 0x000000070d300000, 0x000000070d300000| Untracked 
| 146|0x000000070d400000, 0x000000070d400000, 0x000000070d500000|  0%| F|  |TAMS 0x000000070d400000, 0x000000070d400000| Untracked 
| 147|0x000000070d500000, 0x000000070d500000, 0x000000070d600000|  0%| F|  |TAMS 0x000000070d500000, 0x000000070d500000| Untracked 
| 148|0x000000070d600000, 0x000000070d600000, 0x000000070d700000|  0%| F|  |TAMS 0x000000070d600000, 0x000000070d600000| Untracked 
| 149|0x000000070d700000, 0x000000070d700000, 0x000000070d800000|  0%| F|  |TAMS 0x000000070d700000, 0x000000070d700000| Untracked 
| 150|0x000000070d800000, 0x000000070d800000, 0x000000070d900000|  0%| F|  |TAMS 0x000000070d800000, 0x000000070d800000| Untracked 
| 151|0x000000070d900000, 0x000000070d900000, 0x000000070da00000|  0%| F|  |TAMS 0x000000070d900000, 0x000000070d900000| Untracked 
| 152|0x000000070da00000, 0x000000070da00000, 0x000000070db00000|  0%| F|  |TAMS 0x000000070da00000, 0x000000070da00000| Untracked 
| 153|0x000000070db00000, 0x000000070db00000, 0x000000070dc00000|  0%| F|  |TAMS 0x000000070db00000, 0x000000070db00000| Untracked 
| 154|0x000000070dc00000, 0x000000070dc00000, 0x000000070dd00000|  0%| F|  |TAMS 0x000000070dc00000, 0x000000070dc00000| Untracked 
| 155|0x000000070dd00000, 0x000000070dd00000, 0x000000070de00000|  0%| F|  |TAMS 0x000000070dd00000, 0x000000070dd00000| Untracked 
| 156|0x000000070de00000, 0x000000070de00000, 0x000000070df00000|  0%| F|  |TAMS 0x000000070de00000, 0x000000070de00000| Untracked 
| 157|0x000000070df00000, 0x000000070df00000, 0x000000070e000000|  0%| F|  |TAMS 0x000000070df00000, 0x000000070df00000| Untracked 
| 158|0x000000070e000000, 0x000000070e000000, 0x000000070e100000|  0%| F|  |TAMS 0x000000070e000000, 0x000000070e000000| Untracked 
| 159|0x000000070e100000, 0x000000070e100000, 0x000000070e200000|  0%| F|  |TAMS 0x000000070e100000, 0x000000070e100000| Untracked 
| 160|0x000000070e200000, 0x000000070e200000, 0x000000070e300000|  0%| F|  |TAMS 0x000000070e200000, 0x000000070e200000| Untracked 
| 161|0x000000070e300000, 0x000000070e300000, 0x000000070e400000|  0%| F|  |TAMS 0x000000070e300000, 0x000000070e300000| Untracked 
| 162|0x000000070e400000, 0x000000070e400000, 0x000000070e500000|  0%| F|  |TAMS 0x000000070e400000, 0x000000070e400000| Untracked 
| 163|0x000000070e500000, 0x000000070e500000, 0x000000070e600000|  0%| F|  |TAMS 0x000000070e500000, 0x000000070e500000| Untracked 
| 164|0x000000070e600000, 0x000000070e600000, 0x000000070e700000|  0%| F|  |TAMS 0x000000070e600000, 0x000000070e600000| Untracked 
| 165|0x000000070e700000, 0x000000070e700000, 0x000000070e800000|  0%| F|  |TAMS 0x000000070e700000, 0x000000070e700000| Untracked 
| 166|0x000000070e800000, 0x000000070e800000, 0x000000070e900000|  0%| F|  |TAMS 0x000000070e800000, 0x000000070e800000| Untracked 
| 167|0x000000070e900000, 0x000000070e900000, 0x000000070ea00000|  0%| F|  |TAMS 0x000000070e900000, 0x000000070e900000| Untracked 
| 168|0x000000070ea00000, 0x000000070ea00000, 0x000000070eb00000|  0%| F|  |TAMS 0x000000070ea00000, 0x000000070ea00000| Untracked 
| 169|0x000000070eb00000, 0x000000070eb00000, 0x000000070ec00000|  0%| F|  |TAMS 0x000000070eb00000, 0x000000070eb00000| Untracked 
| 170|0x000000070ec00000, 0x000000070ec00000, 0x000000070ed00000|  0%| F|  |TAMS 0x000000070ec00000, 0x000000070ec00000| Untracked 
| 171|0x000000070ed00000, 0x000000070ed00000, 0x000000070ee00000|  0%| F|  |TAMS 0x000000070ed00000, 0x000000070ed00000| Untracked 
| 172|0x000000070ee00000, 0x000000070ee00000, 0x000000070ef00000|  0%| F|  |TAMS 0x000000070ee00000, 0x000000070ee00000| Untracked 
| 173|0x000000070ef00000, 0x000000070ef00000, 0x000000070f000000|  0%| F|  |TAMS 0x000000070ef00000, 0x000000070ef00000| Untracked 
| 174|0x000000070f000000, 0x000000070f000000, 0x000000070f100000|  0%| F|  |TAMS 0x000000070f000000, 0x000000070f000000| Untracked 
| 175|0x000000070f100000, 0x000000070f100000, 0x000000070f200000|  0%| F|  |TAMS 0x000000070f100000, 0x000000070f100000| Untracked 
| 176|0x000000070f200000, 0x000000070f200000, 0x000000070f300000|  0%| F|  |TAMS 0x000000070f200000, 0x000000070f200000| Untracked 
| 177|0x000000070f300000, 0x000000070f300000, 0x000000070f400000|  0%| F|  |TAMS 0x000000070f300000, 0x000000070f300000| Untracked 
| 178|0x000000070f400000, 0x000000070f400000, 0x000000070f500000|  0%| F|  |TAMS 0x000000070f400000, 0x000000070f400000| Untracked 
| 179|0x000000070f500000, 0x000000070f500000, 0x000000070f600000|  0%| F|  |TAMS 0x000000070f500000, 0x000000070f500000| Untracked 
| 180|0x000000070f600000, 0x000000070f600000, 0x000000070f700000|  0%| F|  |TAMS 0x000000070f600000, 0x000000070f600000| Untracked 
| 181|0x000000070f700000, 0x000000070f700000, 0x000000070f800000|  0%| F|  |TAMS 0x000000070f700000, 0x000000070f700000| Untracked 
| 182|0x000000070f800000, 0x000000070f800000, 0x000000070f900000|  0%| F|  |TAMS 0x000000070f800000, 0x000000070f800000| Untracked 
| 183|0x000000070f900000, 0x000000070f900000, 0x000000070fa00000|  0%| F|  |TAMS 0x000000070f900000, 0x000000070f900000| Untracked 
| 184|0x000000070fa00000, 0x000000070fa00000, 0x000000070fb00000|  0%| F|  |TAMS 0x000000070fa00000, 0x000000070fa00000| Untracked 
| 185|0x000000070fb00000, 0x000000070fb00000, 0x000000070fc00000|  0%| F|  |TAMS 0x000000070fb00000, 0x000000070fb00000| Untracked 
| 186|0x000000070fc00000, 0x000000070fc00000, 0x000000070fd00000|  0%| F|  |TAMS 0x000000070fc00000, 0x000000070fc00000| Untracked 
| 187|0x000000070fd00000, 0x000000070fd00000, 0x000000070fe00000|  0%| F|  |TAMS 0x000000070fd00000, 0x000000070fd00000| Untracked 
| 188|0x000000070fe00000, 0x000000070fe00000, 0x000000070ff00000|  0%| F|  |TAMS 0x000000070fe00000, 0x000000070fe00000| Untracked 
| 189|0x000000070ff00000, 0x000000070ff00000, 0x0000000710000000|  0%| F|  |TAMS 0x000000070ff00000, 0x000000070ff00000| Untracked 
| 190|0x0000000710000000, 0x0000000710000000, 0x0000000710100000|  0%| F|  |TAMS 0x0000000710000000, 0x0000000710000000| Untracked 
| 191|0x0000000710100000, 0x0000000710100000, 0x0000000710200000|  0%| F|  |TAMS 0x0000000710100000, 0x0000000710100000| Untracked 
| 192|0x0000000710200000, 0x0000000710200000, 0x0000000710300000|  0%| F|  |TAMS 0x0000000710200000, 0x0000000710200000| Untracked 
| 193|0x0000000710300000, 0x0000000710300000, 0x0000000710400000|  0%| F|  |TAMS 0x0000000710300000, 0x0000000710300000| Untracked 
| 194|0x0000000710400000, 0x0000000710400000, 0x0000000710500000|  0%| F|  |TAMS 0x0000000710400000, 0x0000000710400000| Untracked 
| 195|0x0000000710500000, 0x0000000710500000, 0x0000000710600000|  0%| F|  |TAMS 0x0000000710500000, 0x0000000710500000| Untracked 
| 196|0x0000000710600000, 0x0000000710600000, 0x0000000710700000|  0%| F|  |TAMS 0x0000000710600000, 0x0000000710600000| Untracked 
| 197|0x0000000710700000, 0x0000000710700000, 0x0000000710800000|  0%| F|  |TAMS 0x0000000710700000, 0x0000000710700000| Untracked 
| 198|0x0000000710800000, 0x0000000710800000, 0x0000000710900000|  0%| F|  |TAMS 0x0000000710800000, 0x0000000710800000| Untracked 
| 199|0x0000000710900000, 0x0000000710900000, 0x0000000710a00000|  0%| F|  |TAMS 0x0000000710900000, 0x0000000710900000| Untracked 
| 200|0x0000000710a00000, 0x0000000710a00000, 0x0000000710b00000|  0%| F|  |TAMS 0x0000000710a00000, 0x0000000710a00000| Untracked 
| 201|0x0000000710b00000, 0x0000000710b00000, 0x0000000710c00000|  0%| F|  |TAMS 0x0000000710b00000, 0x0000000710b00000| Untracked 
| 202|0x0000000710c00000, 0x0000000710c00000, 0x0000000710d00000|  0%| F|  |TAMS 0x0000000710c00000, 0x0000000710c00000| Untracked 
| 203|0x0000000710d00000, 0x0000000710d00000, 0x0000000710e00000|  0%| F|  |TAMS 0x0000000710d00000, 0x0000000710d00000| Untracked 
| 204|0x0000000710e00000, 0x0000000710e00000, 0x0000000710f00000|  0%| F|  |TAMS 0x0000000710e00000, 0x0000000710e00000| Untracked 
| 205|0x0000000710f00000, 0x0000000710f00000, 0x0000000711000000|  0%| F|  |TAMS 0x0000000710f00000, 0x0000000710f00000| Untracked 
| 206|0x0000000711000000, 0x0000000711000000, 0x0000000711100000|  0%| F|  |TAMS 0x0000000711000000, 0x0000000711000000| Untracked 
| 207|0x0000000711100000, 0x0000000711100000, 0x0000000711200000|  0%| F|  |TAMS 0x0000000711100000, 0x0000000711100000| Untracked 
| 208|0x0000000711200000, 0x0000000711200000, 0x0000000711300000|  0%| F|  |TAMS 0x0000000711200000, 0x0000000711200000| Untracked 
| 209|0x0000000711300000, 0x0000000711300000, 0x0000000711400000|  0%| F|  |TAMS 0x0000000711300000, 0x0000000711300000| Untracked 
| 210|0x0000000711400000, 0x0000000711400000, 0x0000000711500000|  0%| F|  |TAMS 0x0000000711400000, 0x0000000711400000| Untracked 
| 211|0x0000000711500000, 0x0000000711500000, 0x0000000711600000|  0%| F|  |TAMS 0x0000000711500000, 0x0000000711500000| Untracked 
| 212|0x0000000711600000, 0x0000000711600000, 0x0000000711700000|  0%| F|  |TAMS 0x0000000711600000, 0x0000000711600000| Untracked 
| 213|0x0000000711700000, 0x0000000711700000, 0x0000000711800000|  0%| F|  |TAMS 0x0000000711700000, 0x0000000711700000| Untracked 
| 214|0x0000000711800000, 0x0000000711800000, 0x0000000711900000|  0%| F|  |TAMS 0x0000000711800000, 0x0000000711800000| Untracked 
| 215|0x0000000711900000, 0x0000000711900000, 0x0000000711a00000|  0%| F|  |TAMS 0x0000000711900000, 0x0000000711900000| Untracked 
| 216|0x0000000711a00000, 0x0000000711a00000, 0x0000000711b00000|  0%| F|  |TAMS 0x0000000711a00000, 0x0000000711a00000| Untracked 
| 217|0x0000000711b00000, 0x0000000711b00000, 0x0000000711c00000|  0%| F|  |TAMS 0x0000000711b00000, 0x0000000711b00000| Untracked 
| 218|0x0000000711c00000, 0x0000000711c00000, 0x0000000711d00000|  0%| F|  |TAMS 0x0000000711c00000, 0x0000000711c00000| Untracked 
| 219|0x0000000711d00000, 0x0000000711d00000, 0x0000000711e00000|  0%| F|  |TAMS 0x0000000711d00000, 0x0000000711d00000| Untracked 
| 220|0x0000000711e00000, 0x0000000711e00000, 0x0000000711f00000|  0%| F|  |TAMS 0x0000000711e00000, 0x0000000711e00000| Untracked 
| 221|0x0000000711f00000, 0x0000000711f00000, 0x0000000712000000|  0%| F|  |TAMS 0x0000000711f00000, 0x0000000711f00000| Untracked 
| 222|0x0000000712000000, 0x0000000712000000, 0x0000000712100000|  0%| F|  |TAMS 0x0000000712000000, 0x0000000712000000| Untracked 
| 223|0x0000000712100000, 0x0000000712100000, 0x0000000712200000|  0%| F|  |TAMS 0x0000000712100000, 0x0000000712100000| Untracked 
| 224|0x0000000712200000, 0x0000000712200000, 0x0000000712300000|  0%| F|  |TAMS 0x0000000712200000, 0x0000000712200000| Untracked 
| 225|0x0000000712300000, 0x0000000712300000, 0x0000000712400000|  0%| F|  |TAMS 0x0000000712300000, 0x0000000712300000| Untracked 
| 226|0x0000000712400000, 0x0000000712400000, 0x0000000712500000|  0%| F|  |TAMS 0x0000000712400000, 0x0000000712400000| Untracked 
| 227|0x0000000712500000, 0x0000000712500000, 0x0000000712600000|  0%| F|  |TAMS 0x0000000712500000, 0x0000000712500000| Untracked 
| 228|0x0000000712600000, 0x0000000712600000, 0x0000000712700000|  0%| F|  |TAMS 0x0000000712600000, 0x0000000712600000| Untracked 
| 229|0x0000000712700000, 0x0000000712700000, 0x0000000712800000|  0%| F|  |TAMS 0x0000000712700000, 0x0000000712700000| Untracked 
| 230|0x0000000712800000, 0x0000000712800000, 0x0000000712900000|  0%| F|  |TAMS 0x0000000712800000, 0x0000000712800000| Untracked 
| 231|0x0000000712900000, 0x0000000712900000, 0x0000000712a00000|  0%| F|  |TAMS 0x0000000712900000, 0x0000000712900000| Untracked 
| 232|0x0000000712a00000, 0x0000000712a00000, 0x0000000712b00000|  0%| F|  |TAMS 0x0000000712a00000, 0x0000000712a00000| Untracked 
| 233|0x0000000712b00000, 0x0000000712b00000, 0x0000000712c00000|  0%| F|  |TAMS 0x0000000712b00000, 0x0000000712b00000| Untracked 
| 234|0x0000000712c00000, 0x0000000712c00000, 0x0000000712d00000|  0%| F|  |TAMS 0x0000000712c00000, 0x0000000712c00000| Untracked 
| 235|0x0000000712d00000, 0x0000000712d00000, 0x0000000712e00000|  0%| F|  |TAMS 0x0000000712d00000, 0x0000000712d00000| Untracked 
| 236|0x0000000712e00000, 0x0000000712e00000, 0x0000000712f00000|  0%| F|  |TAMS 0x0000000712e00000, 0x0000000712e00000| Untracked 
| 237|0x0000000712f00000, 0x0000000712f00000, 0x0000000713000000|  0%| F|  |TAMS 0x0000000712f00000, 0x0000000712f00000| Untracked 
| 238|0x0000000713000000, 0x0000000713000000, 0x0000000713100000|  0%| F|  |TAMS 0x0000000713000000, 0x0000000713000000| Untracked 
| 239|0x0000000713100000, 0x0000000713100000, 0x0000000713200000|  0%| F|  |TAMS 0x0000000713100000, 0x0000000713100000| Untracked 
| 240|0x0000000713200000, 0x00000007132ca510, 0x0000000713300000| 79%| S|CS|TAMS 0x0000000713200000, 0x0000000713200000| Complete 
| 241|0x0000000713300000, 0x0000000713400000, 0x0000000713400000|100%| S|CS|TAMS 0x0000000713300000, 0x0000000713300000| Complete 
| 242|0x0000000713400000, 0x0000000713400000, 0x0000000713500000|  0%| F|  |TAMS 0x0000000713400000, 0x0000000713400000| Untracked 
| 243|0x0000000713500000, 0x0000000713500000, 0x0000000713600000|  0%| F|  |TAMS 0x0000000713500000, 0x0000000713500000| Untracked 
| 244|0x0000000713600000, 0x0000000713600000, 0x0000000713700000|  0%| F|  |TAMS 0x0000000713600000, 0x0000000713600000| Untracked 
| 245|0x0000000713700000, 0x0000000713700000, 0x0000000713800000|  0%| F|  |TAMS 0x0000000713700000, 0x0000000713700000| Untracked 
| 246|0x0000000713800000, 0x00000007138f4058, 0x0000000713900000| 95%| E|  |TAMS 0x0000000713800000, 0x0000000713800000| Complete 
| 247|0x0000000713900000, 0x0000000713a00000, 0x0000000713a00000|100%| E|CS|TAMS 0x0000000713900000, 0x0000000713900000| Complete 
| 248|0x0000000713a00000, 0x0000000713b00000, 0x0000000713b00000|100%| E|CS|TAMS 0x0000000713a00000, 0x0000000713a00000| Complete 
| 249|0x0000000713b00000, 0x0000000713c00000, 0x0000000713c00000|100%| E|CS|TAMS 0x0000000713b00000, 0x0000000713b00000| Complete 
| 250|0x0000000713c00000, 0x0000000713d00000, 0x0000000713d00000|100%| E|  |TAMS 0x0000000713c00000, 0x0000000713c00000| Complete 
| 251|0x0000000713d00000, 0x0000000713e00000, 0x0000000713e00000|100%| E|CS|TAMS 0x0000000713d00000, 0x0000000713d00000| Complete 

Card table byte_map: [0x0000026a23200000,0x0000026a239e0000] _byte_map_base: 0x0000026a1f9df000

Marking Bits (Prev, Next): (CMBitMap*) 0x0000026a0c3a3658, (CMBitMap*) 0x0000026a0c3a3690
 Prev Bits: [0x0000026a241c0000, 0x0000026a280b8000)
 Next Bits: [0x0000026a280c0000, 0x0000026a2bfb8000)

Polling page: 0x0000026a0a4c0000

Metaspace:

Usage:
  Non-class:     16.61 MB capacity,    16.39 MB ( 99%) used,   181.58 KB (  1%) free+waste,    45.50 KB ( <1%) overhead. 
      Class:      2.21 MB capacity,     2.03 MB ( 92%) used,   157.38 KB (  7%) free+waste,    24.25 KB (  1%) overhead. 
       Both:     18.82 MB capacity,    18.42 MB ( 98%) used,   338.95 KB (  2%) free+waste,    69.75 KB ( <1%) overhead. 

Virtual space:
  Non-class space:       18.00 MB reserved,      16.75 MB ( 93%) committed 
      Class space:        1.00 GB reserved,       2.25 MB ( <1%) committed 
             Both:        1.02 GB reserved,      19.00 MB (  2%) committed 

Chunk freelists:
   Non-Class:  1.88 KB
       Class:  896 bytes
        Both:  2.75 KB

CodeHeap 'non-profiled nmethods': size=120064Kb used=527Kb max_used=527Kb free=119537Kb
 bounds [0x0000026a1b4e0000, 0x0000026a1b750000, 0x0000026a22a20000]
CodeHeap 'profiled nmethods': size=120000Kb used=3228Kb max_used=3228Kb free=116771Kb
 bounds [0x0000026a13fb0000, 0x0000026a142e0000, 0x0000026a1b4e0000]
CodeHeap 'non-nmethods': size=5696Kb used=1219Kb max_used=1234Kb free=4477Kb
 bounds [0x0000026a13a20000, 0x0000026a13c90000, 0x0000026a13fb0000]
 total_blobs=2234 nmethods=1644 adapters=502
 compilation: enabled
              stopped_count=0, restarted_count=0
 full_count=0

Compilation events (10 events):
Event: 1.518 Thread 0x0000026a2edcd000 1462       1       java.lang.Float::floatValue (5 bytes)
Event: 1.519 Thread 0x0000026a2edcd000 nmethod 1462 0x0000026a1b559690 code [0x0000026a1b559820, 0x0000026a1b5598d8]
Event: 1.519 Thread 0x0000026a2edcd000 1463       3       java.awt.geom.RectangularShape::<init> (5 bytes)
Event: 1.519 Thread 0x0000026a2edcd000 nmethod 1463 0x0000026a1426fe10 code [0x0000026a1426ffa0, 0x0000026a142700f8]
Event: 1.519 Thread 0x0000026a2edcd000 1466       3       sun.font.FontDesignMetrics::getLatinCharWidth (29 bytes)
Event: 1.519 Thread 0x0000026a2edcd000 nmethod 1466 0x0000026a14270190 code [0x0000026a14270360, 0x0000026a14270668]
Event: 1.519 Thread 0x0000026a2edcd000 1467       3       javax.swing.text.GapContent$MarkData::getOffset (46 bytes)
Event: 1.519 Thread 0x0000026a2edcd000 nmethod 1467 0x0000026a14270810 code [0x0000026a142709c0, 0x0000026a14270bf8]
Event: 1.519 Thread 0x0000026a2edcd000 1468       3       javax.swing.text.GapContent$StickyPosition::getOffset (8 bytes)
Event: 1.520 Thread 0x0000026a2edcd000 nmethod 1468 0x0000026a14270d10 code [0x0000026a14270ec0, 0x0000026a14271008]

GC Heap History (2 events):
Event: 0.928 GC heap before
{Heap before GC invocations=0 (full 0):
 garbage-first heap   total 258048K, used 14336K [0x0000000704200000, 0x0000000800000000)
  region size 1024K, 14 young (14336K), 0 survivors (0K)
 Metaspace       used 14642K, capacity 15024K, committed 15104K, reserved 1062912K
  class space    used 1570K, capacity 1762K, committed 1792K, reserved 1048576K
}
Event: 0.940 GC heap after
{Heap after GC invocations=1 (full 0):
 garbage-first heap   total 258048K, used 5622K [0x0000000704200000, 0x0000000800000000)
  region size 1024K, 2 young (2048K), 2 survivors (2048K)
 Metaspace       used 14642K, capacity 15024K, committed 15104K, reserved 1062912K
  class space    used 1570K, capacity 1762K, committed 1792K, reserved 1048576K
}

Deoptimization events (10 events):
Event: 1.071 Thread 0x0000026a304c0800 Uncommon trap: reason=class_check action=maybe_recompile pc=0x0000026a1b4fa8e8 method=java.lang.String.equals(Ljava/lang/Object;)Z @ 8 c2
Event: 1.072 Thread 0x0000026a304c0800 Uncommon trap: reason=class_check action=maybe_recompile pc=0x0000026a1b4fa8e8 method=java.lang.String.equals(Ljava/lang/Object;)Z @ 8 c2
Event: 1.073 Thread 0x0000026a304c0800 Uncommon trap: reason=class_check action=maybe_recompile pc=0x0000026a1b4fa8e8 method=java.lang.String.equals(Ljava/lang/Object;)Z @ 8 c2
Event: 1.073 Thread 0x0000026a304c0800 Uncommon trap: reason=class_check action=maybe_recompile pc=0x0000026a1b4fa8e8 method=java.lang.String.equals(Ljava/lang/Object;)Z @ 8 c2
Event: 1.079 Thread 0x0000026a304c0800 Uncommon trap: reason=class_check action=maybe_recompile pc=0x0000026a1b516788 method=java.util.HashMap.putVal(ILjava/lang/Object;Ljava/lang/Object;ZZ)Ljava/lang/Object; @ 253 c2
Event: 1.344 Thread 0x0000026a304c0800 Uncommon trap: reason=class_check action=maybe_recompile pc=0x0000026a1b516788 method=java.util.HashMap.putVal(ILjava/lang/Object;Ljava/lang/Object;ZZ)Ljava/lang/Object; @ 253 c2
Event: 1.466 Thread 0x0000026a304c0800 Uncommon trap: reason=unstable_if action=reinterpret pc=0x0000026a1b4f9428 method=java.lang.String.hashCode()I @ 22 c2
Event: 1.468 Thread 0x0000026a304c0800 Uncommon trap: reason=unstable_if action=reinterpret pc=0x0000026a1b5438c4 method=java.lang.String.equals(Ljava/lang/Object;)Z @ 34 c2
Event: 1.468 Thread 0x0000026a304c0800 Uncommon trap: reason=unstable_if action=reinterpret pc=0x0000026a1b4fcb44 method=java.lang.CharacterData.of(I)Ljava/lang/CharacterData; @ 4 c2
Event: 1.487 Thread 0x0000026a304c0800 Uncommon trap: reason=unstable_if action=reinterpret pc=0x0000026a1b554e28 method=java.lang.Character.isSurrogate(C)Z @ 3 c2

Classes redefined (0 events):
No events

Internal exceptions (10 events):
Event: 0.671 Thread 0x0000026a0c347800 Exception <a 'java/lang/NoSuchMethodError'{0x000000071340c470}: java.lang.invoke.DirectMethodHandle$Holder.invokeStatic(Ljava/lang/Object;Ljava/lang/Object;Ljava/lang/Object;Ljava/lang/Object;Ljava/lang/Object;Ljava/lang/Object;Ljava/lang/Object;Ljava/lan
Event: 0.673 Thread 0x0000026a0c347800 Exception <a 'java/lang/NoSuchMethodError'{0x000000071342b1f8}: java.lang.invoke.DirectMethodHandle$Holder.invokeStatic(Ljava/lang/Object;Ljava/lang/Object;Ljava/lang/Object;Ljava/lang/Object;Ljava/lang/Object;Ljava/lang/Object;Ljava/lang/Object;Ljava/lan
Event: 0.675 Thread 0x0000026a0c347800 Exception <a 'java/lang/NoSuchMethodError'{0x000000071344b8a0}: java.lang.invoke.DirectMethodHandle$Holder.invokeStatic(Ljava/lang/Object;Ljava/lang/Object;Ljava/lang/Object;Ljava/lang/Object;Ljava/lang/Object;Ljava/lang/Object;Ljava/lang/Object;Ljava/lan
Event: 0.709 Thread 0x0000026a304c0800 Exception <a 'java/lang/ClassNotFoundException'{0x00000007134e8618}: com/sun/swing/internal/plaf/synth/resources/spi/synthProvider> (0x00000007134e8618) thrown at [./open/src/hotspot/share/classfile/systemDictionary.cpp, line 226]
Event: 0.773 Thread 0x0000026a2ef3a000 Implicit null exception at 0x0000026a1b514ef4 to 0x0000026a1b5153f8
Event: 1.116 Thread 0x0000026a304c0800 Exception <a 'java/lang/NoSuchMethodError'{0x0000000713bdc6a0}: java.lang.invoke.DirectMethodHandle$Holder.invokeStaticInit(Ljava/lang/Object;Ljava/lang/Object;)V> (0x0000000713bdc6a0) thrown at [./open/src/hotspot/share/interpreter/linkResolver.cpp, line
Event: 1.124 Thread 0x0000026a304c0800 Exception <a 'java/lang/NoSuchMethodError'{0x0000000713a05460}: java.lang.invoke.DirectMethodHandle$Holder.invokeStatic(Ljava/lang/Object;IIII)Ljava/lang/Object;> (0x0000000713a05460) thrown at [./open/src/hotspot/share/interpreter/linkResolver.cpp, line 
Event: 1.125 Thread 0x0000026a304c0800 Exception <a 'java/lang/NoSuchMethodError'{0x0000000713a08578}: java.lang.invoke.DirectMethodHandle$Holder.invokeStaticInit(Ljava/lang/Object;IIII)Ljava/lang/Object;> (0x0000000713a08578) thrown at [./open/src/hotspot/share/interpreter/linkResolver.cpp, l
Event: 1.335 Thread 0x0000026a304c0800 Exception <a 'java/lang/NoSuchMethodError'{0x0000000713a6b4e0}: java.lang.invoke.DirectMethodHandle$Holder.invokeStatic(Ljava/lang/Object;Ljava/lang/Object;IIII)Ljava/lang/Object;> (0x0000000713a6b4e0) thrown at [./open/src/hotspot/share/interpreter/linkR
Event: 1.335 Thread 0x0000026a304c0800 Exception <a 'java/lang/NoSuchMethodError'{0x0000000713a6e828}: java.lang.invoke.DirectMethodHandle$Holder.invokeStaticInit(Ljava/lang/Object;Ljava/lang/Object;IIII)Ljava/lang/Object;> (0x0000000713a6e828) thrown at [./open/src/hotspot/share/interpreter/l

Events (10 events):
Event: 1.468 Thread 0x0000026a304c0800 Uncommon trap: trap_request=0xffffff4d fr.pc=0x0000026a1b4fcb44 relative=0x0000000000000044
Event: 1.468 Thread 0x0000026a304c0800 DEOPT PACKING pc=0x0000026a1b4fcb44 sp=0x000000a8e22fb480
Event: 1.468 Thread 0x0000026a304c0800 DEOPT UNPACKING pc=0x0000026a13a468af sp=0x000000a8e22fb418 mode 2
Event: 1.468 loading class java/lang/CharacterData00
Event: 1.469 loading class java/lang/CharacterData00 done
Event: 1.469 Executing VM operation: Deoptimize
Event: 1.469 Executing VM operation: Deoptimize done
Event: 1.487 Thread 0x0000026a304c0800 Uncommon trap: trap_request=0xffffff4d fr.pc=0x0000026a1b554e28 relative=0x0000000000000468
Event: 1.487 Thread 0x0000026a304c0800 DEOPT PACKING pc=0x0000026a1b554e28 sp=0x000000a8e22fb090
Event: 1.487 Thread 0x0000026a304c0800 DEOPT UNPACKING pc=0x0000026a13a468af sp=0x000000a8e22fafa8 mode 2


Dynamic libraries:
0x00007ff7a5100000 - 0x00007ff7a5110000 	C:\Program Files\Java\jdk-11\bin\java.exe
0x00007ffc8bc10000 - 0x00007ffc8be08000 	C:\Windows\SYSTEM32\ntdll.dll
0x00007ffc61030000 - 0x00007ffc61049000 	C:\Program Files\AVG\Antivirus\aswhook.dll
0x00007ffc8b790000 - 0x00007ffc8b84f000 	C:\Windows\System32\KERNEL32.DLL
0x00007ffc89690000 - 0x00007ffc89962000 	C:\Windows\System32\KERNELBASE.dll
0x00007ffc89b60000 - 0x00007ffc89c60000 	C:\Windows\System32\ucrtbase.dll
0x00007ffc864d0000 - 0x00007ffc864eb000 	C:\Program Files\Java\jdk-11\bin\VCRUNTIME140.dll
0x00007ffc83bc0000 - 0x00007ffc83bd8000 	C:\Program Files\Java\jdk-11\bin\jli.dll
0x00007ffc8a090000 - 0x00007ffc8a13e000 	C:\Windows\System32\ADVAPI32.dll
0x00007ffc8ac00000 - 0x00007ffc8ac9e000 	C:\Windows\System32\msvcrt.dll
0x00007ffc8bb30000 - 0x00007ffc8bbcc000 	C:\Windows\System32\sechost.dll
0x00007ffc8b850000 - 0x00007ffc8b975000 	C:\Windows\System32\RPCRT4.dll
0x00007ffc8aca0000 - 0x00007ffc8ae41000 	C:\Windows\System32\USER32.dll
0x00007ffc886a0000 - 0x00007ffc8893a000 	C:\Windows\WinSxS\amd64_microsoft.windows.common-controls_6595b64144ccf1df_6.0.19041.1110_none_60b5254171f9507e\COMCTL32.dll
0x00007ffc89970000 - 0x00007ffc89992000 	C:\Windows\System32\win32u.dll
0x00007ffc8b760000 - 0x00007ffc8b78b000 	C:\Windows\System32\GDI32.dll
0x00007ffc899a0000 - 0x00007ffc89aaf000 	C:\Windows\System32\gdi32full.dll
0x00007ffc893a0000 - 0x00007ffc8943d000 	C:\Windows\System32\msvcp_win.dll
0x00007ffc81db0000 - 0x00007ffc81dba000 	C:\Windows\SYSTEM32\VERSION.dll
0x00007ffc8a830000 - 0x00007ffc8a860000 	C:\Windows\System32\IMM32.DLL
0x00007ffc86480000 - 0x00007ffc8648c000 	C:\Program Files\Java\jdk-11\bin\vcruntime140_1.dll
0x00007ffc738a0000 - 0x00007ffc7392e000 	C:\Program Files\Java\jdk-11\bin\msvcp140.dll
0x00007ffc1cdc0000 - 0x00007ffc1d928000 	C:\Program Files\Java\jdk-11\bin\server\jvm.dll
0x00007ffc8ae60000 - 0x00007ffc8ae68000 	C:\Windows\System32\PSAPI.DLL
0x00007ffc789b0000 - 0x00007ffc789d7000 	C:\Windows\SYSTEM32\WINMM.dll
0x00007ffc76a00000 - 0x00007ffc76a09000 	C:\Windows\SYSTEM32\WSOCK32.dll
0x00007ffc8a020000 - 0x00007ffc8a08b000 	C:\Windows\System32\WS2_32.dll
0x00007ffc863d0000 - 0x00007ffc863e2000 	C:\Windows\SYSTEM32\kernel.appcore.dll
0x00007ffc83b90000 - 0x00007ffc83ba0000 	C:\Program Files\Java\jdk-11\bin\verify.dll
0x00007ffc88a90000 - 0x00007ffc88c74000 	C:\Windows\SYSTEM32\DBGHELP.DLL
0x00007ffc88a50000 - 0x00007ffc88a85000 	C:\Windows\SYSTEM32\dbgcore.DLL
0x00007ffc89310000 - 0x00007ffc89392000 	C:\Windows\System32\bcryptPrimitives.dll
0x00007ffc73950000 - 0x00007ffc73978000 	C:\Program Files\Java\jdk-11\bin\java.dll
0x00007ffc83b80000 - 0x00007ffc83b8a000 	C:\Program Files\Java\jdk-11\bin\jimage.dll
0x00007ffc80480000 - 0x00007ffc80497000 	C:\Program Files\Java\jdk-11\bin\zip.dll
0x00007ffc8ae70000 - 0x00007ffc8b5b5000 	C:\Windows\System32\SHELL32.dll
0x00007ffc866d0000 - 0x00007ffc86e62000 	C:\Windows\SYSTEM32\windows.storage.dll
0x00007ffc89c60000 - 0x00007ffc89fb5000 	C:\Windows\System32\combase.dll
0x00007ffc88600000 - 0x00007ffc88630000 	C:\Windows\SYSTEM32\Wldp.dll
0x00007ffc8a9a0000 - 0x00007ffc8aa4d000 	C:\Windows\System32\SHCORE.dll
0x00007ffc89fc0000 - 0x00007ffc8a015000 	C:\Windows\System32\shlwapi.dll
0x00007ffc89250000 - 0x00007ffc8926f000 	C:\Windows\SYSTEM32\profapi.dll
0x00007ffc766c0000 - 0x00007ffc766d9000 	C:\Program Files\Java\jdk-11\bin\net.dll
0x00007ffc7f740000 - 0x00007ffc7f84a000 	C:\Windows\SYSTEM32\WINHTTP.dll
0x00007ffc884d0000 - 0x00007ffc8853a000 	C:\Windows\system32\mswsock.dll
0x00007ffc73930000 - 0x00007ffc73942000 	C:\Program Files\Java\jdk-11\bin\nio.dll
0x00007ffc57b30000 - 0x00007ffc57cb2000 	C:\Program Files\Java\jdk-11\bin\awt.dll
0x00007ffc8a1d0000 - 0x00007ffc8a29d000 	C:\Windows\System32\OLEAUT32.dll
0x00007ffc85ee0000 - 0x00007ffc85f70000 	C:\Windows\SYSTEM32\apphelp.dll
0x00007ffc85fe0000 - 0x00007ffc8607e000 	C:\Windows\system32\uxtheme.dll
0x00007ffc8a710000 - 0x00007ffc8a824000 	C:\Windows\System32\MSCTF.dll
0x00007ffc8b5d0000 - 0x00007ffc8b6fa000 	C:\Windows\System32\ole32.dll
0x00007ffc862c0000 - 0x00007ffc862ef000 	C:\Windows\system32\DWMAPI.DLL
0x00007ffc61f00000 - 0x00007ffc61f86000 	C:\Program Files\Java\jdk-11\bin\freetype.dll
0x00007ffc57a60000 - 0x00007ffc57b25000 	C:\Program Files\Java\jdk-11\bin\fontmanager.dll
0x00007ffc603f0000 - 0x00007ffc60515000 	C:\Windows\system32\opengl32.dll
0x00007ffc60380000 - 0x00007ffc603ac000 	C:\Windows\SYSTEM32\GLU32.dll
0x00007ffc88fc0000 - 0x00007ffc88fd8000 	C:\Windows\SYSTEM32\CRYPTSP.dll
0x00007ffc87ce0000 - 0x00007ffc87d14000 	C:\Windows\system32\rsaenh.dll
0x00007ffc89660000 - 0x00007ffc89687000 	C:\Windows\System32\bcrypt.dll
0x00007ffc89210000 - 0x00007ffc8923e000 	C:\Windows\SYSTEM32\USERENV.dll
0x00007ffc885c0000 - 0x00007ffc885cc000 	C:\Windows\SYSTEM32\CRYPTBASE.dll
0x00007ffc88050000 - 0x00007ffc8808b000 	C:\Windows\SYSTEM32\IPHLPAPI.DLL
0x00007ffc8b5c0000 - 0x00007ffc8b5c8000 	C:\Windows\System32\NSI.dll
0x00007ffc80550000 - 0x00007ffc80567000 	C:\Windows\SYSTEM32\dhcpcsvc6.DLL
0x00007ffc80530000 - 0x00007ffc8054d000 	C:\Windows\SYSTEM32\dhcpcsvc.DLL
0x00007ffc88090000 - 0x00007ffc8815b000 	C:\Windows\SYSTEM32\DNSAPI.dll

dbghelp: loaded successfully - version: 4.0.5 - missing functions: none
symbol engine: initialized successfully - sym options: 0x614 - pdb path: .;C:\Program Files\Java\jdk-11\bin;C:\Windows\SYSTEM32;C:\Program Files\AVG\Antivirus;C:\Windows\WinSxS\amd64_microsoft.windows.common-controls_6595b64144ccf1df_6.0.19041.1110_none_60b5254171f9507e;C:\Program Files\Java\jdk-11\bin\server

VM Arguments:
jvm_args: -Dfile.encoding=UTF-8 
java_command: VIsta.Programa.JframePrincipal
java_class_path (initial): C:\Program Files\NetBeans-15\netbeans\java\modules\ext\AbsoluteLayout.jar;C:\Users\Pao\Documents\LibreriasExpo\KControls-2.0.jar;C:\Users\Pao\Documents\LibreriasExpo\RSScaleLabel (1).jar;C:\Users\Pao\Documents\LibreriasExpo\comm-2.0.jar;C:\Users\Pao\Documents\LibreriasExpo\commons-codec-1.15.jar;C:\Users\Pao\Documents\LibreriasExpo\commons-io-2.7.jar;C:\Users\Pao\Documents\LibreriasExpo\commons-logging-1.2.jar;C:\Users\Pao\Documents\LibreriasExpo\http-2.2.1.jar;C:\Users\Pao\Documents\LibreriasExpo\httpclient-4.5.13.jar;C:\Users\Pao\Documents\LibreriasExpo\httpcore-4.4.13.jar;C:\Users\Pao\Documents\LibreriasExpo\jackson-annotations-2.14.0.jar;C:\Users\Pao\Documents\LibreriasExpo\jackson-core-2.14.0.jar;C:\Users\Pao\Documents\LibreriasExpo\jackson-databind-2.14.0.jar;C:\Users\Pao\Documents\LibreriasExpo\jackson-dataformat-xml-2.14.0.jar;C:\Users\Pao\Documents\LibreriasExpo\jackson-datatype-jsr310-2.14.0.jar;C:\Users\Pao\Documents\LibreriasExpo\javax.activation-1.2.0.jar;C:\Users\Pao\Documents\LibreriasExpo\javax.mail.jar;C:\Users\Pao\Documents\LibreriasExpo\jcalendar-1.4.jar;C:\Users\Pao\Documents\LibreriasExpo\jjwt-api-0.11.2.jar;C:\Users\Pao\Documents\LibreriasExpo\jjwt-impl-0.11.2.jar;C:\Users\Pao\Documents\LibreriasExpo\jjwt-jackson-0.11.2.jar;C:\Users\Pao\Documents\LibreriasExpo\mssql-jdbc-12.2.0.jre11.jar;C:\Users\Pao\Documents\LibreriasExpo\slf4j-api-1.7.30.jar;C:\Users\Pao\Documents\LibreriasExpo\stax2-api-4.2.1.jar;C:\Users\Pao\Documents\LibreriasExpo\twilio-10.0.0-rc.1.jar;C:\Users\Pao\Documents\LibreriasExpo\woodstox-core-6.4.0.jar;C:\Users\Pao\Documents\NetBeansProjects\2023Esespi\build\classes
Launcher Type: SUN_STANDARD

[Global flags]
     intx CICompilerCount                          = 3                                         {product} {ergonomic}
     uint ConcGCThreads                            = 1                                         {product} {ergonomic}
     uint G1ConcRefinementThreads                  = 4                                         {product} {ergonomic}
   size_t G1HeapRegionSize                         = 1048576                                   {product} {ergonomic}
    uintx GCDrainStackTargetSize                   = 64                                        {product} {ergonomic}
   size_t InitialHeapSize                          = 264241152                                 {product} {ergonomic}
   size_t MarkStackSize                            = 4194304                                   {product} {ergonomic}
   size_t MaxHeapSize                              = 4225761280                                {product} {ergonomic}
   size_t MaxNewSize                               = 2535456768                                {product} {ergonomic}
   size_t MinHeapDeltaBytes                        = 1048576                                   {product} {ergonomic}
    uintx NonNMethodCodeHeapSize                   = 5830732                                {pd product} {ergonomic}
    uintx NonProfiledCodeHeapSize                  = 122913754                              {pd product} {ergonomic}
    uintx ProfiledCodeHeapSize                     = 122913754                              {pd product} {ergonomic}
    uintx ReservedCodeCacheSize                    = 251658240                              {pd product} {ergonomic}
     bool SegmentedCodeCache                       = true                                      {product} {ergonomic}
     bool UseCompressedClassPointers               = true                                 {lp64_product} {ergonomic}
     bool UseCompressedOops                        = true                                 {lp64_product} {ergonomic}
     bool UseG1GC                                  = true                                      {product} {ergonomic}
     bool UseLargePagesIndividualAllocation        = false                                  {pd product} {ergonomic}

Logging:
Log output configuration:
 #0: stdout all=warning uptime,level,tags
 #1: stderr all=off uptime,level,tags

Environment Variables:
PATH=C:\Program Files\Microsoft MPI\Bin\;C:\Program Files\Common Files\Oracle\Java\javapath;C:\Windows\system32;C:\Windows;C:\Windows\System32\Wbem;C:\Windows\System32\WindowsPowerShell\v1.0\;C:\Windows\System32\OpenSSH\;C:\Program Files\Azure Data Studio\bin;C:\Program Files (x86)\Microsoft SQL Server\160\Tools\Binn\;C:\Program Files\Microsoft SQL Server\160\Tools\Binn\;C:\Program Files\Microsoft SQL Server\Client SDK\ODBC\170\Tools\Binn\;C:\Program Files\Microsoft SQL Server\160\DTS\Binn\;C:\Program Files (x86)\Microsoft SQL Server\160\DTS\Binn\;C:\Users\Pao\AppData\Local\Microsoft\WindowsApps;;C:\Program Files\Azure Data Studio\bin
USERNAME=Pao
OS=Windows_NT
PROCESSOR_IDENTIFIER=Intel64 Family 6 Model 78 Stepping 3, GenuineIntel



---------------  S Y S T E M  ---------------

OS: Windows 10 , 64 bit Build 19041 (10.0.19041.2546)

CPU:total 4 (initial active 4) (2 cores per cpu, 2 threads per core) family 6 model 78 stepping 3 microcode 0xf0, cmov, cx8, fxsr, mmx, sse, sse2, sse3, ssse3, sse4.1, sse4.2, popcnt, avx, avx2, aes, clmul, erms, rtm, 3dnowpref, lzcnt, ht, tsc, tscinvbit, bmi1, bmi2, adx, fma

Memory: 4k page, system-wide physical 16118M (8943M free)
TotalPageFile size 18550M (AvailPageFile size 10959M)
current process WorkingSet (physical memory assigned to process): 110M, peak: 110M
current process commit charge ("private bytes"): 369M, peak: 369M

vm_info: Java HotSpot(TM) 64-Bit Server VM (11.0.18+9-LTS-195) for windows-amd64 JRE (11.0.18+9-LTS-195), built on Dec  6 2022 15:50:58 by "mach5one" with MS VC++ 17.1 (VS2022)

END.
