#
# A fatal error has been detected by the Java Runtime Environment:
#
#  EXCEPTION_ACCESS_VIOLATION (0xc0000005) at pc=0x00007ffb02047934, pid=8296, tid=8540
#
# JRE version: Java(TM) SE Runtime Environment 18.9 (11.0.18+9) (build 11.0.18+9-LTS-195)
# Java VM: Java HotSpot(TM) 64-Bit Server VM 18.9 (11.0.18+9-LTS-195, mixed mode, tiered, compressed oops, g1 gc, windows-amd64)
# Problematic frame:
# V  [jvm.dll+0x147934]
#
# No core dump will be written. Minidumps are not enabled by default on client versions of Windows
#
# If you would like to submit a bug report, please visit:
#   https://bugreport.java.com/bugreport/crash.jsp
#

---------------  S U M M A R Y ------------

Command Line: -Dfile.encoding=UTF-8 VIsta.Programa.JframePrincipal

Host: Intel(R) Core(TM) i5-6300U CPU @ 2.40GHz, 4 cores, 15G,  Windows 10 , 64 bit Build 19041 (10.0.19041.2546)
Time: Wed Oct 11 19:55:50 2023 Hora estándar, América Central elapsed time: 0.305051 seconds (0d 0h 0m 0s)

---------------  T H R E A D  ---------------

Current thread (0x00000186b1d9d000):  JavaThread "C1 CompilerThread0" daemon [_thread_in_native, id=8540, stack(0x0000003980100000,0x0000003980200000)]


Current CompileTask:
C1:    305  358       3       jdk.internal.org.objectweb.asm.Frame::execute (2264 bytes)

Stack: [0x0000003980100000,0x0000003980200000],  sp=0x00000039801feb40,  free space=1018k
Native frames: (J=compiled Java code, j=interpreted, Vv=VM code, C=native code)
V  [jvm.dll+0x147934]
V  [jvm.dll+0x14776b]
V  [jvm.dll+0x12a263]
V  [jvm.dll+0x129d8a]
V  [jvm.dll+0x129f72]
V  [jvm.dll+0x1292c9]
V  [jvm.dll+0x12b118]
V  [jvm.dll+0x220609]
V  [jvm.dll+0x21e92c]
V  [jvm.dll+0x763f61]
V  [jvm.dll+0x75c924]
V  [jvm.dll+0x65c755]
C  [ucrtbase.dll+0x21bb2]
C  [KERNEL32.DLL+0x17614]
C  [ntdll.dll+0x526a1]


siginfo: EXCEPTION_ACCESS_VIOLATION (0xc0000005), reading address 0xffffffffffffffff


Register to memory mapping:

RIP=0x00007ffb02047934 jvm.dll
RAX=0x00007ffb02768b20 jvm.dll
RBX=0x00000039801febe0 is pointing into the stack for thread: 0x00000186b1d9d000
RCX=0x00000186b2411980 points into unknown readable memory: 0x00007ffb02768b20 | 20 8b 76 02 fb 7f 00 00
RDX=0x00000039801febe0 is pointing into the stack for thread: 0x00000186b1d9d000
RSP=0x00000039801feb40 is pointing into the stack for thread: 0x00000186b1d9d000
RBP=0x00000000000000a2 is an unknown value
RSI=0x00000186b2411980 points into unknown readable memory: 0x00007ffb02768b20 | 20 8b 76 02 fb 7f 00 00
RDI=0x0000000000000081 is an unknown value
R8 =0x00000186b1e7b220 points into unknown readable memory: 0x0000000200000000 | 00 00 00 00 02 00 00 00
R9 =0x00000186b24f8cf8 points into unknown readable memory: 0x0000000700000034 | 34 00 00 00 07 00 00 00
R10=0x0000000000004994 is an unknown value
R11=0x00000039801fea70 is pointing into the stack for thread: 0x00000186b1d9d000
R12=0x0000000000000013 is an unknown value
R13=0x00000186b2410f30 points into unknown readable memory: 0x0000002000000013 | 13 00 00 00 20 00 00 00
R14=0x00000186b2344670 points into unknown readable memory: 0x000000eb000000a2 | a2 00 00 00 eb 00 00 00
R15=0x0000000000000010 is an unknown value


Registers:
RAX=0x00007ffb02768b20, RBX=0x00000039801febe0, RCX=0x00000186b2411980, RDX=0x00000039801febe0
RSP=0x00000039801feb40, RBP=0x00000000000000a2, RSI=0x00000186b2411980, RDI=0x0000000000000081
R8 =0x00000186b1e7b220, R9 =0x00000186b24f8cf8, R10=0x0000000000004994, R11=0x00000039801fea70
R12=0x0000000000000013, R13=0x00000186b2410f30, R14=0x00000186b2344670, R15=0x0000000000000010
RIP=0x00007ffb02047934, EFLAGS=0x0000000000010246

Top of Stack: (sp=0x00000039801feb40)
0x00000039801feb40:   00000039801febe0 00000186b24118d0
0x00000039801feb50:   00000186b2411890 0000000000000081
0x00000039801feb60:   00007ffb0292ea70 00000186b2344670
0x00000039801feb70:   00000039801ff3d0 00000186b1d007b0
0x00000039801feb80:   00000039801febe0 00007ffb0204776b
0x00000039801feb90:   00000000000000a2 00000186b21f5930
0x00000039801feba0:   0000000000000081 0000000000000000
0x00000039801febb0:   0000000000000000 00007ffb0202a263
0x00000039801febc0:   00000186b24f86f0 00000039801fef80
0x00000039801febd0:   00000039801feeb0 0000000000000000
0x00000039801febe0:   00000186b24f86f0 00000186b24f8720
0x00000039801febf0:   000001868f32b5d0 00000039801feeb0
0x00000039801fec00:   00000186b23a49d0 0000000000000000
0x00000039801fec10:   0000000000000000 0000000200000000
0x00000039801fec20:   00000000ffffffff 00007ffb020295e2
0x00000039801fec30:   00000000b23a4ba0 0000000000000000 

Instructions: (pc=0x00007ffb02047934)
0x00007ffb02047914:   1d 73 00 e8 44 1f fe ff 48 8b 43 18 48 83 78 68
0x00007ffb02047924:   00 0f 85 c4 00 00 00 48 8b 06 48 8b d3 48 8b ce
0x00007ffb02047934:   ff 50 10 48 8b 4b 18 e8 90 27 fe ff 80 78 08 00
0x00007ffb02047944:   0f 84 99 00 00 00 48 8b 76 28 48 85 f6 0f 84 8c 


Stack slot to memory mapping:
stack at sp + 0 slots: 0x00000039801febe0 is pointing into the stack for thread: 0x00000186b1d9d000
stack at sp + 1 slots: 0x00000186b24118d0 points into unknown readable memory: 0x00007ffb02779b58 | 58 9b 77 02 fb 7f 00 00
stack at sp + 2 slots: 0x00000186b2411890 points into unknown readable memory: 0x00007ffb02768f20 | 20 8f 76 02 fb 7f 00 00
stack at sp + 3 slots: 0x0000000000000081 is an unknown value
stack at sp + 4 slots: 0x00007ffb0292ea70 jvm.dll
stack at sp + 5 slots: 0x00000186b2344670 points into unknown readable memory: 0x000000eb000000a2 | a2 00 00 00 eb 00 00 00
stack at sp + 6 slots: 0x00000039801ff3d0 is pointing into the stack for thread: 0x00000186b1d9d000
stack at sp + 7 slots: 0x00000186b1d007b0 points into unknown readable memory: 0x00007ffb02771110 | 10 11 77 02 fb 7f 00 00


---------------  P R O C E S S  ---------------

Threads class SMR info:
_java_thread_list=0x00000186b23753c0, length=13, elements={
0x000001868f316000, 0x00000186b1d28800, 0x00000186b1d32800, 0x00000186b1d84000,
0x00000186b1d85000, 0x00000186b1d88000, 0x00000186b1d91800, 0x00000186b1d9d000,
0x00000186b1da2800, 0x00000186b1f01800, 0x00000186b25c0800, 0x00000186b264b000,
0x00000186b2932800
}

Java Threads: ( => current thread )
  0x000001868f316000 JavaThread "main" [_thread_in_Java, id=6648, stack(0x00000039ff400000,0x00000039ff500000)]
  0x00000186b1d28800 JavaThread "Reference Handler" daemon [_thread_blocked, id=3320, stack(0x00000039ffb00000,0x00000039ffc00000)]
  0x00000186b1d32800 JavaThread "Finalizer" daemon [_thread_blocked, id=5048, stack(0x00000039ffc00000,0x00000039ffd00000)]
  0x00000186b1d84000 JavaThread "Signal Dispatcher" daemon [_thread_blocked, id=5404, stack(0x00000039ffd00000,0x00000039ffe00000)]
  0x00000186b1d85000 JavaThread "Attach Listener" daemon [_thread_blocked, id=1648, stack(0x00000039ffe00000,0x00000039fff00000)]
  0x00000186b1d88000 JavaThread "Service Thread" daemon [_thread_blocked, id=5668, stack(0x00000039fff00000,0x0000003a00000000)]
  0x00000186b1d91800 JavaThread "C2 CompilerThread0" daemon [_thread_blocked, id=9620, stack(0x0000003980000000,0x0000003980100000)]
=>0x00000186b1d9d000 JavaThread "C1 CompilerThread0" daemon [_thread_in_native, id=8540, stack(0x0000003980100000,0x0000003980200000)]
  0x00000186b1da2800 JavaThread "Sweeper thread" daemon [_thread_blocked, id=2704, stack(0x0000003980200000,0x0000003980300000)]
  0x00000186b1f01800 JavaThread "Common-Cleaner" daemon [_thread_blocked, id=10592, stack(0x0000003980400000,0x0000003980500000)]
  0x00000186b25c0800 JavaThread "Java2D Disposer" daemon [_thread_blocked, id=7840, stack(0x0000003980500000,0x0000003980600000)]
  0x00000186b264b000 JavaThread "AWT-Shutdown" [_thread_blocked, id=6960, stack(0x0000003980600000,0x0000003980700000)]
  0x00000186b2932800 JavaThread "AWT-Windows" daemon [_thread_in_native, id=6556, stack(0x0000003980700000,0x0000003980800000)]

Other Threads:
  0x00000186b1d03800 VMThread "VM Thread" [stack: 0x00000039ffa00000,0x00000039ffb00000] [id=9632]
  0x00000186b1f04800 WatcherThread [stack: 0x0000003980300000,0x0000003980400000] [id=1972]
  0x000001868f32c800 GCTaskThread "GC Thread#0" [stack: 0x00000039ff500000,0x00000039ff600000] [id=6968]
  0x000001868f389800 ConcurrentGCThread "G1 Main Marker" [stack: 0x00000039ff600000,0x00000039ff700000] [id=7556]
  0x000001868f38b000 ConcurrentGCThread "G1 Conc#0" [stack: 0x00000039ff700000,0x00000039ff800000] [id=7788]
  0x000001868f3ed800 ConcurrentGCThread "G1 Refine#0" [stack: 0x00000039ff800000,0x00000039ff900000] [id=7800]
  0x00000186b136a800 ConcurrentGCThread "G1 Young RemSet Sampling" [stack: 0x00000039ff900000,0x00000039ffa00000] [id=6568]

Threads with active compile tasks:
C1 CompilerThread0      411  358       3       jdk.internal.org.objectweb.asm.Frame::execute (2264 bytes)

VM state:not at safepoint (normal execution)

VM Mutex/Monitor currently owned by a thread: None

Heap address: 0x0000000704200000, size: 4030 MB, Compressed Oops mode: Zero based, Oop shift amount: 3
Narrow klass base: 0x0000000800000000, Narrow klass shift: 0
Compressed class space size: 1073741824 Address: 0x0000000800000000

Heap:
 garbage-first heap   total 258048K, used 8192K [0x0000000704200000, 0x0000000800000000)
  region size 1024K, 9 young (9216K), 0 survivors (0K)
 Metaspace       used 8923K, capacity 9149K, committed 9472K, reserved 1058816K
  class space    used 863K, capacity 949K, committed 1024K, reserved 1048576K
Heap Regions: E=young(eden), S=young(survivor), O=old, HS=humongous(starts), HC=humongous(continues), CS=collection set, F=free, A=archive, TAMS=top-at-mark-start (previous, next)
|   0|0x0000000704200000, 0x0000000704300000, 0x0000000704300000|100%|HS|  |TAMS 0x0000000704200000, 0x0000000704200000| Complete 
|   1|0x0000000704300000, 0x0000000704300000, 0x0000000704400000|  0%| F|  |TAMS 0x0000000704300000, 0x0000000704300000| Untracked 
|   2|0x0000000704400000, 0x0000000704400000, 0x0000000704500000|  0%| F|  |TAMS 0x0000000704400000, 0x0000000704400000| Untracked 
|   3|0x0000000704500000, 0x0000000704500000, 0x0000000704600000|  0%| F|  |TAMS 0x0000000704500000, 0x0000000704500000| Untracked 
|   4|0x0000000704600000, 0x0000000704600000, 0x0000000704700000|  0%| F|  |TAMS 0x0000000704600000, 0x0000000704600000| Untracked 
|   5|0x0000000704700000, 0x0000000704700000, 0x0000000704800000|  0%| F|  |TAMS 0x0000000704700000, 0x0000000704700000| Untracked 
|   6|0x0000000704800000, 0x0000000704800000, 0x0000000704900000|  0%| F|  |TAMS 0x0000000704800000, 0x0000000704800000| Untracked 
|   7|0x0000000704900000, 0x0000000704900000, 0x0000000704a00000|  0%| F|  |TAMS 0x0000000704900000, 0x0000000704900000| Untracked 
|   8|0x0000000704a00000, 0x0000000704a00000, 0x0000000704b00000|  0%| F|  |TAMS 0x0000000704a00000, 0x0000000704a00000| Untracked 
|   9|0x0000000704b00000, 0x0000000704b00000, 0x0000000704c00000|  0%| F|  |TAMS 0x0000000704b00000, 0x0000000704b00000| Untracked 
|  10|0x0000000704c00000, 0x0000000704c00000, 0x0000000704d00000|  0%| F|  |TAMS 0x0000000704c00000, 0x0000000704c00000| Untracked 
|  11|0x0000000704d00000, 0x0000000704d00000, 0x0000000704e00000|  0%| F|  |TAMS 0x0000000704d00000, 0x0000000704d00000| Untracked 
|  12|0x0000000704e00000, 0x0000000704e00000, 0x0000000704f00000|  0%| F|  |TAMS 0x0000000704e00000, 0x0000000704e00000| Untracked 
|  13|0x0000000704f00000, 0x0000000704f00000, 0x0000000705000000|  0%| F|  |TAMS 0x0000000704f00000, 0x0000000704f00000| Untracked 
|  14|0x0000000705000000, 0x0000000705000000, 0x0000000705100000|  0%| F|  |TAMS 0x0000000705000000, 0x0000000705000000| Untracked 
|  15|0x0000000705100000, 0x0000000705100000, 0x0000000705200000|  0%| F|  |TAMS 0x0000000705100000, 0x0000000705100000| Untracked 
|  16|0x0000000705200000, 0x0000000705200000, 0x0000000705300000|  0%| F|  |TAMS 0x0000000705200000, 0x0000000705200000| Untracked 
|  17|0x0000000705300000, 0x0000000705300000, 0x0000000705400000|  0%| F|  |TAMS 0x0000000705300000, 0x0000000705300000| Untracked 
|  18|0x0000000705400000, 0x0000000705400000, 0x0000000705500000|  0%| F|  |TAMS 0x0000000705400000, 0x0000000705400000| Untracked 
|  19|0x0000000705500000, 0x0000000705500000, 0x0000000705600000|  0%| F|  |TAMS 0x0000000705500000, 0x0000000705500000| Untracked 
|  20|0x0000000705600000, 0x0000000705600000, 0x0000000705700000|  0%| F|  |TAMS 0x0000000705600000, 0x0000000705600000| Untracked 
|  21|0x0000000705700000, 0x0000000705700000, 0x0000000705800000|  0%| F|  |TAMS 0x0000000705700000, 0x0000000705700000| Untracked 
|  22|0x0000000705800000, 0x0000000705800000, 0x0000000705900000|  0%| F|  |TAMS 0x0000000705800000, 0x0000000705800000| Untracked 
|  23|0x0000000705900000, 0x0000000705900000, 0x0000000705a00000|  0%| F|  |TAMS 0x0000000705900000, 0x0000000705900000| Untracked 
|  24|0x0000000705a00000, 0x0000000705a00000, 0x0000000705b00000|  0%| F|  |TAMS 0x0000000705a00000, 0x0000000705a00000| Untracked 
|  25|0x0000000705b00000, 0x0000000705b00000, 0x0000000705c00000|  0%| F|  |TAMS 0x0000000705b00000, 0x0000000705b00000| Untracked 
|  26|0x0000000705c00000, 0x0000000705c00000, 0x0000000705d00000|  0%| F|  |TAMS 0x0000000705c00000, 0x0000000705c00000| Untracked 
|  27|0x0000000705d00000, 0x0000000705d00000, 0x0000000705e00000|  0%| F|  |TAMS 0x0000000705d00000, 0x0000000705d00000| Untracked 
|  28|0x0000000705e00000, 0x0000000705e00000, 0x0000000705f00000|  0%| F|  |TAMS 0x0000000705e00000, 0x0000000705e00000| Untracked 
|  29|0x0000000705f00000, 0x0000000705f00000, 0x0000000706000000|  0%| F|  |TAMS 0x0000000705f00000, 0x0000000705f00000| Untracked 
|  30|0x0000000706000000, 0x0000000706000000, 0x0000000706100000|  0%| F|  |TAMS 0x0000000706000000, 0x0000000706000000| Untracked 
|  31|0x0000000706100000, 0x0000000706100000, 0x0000000706200000|  0%| F|  |TAMS 0x0000000706100000, 0x0000000706100000| Untracked 
|  32|0x0000000706200000, 0x0000000706200000, 0x0000000706300000|  0%| F|  |TAMS 0x0000000706200000, 0x0000000706200000| Untracked 
|  33|0x0000000706300000, 0x0000000706300000, 0x0000000706400000|  0%| F|  |TAMS 0x0000000706300000, 0x0000000706300000| Untracked 
|  34|0x0000000706400000, 0x0000000706400000, 0x0000000706500000|  0%| F|  |TAMS 0x0000000706400000, 0x0000000706400000| Untracked 
|  35|0x0000000706500000, 0x0000000706500000, 0x0000000706600000|  0%| F|  |TAMS 0x0000000706500000, 0x0000000706500000| Untracked 
|  36|0x0000000706600000, 0x0000000706600000, 0x0000000706700000|  0%| F|  |TAMS 0x0000000706600000, 0x0000000706600000| Untracked 
|  37|0x0000000706700000, 0x0000000706700000, 0x0000000706800000|  0%| F|  |TAMS 0x0000000706700000, 0x0000000706700000| Untracked 
|  38|0x0000000706800000, 0x0000000706800000, 0x0000000706900000|  0%| F|  |TAMS 0x0000000706800000, 0x0000000706800000| Untracked 
|  39|0x0000000706900000, 0x0000000706900000, 0x0000000706a00000|  0%| F|  |TAMS 0x0000000706900000, 0x0000000706900000| Untracked 
|  40|0x0000000706a00000, 0x0000000706a00000, 0x0000000706b00000|  0%| F|  |TAMS 0x0000000706a00000, 0x0000000706a00000| Untracked 
|  41|0x0000000706b00000, 0x0000000706b00000, 0x0000000706c00000|  0%| F|  |TAMS 0x0000000706b00000, 0x0000000706b00000| Untracked 
|  42|0x0000000706c00000, 0x0000000706c00000, 0x0000000706d00000|  0%| F|  |TAMS 0x0000000706c00000, 0x0000000706c00000| Untracked 
|  43|0x0000000706d00000, 0x0000000706d00000, 0x0000000706e00000|  0%| F|  |TAMS 0x0000000706d00000, 0x0000000706d00000| Untracked 
|  44|0x0000000706e00000, 0x0000000706e00000, 0x0000000706f00000|  0%| F|  |TAMS 0x0000000706e00000, 0x0000000706e00000| Untracked 
|  45|0x0000000706f00000, 0x0000000706f00000, 0x0000000707000000|  0%| F|  |TAMS 0x0000000706f00000, 0x0000000706f00000| Untracked 
|  46|0x0000000707000000, 0x0000000707000000, 0x0000000707100000|  0%| F|  |TAMS 0x0000000707000000, 0x0000000707000000| Untracked 
|  47|0x0000000707100000, 0x0000000707100000, 0x0000000707200000|  0%| F|  |TAMS 0x0000000707100000, 0x0000000707100000| Untracked 
|  48|0x0000000707200000, 0x0000000707200000, 0x0000000707300000|  0%| F|  |TAMS 0x0000000707200000, 0x0000000707200000| Untracked 
|  49|0x0000000707300000, 0x0000000707300000, 0x0000000707400000|  0%| F|  |TAMS 0x0000000707300000, 0x0000000707300000| Untracked 
|  50|0x0000000707400000, 0x0000000707400000, 0x0000000707500000|  0%| F|  |TAMS 0x0000000707400000, 0x0000000707400000| Untracked 
|  51|0x0000000707500000, 0x0000000707500000, 0x0000000707600000|  0%| F|  |TAMS 0x0000000707500000, 0x0000000707500000| Untracked 
|  52|0x0000000707600000, 0x0000000707600000, 0x0000000707700000|  0%| F|  |TAMS 0x0000000707600000, 0x0000000707600000| Untracked 
|  53|0x0000000707700000, 0x0000000707700000, 0x0000000707800000|  0%| F|  |TAMS 0x0000000707700000, 0x0000000707700000| Untracked 
|  54|0x0000000707800000, 0x0000000707800000, 0x0000000707900000|  0%| F|  |TAMS 0x0000000707800000, 0x0000000707800000| Untracked 
|  55|0x0000000707900000, 0x0000000707900000, 0x0000000707a00000|  0%| F|  |TAMS 0x0000000707900000, 0x0000000707900000| Untracked 
|  56|0x0000000707a00000, 0x0000000707a00000, 0x0000000707b00000|  0%| F|  |TAMS 0x0000000707a00000, 0x0000000707a00000| Untracked 
|  57|0x0000000707b00000, 0x0000000707b00000, 0x0000000707c00000|  0%| F|  |TAMS 0x0000000707b00000, 0x0000000707b00000| Untracked 
|  58|0x0000000707c00000, 0x0000000707c00000, 0x0000000707d00000|  0%| F|  |TAMS 0x0000000707c00000, 0x0000000707c00000| Untracked 
|  59|0x0000000707d00000, 0x0000000707d00000, 0x0000000707e00000|  0%| F|  |TAMS 0x0000000707d00000, 0x0000000707d00000| Untracked 
|  60|0x0000000707e00000, 0x0000000707e00000, 0x0000000707f00000|  0%| F|  |TAMS 0x0000000707e00000, 0x0000000707e00000| Untracked 
|  61|0x0000000707f00000, 0x0000000707f00000, 0x0000000708000000|  0%| F|  |TAMS 0x0000000707f00000, 0x0000000707f00000| Untracked 
|  62|0x0000000708000000, 0x0000000708000000, 0x0000000708100000|  0%| F|  |TAMS 0x0000000708000000, 0x0000000708000000| Untracked 
|  63|0x0000000708100000, 0x0000000708100000, 0x0000000708200000|  0%| F|  |TAMS 0x0000000708100000, 0x0000000708100000| Untracked 
|  64|0x0000000708200000, 0x0000000708200000, 0x0000000708300000|  0%| F|  |TAMS 0x0000000708200000, 0x0000000708200000| Untracked 
|  65|0x0000000708300000, 0x0000000708300000, 0x0000000708400000|  0%| F|  |TAMS 0x0000000708300000, 0x0000000708300000| Untracked 
|  66|0x0000000708400000, 0x0000000708400000, 0x0000000708500000|  0%| F|  |TAMS 0x0000000708400000, 0x0000000708400000| Untracked 
|  67|0x0000000708500000, 0x0000000708500000, 0x0000000708600000|  0%| F|  |TAMS 0x0000000708500000, 0x0000000708500000| Untracked 
|  68|0x0000000708600000, 0x0000000708600000, 0x0000000708700000|  0%| F|  |TAMS 0x0000000708600000, 0x0000000708600000| Untracked 
|  69|0x0000000708700000, 0x0000000708700000, 0x0000000708800000|  0%| F|  |TAMS 0x0000000708700000, 0x0000000708700000| Untracked 
|  70|0x0000000708800000, 0x0000000708800000, 0x0000000708900000|  0%| F|  |TAMS 0x0000000708800000, 0x0000000708800000| Untracked 
|  71|0x0000000708900000, 0x0000000708900000, 0x0000000708a00000|  0%| F|  |TAMS 0x0000000708900000, 0x0000000708900000| Untracked 
|  72|0x0000000708a00000, 0x0000000708a00000, 0x0000000708b00000|  0%| F|  |TAMS 0x0000000708a00000, 0x0000000708a00000| Untracked 
|  73|0x0000000708b00000, 0x0000000708b00000, 0x0000000708c00000|  0%| F|  |TAMS 0x0000000708b00000, 0x0000000708b00000| Untracked 
|  74|0x0000000708c00000, 0x0000000708c00000, 0x0000000708d00000|  0%| F|  |TAMS 0x0000000708c00000, 0x0000000708c00000| Untracked 
|  75|0x0000000708d00000, 0x0000000708d00000, 0x0000000708e00000|  0%| F|  |TAMS 0x0000000708d00000, 0x0000000708d00000| Untracked 
|  76|0x0000000708e00000, 0x0000000708e00000, 0x0000000708f00000|  0%| F|  |TAMS 0x0000000708e00000, 0x0000000708e00000| Untracked 
|  77|0x0000000708f00000, 0x0000000708f00000, 0x0000000709000000|  0%| F|  |TAMS 0x0000000708f00000, 0x0000000708f00000| Untracked 
|  78|0x0000000709000000, 0x0000000709000000, 0x0000000709100000|  0%| F|  |TAMS 0x0000000709000000, 0x0000000709000000| Untracked 
|  79|0x0000000709100000, 0x0000000709100000, 0x0000000709200000|  0%| F|  |TAMS 0x0000000709100000, 0x0000000709100000| Untracked 
|  80|0x0000000709200000, 0x0000000709200000, 0x0000000709300000|  0%| F|  |TAMS 0x0000000709200000, 0x0000000709200000| Untracked 
|  81|0x0000000709300000, 0x0000000709300000, 0x0000000709400000|  0%| F|  |TAMS 0x0000000709300000, 0x0000000709300000| Untracked 
|  82|0x0000000709400000, 0x0000000709400000, 0x0000000709500000|  0%| F|  |TAMS 0x0000000709400000, 0x0000000709400000| Untracked 
|  83|0x0000000709500000, 0x0000000709500000, 0x0000000709600000|  0%| F|  |TAMS 0x0000000709500000, 0x0000000709500000| Untracked 
|  84|0x0000000709600000, 0x0000000709600000, 0x0000000709700000|  0%| F|  |TAMS 0x0000000709600000, 0x0000000709600000| Untracked 
|  85|0x0000000709700000, 0x0000000709700000, 0x0000000709800000|  0%| F|  |TAMS 0x0000000709700000, 0x0000000709700000| Untracked 
|  86|0x0000000709800000, 0x0000000709800000, 0x0000000709900000|  0%| F|  |TAMS 0x0000000709800000, 0x0000000709800000| Untracked 
|  87|0x0000000709900000, 0x0000000709900000, 0x0000000709a00000|  0%| F|  |TAMS 0x0000000709900000, 0x0000000709900000| Untracked 
|  88|0x0000000709a00000, 0x0000000709a00000, 0x0000000709b00000|  0%| F|  |TAMS 0x0000000709a00000, 0x0000000709a00000| Untracked 
|  89|0x0000000709b00000, 0x0000000709b00000, 0x0000000709c00000|  0%| F|  |TAMS 0x0000000709b00000, 0x0000000709b00000| Untracked 
|  90|0x0000000709c00000, 0x0000000709c00000, 0x0000000709d00000|  0%| F|  |TAMS 0x0000000709c00000, 0x0000000709c00000| Untracked 
|  91|0x0000000709d00000, 0x0000000709d00000, 0x0000000709e00000|  0%| F|  |TAMS 0x0000000709d00000, 0x0000000709d00000| Untracked 
|  92|0x0000000709e00000, 0x0000000709e00000, 0x0000000709f00000|  0%| F|  |TAMS 0x0000000709e00000, 0x0000000709e00000| Untracked 
|  93|0x0000000709f00000, 0x0000000709f00000, 0x000000070a000000|  0%| F|  |TAMS 0x0000000709f00000, 0x0000000709f00000| Untracked 
|  94|0x000000070a000000, 0x000000070a000000, 0x000000070a100000|  0%| F|  |TAMS 0x000000070a000000, 0x000000070a000000| Untracked 
|  95|0x000000070a100000, 0x000000070a100000, 0x000000070a200000|  0%| F|  |TAMS 0x000000070a100000, 0x000000070a100000| Untracked 
|  96|0x000000070a200000, 0x000000070a200000, 0x000000070a300000|  0%| F|  |TAMS 0x000000070a200000, 0x000000070a200000| Untracked 
|  97|0x000000070a300000, 0x000000070a300000, 0x000000070a400000|  0%| F|  |TAMS 0x000000070a300000, 0x000000070a300000| Untracked 
|  98|0x000000070a400000, 0x000000070a400000, 0x000000070a500000|  0%| F|  |TAMS 0x000000070a400000, 0x000000070a400000| Untracked 
|  99|0x000000070a500000, 0x000000070a500000, 0x000000070a600000|  0%| F|  |TAMS 0x000000070a500000, 0x000000070a500000| Untracked 
| 100|0x000000070a600000, 0x000000070a600000, 0x000000070a700000|  0%| F|  |TAMS 0x000000070a600000, 0x000000070a600000| Untracked 
| 101|0x000000070a700000, 0x000000070a700000, 0x000000070a800000|  0%| F|  |TAMS 0x000000070a700000, 0x000000070a700000| Untracked 
| 102|0x000000070a800000, 0x000000070a800000, 0x000000070a900000|  0%| F|  |TAMS 0x000000070a800000, 0x000000070a800000| Untracked 
| 103|0x000000070a900000, 0x000000070a900000, 0x000000070aa00000|  0%| F|  |TAMS 0x000000070a900000, 0x000000070a900000| Untracked 
| 104|0x000000070aa00000, 0x000000070aa00000, 0x000000070ab00000|  0%| F|  |TAMS 0x000000070aa00000, 0x000000070aa00000| Untracked 
| 105|0x000000070ab00000, 0x000000070ab00000, 0x000000070ac00000|  0%| F|  |TAMS 0x000000070ab00000, 0x000000070ab00000| Untracked 
| 106|0x000000070ac00000, 0x000000070ac00000, 0x000000070ad00000|  0%| F|  |TAMS 0x000000070ac00000, 0x000000070ac00000| Untracked 
| 107|0x000000070ad00000, 0x000000070ad00000, 0x000000070ae00000|  0%| F|  |TAMS 0x000000070ad00000, 0x000000070ad00000| Untracked 
| 108|0x000000070ae00000, 0x000000070ae00000, 0x000000070af00000|  0%| F|  |TAMS 0x000000070ae00000, 0x000000070ae00000| Untracked 
| 109|0x000000070af00000, 0x000000070af00000, 0x000000070b000000|  0%| F|  |TAMS 0x000000070af00000, 0x000000070af00000| Untracked 
| 110|0x000000070b000000, 0x000000070b000000, 0x000000070b100000|  0%| F|  |TAMS 0x000000070b000000, 0x000000070b000000| Untracked 
| 111|0x000000070b100000, 0x000000070b100000, 0x000000070b200000|  0%| F|  |TAMS 0x000000070b100000, 0x000000070b100000| Untracked 
| 112|0x000000070b200000, 0x000000070b200000, 0x000000070b300000|  0%| F|  |TAMS 0x000000070b200000, 0x000000070b200000| Untracked 
| 113|0x000000070b300000, 0x000000070b300000, 0x000000070b400000|  0%| F|  |TAMS 0x000000070b300000, 0x000000070b300000| Untracked 
| 114|0x000000070b400000, 0x000000070b400000, 0x000000070b500000|  0%| F|  |TAMS 0x000000070b400000, 0x000000070b400000| Untracked 
| 115|0x000000070b500000, 0x000000070b500000, 0x000000070b600000|  0%| F|  |TAMS 0x000000070b500000, 0x000000070b500000| Untracked 
| 116|0x000000070b600000, 0x000000070b600000, 0x000000070b700000|  0%| F|  |TAMS 0x000000070b600000, 0x000000070b600000| Untracked 
| 117|0x000000070b700000, 0x000000070b700000, 0x000000070b800000|  0%| F|  |TAMS 0x000000070b700000, 0x000000070b700000| Untracked 
| 118|0x000000070b800000, 0x000000070b800000, 0x000000070b900000|  0%| F|  |TAMS 0x000000070b800000, 0x000000070b800000| Untracked 
| 119|0x000000070b900000, 0x000000070b900000, 0x000000070ba00000|  0%| F|  |TAMS 0x000000070b900000, 0x000000070b900000| Untracked 
| 120|0x000000070ba00000, 0x000000070ba00000, 0x000000070bb00000|  0%| F|  |TAMS 0x000000070ba00000, 0x000000070ba00000| Untracked 
| 121|0x000000070bb00000, 0x000000070bb00000, 0x000000070bc00000|  0%| F|  |TAMS 0x000000070bb00000, 0x000000070bb00000| Untracked 
| 122|0x000000070bc00000, 0x000000070bc00000, 0x000000070bd00000|  0%| F|  |TAMS 0x000000070bc00000, 0x000000070bc00000| Untracked 
| 123|0x000000070bd00000, 0x000000070bd00000, 0x000000070be00000|  0%| F|  |TAMS 0x000000070bd00000, 0x000000070bd00000| Untracked 
| 124|0x000000070be00000, 0x000000070be00000, 0x000000070bf00000|  0%| F|  |TAMS 0x000000070be00000, 0x000000070be00000| Untracked 
| 125|0x000000070bf00000, 0x000000070bf00000, 0x000000070c000000|  0%| F|  |TAMS 0x000000070bf00000, 0x000000070bf00000| Untracked 
| 126|0x000000070c000000, 0x000000070c000000, 0x000000070c100000|  0%| F|  |TAMS 0x000000070c000000, 0x000000070c000000| Untracked 
| 127|0x000000070c100000, 0x000000070c100000, 0x000000070c200000|  0%| F|  |TAMS 0x000000070c100000, 0x000000070c100000| Untracked 
| 128|0x000000070c200000, 0x000000070c200000, 0x000000070c300000|  0%| F|  |TAMS 0x000000070c200000, 0x000000070c200000| Untracked 
| 129|0x000000070c300000, 0x000000070c300000, 0x000000070c400000|  0%| F|  |TAMS 0x000000070c300000, 0x000000070c300000| Untracked 
| 130|0x000000070c400000, 0x000000070c400000, 0x000000070c500000|  0%| F|  |TAMS 0x000000070c400000, 0x000000070c400000| Untracked 
| 131|0x000000070c500000, 0x000000070c500000, 0x000000070c600000|  0%| F|  |TAMS 0x000000070c500000, 0x000000070c500000| Untracked 
| 132|0x000000070c600000, 0x000000070c600000, 0x000000070c700000|  0%| F|  |TAMS 0x000000070c600000, 0x000000070c600000| Untracked 
| 133|0x000000070c700000, 0x000000070c700000, 0x000000070c800000|  0%| F|  |TAMS 0x000000070c700000, 0x000000070c700000| Untracked 
| 134|0x000000070c800000, 0x000000070c800000, 0x000000070c900000|  0%| F|  |TAMS 0x000000070c800000, 0x000000070c800000| Untracked 
| 135|0x000000070c900000, 0x000000070c900000, 0x000000070ca00000|  0%| F|  |TAMS 0x000000070c900000, 0x000000070c900000| Untracked 
| 136|0x000000070ca00000, 0x000000070ca00000, 0x000000070cb00000|  0%| F|  |TAMS 0x000000070ca00000, 0x000000070ca00000| Untracked 
| 137|0x000000070cb00000, 0x000000070cb00000, 0x000000070cc00000|  0%| F|  |TAMS 0x000000070cb00000, 0x000000070cb00000| Untracked 
| 138|0x000000070cc00000, 0x000000070cc00000, 0x000000070cd00000|  0%| F|  |TAMS 0x000000070cc00000, 0x000000070cc00000| Untracked 
| 139|0x000000070cd00000, 0x000000070cd00000, 0x000000070ce00000|  0%| F|  |TAMS 0x000000070cd00000, 0x000000070cd00000| Untracked 
| 140|0x000000070ce00000, 0x000000070ce00000, 0x000000070cf00000|  0%| F|  |TAMS 0x000000070ce00000, 0x000000070ce00000| Untracked 
| 141|0x000000070cf00000, 0x000000070cf00000, 0x000000070d000000|  0%| F|  |TAMS 0x000000070cf00000, 0x000000070cf00000| Untracked 
| 142|0x000000070d000000, 0x000000070d000000, 0x000000070d100000|  0%| F|  |TAMS 0x000000070d000000, 0x000000070d000000| Untracked 
| 143|0x000000070d100000, 0x000000070d100000, 0x000000070d200000|  0%| F|  |TAMS 0x000000070d100000, 0x000000070d100000| Untracked 
| 144|0x000000070d200000, 0x000000070d200000, 0x000000070d300000|  0%| F|  |TAMS 0x000000070d200000, 0x000000070d200000| Untracked 
| 145|0x000000070d300000, 0x000000070d300000, 0x000000070d400000|  0%| F|  |TAMS 0x000000070d300000, 0x000000070d300000| Untracked 
| 146|0x000000070d400000, 0x000000070d400000, 0x000000070d500000|  0%| F|  |TAMS 0x000000070d400000, 0x000000070d400000| Untracked 
| 147|0x000000070d500000, 0x000000070d500000, 0x000000070d600000|  0%| F|  |TAMS 0x000000070d500000, 0x000000070d500000| Untracked 
| 148|0x000000070d600000, 0x000000070d600000, 0x000000070d700000|  0%| F|  |TAMS 0x000000070d600000, 0x000000070d600000| Untracked 
| 149|0x000000070d700000, 0x000000070d700000, 0x000000070d800000|  0%| F|  |TAMS 0x000000070d700000, 0x000000070d700000| Untracked 
| 150|0x000000070d800000, 0x000000070d800000, 0x000000070d900000|  0%| F|  |TAMS 0x000000070d800000, 0x000000070d800000| Untracked 
| 151|0x000000070d900000, 0x000000070d900000, 0x000000070da00000|  0%| F|  |TAMS 0x000000070d900000, 0x000000070d900000| Untracked 
| 152|0x000000070da00000, 0x000000070da00000, 0x000000070db00000|  0%| F|  |TAMS 0x000000070da00000, 0x000000070da00000| Untracked 
| 153|0x000000070db00000, 0x000000070db00000, 0x000000070dc00000|  0%| F|  |TAMS 0x000000070db00000, 0x000000070db00000| Untracked 
| 154|0x000000070dc00000, 0x000000070dc00000, 0x000000070dd00000|  0%| F|  |TAMS 0x000000070dc00000, 0x000000070dc00000| Untracked 
| 155|0x000000070dd00000, 0x000000070dd00000, 0x000000070de00000|  0%| F|  |TAMS 0x000000070dd00000, 0x000000070dd00000| Untracked 
| 156|0x000000070de00000, 0x000000070de00000, 0x000000070df00000|  0%| F|  |TAMS 0x000000070de00000, 0x000000070de00000| Untracked 
| 157|0x000000070df00000, 0x000000070df00000, 0x000000070e000000|  0%| F|  |TAMS 0x000000070df00000, 0x000000070df00000| Untracked 
| 158|0x000000070e000000, 0x000000070e000000, 0x000000070e100000|  0%| F|  |TAMS 0x000000070e000000, 0x000000070e000000| Untracked 
| 159|0x000000070e100000, 0x000000070e100000, 0x000000070e200000|  0%| F|  |TAMS 0x000000070e100000, 0x000000070e100000| Untracked 
| 160|0x000000070e200000, 0x000000070e200000, 0x000000070e300000|  0%| F|  |TAMS 0x000000070e200000, 0x000000070e200000| Untracked 
| 161|0x000000070e300000, 0x000000070e300000, 0x000000070e400000|  0%| F|  |TAMS 0x000000070e300000, 0x000000070e300000| Untracked 
| 162|0x000000070e400000, 0x000000070e400000, 0x000000070e500000|  0%| F|  |TAMS 0x000000070e400000, 0x000000070e400000| Untracked 
| 163|0x000000070e500000, 0x000000070e500000, 0x000000070e600000|  0%| F|  |TAMS 0x000000070e500000, 0x000000070e500000| Untracked 
| 164|0x000000070e600000, 0x000000070e600000, 0x000000070e700000|  0%| F|  |TAMS 0x000000070e600000, 0x000000070e600000| Untracked 
| 165|0x000000070e700000, 0x000000070e700000, 0x000000070e800000|  0%| F|  |TAMS 0x000000070e700000, 0x000000070e700000| Untracked 
| 166|0x000000070e800000, 0x000000070e800000, 0x000000070e900000|  0%| F|  |TAMS 0x000000070e800000, 0x000000070e800000| Untracked 
| 167|0x000000070e900000, 0x000000070e900000, 0x000000070ea00000|  0%| F|  |TAMS 0x000000070e900000, 0x000000070e900000| Untracked 
| 168|0x000000070ea00000, 0x000000070ea00000, 0x000000070eb00000|  0%| F|  |TAMS 0x000000070ea00000, 0x000000070ea00000| Untracked 
| 169|0x000000070eb00000, 0x000000070eb00000, 0x000000070ec00000|  0%| F|  |TAMS 0x000000070eb00000, 0x000000070eb00000| Untracked 
| 170|0x000000070ec00000, 0x000000070ec00000, 0x000000070ed00000|  0%| F|  |TAMS 0x000000070ec00000, 0x000000070ec00000| Untracked 
| 171|0x000000070ed00000, 0x000000070ed00000, 0x000000070ee00000|  0%| F|  |TAMS 0x000000070ed00000, 0x000000070ed00000| Untracked 
| 172|0x000000070ee00000, 0x000000070ee00000, 0x000000070ef00000|  0%| F|  |TAMS 0x000000070ee00000, 0x000000070ee00000| Untracked 
| 173|0x000000070ef00000, 0x000000070ef00000, 0x000000070f000000|  0%| F|  |TAMS 0x000000070ef00000, 0x000000070ef00000| Untracked 
| 174|0x000000070f000000, 0x000000070f000000, 0x000000070f100000|  0%| F|  |TAMS 0x000000070f000000, 0x000000070f000000| Untracked 
| 175|0x000000070f100000, 0x000000070f100000, 0x000000070f200000|  0%| F|  |TAMS 0x000000070f100000, 0x000000070f100000| Untracked 
| 176|0x000000070f200000, 0x000000070f200000, 0x000000070f300000|  0%| F|  |TAMS 0x000000070f200000, 0x000000070f200000| Untracked 
| 177|0x000000070f300000, 0x000000070f300000, 0x000000070f400000|  0%| F|  |TAMS 0x000000070f300000, 0x000000070f300000| Untracked 
| 178|0x000000070f400000, 0x000000070f400000, 0x000000070f500000|  0%| F|  |TAMS 0x000000070f400000, 0x000000070f400000| Untracked 
| 179|0x000000070f500000, 0x000000070f500000, 0x000000070f600000|  0%| F|  |TAMS 0x000000070f500000, 0x000000070f500000| Untracked 
| 180|0x000000070f600000, 0x000000070f600000, 0x000000070f700000|  0%| F|  |TAMS 0x000000070f600000, 0x000000070f600000| Untracked 
| 181|0x000000070f700000, 0x000000070f700000, 0x000000070f800000|  0%| F|  |TAMS 0x000000070f700000, 0x000000070f700000| Untracked 
| 182|0x000000070f800000, 0x000000070f800000, 0x000000070f900000|  0%| F|  |TAMS 0x000000070f800000, 0x000000070f800000| Untracked 
| 183|0x000000070f900000, 0x000000070f900000, 0x000000070fa00000|  0%| F|  |TAMS 0x000000070f900000, 0x000000070f900000| Untracked 
| 184|0x000000070fa00000, 0x000000070fa00000, 0x000000070fb00000|  0%| F|  |TAMS 0x000000070fa00000, 0x000000070fa00000| Untracked 
| 185|0x000000070fb00000, 0x000000070fb00000, 0x000000070fc00000|  0%| F|  |TAMS 0x000000070fb00000, 0x000000070fb00000| Untracked 
| 186|0x000000070fc00000, 0x000000070fc00000, 0x000000070fd00000|  0%| F|  |TAMS 0x000000070fc00000, 0x000000070fc00000| Untracked 
| 187|0x000000070fd00000, 0x000000070fd00000, 0x000000070fe00000|  0%| F|  |TAMS 0x000000070fd00000, 0x000000070fd00000| Untracked 
| 188|0x000000070fe00000, 0x000000070fe00000, 0x000000070ff00000|  0%| F|  |TAMS 0x000000070fe00000, 0x000000070fe00000| Untracked 
| 189|0x000000070ff00000, 0x000000070ff00000, 0x0000000710000000|  0%| F|  |TAMS 0x000000070ff00000, 0x000000070ff00000| Untracked 
| 190|0x0000000710000000, 0x0000000710000000, 0x0000000710100000|  0%| F|  |TAMS 0x0000000710000000, 0x0000000710000000| Untracked 
| 191|0x0000000710100000, 0x0000000710100000, 0x0000000710200000|  0%| F|  |TAMS 0x0000000710100000, 0x0000000710100000| Untracked 
| 192|0x0000000710200000, 0x0000000710200000, 0x0000000710300000|  0%| F|  |TAMS 0x0000000710200000, 0x0000000710200000| Untracked 
| 193|0x0000000710300000, 0x0000000710300000, 0x0000000710400000|  0%| F|  |TAMS 0x0000000710300000, 0x0000000710300000| Untracked 
| 194|0x0000000710400000, 0x0000000710400000, 0x0000000710500000|  0%| F|  |TAMS 0x0000000710400000, 0x0000000710400000| Untracked 
| 195|0x0000000710500000, 0x0000000710500000, 0x0000000710600000|  0%| F|  |TAMS 0x0000000710500000, 0x0000000710500000| Untracked 
| 196|0x0000000710600000, 0x0000000710600000, 0x0000000710700000|  0%| F|  |TAMS 0x0000000710600000, 0x0000000710600000| Untracked 
| 197|0x0000000710700000, 0x0000000710700000, 0x0000000710800000|  0%| F|  |TAMS 0x0000000710700000, 0x0000000710700000| Untracked 
| 198|0x0000000710800000, 0x0000000710800000, 0x0000000710900000|  0%| F|  |TAMS 0x0000000710800000, 0x0000000710800000| Untracked 
| 199|0x0000000710900000, 0x0000000710900000, 0x0000000710a00000|  0%| F|  |TAMS 0x0000000710900000, 0x0000000710900000| Untracked 
| 200|0x0000000710a00000, 0x0000000710a00000, 0x0000000710b00000|  0%| F|  |TAMS 0x0000000710a00000, 0x0000000710a00000| Untracked 
| 201|0x0000000710b00000, 0x0000000710b00000, 0x0000000710c00000|  0%| F|  |TAMS 0x0000000710b00000, 0x0000000710b00000| Untracked 
| 202|0x0000000710c00000, 0x0000000710c00000, 0x0000000710d00000|  0%| F|  |TAMS 0x0000000710c00000, 0x0000000710c00000| Untracked 
| 203|0x0000000710d00000, 0x0000000710d00000, 0x0000000710e00000|  0%| F|  |TAMS 0x0000000710d00000, 0x0000000710d00000| Untracked 
| 204|0x0000000710e00000, 0x0000000710e00000, 0x0000000710f00000|  0%| F|  |TAMS 0x0000000710e00000, 0x0000000710e00000| Untracked 
| 205|0x0000000710f00000, 0x0000000710f00000, 0x0000000711000000|  0%| F|  |TAMS 0x0000000710f00000, 0x0000000710f00000| Untracked 
| 206|0x0000000711000000, 0x0000000711000000, 0x0000000711100000|  0%| F|  |TAMS 0x0000000711000000, 0x0000000711000000| Untracked 
| 207|0x0000000711100000, 0x0000000711100000, 0x0000000711200000|  0%| F|  |TAMS 0x0000000711100000, 0x0000000711100000| Untracked 
| 208|0x0000000711200000, 0x0000000711200000, 0x0000000711300000|  0%| F|  |TAMS 0x0000000711200000, 0x0000000711200000| Untracked 
| 209|0x0000000711300000, 0x0000000711300000, 0x0000000711400000|  0%| F|  |TAMS 0x0000000711300000, 0x0000000711300000| Untracked 
| 210|0x0000000711400000, 0x0000000711400000, 0x0000000711500000|  0%| F|  |TAMS 0x0000000711400000, 0x0000000711400000| Untracked 
| 211|0x0000000711500000, 0x0000000711500000, 0x0000000711600000|  0%| F|  |TAMS 0x0000000711500000, 0x0000000711500000| Untracked 
| 212|0x0000000711600000, 0x0000000711600000, 0x0000000711700000|  0%| F|  |TAMS 0x0000000711600000, 0x0000000711600000| Untracked 
| 213|0x0000000711700000, 0x0000000711700000, 0x0000000711800000|  0%| F|  |TAMS 0x0000000711700000, 0x0000000711700000| Untracked 
| 214|0x0000000711800000, 0x0000000711800000, 0x0000000711900000|  0%| F|  |TAMS 0x0000000711800000, 0x0000000711800000| Untracked 
| 215|0x0000000711900000, 0x0000000711900000, 0x0000000711a00000|  0%| F|  |TAMS 0x0000000711900000, 0x0000000711900000| Untracked 
| 216|0x0000000711a00000, 0x0000000711a00000, 0x0000000711b00000|  0%| F|  |TAMS 0x0000000711a00000, 0x0000000711a00000| Untracked 
| 217|0x0000000711b00000, 0x0000000711b00000, 0x0000000711c00000|  0%| F|  |TAMS 0x0000000711b00000, 0x0000000711b00000| Untracked 
| 218|0x0000000711c00000, 0x0000000711c00000, 0x0000000711d00000|  0%| F|  |TAMS 0x0000000711c00000, 0x0000000711c00000| Untracked 
| 219|0x0000000711d00000, 0x0000000711d00000, 0x0000000711e00000|  0%| F|  |TAMS 0x0000000711d00000, 0x0000000711d00000| Untracked 
| 220|0x0000000711e00000, 0x0000000711e00000, 0x0000000711f00000|  0%| F|  |TAMS 0x0000000711e00000, 0x0000000711e00000| Untracked 
| 221|0x0000000711f00000, 0x0000000711f00000, 0x0000000712000000|  0%| F|  |TAMS 0x0000000711f00000, 0x0000000711f00000| Untracked 
| 222|0x0000000712000000, 0x0000000712000000, 0x0000000712100000|  0%| F|  |TAMS 0x0000000712000000, 0x0000000712000000| Untracked 
| 223|0x0000000712100000, 0x0000000712100000, 0x0000000712200000|  0%| F|  |TAMS 0x0000000712100000, 0x0000000712100000| Untracked 
| 224|0x0000000712200000, 0x0000000712200000, 0x0000000712300000|  0%| F|  |TAMS 0x0000000712200000, 0x0000000712200000| Untracked 
| 225|0x0000000712300000, 0x0000000712300000, 0x0000000712400000|  0%| F|  |TAMS 0x0000000712300000, 0x0000000712300000| Untracked 
| 226|0x0000000712400000, 0x0000000712400000, 0x0000000712500000|  0%| F|  |TAMS 0x0000000712400000, 0x0000000712400000| Untracked 
| 227|0x0000000712500000, 0x0000000712500000, 0x0000000712600000|  0%| F|  |TAMS 0x0000000712500000, 0x0000000712500000| Untracked 
| 228|0x0000000712600000, 0x0000000712600000, 0x0000000712700000|  0%| F|  |TAMS 0x0000000712600000, 0x0000000712600000| Untracked 
| 229|0x0000000712700000, 0x0000000712700000, 0x0000000712800000|  0%| F|  |TAMS 0x0000000712700000, 0x0000000712700000| Untracked 
| 230|0x0000000712800000, 0x0000000712800000, 0x0000000712900000|  0%| F|  |TAMS 0x0000000712800000, 0x0000000712800000| Untracked 
| 231|0x0000000712900000, 0x0000000712900000, 0x0000000712a00000|  0%| F|  |TAMS 0x0000000712900000, 0x0000000712900000| Untracked 
| 232|0x0000000712a00000, 0x0000000712a00000, 0x0000000712b00000|  0%| F|  |TAMS 0x0000000712a00000, 0x0000000712a00000| Untracked 
| 233|0x0000000712b00000, 0x0000000712b00000, 0x0000000712c00000|  0%| F|  |TAMS 0x0000000712b00000, 0x0000000712b00000| Untracked 
| 234|0x0000000712c00000, 0x0000000712c00000, 0x0000000712d00000|  0%| F|  |TAMS 0x0000000712c00000, 0x0000000712c00000| Untracked 
| 235|0x0000000712d00000, 0x0000000712d00000, 0x0000000712e00000|  0%| F|  |TAMS 0x0000000712d00000, 0x0000000712d00000| Untracked 
| 236|0x0000000712e00000, 0x0000000712e00000, 0x0000000712f00000|  0%| F|  |TAMS 0x0000000712e00000, 0x0000000712e00000| Untracked 
| 237|0x0000000712f00000, 0x0000000712f00000, 0x0000000713000000|  0%| F|  |TAMS 0x0000000712f00000, 0x0000000712f00000| Untracked 
| 238|0x0000000713000000, 0x0000000713000000, 0x0000000713100000|  0%| F|  |TAMS 0x0000000713000000, 0x0000000713000000| Untracked 
| 239|0x0000000713100000, 0x0000000713100000, 0x0000000713200000|  0%| F|  |TAMS 0x0000000713100000, 0x0000000713100000| Untracked 
| 240|0x0000000713200000, 0x0000000713200000, 0x0000000713300000|  0%| F|  |TAMS 0x0000000713200000, 0x0000000713200000| Untracked 
| 241|0x0000000713300000, 0x0000000713300000, 0x0000000713400000|  0%| F|  |TAMS 0x0000000713300000, 0x0000000713300000| Untracked 
| 242|0x0000000713400000, 0x0000000713400000, 0x0000000713500000|  0%| F|  |TAMS 0x0000000713400000, 0x0000000713400000| Untracked 
| 243|0x0000000713500000, 0x00000007135d7970, 0x0000000713600000| 84%| E|  |TAMS 0x0000000713500000, 0x0000000713500000| Complete 
| 244|0x0000000713600000, 0x0000000713700000, 0x0000000713700000|100%| E|CS|TAMS 0x0000000713600000, 0x0000000713600000| Complete 
| 245|0x0000000713700000, 0x0000000713800000, 0x0000000713800000|100%| E|CS|TAMS 0x0000000713700000, 0x0000000713700000| Complete 
| 246|0x0000000713800000, 0x0000000713900000, 0x0000000713900000|100%| E|CS|TAMS 0x0000000713800000, 0x0000000713800000| Complete 
| 247|0x0000000713900000, 0x0000000713a00000, 0x0000000713a00000|100%| E|CS|TAMS 0x0000000713900000, 0x0000000713900000| Complete 
| 248|0x0000000713a00000, 0x0000000713b00000, 0x0000000713b00000|100%| E|CS|TAMS 0x0000000713a00000, 0x0000000713a00000| Complete 
| 249|0x0000000713b00000, 0x0000000713c00000, 0x0000000713c00000|100%| E|  |TAMS 0x0000000713b00000, 0x0000000713b00000| Complete 
| 250|0x0000000713c00000, 0x0000000713d00000, 0x0000000713d00000|100%| E|CS|TAMS 0x0000000713c00000, 0x0000000713c00000| Complete 
| 251|0x0000000713d00000, 0x0000000713e00000, 0x0000000713e00000|100%| E|CS|TAMS 0x0000000713d00000, 0x0000000713d00000| Complete 

Card table byte_map: [0x00000186a61d0000,0x00000186a69b0000] _byte_map_base: 0x00000186a29af000

Marking Bits (Prev, Next): (CMBitMap*) 0x000001868f377fc8, (CMBitMap*) 0x000001868f378000
 Prev Bits: [0x00000186a7190000, 0x00000186ab088000)
 Next Bits: [0x00000186ab090000, 0x00000186aef88000)

Polling page: 0x000001868d330000

Metaspace:

Usage:
  Non-class:      8.09 MB capacity,     7.94 MB ( 98%) used,   138.02 KB (  2%) free+waste,    16.50 KB ( <1%) overhead. 
      Class:    959.00 KB capacity,   874.91 KB ( 91%) used,    75.53 KB (  8%) free+waste,     8.56 KB ( <1%) overhead. 
       Both:      9.02 MB capacity,     8.79 MB ( 97%) used,   213.55 KB (  2%) free+waste,    25.06 KB ( <1%) overhead. 

Virtual space:
  Non-class space:       10.00 MB reserved,       8.25 MB ( 82%) committed 
      Class space:        1.00 GB reserved,       1.00 MB ( <1%) committed 
             Both:        1.01 GB reserved,       9.25 MB ( <1%) committed 

Chunk freelists:
   Non-Class:  4.75 KB
       Class:  0 bytes
        Both:  4.75 KB

CodeHeap 'non-profiled nmethods': size=120064Kb used=148Kb max_used=148Kb free=119915Kb
 bounds [0x000001869e4b0000, 0x000001869e720000, 0x00000186a59f0000]
CodeHeap 'profiled nmethods': size=120000Kb used=462Kb max_used=462Kb free=119538Kb
 bounds [0x0000018696f80000, 0x00000186971f0000, 0x000001869e4b0000]
CodeHeap 'non-nmethods': size=5696Kb used=1116Kb max_used=1126Kb free=4579Kb
 bounds [0x00000186969f0000, 0x0000018696c60000, 0x0000018696f80000]
 total_blobs=854 nmethods=425 adapters=341
 compilation: enabled
              stopped_count=0, restarted_count=0
 full_count=0

Compilation events (10 events):
Event: 0.281 Thread 0x00000186b1d9d000  345       1       java.lang.invoke.LambdaForm$BasicType::basicTypeClass (5 bytes)
Event: 0.281 Thread 0x00000186b1d9d000 nmethod 345 0x000001869e4c8a90 code [0x000001869e4c8c20, 0x000001869e4c8cd8]
Event: 0.281 Thread 0x00000186b1d9d000  352       3       sun.invoke.util.Wrapper::forPrimitiveType (49 bytes)
Event: 0.282 Thread 0x00000186b1d9d000 nmethod 352 0x0000018696ff1390 code [0x0000018696ff1720, 0x0000018696ff2ca8]
Event: 0.282 Thread 0x00000186b1d9d000  356       3       java.util.ImmutableCollections$ListN::get (7 bytes)
Event: 0.282 Thread 0x00000186b1d9d000 nmethod 356 0x0000018696ff3490 code [0x0000018696ff3620, 0x0000018696ff3758]
Event: 0.282 Thread 0x00000186b1d9d000  358       3       jdk.internal.org.objectweb.asm.Frame::execute (2264 bytes)
Event: 0.284 Thread 0x00000186b1d91800  364       4       java.util.Objects::requireNonNull (14 bytes)
Event: 0.285 Thread 0x00000186b1d91800 nmethod 364 0x000001869e4c9790 code [0x000001869e4c9900, 0x000001869e4c9958]
Event: 0.293 Thread 0x00000186b1d91800  383       4       java.util.ImmutableCollections$ListN::get (7 bytes)

GC Heap History (0 events):
No events

Deoptimization events (3 events):
Event: 0.109 Thread 0x000001868f316000 Uncommon trap: reason=unstable_if action=reinterpret pc=0x000001869e4b5218 method=java.lang.String.hashCode()I @ 14 c2
Event: 0.112 Thread 0x000001868f316000 Uncommon trap: reason=unstable_if action=reinterpret pc=0x000001869e4b1658 method=java.lang.String.isLatin1()Z @ 10 c2
Event: 0.113 Thread 0x000001868f316000 Uncommon trap: reason=unstable_if action=reinterpret pc=0x000001869e4b18f4 method=java.lang.String.isLatin1()Z @ 10 c2

Classes redefined (0 events):
No events

Internal exceptions (1 events):
Event: 0.254 Thread 0x000001868f316000 Exception <a 'java/lang/ClassNotFoundException'{0x0000000713702690}: sun/awt/resources/spi/awtProvider> (0x0000000713702690) thrown at [./open/src/hotspot/share/classfile/systemDictionary.cpp, line 226]

Events (10 events):
Event: 0.289 loading class java/lang/invoke/BoundMethodHandle$Species_LLLLLLLLLI
Event: 0.289 loading class java/lang/invoke/BoundMethodHandle$Species_LLLLLLLLLI done
Event: 0.290 loading class sun/invoke/util/ValueConversions$WrapperCache
Event: 0.290 loading class sun/invoke/util/ValueConversions$WrapperCache done
Event: 0.290 loading class java/lang/invoke/BoundMethodHandle$Species_LLLLLLLLLII
Event: 0.290 loading class java/lang/invoke/BoundMethodHandle$Species_LLLLLLLLLII done
Event: 0.291 loading class java/lang/invoke/BoundMethodHandle$Species_LLLLLLLLLIIL
Event: 0.292 loading class java/lang/invoke/BoundMethodHandle$Species_LLLLLLLLLIIL done
Event: 0.293 loading class java/lang/invoke/BoundMethodHandle$Species_LLLLLLLLLIILL
Event: 0.293 loading class java/lang/invoke/BoundMethodHandle$Species_LLLLLLLLLIILL done


Dynamic libraries:
0x00007ff6e6e20000 - 0x00007ff6e6e30000 	C:\Program Files\Java\jdk-11\bin\java.exe
0x00007ffb532f0000 - 0x00007ffb534e8000 	C:\Windows\SYSTEM32\ntdll.dll
0x00007ffb4a840000 - 0x00007ffb4a859000 	C:\Program Files\AVG\Antivirus\aswhook.dll
0x00007ffb51350000 - 0x00007ffb5140f000 	C:\Windows\System32\KERNEL32.DLL
0x00007ffb50c70000 - 0x00007ffb50f42000 	C:\Windows\System32\KERNELBASE.dll
0x00007ffb50b70000 - 0x00007ffb50c70000 	C:\Windows\System32\ucrtbase.dll
0x00007ffb4af60000 - 0x00007ffb4af78000 	C:\Program Files\Java\jdk-11\bin\jli.dll
0x00007ffb37f50000 - 0x00007ffb37f6b000 	C:\Program Files\Java\jdk-11\bin\VCRUNTIME140.dll
0x00007ffb51700000 - 0x00007ffb517ae000 	C:\Windows\System32\ADVAPI32.dll
0x00007ffb51660000 - 0x00007ffb516fe000 	C:\Windows\System32\msvcrt.dll
0x00007ffb515c0000 - 0x00007ffb5165c000 	C:\Windows\System32\sechost.dll
0x00007ffb51cb0000 - 0x00007ffb51dd5000 	C:\Windows\System32\RPCRT4.dll
0x00007ffb51410000 - 0x00007ffb515b1000 	C:\Windows\System32\USER32.dll
0x00007ffb509f0000 - 0x00007ffb50a12000 	C:\Windows\System32\win32u.dll
0x00007ffb4fd80000 - 0x00007ffb5001a000 	C:\Windows\WinSxS\amd64_microsoft.windows.common-controls_6595b64144ccf1df_6.0.19041.1110_none_60b5254171f9507e\COMCTL32.dll
0x00007ffb53280000 - 0x00007ffb532ab000 	C:\Windows\System32\GDI32.dll
0x00007ffb51200000 - 0x00007ffb5130f000 	C:\Windows\System32\gdi32full.dll
0x00007ffb50a20000 - 0x00007ffb50abd000 	C:\Windows\System32\msvcp_win.dll
0x00007ffb49b50000 - 0x00007ffb49b5a000 	C:\Windows\SYSTEM32\VERSION.dll
0x00007ffb52500000 - 0x00007ffb52530000 	C:\Windows\System32\IMM32.DLL
0x00007ffb3cd00000 - 0x00007ffb3cd0c000 	C:\Program Files\Java\jdk-11\bin\vcruntime140_1.dll
0x00007ffb13280000 - 0x00007ffb1330e000 	C:\Program Files\Java\jdk-11\bin\msvcp140.dll
0x00007ffb01f00000 - 0x00007ffb02a68000 	C:\Program Files\Java\jdk-11\bin\server\jvm.dll
0x00007ffb51340000 - 0x00007ffb51348000 	C:\Windows\System32\PSAPI.DLL
0x00007ffb3e020000 - 0x00007ffb3e029000 	C:\Windows\SYSTEM32\WSOCK32.dll
0x00007ffb40110000 - 0x00007ffb40137000 	C:\Windows\SYSTEM32\WINMM.dll
0x00007ffb51930000 - 0x00007ffb5199b000 	C:\Windows\System32\WS2_32.dll
0x00007ffb4dab0000 - 0x00007ffb4dac2000 	C:\Windows\SYSTEM32\kernel.appcore.dll
0x00007ffb37f40000 - 0x00007ffb37f50000 	C:\Program Files\Java\jdk-11\bin\verify.dll
0x00007ffb50310000 - 0x00007ffb504f4000 	C:\Windows\SYSTEM32\DBGHELP.DLL
0x00007ffb50130000 - 0x00007ffb50165000 	C:\Windows\SYSTEM32\dbgcore.DLL
0x00007ffb510b0000 - 0x00007ffb51132000 	C:\Windows\System32\bcryptPrimitives.dll
0x00007ffb14560000 - 0x00007ffb14588000 	C:\Program Files\Java\jdk-11\bin\java.dll
0x00007ffb37d80000 - 0x00007ffb37d8a000 	C:\Program Files\Java\jdk-11\bin\jimage.dll
0x00007ffb17530000 - 0x00007ffb17547000 	C:\Program Files\Java\jdk-11\bin\zip.dll
0x00007ffb527d0000 - 0x00007ffb52f15000 	C:\Windows\System32\SHELL32.dll
0x00007ffb4dcb0000 - 0x00007ffb4e442000 	C:\Windows\SYSTEM32\windows.storage.dll
0x00007ffb52f20000 - 0x00007ffb53275000 	C:\Windows\System32\combase.dll
0x00007ffb4fce0000 - 0x00007ffb4fd10000 	C:\Windows\SYSTEM32\Wldp.dll
0x00007ffb525a0000 - 0x00007ffb5264d000 	C:\Windows\System32\SHCORE.dll
0x00007ffb51de0000 - 0x00007ffb51e35000 	C:\Windows\System32\shlwapi.dll
0x00007ffb50930000 - 0x00007ffb5094f000 	C:\Windows\SYSTEM32\profapi.dll
0x00007ffb14540000 - 0x00007ffb14559000 	C:\Program Files\Java\jdk-11\bin\net.dll
0x00007ffb479f0000 - 0x00007ffb47afa000 	C:\Windows\SYSTEM32\WINHTTP.dll
0x00007ffb4fbb0000 - 0x00007ffb4fc1a000 	C:\Windows\system32\mswsock.dll
0x00007ffb13560000 - 0x00007ffb13572000 	C:\Program Files\Java\jdk-11\bin\nio.dll
0x00007ffb12750000 - 0x00007ffb128d2000 	C:\Program Files\Java\jdk-11\bin\awt.dll
0x00007ffb517b0000 - 0x00007ffb5187d000 	C:\Windows\System32\OLEAUT32.dll
0x00007ffb4d570000 - 0x00007ffb4d600000 	C:\Windows\SYSTEM32\apphelp.dll
0x00007ffb4d6c0000 - 0x00007ffb4d75e000 	C:\Windows\system32\uxtheme.dll
0x00007ffb51e40000 - 0x00007ffb51f54000 	C:\Windows\System32\MSCTF.dll
0x00007ffb523d0000 - 0x00007ffb524fa000 	C:\Windows\System32\ole32.dll

dbghelp: loaded successfully - version: 4.0.5 - missing functions: none
symbol engine: initialized successfully - sym options: 0x614 - pdb path: .;C:\Program Files\Java\jdk-11\bin;C:\Windows\SYSTEM32;C:\Program Files\AVG\Antivirus;C:\Windows\WinSxS\amd64_microsoft.windows.common-controls_6595b64144ccf1df_6.0.19041.1110_none_60b5254171f9507e;C:\Program Files\Java\jdk-11\bin\server

VM Arguments:
jvm_args: -Dfile.encoding=UTF-8 
java_command: VIsta.Programa.JframePrincipal
java_class_path (initial): C:\Program Files\NetBeans-15\netbeans\java\modules\ext\AbsoluteLayout.jar;C:\Users\Pao\Documents\librerias\KControls-2.0.jar;C:\Users\Pao\Documents\librerias\RSScaleLabel.jar;C:\Users\Pao\Documents\librerias\commons-logging-1.2.jar;C:\Users\Pao\Documents\librerias\javax.activation-1.2.0.jar;C:\Users\Pao\Documents\librerias\javax.mail.jar;C:\Users\Pao\Documents\librerias\jcalendar-1.4.jar;C:\Users\Pao\Documents\librerias\json-20210307.jar;C:\Users\Pao\Documents\librerias\jts-core-1.18.1.jar;C:\Users\Pao\Documents\librerias\mssql-jdbc-12.2.0.jre11.jar;C:\Users\Pao\Documents\librerias\Librerias para reportes\AbsoluteLayout.jar;C:\Users\Pao\Documents\librerias\Librerias para reportes\commons-beanutils-1.9.4.jar;C:\Users\Pao\Documents\librerias\Librerias para reportes\commons-codec-1.10.jar;C:\Users\Pao\Documents\librerias\Librerias para reportes\commons-collections4-4.1.jar;C:\Users\Pao\Documents\librerias\Librerias para reportes\commons-digester-2.1.jar;C:\Users\Pao\Documents\librerias\Librerias para reportes\commons-logging-1.2.jar;C:\Users\Pao\Documents\librerias\Librerias para reportes\groovy-all-2.4.5.jar;C:\Users\Pao\Documents\librerias\Librerias para reportes\itext-pdfa-5.5.4.jar;C:\Users\Pao\Documents\librerias\Librerias para reportes\itextpdf-5.5.4.jar;C:\Users\Pao\Documents\librerias\Librerias para reportes\jasperreports-6.20.5.jar;C:\Users\Pao\Documents\librerias\Librerias para reportes\jfreechart-1.0.12.jar;C:\Users\Pao\Documents\librerias\Librerias para reportes\junit-4.12.jar;C:\Users\Pao\Documents\librerias\Librerias para reportes\log4j-1.2.17.jar;C:\Users\Pao\Documents\librerias\Librerias para reportes\poi-3.16.jar;C:\Users\Pao\Documents\librerias\Librerias para reportes\poi-excelant-3.16.jar;C:\Users\Pao\Documents\librerias\Librerias para reportes\poi-ooxml-3.16.jar;C:\Users\Pao\Documents\librerias\Librerias para reportes\poi-ooxml-schemas-3.16.jar;C:\Users\Pao\Documents\librerias\Librerias para reportes\poi-scratchpad-3.16.
Launcher Type: SUN_STANDARD

[Global flags]
     intx CICompilerCount                          = 3                                         {product} {ergonomic}
     uint ConcGCThreads                            = 1                                         {product} {ergonomic}
     uint G1ConcRefinementThreads                  = 4                                         {product} {ergonomic}
   size_t G1HeapRegionSize                         = 1048576                                   {product} {ergonomic}
    uintx GCDrainStackTargetSize                   = 64                                        {product} {ergonomic}
   size_t InitialHeapSize                          = 264241152                                 {product} {ergonomic}
   size_t MarkStackSize                            = 4194304                                   {product} {ergonomic}
   size_t MaxHeapSize                              = 4225761280                                {product} {ergonomic}
   size_t MaxNewSize                               = 2535456768                                {product} {ergonomic}
   size_t MinHeapDeltaBytes                        = 1048576                                   {product} {ergonomic}
    uintx NonNMethodCodeHeapSize                   = 5830732                                {pd product} {ergonomic}
    uintx NonProfiledCodeHeapSize                  = 122913754                              {pd product} {ergonomic}
    uintx ProfiledCodeHeapSize                     = 122913754                              {pd product} {ergonomic}
    uintx ReservedCodeCacheSize                    = 251658240                              {pd product} {ergonomic}
     bool SegmentedCodeCache                       = true                                      {product} {ergonomic}
     bool UseCompressedClassPointers               = true                                 {lp64_product} {ergonomic}
     bool UseCompressedOops                        = true                                 {lp64_product} {ergonomic}
     bool UseG1GC                                  = true                                      {product} {ergonomic}
     bool UseLargePagesIndividualAllocation        = false                                  {pd product} {ergonomic}

Logging:
Log output configuration:
 #0: stdout all=warning uptime,level,tags
 #1: stderr all=off uptime,level,tags

Environment Variables:
PATH=C:\Program Files\Microsoft MPI\Bin\;C:\Program Files\Common Files\Oracle\Java\javapath;C:\Windows\system32;C:\Windows;C:\Windows\System32\Wbem;C:\Windows\System32\WindowsPowerShell\v1.0\;C:\Windows\System32\OpenSSH\;C:\Program Files\Azure Data Studio\bin;C:\Program Files (x86)\Microsoft SQL Server\160\Tools\Binn\;C:\Program Files\Microsoft SQL Server\160\Tools\Binn\;C:\Program Files\Microsoft SQL Server\Client SDK\ODBC\170\Tools\Binn\;C:\Program Files\Microsoft SQL Server\160\DTS\Binn\;C:\Program Files (x86)\Microsoft SQL Server\160\DTS\Binn\;C:\Program Files (x86)\HP\Common\HPDestPlgIn\;C:\Users\Pao\AppData\Local\Microsoft\WindowsApps;;C:\Program Files\Azure Data Studio\bin
USERNAME=Pao
OS=Windows_NT
PROCESSOR_IDENTIFIER=Intel64 Family 6 Model 78 Stepping 3, GenuineIntel



---------------  S Y S T E M  ---------------

OS: Windows 10 , 64 bit Build 19041 (10.0.19041.2546)

CPU:total 4 (initial active 4) (2 cores per cpu, 2 threads per core) family 6 model 78 stepping 3 microcode 0xf0, cmov, cx8, fxsr, mmx, sse, sse2, sse3, ssse3, sse4.1, sse4.2, popcnt, avx, avx2, aes, clmul, erms, rtm, 3dnowpref, lzcnt, ht, tsc, tscinvbit, bmi1, bmi2, adx, fma

Memory: 4k page, system-wide physical 16118M (8260M free)
TotalPageFile size 18550M (AvailPageFile size 10058M)
current process WorkingSet (physical memory assigned to process): 61M, peak: 61M
current process commit charge ("private bytes"): 338M, peak: 338M

vm_info: Java HotSpot(TM) 64-Bit Server VM (11.0.18+9-LTS-195) for windows-amd64 JRE (11.0.18+9-LTS-195), built on Dec  6 2022 15:50:58 by "mach5one" with MS VC++ 17.1 (VS2022)

END.
