#
# A fatal error has been detected by the Java Runtime Environment:
#
#  EXCEPTION_ACCESS_VIOLATION (0xc0000005) at pc=0x00007ffb1eef3a1a, pid=6728, tid=6132
#
# JRE version: Java(TM) SE Runtime Environment 18.9 (11.0.18+9) (build 11.0.18+9-LTS-195)
# Java VM: Java HotSpot(TM) 64-Bit Server VM 18.9 (11.0.18+9-LTS-195, mixed mode, tiered, compressed oops, g1 gc, windows-amd64)
# Problematic frame:
# V  [jvm.dll+0x773a1a]
#
# No core dump will be written. Minidumps are not enabled by default on client versions of Windows
#
# If you would like to submit a bug report, please visit:
#   https://bugreport.java.com/bugreport/crash.jsp
#

---------------  S U M M A R Y ------------

Command Line: -Dfile.encoding=UTF-8 VIsta.Programa.JframePrincipal

Host: Intel(R) Core(TM) i5-6300U CPU @ 2.40GHz, 4 cores, 15G,  Windows 10 , 64 bit Build 19041 (10.0.19041.2546)
Time: Thu Sep  7 00:40:56 2023 Hora estándar, América Central elapsed time: 0.662333 seconds (0d 0h 0m 0s)

---------------  T H R E A D  ---------------

Current thread (0x0000018947666000):  JavaThread "C2 CompilerThread1" daemon [_thread_in_native, id=6132, stack(0x00000052a3300000,0x00000052a3400000)]


Current CompileTask:
C2:    662  902       4       java.lang.invoke.MethodType::makeImpl (108 bytes)

Stack: [0x00000052a3300000,0x00000052a3400000],  sp=0x00000052a33fb7f0,  free space=1005k
Native frames: (J=compiled Java code, j=interpreted, Vv=VM code, C=native code)
V  [jvm.dll+0x773a1a]
V  [jvm.dll+0xadac8]
V  [jvm.dll+0x68b7c1]
V  [jvm.dll+0x68a169]
V  [jvm.dll+0x2127be]
V  [jvm.dll+0x210264]
V  [jvm.dll+0x18c641]
V  [jvm.dll+0x220609]
V  [jvm.dll+0x21e92c]
V  [jvm.dll+0x763f61]
V  [jvm.dll+0x75c924]
V  [jvm.dll+0x65c755]
C  [ucrtbase.dll+0x21bb2]
C  [KERNEL32.DLL+0x17614]
C  [ntdll.dll+0x526a1]


siginfo: EXCEPTION_ACCESS_VIOLATION (0xc0000005), reading address 0xffffffffffffffff


Register to memory mapping:

RIP=0x00007ffb1eef3a1a jvm.dll
RAX=0x00007ffb1f0866d0 jvm.dll
RBX=0x0000018948a1fe60 points into unknown readable memory: 0x00007ffb1f0866d0 | d0 66 08 1f fb 7f 00 00
RCX=0x0000018948a1fe60 points into unknown readable memory: 0x00007ffb1f0866d0 | d0 66 08 1f fb 7f 00 00
RDX=0x0000018946cee530 points into unknown readable memory: 0x00007ffb1f0846d0 | d0 46 08 1f fb 7f 00 00
RSP=0x00000052a33fb7f0 is pointing into the stack for thread: 0x0000018947666000
RBP=0x0000018948bab4d8 points into unknown readable memory: 0x00007ffb1efe7270 | 70 72 fe 1e fb 7f 00 00
RSI=0x00000189482ebfc0 points into unknown readable memory: 0x00007ffb1efe3418 | 18 34 fe 1e fb 7f 00 00
RDI=0x0000018946cee530 points into unknown readable memory: 0x00007ffb1f0846d0 | d0 46 08 1f fb 7f 00 00
R8 =0x0 is NULL
R9 =0x00000000000000f0 is an unknown value
R10=0x0000018948a238e8 points into unknown readable memory: 0x00007ffb1f085100 | 00 51 08 1f fb 7f 00 00
R11=0x0000018948bab548 points into unknown readable memory: 0x0000018948b3b050 | 50 b0 b3 48 89 01 00 00
R12=0x0 is NULL
R13=0x0000018948a063c0 points into unknown readable memory: 0x0000000000000000 | 00 00 00 00 00 00 00 00
R14=0x00000000000000d0 is an unknown value
R15=0x000000000000050c is an unknown value


Registers:
RAX=0x00007ffb1f0866d0, RBX=0x0000018948a1fe60, RCX=0x0000018948a1fe60, RDX=0x0000018946cee530
RSP=0x00000052a33fb7f0, RBP=0x0000018948bab4d8, RSI=0x00000189482ebfc0, RDI=0x0000018946cee530
R8 =0x0000000000000000, R9 =0x00000000000000f0, R10=0x0000018948a238e8, R11=0x0000018948bab548
R12=0x0000000000000000, R13=0x0000018948a063c0, R14=0x00000000000000d0, R15=0x000000000000050c
RIP=0x00007ffb1eef3a1a, EFLAGS=0x0000000000010246

Top of Stack: (sp=0x00000052a33fb7f0)
0x00000052a33fb7f0:   0000018948a063c0 0000000000000000
0x00000052a33fb800:   0000000000000000 00007ffb1eef1420
0x00000052a33fb810:   0000018946cee530 00007ffb1e82dac8
0x00000052a33fb820:   00000189482ebfc0 000001894749f2b0
0x00000052a33fb830:   000000000000050c 00000000000000d0
0x00000052a33fb840:   0000018948a238e8 00007ffb1ee0b7c1
0x00000052a33fb850:   00000189482ebfc0 00000052a33fbab0
0x00000052a33fb860:   00000052a33fbab0 00000052a33fbab0
0x00000052a33fb870:   00000000000000d0 00007ffb1ee0a169
0x00000052a33fb880:   00000052a33fe6a0 0000018948bab4d8
0x00000052a33fb890:   00000189482ebfc0 00000052a33fbab0
0x00000052a33fb8a0:   0000000000000010 000001894749f2b0
0x00000052a33fb8b0:   0000018946e41810 00007ffb1e9927be
0x00000052a33fb8c0:   0000000000000000 00000052a33fb9c0
0x00000052a33fb8d0:   00000052a33fe6a0 0000018948a06c70
0x00000052a33fb8e0:   00000052a33fba00 00007ffb1eccc6d2 

Instructions: (pc=0x00007ffb1eef3a1a)
0x00007ffb1eef39fa:   ff ff e8 8f e7 ff ff 48 8b c8 48 8b 5c 24 30 48
0x00007ffb1eef3a0a:   83 c4 20 5f c3 45 84 c0 75 1e 48 8b 03 48 8b cb
0x00007ffb1eef3a1a:   ff 90 80 00 00 00 48 8b 17 48 8b cf 48 8b d8 ff
0x00007ffb1eef3a2a:   92 80 00 00 00 48 8b f8 48 8b 03 48 8b d7 48 8b 


Stack slot to memory mapping:
stack at sp + 0 slots: 0x0000018948a063c0 points into unknown readable memory: 0x0000000000000000 | 00 00 00 00 00 00 00 00
stack at sp + 1 slots: 0x0 is NULL
stack at sp + 2 slots: 0x0 is NULL
stack at sp + 3 slots: 0x00007ffb1eef1420 jvm.dll
stack at sp + 4 slots: 0x0000018946cee530 points into unknown readable memory: 0x00007ffb1f0846d0 | d0 46 08 1f fb 7f 00 00
stack at sp + 5 slots: 0x00007ffb1e82dac8 jvm.dll
stack at sp + 6 slots: 0x00000189482ebfc0 points into unknown readable memory: 0x00007ffb1efe3418 | 18 34 fe 1e fb 7f 00 00
stack at sp + 7 slots: 0x000001894749f2b0 points into unknown readable memory: 0x0000000000000000 | 00 00 00 00 00 00 00 00


---------------  P R O C E S S  ---------------

Threads class SMR info:
_java_thread_list=0x0000018948bc4a20, length=17, elements={
0x0000018946c57000, 0x0000018946c61000, 0x0000018946cb0800, 0x0000018946cb1800,
0x0000018946cb4800, 0x0000018946cbf800, 0x0000018946cc3000, 0x0000018946cc5800,
0x0000018946e7d000, 0x000001894746a800, 0x000001894746b800, 0x0000018947456000,
0x0000018947666000, 0x0000018947554800, 0x0000018924235800, 0x00000189475a9000,
0x00000189487b2000
}

Java Threads: ( => current thread )
  0x0000018946c57000 JavaThread "Reference Handler" daemon [_thread_blocked, id=7060, stack(0x00000052a2600000,0x00000052a2700000)]
  0x0000018946c61000 JavaThread "Finalizer" daemon [_thread_blocked, id=5392, stack(0x00000052a2700000,0x00000052a2800000)]
  0x0000018946cb0800 JavaThread "Signal Dispatcher" daemon [_thread_blocked, id=10864, stack(0x00000052a2800000,0x00000052a2900000)]
  0x0000018946cb1800 JavaThread "Attach Listener" daemon [_thread_blocked, id=9352, stack(0x00000052a2900000,0x00000052a2a00000)]
  0x0000018946cb4800 JavaThread "Service Thread" daemon [_thread_blocked, id=10796, stack(0x00000052a2a00000,0x00000052a2b00000)]
  0x0000018946cbf800 JavaThread "C2 CompilerThread0" daemon [_thread_in_native, id=10868, stack(0x00000052a2b00000,0x00000052a2c00000)]
  0x0000018946cc3000 JavaThread "C1 CompilerThread0" daemon [_thread_in_vm, id=10720, stack(0x00000052a2c00000,0x00000052a2d00000)]
  0x0000018946cc5800 JavaThread "Sweeper thread" daemon [_thread_blocked, id=11172, stack(0x00000052a2d00000,0x00000052a2e00000)]
  0x0000018946e7d000 JavaThread "Common-Cleaner" daemon [_thread_blocked, id=10692, stack(0x00000052a2f00000,0x00000052a3000000)]
  0x000001894746a800 JavaThread "Java2D Disposer" daemon [_thread_blocked, id=5496, stack(0x00000052a3000000,0x00000052a3100000)]
  0x000001894746b800 JavaThread "AWT-Shutdown" [_thread_blocked, id=7388, stack(0x00000052a3100000,0x00000052a3200000)]
  0x0000018947456000 JavaThread "AWT-Windows" daemon [_thread_in_native, id=10740, stack(0x00000052a3200000,0x00000052a3300000)]
=>0x0000018947666000 JavaThread "C2 CompilerThread1" daemon [_thread_in_native, id=6132, stack(0x00000052a3300000,0x00000052a3400000)]
  0x0000018947554800 JavaThread "AWT-EventQueue-0" [_thread_in_Java, id=10352, stack(0x00000052a3400000,0x00000052a3500000)]
  0x0000018924235800 JavaThread "DestroyJavaVM" [_thread_blocked, id=6488, stack(0x00000052a1f00000,0x00000052a2000000)]
  0x00000189475a9000 JavaThread "Image Fetcher 0" daemon [_thread_blocked, id=2524, stack(0x00000052a3500000,0x00000052a3600000)]
  0x00000189487b2000 JavaThread "Image Fetcher 1" daemon [_thread_blocked, id=3092, stack(0x00000052a3a00000,0x00000052a3b00000)]

Other Threads:
  0x0000018946c32000 VMThread "VM Thread" [stack: 0x00000052a2500000,0x00000052a2600000] [id=10892]
  0x0000018946e7e000 WatcherThread [stack: 0x00000052a2e00000,0x00000052a2f00000] [id=6544]
  0x000001892424b000 GCTaskThread "GC Thread#0" [stack: 0x00000052a2000000,0x00000052a2100000] [id=2256]
  0x000001894836f000 GCTaskThread "GC Thread#1" [stack: 0x00000052a3600000,0x00000052a3700000] [id=10852]
  0x00000189478d3800 GCTaskThread "GC Thread#2" [stack: 0x00000052a3700000,0x00000052a3800000] [id=276]
  0x00000189476bd800 GCTaskThread "GC Thread#3" [stack: 0x00000052a3800000,0x00000052a3900000] [id=9200]
  0x00000189242a7800 ConcurrentGCThread "G1 Main Marker" [stack: 0x00000052a2100000,0x00000052a2200000] [id=5676]
  0x00000189242aa000 ConcurrentGCThread "G1 Conc#0" [stack: 0x00000052a2200000,0x00000052a2300000] [id=4796]
  0x0000018946298800 ConcurrentGCThread "G1 Refine#0" [stack: 0x00000052a2300000,0x00000052a2400000] [id=11088]
  0x00000189471c4800 ConcurrentGCThread "G1 Refine#1" [stack: 0x00000052a3900000,0x00000052a3a00000] [id=9212]
  0x0000018946299000 ConcurrentGCThread "G1 Young RemSet Sampling" [stack: 0x00000052a2400000,0x00000052a2500000] [id=10832]

Threads with active compile tasks:
C2 CompilerThread0      814 1055       4       sun.awt.image.PNGImageDecoder::filterRow (459 bytes)
C1 CompilerThread0      814 1084       3       java.lang.AbstractStringBuilder::charAt (36 bytes)
C2 CompilerThread1      814  902       4       java.lang.invoke.MethodType::makeImpl (108 bytes)

VM state:not at safepoint (normal execution)

VM Mutex/Monitor currently owned by a thread: None

Heap address: 0x0000000704200000, size: 4030 MB, Compressed Oops mode: Zero based, Oop shift amount: 3
Narrow klass base: 0x0000000800000000, Narrow klass shift: 0
Compressed class space size: 1073741824 Address: 0x0000000800000000

Heap:
 garbage-first heap   total 258048K, used 11193K [0x0000000704200000, 0x0000000800000000)
  region size 1024K, 6 young (6144K), 2 survivors (2048K)
 Metaspace       used 15365K, capacity 15764K, committed 16000K, reserved 1062912K
  class space    used 1661K, capacity 1858K, committed 1920K, reserved 1048576K
Heap Regions: E=young(eden), S=young(survivor), O=old, HS=humongous(starts), HC=humongous(continues), CS=collection set, F=free, A=archive, TAMS=top-at-mark-start (previous, next)
|   0|0x0000000704200000, 0x0000000704300000, 0x0000000704300000|100%|HS|  |TAMS 0x0000000704200000, 0x0000000704200000| Complete 
|   1|0x0000000704300000, 0x0000000704400000, 0x0000000704400000|100%| O|  |TAMS 0x0000000704300000, 0x0000000704300000| Untracked 
|   2|0x0000000704400000, 0x0000000704500000, 0x0000000704500000|100%| O|  |TAMS 0x0000000704400000, 0x0000000704400000| Untracked 
|   3|0x0000000704500000, 0x0000000704600000, 0x0000000704600000|100%| O|  |TAMS 0x0000000704500000, 0x0000000704500000| Untracked 
|   4|0x0000000704600000, 0x00000007046ee400, 0x0000000704700000| 93%| O|  |TAMS 0x0000000704600000, 0x0000000704600000| Untracked 
|   5|0x0000000704700000, 0x0000000704800000, 0x0000000704800000|100%|HS|  |TAMS 0x0000000704700000, 0x0000000704700000| Complete 
|   6|0x0000000704800000, 0x0000000704800000, 0x0000000704900000|  0%| F|  |TAMS 0x0000000704800000, 0x0000000704800000| Untracked 
|   7|0x0000000704900000, 0x0000000704900000, 0x0000000704a00000|  0%| F|  |TAMS 0x0000000704900000, 0x0000000704900000| Untracked 
|   8|0x0000000704a00000, 0x0000000704a00000, 0x0000000704b00000|  0%| F|  |TAMS 0x0000000704a00000, 0x0000000704a00000| Untracked 
|   9|0x0000000704b00000, 0x0000000704b00000, 0x0000000704c00000|  0%| F|  |TAMS 0x0000000704b00000, 0x0000000704b00000| Untracked 
|  10|0x0000000704c00000, 0x0000000704c00000, 0x0000000704d00000|  0%| F|  |TAMS 0x0000000704c00000, 0x0000000704c00000| Untracked 
|  11|0x0000000704d00000, 0x0000000704d00000, 0x0000000704e00000|  0%| F|  |TAMS 0x0000000704d00000, 0x0000000704d00000| Untracked 
|  12|0x0000000704e00000, 0x0000000704e00000, 0x0000000704f00000|  0%| F|  |TAMS 0x0000000704e00000, 0x0000000704e00000| Untracked 
|  13|0x0000000704f00000, 0x0000000704f00000, 0x0000000705000000|  0%| F|  |TAMS 0x0000000704f00000, 0x0000000704f00000| Untracked 
|  14|0x0000000705000000, 0x0000000705000000, 0x0000000705100000|  0%| F|  |TAMS 0x0000000705000000, 0x0000000705000000| Untracked 
|  15|0x0000000705100000, 0x0000000705100000, 0x0000000705200000|  0%| F|  |TAMS 0x0000000705100000, 0x0000000705100000| Untracked 
|  16|0x0000000705200000, 0x0000000705200000, 0x0000000705300000|  0%| F|  |TAMS 0x0000000705200000, 0x0000000705200000| Untracked 
|  17|0x0000000705300000, 0x0000000705300000, 0x0000000705400000|  0%| F|  |TAMS 0x0000000705300000, 0x0000000705300000| Untracked 
|  18|0x0000000705400000, 0x0000000705400000, 0x0000000705500000|  0%| F|  |TAMS 0x0000000705400000, 0x0000000705400000| Untracked 
|  19|0x0000000705500000, 0x0000000705500000, 0x0000000705600000|  0%| F|  |TAMS 0x0000000705500000, 0x0000000705500000| Untracked 
|  20|0x0000000705600000, 0x0000000705600000, 0x0000000705700000|  0%| F|  |TAMS 0x0000000705600000, 0x0000000705600000| Untracked 
|  21|0x0000000705700000, 0x0000000705700000, 0x0000000705800000|  0%| F|  |TAMS 0x0000000705700000, 0x0000000705700000| Untracked 
|  22|0x0000000705800000, 0x0000000705800000, 0x0000000705900000|  0%| F|  |TAMS 0x0000000705800000, 0x0000000705800000| Untracked 
|  23|0x0000000705900000, 0x0000000705900000, 0x0000000705a00000|  0%| F|  |TAMS 0x0000000705900000, 0x0000000705900000| Untracked 
|  24|0x0000000705a00000, 0x0000000705a00000, 0x0000000705b00000|  0%| F|  |TAMS 0x0000000705a00000, 0x0000000705a00000| Untracked 
|  25|0x0000000705b00000, 0x0000000705b00000, 0x0000000705c00000|  0%| F|  |TAMS 0x0000000705b00000, 0x0000000705b00000| Untracked 
|  26|0x0000000705c00000, 0x0000000705c00000, 0x0000000705d00000|  0%| F|  |TAMS 0x0000000705c00000, 0x0000000705c00000| Untracked 
|  27|0x0000000705d00000, 0x0000000705d00000, 0x0000000705e00000|  0%| F|  |TAMS 0x0000000705d00000, 0x0000000705d00000| Untracked 
|  28|0x0000000705e00000, 0x0000000705e00000, 0x0000000705f00000|  0%| F|  |TAMS 0x0000000705e00000, 0x0000000705e00000| Untracked 
|  29|0x0000000705f00000, 0x0000000705f00000, 0x0000000706000000|  0%| F|  |TAMS 0x0000000705f00000, 0x0000000705f00000| Untracked 
|  30|0x0000000706000000, 0x0000000706000000, 0x0000000706100000|  0%| F|  |TAMS 0x0000000706000000, 0x0000000706000000| Untracked 
|  31|0x0000000706100000, 0x0000000706100000, 0x0000000706200000|  0%| F|  |TAMS 0x0000000706100000, 0x0000000706100000| Untracked 
|  32|0x0000000706200000, 0x0000000706200000, 0x0000000706300000|  0%| F|  |TAMS 0x0000000706200000, 0x0000000706200000| Untracked 
|  33|0x0000000706300000, 0x0000000706300000, 0x0000000706400000|  0%| F|  |TAMS 0x0000000706300000, 0x0000000706300000| Untracked 
|  34|0x0000000706400000, 0x0000000706400000, 0x0000000706500000|  0%| F|  |TAMS 0x0000000706400000, 0x0000000706400000| Untracked 
|  35|0x0000000706500000, 0x0000000706500000, 0x0000000706600000|  0%| F|  |TAMS 0x0000000706500000, 0x0000000706500000| Untracked 
|  36|0x0000000706600000, 0x0000000706600000, 0x0000000706700000|  0%| F|  |TAMS 0x0000000706600000, 0x0000000706600000| Untracked 
|  37|0x0000000706700000, 0x0000000706700000, 0x0000000706800000|  0%| F|  |TAMS 0x0000000706700000, 0x0000000706700000| Untracked 
|  38|0x0000000706800000, 0x0000000706800000, 0x0000000706900000|  0%| F|  |TAMS 0x0000000706800000, 0x0000000706800000| Untracked 
|  39|0x0000000706900000, 0x0000000706900000, 0x0000000706a00000|  0%| F|  |TAMS 0x0000000706900000, 0x0000000706900000| Untracked 
|  40|0x0000000706a00000, 0x0000000706a00000, 0x0000000706b00000|  0%| F|  |TAMS 0x0000000706a00000, 0x0000000706a00000| Untracked 
|  41|0x0000000706b00000, 0x0000000706b00000, 0x0000000706c00000|  0%| F|  |TAMS 0x0000000706b00000, 0x0000000706b00000| Untracked 
|  42|0x0000000706c00000, 0x0000000706c00000, 0x0000000706d00000|  0%| F|  |TAMS 0x0000000706c00000, 0x0000000706c00000| Untracked 
|  43|0x0000000706d00000, 0x0000000706d00000, 0x0000000706e00000|  0%| F|  |TAMS 0x0000000706d00000, 0x0000000706d00000| Untracked 
|  44|0x0000000706e00000, 0x0000000706e00000, 0x0000000706f00000|  0%| F|  |TAMS 0x0000000706e00000, 0x0000000706e00000| Untracked 
|  45|0x0000000706f00000, 0x0000000706f00000, 0x0000000707000000|  0%| F|  |TAMS 0x0000000706f00000, 0x0000000706f00000| Untracked 
|  46|0x0000000707000000, 0x0000000707000000, 0x0000000707100000|  0%| F|  |TAMS 0x0000000707000000, 0x0000000707000000| Untracked 
|  47|0x0000000707100000, 0x0000000707100000, 0x0000000707200000|  0%| F|  |TAMS 0x0000000707100000, 0x0000000707100000| Untracked 
|  48|0x0000000707200000, 0x0000000707200000, 0x0000000707300000|  0%| F|  |TAMS 0x0000000707200000, 0x0000000707200000| Untracked 
|  49|0x0000000707300000, 0x0000000707300000, 0x0000000707400000|  0%| F|  |TAMS 0x0000000707300000, 0x0000000707300000| Untracked 
|  50|0x0000000707400000, 0x0000000707400000, 0x0000000707500000|  0%| F|  |TAMS 0x0000000707400000, 0x0000000707400000| Untracked 
|  51|0x0000000707500000, 0x0000000707500000, 0x0000000707600000|  0%| F|  |TAMS 0x0000000707500000, 0x0000000707500000| Untracked 
|  52|0x0000000707600000, 0x0000000707600000, 0x0000000707700000|  0%| F|  |TAMS 0x0000000707600000, 0x0000000707600000| Untracked 
|  53|0x0000000707700000, 0x0000000707700000, 0x0000000707800000|  0%| F|  |TAMS 0x0000000707700000, 0x0000000707700000| Untracked 
|  54|0x0000000707800000, 0x0000000707800000, 0x0000000707900000|  0%| F|  |TAMS 0x0000000707800000, 0x0000000707800000| Untracked 
|  55|0x0000000707900000, 0x0000000707900000, 0x0000000707a00000|  0%| F|  |TAMS 0x0000000707900000, 0x0000000707900000| Untracked 
|  56|0x0000000707a00000, 0x0000000707a00000, 0x0000000707b00000|  0%| F|  |TAMS 0x0000000707a00000, 0x0000000707a00000| Untracked 
|  57|0x0000000707b00000, 0x0000000707b00000, 0x0000000707c00000|  0%| F|  |TAMS 0x0000000707b00000, 0x0000000707b00000| Untracked 
|  58|0x0000000707c00000, 0x0000000707c00000, 0x0000000707d00000|  0%| F|  |TAMS 0x0000000707c00000, 0x0000000707c00000| Untracked 
|  59|0x0000000707d00000, 0x0000000707d00000, 0x0000000707e00000|  0%| F|  |TAMS 0x0000000707d00000, 0x0000000707d00000| Untracked 
|  60|0x0000000707e00000, 0x0000000707e00000, 0x0000000707f00000|  0%| F|  |TAMS 0x0000000707e00000, 0x0000000707e00000| Untracked 
|  61|0x0000000707f00000, 0x0000000707f00000, 0x0000000708000000|  0%| F|  |TAMS 0x0000000707f00000, 0x0000000707f00000| Untracked 
|  62|0x0000000708000000, 0x0000000708000000, 0x0000000708100000|  0%| F|  |TAMS 0x0000000708000000, 0x0000000708000000| Untracked 
|  63|0x0000000708100000, 0x0000000708100000, 0x0000000708200000|  0%| F|  |TAMS 0x0000000708100000, 0x0000000708100000| Untracked 
|  64|0x0000000708200000, 0x0000000708200000, 0x0000000708300000|  0%| F|  |TAMS 0x0000000708200000, 0x0000000708200000| Untracked 
|  65|0x0000000708300000, 0x0000000708300000, 0x0000000708400000|  0%| F|  |TAMS 0x0000000708300000, 0x0000000708300000| Untracked 
|  66|0x0000000708400000, 0x0000000708400000, 0x0000000708500000|  0%| F|  |TAMS 0x0000000708400000, 0x0000000708400000| Untracked 
|  67|0x0000000708500000, 0x0000000708500000, 0x0000000708600000|  0%| F|  |TAMS 0x0000000708500000, 0x0000000708500000| Untracked 
|  68|0x0000000708600000, 0x0000000708600000, 0x0000000708700000|  0%| F|  |TAMS 0x0000000708600000, 0x0000000708600000| Untracked 
|  69|0x0000000708700000, 0x0000000708700000, 0x0000000708800000|  0%| F|  |TAMS 0x0000000708700000, 0x0000000708700000| Untracked 
|  70|0x0000000708800000, 0x0000000708800000, 0x0000000708900000|  0%| F|  |TAMS 0x0000000708800000, 0x0000000708800000| Untracked 
|  71|0x0000000708900000, 0x0000000708900000, 0x0000000708a00000|  0%| F|  |TAMS 0x0000000708900000, 0x0000000708900000| Untracked 
|  72|0x0000000708a00000, 0x0000000708a00000, 0x0000000708b00000|  0%| F|  |TAMS 0x0000000708a00000, 0x0000000708a00000| Untracked 
|  73|0x0000000708b00000, 0x0000000708b00000, 0x0000000708c00000|  0%| F|  |TAMS 0x0000000708b00000, 0x0000000708b00000| Untracked 
|  74|0x0000000708c00000, 0x0000000708c00000, 0x0000000708d00000|  0%| F|  |TAMS 0x0000000708c00000, 0x0000000708c00000| Untracked 
|  75|0x0000000708d00000, 0x0000000708d00000, 0x0000000708e00000|  0%| F|  |TAMS 0x0000000708d00000, 0x0000000708d00000| Untracked 
|  76|0x0000000708e00000, 0x0000000708e00000, 0x0000000708f00000|  0%| F|  |TAMS 0x0000000708e00000, 0x0000000708e00000| Untracked 
|  77|0x0000000708f00000, 0x0000000708f00000, 0x0000000709000000|  0%| F|  |TAMS 0x0000000708f00000, 0x0000000708f00000| Untracked 
|  78|0x0000000709000000, 0x0000000709000000, 0x0000000709100000|  0%| F|  |TAMS 0x0000000709000000, 0x0000000709000000| Untracked 
|  79|0x0000000709100000, 0x0000000709100000, 0x0000000709200000|  0%| F|  |TAMS 0x0000000709100000, 0x0000000709100000| Untracked 
|  80|0x0000000709200000, 0x0000000709200000, 0x0000000709300000|  0%| F|  |TAMS 0x0000000709200000, 0x0000000709200000| Untracked 
|  81|0x0000000709300000, 0x0000000709300000, 0x0000000709400000|  0%| F|  |TAMS 0x0000000709300000, 0x0000000709300000| Untracked 
|  82|0x0000000709400000, 0x0000000709400000, 0x0000000709500000|  0%| F|  |TAMS 0x0000000709400000, 0x0000000709400000| Untracked 
|  83|0x0000000709500000, 0x0000000709500000, 0x0000000709600000|  0%| F|  |TAMS 0x0000000709500000, 0x0000000709500000| Untracked 
|  84|0x0000000709600000, 0x0000000709600000, 0x0000000709700000|  0%| F|  |TAMS 0x0000000709600000, 0x0000000709600000| Untracked 
|  85|0x0000000709700000, 0x0000000709700000, 0x0000000709800000|  0%| F|  |TAMS 0x0000000709700000, 0x0000000709700000| Untracked 
|  86|0x0000000709800000, 0x0000000709800000, 0x0000000709900000|  0%| F|  |TAMS 0x0000000709800000, 0x0000000709800000| Untracked 
|  87|0x0000000709900000, 0x0000000709900000, 0x0000000709a00000|  0%| F|  |TAMS 0x0000000709900000, 0x0000000709900000| Untracked 
|  88|0x0000000709a00000, 0x0000000709a00000, 0x0000000709b00000|  0%| F|  |TAMS 0x0000000709a00000, 0x0000000709a00000| Untracked 
|  89|0x0000000709b00000, 0x0000000709b00000, 0x0000000709c00000|  0%| F|  |TAMS 0x0000000709b00000, 0x0000000709b00000| Untracked 
|  90|0x0000000709c00000, 0x0000000709c00000, 0x0000000709d00000|  0%| F|  |TAMS 0x0000000709c00000, 0x0000000709c00000| Untracked 
|  91|0x0000000709d00000, 0x0000000709d00000, 0x0000000709e00000|  0%| F|  |TAMS 0x0000000709d00000, 0x0000000709d00000| Untracked 
|  92|0x0000000709e00000, 0x0000000709e00000, 0x0000000709f00000|  0%| F|  |TAMS 0x0000000709e00000, 0x0000000709e00000| Untracked 
|  93|0x0000000709f00000, 0x0000000709f00000, 0x000000070a000000|  0%| F|  |TAMS 0x0000000709f00000, 0x0000000709f00000| Untracked 
|  94|0x000000070a000000, 0x000000070a000000, 0x000000070a100000|  0%| F|  |TAMS 0x000000070a000000, 0x000000070a000000| Untracked 
|  95|0x000000070a100000, 0x000000070a100000, 0x000000070a200000|  0%| F|  |TAMS 0x000000070a100000, 0x000000070a100000| Untracked 
|  96|0x000000070a200000, 0x000000070a200000, 0x000000070a300000|  0%| F|  |TAMS 0x000000070a200000, 0x000000070a200000| Untracked 
|  97|0x000000070a300000, 0x000000070a300000, 0x000000070a400000|  0%| F|  |TAMS 0x000000070a300000, 0x000000070a300000| Untracked 
|  98|0x000000070a400000, 0x000000070a400000, 0x000000070a500000|  0%| F|  |TAMS 0x000000070a400000, 0x000000070a400000| Untracked 
|  99|0x000000070a500000, 0x000000070a500000, 0x000000070a600000|  0%| F|  |TAMS 0x000000070a500000, 0x000000070a500000| Untracked 
| 100|0x000000070a600000, 0x000000070a600000, 0x000000070a700000|  0%| F|  |TAMS 0x000000070a600000, 0x000000070a600000| Untracked 
| 101|0x000000070a700000, 0x000000070a700000, 0x000000070a800000|  0%| F|  |TAMS 0x000000070a700000, 0x000000070a700000| Untracked 
| 102|0x000000070a800000, 0x000000070a800000, 0x000000070a900000|  0%| F|  |TAMS 0x000000070a800000, 0x000000070a800000| Untracked 
| 103|0x000000070a900000, 0x000000070a900000, 0x000000070aa00000|  0%| F|  |TAMS 0x000000070a900000, 0x000000070a900000| Untracked 
| 104|0x000000070aa00000, 0x000000070aa00000, 0x000000070ab00000|  0%| F|  |TAMS 0x000000070aa00000, 0x000000070aa00000| Untracked 
| 105|0x000000070ab00000, 0x000000070ab00000, 0x000000070ac00000|  0%| F|  |TAMS 0x000000070ab00000, 0x000000070ab00000| Untracked 
| 106|0x000000070ac00000, 0x000000070ac00000, 0x000000070ad00000|  0%| F|  |TAMS 0x000000070ac00000, 0x000000070ac00000| Untracked 
| 107|0x000000070ad00000, 0x000000070ad00000, 0x000000070ae00000|  0%| F|  |TAMS 0x000000070ad00000, 0x000000070ad00000| Untracked 
| 108|0x000000070ae00000, 0x000000070ae00000, 0x000000070af00000|  0%| F|  |TAMS 0x000000070ae00000, 0x000000070ae00000| Untracked 
| 109|0x000000070af00000, 0x000000070af00000, 0x000000070b000000|  0%| F|  |TAMS 0x000000070af00000, 0x000000070af00000| Untracked 
| 110|0x000000070b000000, 0x000000070b000000, 0x000000070b100000|  0%| F|  |TAMS 0x000000070b000000, 0x000000070b000000| Untracked 
| 111|0x000000070b100000, 0x000000070b100000, 0x000000070b200000|  0%| F|  |TAMS 0x000000070b100000, 0x000000070b100000| Untracked 
| 112|0x000000070b200000, 0x000000070b200000, 0x000000070b300000|  0%| F|  |TAMS 0x000000070b200000, 0x000000070b200000| Untracked 
| 113|0x000000070b300000, 0x000000070b300000, 0x000000070b400000|  0%| F|  |TAMS 0x000000070b300000, 0x000000070b300000| Untracked 
| 114|0x000000070b400000, 0x000000070b400000, 0x000000070b500000|  0%| F|  |TAMS 0x000000070b400000, 0x000000070b400000| Untracked 
| 115|0x000000070b500000, 0x000000070b500000, 0x000000070b600000|  0%| F|  |TAMS 0x000000070b500000, 0x000000070b500000| Untracked 
| 116|0x000000070b600000, 0x000000070b600000, 0x000000070b700000|  0%| F|  |TAMS 0x000000070b600000, 0x000000070b600000| Untracked 
| 117|0x000000070b700000, 0x000000070b700000, 0x000000070b800000|  0%| F|  |TAMS 0x000000070b700000, 0x000000070b700000| Untracked 
| 118|0x000000070b800000, 0x000000070b800000, 0x000000070b900000|  0%| F|  |TAMS 0x000000070b800000, 0x000000070b800000| Untracked 
| 119|0x000000070b900000, 0x000000070b900000, 0x000000070ba00000|  0%| F|  |TAMS 0x000000070b900000, 0x000000070b900000| Untracked 
| 120|0x000000070ba00000, 0x000000070ba00000, 0x000000070bb00000|  0%| F|  |TAMS 0x000000070ba00000, 0x000000070ba00000| Untracked 
| 121|0x000000070bb00000, 0x000000070bb00000, 0x000000070bc00000|  0%| F|  |TAMS 0x000000070bb00000, 0x000000070bb00000| Untracked 
| 122|0x000000070bc00000, 0x000000070bc00000, 0x000000070bd00000|  0%| F|  |TAMS 0x000000070bc00000, 0x000000070bc00000| Untracked 
| 123|0x000000070bd00000, 0x000000070bd00000, 0x000000070be00000|  0%| F|  |TAMS 0x000000070bd00000, 0x000000070bd00000| Untracked 
| 124|0x000000070be00000, 0x000000070be00000, 0x000000070bf00000|  0%| F|  |TAMS 0x000000070be00000, 0x000000070be00000| Untracked 
| 125|0x000000070bf00000, 0x000000070bf00000, 0x000000070c000000|  0%| F|  |TAMS 0x000000070bf00000, 0x000000070bf00000| Untracked 
| 126|0x000000070c000000, 0x000000070c000000, 0x000000070c100000|  0%| F|  |TAMS 0x000000070c000000, 0x000000070c000000| Untracked 
| 127|0x000000070c100000, 0x000000070c100000, 0x000000070c200000|  0%| F|  |TAMS 0x000000070c100000, 0x000000070c100000| Untracked 
| 128|0x000000070c200000, 0x000000070c200000, 0x000000070c300000|  0%| F|  |TAMS 0x000000070c200000, 0x000000070c200000| Untracked 
| 129|0x000000070c300000, 0x000000070c300000, 0x000000070c400000|  0%| F|  |TAMS 0x000000070c300000, 0x000000070c300000| Untracked 
| 130|0x000000070c400000, 0x000000070c400000, 0x000000070c500000|  0%| F|  |TAMS 0x000000070c400000, 0x000000070c400000| Untracked 
| 131|0x000000070c500000, 0x000000070c500000, 0x000000070c600000|  0%| F|  |TAMS 0x000000070c500000, 0x000000070c500000| Untracked 
| 132|0x000000070c600000, 0x000000070c600000, 0x000000070c700000|  0%| F|  |TAMS 0x000000070c600000, 0x000000070c600000| Untracked 
| 133|0x000000070c700000, 0x000000070c700000, 0x000000070c800000|  0%| F|  |TAMS 0x000000070c700000, 0x000000070c700000| Untracked 
| 134|0x000000070c800000, 0x000000070c800000, 0x000000070c900000|  0%| F|  |TAMS 0x000000070c800000, 0x000000070c800000| Untracked 
| 135|0x000000070c900000, 0x000000070c900000, 0x000000070ca00000|  0%| F|  |TAMS 0x000000070c900000, 0x000000070c900000| Untracked 
| 136|0x000000070ca00000, 0x000000070ca00000, 0x000000070cb00000|  0%| F|  |TAMS 0x000000070ca00000, 0x000000070ca00000| Untracked 
| 137|0x000000070cb00000, 0x000000070cb00000, 0x000000070cc00000|  0%| F|  |TAMS 0x000000070cb00000, 0x000000070cb00000| Untracked 
| 138|0x000000070cc00000, 0x000000070cc00000, 0x000000070cd00000|  0%| F|  |TAMS 0x000000070cc00000, 0x000000070cc00000| Untracked 
| 139|0x000000070cd00000, 0x000000070cd00000, 0x000000070ce00000|  0%| F|  |TAMS 0x000000070cd00000, 0x000000070cd00000| Untracked 
| 140|0x000000070ce00000, 0x000000070ce00000, 0x000000070cf00000|  0%| F|  |TAMS 0x000000070ce00000, 0x000000070ce00000| Untracked 
| 141|0x000000070cf00000, 0x000000070cf00000, 0x000000070d000000|  0%| F|  |TAMS 0x000000070cf00000, 0x000000070cf00000| Untracked 
| 142|0x000000070d000000, 0x000000070d000000, 0x000000070d100000|  0%| F|  |TAMS 0x000000070d000000, 0x000000070d000000| Untracked 
| 143|0x000000070d100000, 0x000000070d100000, 0x000000070d200000|  0%| F|  |TAMS 0x000000070d100000, 0x000000070d100000| Untracked 
| 144|0x000000070d200000, 0x000000070d200000, 0x000000070d300000|  0%| F|  |TAMS 0x000000070d200000, 0x000000070d200000| Untracked 
| 145|0x000000070d300000, 0x000000070d300000, 0x000000070d400000|  0%| F|  |TAMS 0x000000070d300000, 0x000000070d300000| Untracked 
| 146|0x000000070d400000, 0x000000070d400000, 0x000000070d500000|  0%| F|  |TAMS 0x000000070d400000, 0x000000070d400000| Untracked 
| 147|0x000000070d500000, 0x000000070d500000, 0x000000070d600000|  0%| F|  |TAMS 0x000000070d500000, 0x000000070d500000| Untracked 
| 148|0x000000070d600000, 0x000000070d600000, 0x000000070d700000|  0%| F|  |TAMS 0x000000070d600000, 0x000000070d600000| Untracked 
| 149|0x000000070d700000, 0x000000070d700000, 0x000000070d800000|  0%| F|  |TAMS 0x000000070d700000, 0x000000070d700000| Untracked 
| 150|0x000000070d800000, 0x000000070d800000, 0x000000070d900000|  0%| F|  |TAMS 0x000000070d800000, 0x000000070d800000| Untracked 
| 151|0x000000070d900000, 0x000000070d900000, 0x000000070da00000|  0%| F|  |TAMS 0x000000070d900000, 0x000000070d900000| Untracked 
| 152|0x000000070da00000, 0x000000070da00000, 0x000000070db00000|  0%| F|  |TAMS 0x000000070da00000, 0x000000070da00000| Untracked 
| 153|0x000000070db00000, 0x000000070db00000, 0x000000070dc00000|  0%| F|  |TAMS 0x000000070db00000, 0x000000070db00000| Untracked 
| 154|0x000000070dc00000, 0x000000070dc00000, 0x000000070dd00000|  0%| F|  |TAMS 0x000000070dc00000, 0x000000070dc00000| Untracked 
| 155|0x000000070dd00000, 0x000000070dd00000, 0x000000070de00000|  0%| F|  |TAMS 0x000000070dd00000, 0x000000070dd00000| Untracked 
| 156|0x000000070de00000, 0x000000070de00000, 0x000000070df00000|  0%| F|  |TAMS 0x000000070de00000, 0x000000070de00000| Untracked 
| 157|0x000000070df00000, 0x000000070df00000, 0x000000070e000000|  0%| F|  |TAMS 0x000000070df00000, 0x000000070df00000| Untracked 
| 158|0x000000070e000000, 0x000000070e000000, 0x000000070e100000|  0%| F|  |TAMS 0x000000070e000000, 0x000000070e000000| Untracked 
| 159|0x000000070e100000, 0x000000070e100000, 0x000000070e200000|  0%| F|  |TAMS 0x000000070e100000, 0x000000070e100000| Untracked 
| 160|0x000000070e200000, 0x000000070e200000, 0x000000070e300000|  0%| F|  |TAMS 0x000000070e200000, 0x000000070e200000| Untracked 
| 161|0x000000070e300000, 0x000000070e300000, 0x000000070e400000|  0%| F|  |TAMS 0x000000070e300000, 0x000000070e300000| Untracked 
| 162|0x000000070e400000, 0x000000070e400000, 0x000000070e500000|  0%| F|  |TAMS 0x000000070e400000, 0x000000070e400000| Untracked 
| 163|0x000000070e500000, 0x000000070e500000, 0x000000070e600000|  0%| F|  |TAMS 0x000000070e500000, 0x000000070e500000| Untracked 
| 164|0x000000070e600000, 0x000000070e600000, 0x000000070e700000|  0%| F|  |TAMS 0x000000070e600000, 0x000000070e600000| Untracked 
| 165|0x000000070e700000, 0x000000070e700000, 0x000000070e800000|  0%| F|  |TAMS 0x000000070e700000, 0x000000070e700000| Untracked 
| 166|0x000000070e800000, 0x000000070e800000, 0x000000070e900000|  0%| F|  |TAMS 0x000000070e800000, 0x000000070e800000| Untracked 
| 167|0x000000070e900000, 0x000000070e900000, 0x000000070ea00000|  0%| F|  |TAMS 0x000000070e900000, 0x000000070e900000| Untracked 
| 168|0x000000070ea00000, 0x000000070ea00000, 0x000000070eb00000|  0%| F|  |TAMS 0x000000070ea00000, 0x000000070ea00000| Untracked 
| 169|0x000000070eb00000, 0x000000070eb00000, 0x000000070ec00000|  0%| F|  |TAMS 0x000000070eb00000, 0x000000070eb00000| Untracked 
| 170|0x000000070ec00000, 0x000000070ec00000, 0x000000070ed00000|  0%| F|  |TAMS 0x000000070ec00000, 0x000000070ec00000| Untracked 
| 171|0x000000070ed00000, 0x000000070ed00000, 0x000000070ee00000|  0%| F|  |TAMS 0x000000070ed00000, 0x000000070ed00000| Untracked 
| 172|0x000000070ee00000, 0x000000070ee00000, 0x000000070ef00000|  0%| F|  |TAMS 0x000000070ee00000, 0x000000070ee00000| Untracked 
| 173|0x000000070ef00000, 0x000000070ef00000, 0x000000070f000000|  0%| F|  |TAMS 0x000000070ef00000, 0x000000070ef00000| Untracked 
| 174|0x000000070f000000, 0x000000070f000000, 0x000000070f100000|  0%| F|  |TAMS 0x000000070f000000, 0x000000070f000000| Untracked 
| 175|0x000000070f100000, 0x000000070f100000, 0x000000070f200000|  0%| F|  |TAMS 0x000000070f100000, 0x000000070f100000| Untracked 
| 176|0x000000070f200000, 0x000000070f200000, 0x000000070f300000|  0%| F|  |TAMS 0x000000070f200000, 0x000000070f200000| Untracked 
| 177|0x000000070f300000, 0x000000070f300000, 0x000000070f400000|  0%| F|  |TAMS 0x000000070f300000, 0x000000070f300000| Untracked 
| 178|0x000000070f400000, 0x000000070f400000, 0x000000070f500000|  0%| F|  |TAMS 0x000000070f400000, 0x000000070f400000| Untracked 
| 179|0x000000070f500000, 0x000000070f500000, 0x000000070f600000|  0%| F|  |TAMS 0x000000070f500000, 0x000000070f500000| Untracked 
| 180|0x000000070f600000, 0x000000070f600000, 0x000000070f700000|  0%| F|  |TAMS 0x000000070f600000, 0x000000070f600000| Untracked 
| 181|0x000000070f700000, 0x000000070f700000, 0x000000070f800000|  0%| F|  |TAMS 0x000000070f700000, 0x000000070f700000| Untracked 
| 182|0x000000070f800000, 0x000000070f800000, 0x000000070f900000|  0%| F|  |TAMS 0x000000070f800000, 0x000000070f800000| Untracked 
| 183|0x000000070f900000, 0x000000070f900000, 0x000000070fa00000|  0%| F|  |TAMS 0x000000070f900000, 0x000000070f900000| Untracked 
| 184|0x000000070fa00000, 0x000000070fa00000, 0x000000070fb00000|  0%| F|  |TAMS 0x000000070fa00000, 0x000000070fa00000| Untracked 
| 185|0x000000070fb00000, 0x000000070fb00000, 0x000000070fc00000|  0%| F|  |TAMS 0x000000070fb00000, 0x000000070fb00000| Untracked 
| 186|0x000000070fc00000, 0x000000070fc00000, 0x000000070fd00000|  0%| F|  |TAMS 0x000000070fc00000, 0x000000070fc00000| Untracked 
| 187|0x000000070fd00000, 0x000000070fd00000, 0x000000070fe00000|  0%| F|  |TAMS 0x000000070fd00000, 0x000000070fd00000| Untracked 
| 188|0x000000070fe00000, 0x000000070fe00000, 0x000000070ff00000|  0%| F|  |TAMS 0x000000070fe00000, 0x000000070fe00000| Untracked 
| 189|0x000000070ff00000, 0x000000070ff00000, 0x0000000710000000|  0%| F|  |TAMS 0x000000070ff00000, 0x000000070ff00000| Untracked 
| 190|0x0000000710000000, 0x0000000710000000, 0x0000000710100000|  0%| F|  |TAMS 0x0000000710000000, 0x0000000710000000| Untracked 
| 191|0x0000000710100000, 0x0000000710100000, 0x0000000710200000|  0%| F|  |TAMS 0x0000000710100000, 0x0000000710100000| Untracked 
| 192|0x0000000710200000, 0x0000000710200000, 0x0000000710300000|  0%| F|  |TAMS 0x0000000710200000, 0x0000000710200000| Untracked 
| 193|0x0000000710300000, 0x0000000710300000, 0x0000000710400000|  0%| F|  |TAMS 0x0000000710300000, 0x0000000710300000| Untracked 
| 194|0x0000000710400000, 0x0000000710400000, 0x0000000710500000|  0%| F|  |TAMS 0x0000000710400000, 0x0000000710400000| Untracked 
| 195|0x0000000710500000, 0x0000000710500000, 0x0000000710600000|  0%| F|  |TAMS 0x0000000710500000, 0x0000000710500000| Untracked 
| 196|0x0000000710600000, 0x0000000710600000, 0x0000000710700000|  0%| F|  |TAMS 0x0000000710600000, 0x0000000710600000| Untracked 
| 197|0x0000000710700000, 0x0000000710700000, 0x0000000710800000|  0%| F|  |TAMS 0x0000000710700000, 0x0000000710700000| Untracked 
| 198|0x0000000710800000, 0x0000000710800000, 0x0000000710900000|  0%| F|  |TAMS 0x0000000710800000, 0x0000000710800000| Untracked 
| 199|0x0000000710900000, 0x0000000710900000, 0x0000000710a00000|  0%| F|  |TAMS 0x0000000710900000, 0x0000000710900000| Untracked 
| 200|0x0000000710a00000, 0x0000000710a00000, 0x0000000710b00000|  0%| F|  |TAMS 0x0000000710a00000, 0x0000000710a00000| Untracked 
| 201|0x0000000710b00000, 0x0000000710b00000, 0x0000000710c00000|  0%| F|  |TAMS 0x0000000710b00000, 0x0000000710b00000| Untracked 
| 202|0x0000000710c00000, 0x0000000710c00000, 0x0000000710d00000|  0%| F|  |TAMS 0x0000000710c00000, 0x0000000710c00000| Untracked 
| 203|0x0000000710d00000, 0x0000000710d00000, 0x0000000710e00000|  0%| F|  |TAMS 0x0000000710d00000, 0x0000000710d00000| Untracked 
| 204|0x0000000710e00000, 0x0000000710e00000, 0x0000000710f00000|  0%| F|  |TAMS 0x0000000710e00000, 0x0000000710e00000| Untracked 
| 205|0x0000000710f00000, 0x0000000710f00000, 0x0000000711000000|  0%| F|  |TAMS 0x0000000710f00000, 0x0000000710f00000| Untracked 
| 206|0x0000000711000000, 0x0000000711000000, 0x0000000711100000|  0%| F|  |TAMS 0x0000000711000000, 0x0000000711000000| Untracked 
| 207|0x0000000711100000, 0x0000000711100000, 0x0000000711200000|  0%| F|  |TAMS 0x0000000711100000, 0x0000000711100000| Untracked 
| 208|0x0000000711200000, 0x0000000711200000, 0x0000000711300000|  0%| F|  |TAMS 0x0000000711200000, 0x0000000711200000| Untracked 
| 209|0x0000000711300000, 0x0000000711300000, 0x0000000711400000|  0%| F|  |TAMS 0x0000000711300000, 0x0000000711300000| Untracked 
| 210|0x0000000711400000, 0x0000000711400000, 0x0000000711500000|  0%| F|  |TAMS 0x0000000711400000, 0x0000000711400000| Untracked 
| 211|0x0000000711500000, 0x0000000711500000, 0x0000000711600000|  0%| F|  |TAMS 0x0000000711500000, 0x0000000711500000| Untracked 
| 212|0x0000000711600000, 0x0000000711600000, 0x0000000711700000|  0%| F|  |TAMS 0x0000000711600000, 0x0000000711600000| Untracked 
| 213|0x0000000711700000, 0x0000000711700000, 0x0000000711800000|  0%| F|  |TAMS 0x0000000711700000, 0x0000000711700000| Untracked 
| 214|0x0000000711800000, 0x0000000711800000, 0x0000000711900000|  0%| F|  |TAMS 0x0000000711800000, 0x0000000711800000| Untracked 
| 215|0x0000000711900000, 0x0000000711900000, 0x0000000711a00000|  0%| F|  |TAMS 0x0000000711900000, 0x0000000711900000| Untracked 
| 216|0x0000000711a00000, 0x0000000711a00000, 0x0000000711b00000|  0%| F|  |TAMS 0x0000000711a00000, 0x0000000711a00000| Untracked 
| 217|0x0000000711b00000, 0x0000000711b00000, 0x0000000711c00000|  0%| F|  |TAMS 0x0000000711b00000, 0x0000000711b00000| Untracked 
| 218|0x0000000711c00000, 0x0000000711c00000, 0x0000000711d00000|  0%| F|  |TAMS 0x0000000711c00000, 0x0000000711c00000| Untracked 
| 219|0x0000000711d00000, 0x0000000711d00000, 0x0000000711e00000|  0%| F|  |TAMS 0x0000000711d00000, 0x0000000711d00000| Untracked 
| 220|0x0000000711e00000, 0x0000000711e00000, 0x0000000711f00000|  0%| F|  |TAMS 0x0000000711e00000, 0x0000000711e00000| Untracked 
| 221|0x0000000711f00000, 0x0000000711f00000, 0x0000000712000000|  0%| F|  |TAMS 0x0000000711f00000, 0x0000000711f00000| Untracked 
| 222|0x0000000712000000, 0x0000000712000000, 0x0000000712100000|  0%| F|  |TAMS 0x0000000712000000, 0x0000000712000000| Untracked 
| 223|0x0000000712100000, 0x0000000712100000, 0x0000000712200000|  0%| F|  |TAMS 0x0000000712100000, 0x0000000712100000| Untracked 
| 224|0x0000000712200000, 0x0000000712200000, 0x0000000712300000|  0%| F|  |TAMS 0x0000000712200000, 0x0000000712200000| Untracked 
| 225|0x0000000712300000, 0x0000000712300000, 0x0000000712400000|  0%| F|  |TAMS 0x0000000712300000, 0x0000000712300000| Untracked 
| 226|0x0000000712400000, 0x0000000712400000, 0x0000000712500000|  0%| F|  |TAMS 0x0000000712400000, 0x0000000712400000| Untracked 
| 227|0x0000000712500000, 0x0000000712500000, 0x0000000712600000|  0%| F|  |TAMS 0x0000000712500000, 0x0000000712500000| Untracked 
| 228|0x0000000712600000, 0x0000000712600000, 0x0000000712700000|  0%| F|  |TAMS 0x0000000712600000, 0x0000000712600000| Untracked 
| 229|0x0000000712700000, 0x0000000712700000, 0x0000000712800000|  0%| F|  |TAMS 0x0000000712700000, 0x0000000712700000| Untracked 
| 230|0x0000000712800000, 0x0000000712800000, 0x0000000712900000|  0%| F|  |TAMS 0x0000000712800000, 0x0000000712800000| Untracked 
| 231|0x0000000712900000, 0x0000000712900000, 0x0000000712a00000|  0%| F|  |TAMS 0x0000000712900000, 0x0000000712900000| Untracked 
| 232|0x0000000712a00000, 0x0000000712a00000, 0x0000000712b00000|  0%| F|  |TAMS 0x0000000712a00000, 0x0000000712a00000| Untracked 
| 233|0x0000000712b00000, 0x0000000712b00000, 0x0000000712c00000|  0%| F|  |TAMS 0x0000000712b00000, 0x0000000712b00000| Untracked 
| 234|0x0000000712c00000, 0x0000000712c00000, 0x0000000712d00000|  0%| F|  |TAMS 0x0000000712c00000, 0x0000000712c00000| Untracked 
| 235|0x0000000712d00000, 0x0000000712d00000, 0x0000000712e00000|  0%| F|  |TAMS 0x0000000712d00000, 0x0000000712d00000| Untracked 
| 236|0x0000000712e00000, 0x0000000712f00000, 0x0000000712f00000|100%| S|CS|TAMS 0x0000000712e00000, 0x0000000712e00000| Complete 
| 237|0x0000000712f00000, 0x0000000713000000, 0x0000000713000000|100%| S|CS|TAMS 0x0000000712f00000, 0x0000000712f00000| Complete 
| 238|0x0000000713000000, 0x0000000713000000, 0x0000000713100000|  0%| F|  |TAMS 0x0000000713000000, 0x0000000713000000| Untracked 
| 239|0x0000000713100000, 0x0000000713100000, 0x0000000713200000|  0%| F|  |TAMS 0x0000000713100000, 0x0000000713100000| Untracked 
| 240|0x0000000713200000, 0x0000000713200000, 0x0000000713300000|  0%| F|  |TAMS 0x0000000713200000, 0x0000000713200000| Untracked 
| 241|0x0000000713300000, 0x0000000713300000, 0x0000000713400000|  0%| F|  |TAMS 0x0000000713300000, 0x0000000713300000| Untracked 
| 242|0x0000000713400000, 0x0000000713400000, 0x0000000713500000|  0%| F|  |TAMS 0x0000000713400000, 0x0000000713400000| Untracked 
| 243|0x0000000713500000, 0x0000000713500000, 0x0000000713600000|  0%| F|  |TAMS 0x0000000713500000, 0x0000000713500000| Untracked 
| 244|0x0000000713600000, 0x0000000713600000, 0x0000000713700000|  0%| F|  |TAMS 0x0000000713600000, 0x0000000713600000| Untracked 
| 245|0x0000000713700000, 0x0000000713700000, 0x0000000713800000|  0%| F|  |TAMS 0x0000000713700000, 0x0000000713700000| Untracked 
| 246|0x0000000713800000, 0x0000000713800000, 0x0000000713900000|  0%| F|  |TAMS 0x0000000713800000, 0x0000000713800000| Untracked 
| 247|0x0000000713900000, 0x0000000713900000, 0x0000000713a00000|  0%| F|  |TAMS 0x0000000713900000, 0x0000000713900000| Untracked 
| 248|0x0000000713a00000, 0x0000000713a5e8a0, 0x0000000713b00000| 36%| E|  |TAMS 0x0000000713a00000, 0x0000000713a00000| Complete 
| 249|0x0000000713b00000, 0x0000000713c00000, 0x0000000713c00000|100%| E|CS|TAMS 0x0000000713b00000, 0x0000000713b00000| Complete 
| 250|0x0000000713c00000, 0x0000000713d00000, 0x0000000713d00000|100%| E|CS|TAMS 0x0000000713c00000, 0x0000000713c00000| Complete 
| 251|0x0000000713d00000, 0x0000000713e00000, 0x0000000713e00000|100%| E|CS|TAMS 0x0000000713d00000, 0x0000000713d00000| Complete 

Card table byte_map: [0x000001893b0f0000,0x000001893b8d0000] _byte_map_base: 0x00000189378cf000

Marking Bits (Prev, Next): (CMBitMap*) 0x0000018924297158, (CMBitMap*) 0x0000018924297190
 Prev Bits: [0x000001893c0b0000, 0x000001893ffa8000)
 Next Bits: [0x000001893ffb0000, 0x0000018943ea8000)

Polling page: 0x00000189223d0000

Metaspace:

Usage:
  Non-class:     13.77 MB capacity,    13.58 MB ( 99%) used,   156.09 KB (  1%) free+waste,    40.94 KB ( <1%) overhead. 
      Class:      1.81 MB capacity,     1.65 MB ( 91%) used,   150.32 KB (  8%) free+waste,    22.06 KB (  1%) overhead. 
       Both:     15.58 MB capacity,    15.22 MB ( 98%) used,   306.41 KB (  2%) free+waste,    63.00 KB ( <1%) overhead. 

Virtual space:
  Non-class space:       14.00 MB reserved,      14.00 MB (100%) committed 
      Class space:        1.00 GB reserved,       1.88 MB ( <1%) committed 
             Both:        1.01 GB reserved,      15.88 MB (  2%) committed 

Chunk freelists:
   Non-Class:  5.75 KB
       Class:  3.75 KB
        Both:  9.50 KB

CodeHeap 'non-profiled nmethods': size=120064Kb used=344Kb max_used=344Kb free=119719Kb
 bounds [0x00000189333d0000, 0x0000018933640000, 0x000001893a910000]
CodeHeap 'profiled nmethods': size=120000Kb used=2034Kb max_used=2034Kb free=117965Kb
 bounds [0x000001892bea0000, 0x000001892c110000, 0x00000189333d0000]
CodeHeap 'non-nmethods': size=5696Kb used=1187Kb max_used=1191Kb free=4508Kb
 bounds [0x000001892b910000, 0x000001892bb80000, 0x000001892bea0000]
 total_blobs=1649 nmethods=1109 adapters=452
 compilation: enabled
              stopped_count=0, restarted_count=0
 full_count=0

Compilation events (10 events):
Event: 0.649 Thread 0x0000018946cc3000 nmethod 917 0x000001892c032a10 code [0x000001892c032ce0, 0x000001892c033e38]
Event: 0.649 Thread 0x0000018946cc3000  920       3       sun.util.locale.ParseStatus::isError (13 bytes)
Event: 0.649 Thread 0x0000018946cc3000 nmethod 920 0x000001892c034510 code [0x000001892c0346a0, 0x000001892c0347f8]
Event: 0.649 Thread 0x0000018946cc3000  918       1       sun.util.locale.StringTokenIterator::currentEnd (5 bytes)
Event: 0.649 Thread 0x0000018946cc3000 nmethod 918 0x0000018933418e90 code [0x0000018933419020, 0x00000189334190d8]
Event: 0.649 Thread 0x0000018946cc3000  922       1       sun.util.locale.LanguageTag::getLanguage (5 bytes)
Event: 0.650 Thread 0x0000018946cc3000 nmethod 922 0x0000018933419190 code [0x0000018933419320, 0x00000189334193d8]
Event: 0.650 Thread 0x0000018946cc3000  926       3       sun.util.locale.LocaleObjectCache$CacheEntry::<init> (12 bytes)
Event: 0.650 Thread 0x0000018946cc3000 nmethod 926 0x000001892c034890 code [0x000001892c034a40, 0x000001892c034df8]
Event: 0.650 Thread 0x0000018946cc3000  927       3       sun.util.locale.LocaleUtils::toLowerString (95 bytes)

GC Heap History (0 events):
No events

Deoptimization events (5 events):
Event: 0.106 Thread 0x0000018924235800 Uncommon trap: reason=unstable_if action=reinterpret pc=0x00000189333d4f18 method=java.lang.String.hashCode()I @ 14 c2
Event: 0.109 Thread 0x0000018924235800 Uncommon trap: reason=unstable_if action=reinterpret pc=0x00000189333d2558 method=java.lang.String.isLatin1()Z @ 10 c2
Event: 0.111 Thread 0x0000018924235800 Uncommon trap: reason=unstable_if action=reinterpret pc=0x00000189333d5774 method=java.lang.String.isLatin1()Z @ 10 c2
Event: 0.646 Thread 0x00000189475a9000 Uncommon trap: reason=bimorphic_or_optimized_type_check action=maybe_recompile pc=0x0000018933408988 method=java.util.concurrent.ConcurrentHashMap.get(Ljava/lang/Object;)Ljava/lang/Object; @ 149 c2
Event: 0.648 Thread 0x00000189475a9000 Uncommon trap: reason=bimorphic_or_optimized_type_check action=maybe_recompile pc=0x0000018933408988 method=java.util.concurrent.ConcurrentHashMap.get(Ljava/lang/Object;)Ljava/lang/Object; @ 149 c2

Classes redefined (0 events):
No events

Internal exceptions (10 events):
Event: 0.529 Thread 0x0000018924235800 Exception <a 'java/lang/ClassNotFoundException'{0x0000000713206348}: javax/swing/JTreeCell> (0x0000000713206348) thrown at [./open/src/hotspot/share/classfile/systemDictionary.cpp, line 226]
Event: 0.529 Thread 0x0000018924235800 Exception <a 'java/lang/ClassNotFoundException'{0x0000000713206648}: TreeCell> (0x0000000713206648) thrown at [./open/src/hotspot/share/classfile/systemDictionary.cpp, line 226]
Event: 0.530 Thread 0x0000018924235800 Exception <a 'java/lang/ClassNotFoundException'{0x0000000713206e18}: RootPane> (0x0000000713206e18) thrown at [./open/src/hotspot/share/classfile/systemDictionary.cpp, line 226]
Event: 0.531 Thread 0x0000018924235800 Exception <a 'java/lang/ClassNotFoundException'{0x0000000713209cc8}: com/sun/swing/internal/plaf/metal/resources/spi/metalProvider> (0x0000000713209cc8) thrown at [./open/src/hotspot/share/classfile/systemDictionary.cpp, line 226]
Event: 0.532 Thread 0x0000018924235800 Exception <a 'java/lang/ClassNotFoundException'{0x000000071320e040}: com/sun/swing/internal/plaf/basic/resources/spi/basicProvider> (0x000000071320e040) thrown at [./open/src/hotspot/share/classfile/systemDictionary.cpp, line 226]
Event: 0.536 Thread 0x0000018924235800 Exception <a 'java/lang/NoSuchMethodError'{0x000000071324a7a8}: java.lang.invoke.DirectMethodHandle$Holder.invokeStatic(Ljava/lang/Object;Ljava/lang/Object;Ljava/lang/Object;Ljava/lang/Object;Ljava/lang/Object;Ljava/lang/Object;Ljava/lang/Object;Ljava/lan
Event: 0.538 Thread 0x0000018924235800 Exception <a 'java/lang/NoSuchMethodError'{0x00000007132686a0}: java.lang.invoke.DirectMethodHandle$Holder.invokeStatic(Ljava/lang/Object;Ljava/lang/Object;Ljava/lang/Object;Ljava/lang/Object;Ljava/lang/Object;Ljava/lang/Object;Ljava/lang/Object;Ljava/lan
Event: 0.540 Thread 0x0000018924235800 Exception <a 'java/lang/NoSuchMethodError'{0x0000000713287428}: java.lang.invoke.DirectMethodHandle$Holder.invokeStatic(Ljava/lang/Object;Ljava/lang/Object;Ljava/lang/Object;Ljava/lang/Object;Ljava/lang/Object;Ljava/lang/Object;Ljava/lang/Object;Ljava/lan
Event: 0.544 Thread 0x0000018924235800 Exception <a 'java/lang/NoSuchMethodError'{0x00000007132a7aa8}: java.lang.invoke.DirectMethodHandle$Holder.invokeStatic(Ljava/lang/Object;Ljava/lang/Object;Ljava/lang/Object;Ljava/lang/Object;Ljava/lang/Object;Ljava/lang/Object;Ljava/lang/Object;Ljava/lan
Event: 0.569 Thread 0x0000018947554800 Exception <a 'java/lang/ClassNotFoundException'{0x0000000713158af8}: com/sun/swing/internal/plaf/synth/resources/spi/synthProvider> (0x0000000713158af8) thrown at [./open/src/hotspot/share/classfile/systemDictionary.cpp, line 226]

Events (10 events):
Event: 0.646 Thread 0x00000189475a9000 Uncommon trap: trap_request=0xffffffc6 fr.pc=0x0000018933408988 relative=0x0000000000000b08
Event: 0.646 Thread 0x00000189475a9000 DEOPT PACKING pc=0x0000018933408988 sp=0x00000052a35fe290
Event: 0.646 Thread 0x00000189475a9000 DEOPT UNPACKING pc=0x000001892b9368af sp=0x00000052a35fe230 mode 2
Event: 0.646 loading class sun/util/cldr/CLDRCalendarDataProviderImpl
Event: 0.646 loading class sun/util/locale/provider/CalendarDataProviderImpl
Event: 0.646 loading class sun/util/locale/provider/CalendarDataProviderImpl done
Event: 0.646 loading class sun/util/cldr/CLDRCalendarDataProviderImpl done
Event: 0.648 Thread 0x00000189475a9000 Uncommon trap: trap_request=0xffffffc6 fr.pc=0x0000018933408988 relative=0x0000000000000b08
Event: 0.648 Thread 0x00000189475a9000 DEOPT PACKING pc=0x0000018933408988 sp=0x00000052a35fe300
Event: 0.648 Thread 0x00000189475a9000 DEOPT UNPACKING pc=0x000001892b9368af sp=0x00000052a35fe2a0 mode 2


Dynamic libraries:
0x00007ff7a7dd0000 - 0x00007ff7a7de0000 	C:\Program Files\Java\jdk-11\bin\java.exe
0x00007ffb72dd0000 - 0x00007ffb72fc8000 	C:\Windows\SYSTEM32\ntdll.dll
0x00007ffb4a470000 - 0x00007ffb4a489000 	C:\Program Files\AVG\Antivirus\aswhook.dll
0x00007ffb712c0000 - 0x00007ffb7137f000 	C:\Windows\System32\KERNEL32.DLL
0x00007ffb705a0000 - 0x00007ffb70872000 	C:\Windows\System32\KERNELBASE.dll
0x00007ffb70ae0000 - 0x00007ffb70be0000 	C:\Windows\System32\ucrtbase.dll
0x00007ffb6e4f0000 - 0x00007ffb6e50b000 	C:\Program Files\Java\jdk-11\bin\VCRUNTIME140.dll
0x00007ffb5bee0000 - 0x00007ffb5bef8000 	C:\Program Files\Java\jdk-11\bin\jli.dll
0x00007ffb72ce0000 - 0x00007ffb72d8e000 	C:\Windows\System32\ADVAPI32.dll
0x00007ffb72920000 - 0x00007ffb729be000 	C:\Windows\System32\msvcrt.dll
0x00007ffb729c0000 - 0x00007ffb72a5c000 	C:\Windows\System32\sechost.dll
0x00007ffb72b80000 - 0x00007ffb72ca5000 	C:\Windows\System32\RPCRT4.dll
0x00007ffb71d00000 - 0x00007ffb71ea1000 	C:\Windows\System32\USER32.dll
0x00007ffb704d0000 - 0x00007ffb704f2000 	C:\Windows\System32\win32u.dll
0x00007ffb6f860000 - 0x00007ffb6fafa000 	C:\Windows\WinSxS\amd64_microsoft.windows.common-controls_6595b64144ccf1df_6.0.19041.1110_none_60b5254171f9507e\COMCTL32.dll
0x00007ffb71780000 - 0x00007ffb717ab000 	C:\Windows\System32\GDI32.dll
0x00007ffb70c10000 - 0x00007ffb70d1f000 	C:\Windows\System32\gdi32full.dll
0x00007ffb70500000 - 0x00007ffb7059d000 	C:\Windows\System32\msvcp_win.dll
0x00007ffb693e0000 - 0x00007ffb693ea000 	C:\Windows\SYSTEM32\VERSION.dll
0x00007ffb72cb0000 - 0x00007ffb72ce0000 	C:\Windows\System32\IMM32.DLL
0x00007ffb6e4e0000 - 0x00007ffb6e4ec000 	C:\Program Files\Java\jdk-11\bin\vcruntime140_1.dll
0x00007ffb6e1d0000 - 0x00007ffb6e25e000 	C:\Program Files\Java\jdk-11\bin\msvcp140.dll
0x00007ffb1e780000 - 0x00007ffb1f2e8000 	C:\Program Files\Java\jdk-11\bin\server\jvm.dll
0x00007ffb71810000 - 0x00007ffb71818000 	C:\Windows\System32\PSAPI.DLL
0x00007ffb5f970000 - 0x00007ffb5f997000 	C:\Windows\SYSTEM32\WINMM.dll
0x00007ffb5dbc0000 - 0x00007ffb5dbc9000 	C:\Windows\SYSTEM32\WSOCK32.dll
0x00007ffb72b10000 - 0x00007ffb72b7b000 	C:\Windows\System32\WS2_32.dll
0x00007ffb6d690000 - 0x00007ffb6d6a2000 	C:\Windows\SYSTEM32\kernel.appcore.dll
0x00007ffb6e460000 - 0x00007ffb6e470000 	C:\Program Files\Java\jdk-11\bin\verify.dll
0x00007ffb6fdf0000 - 0x00007ffb6ffd4000 	C:\Windows\SYSTEM32\DBGHELP.DLL
0x00007ffb6fc10000 - 0x00007ffb6fc45000 	C:\Windows\SYSTEM32\dbgcore.DLL
0x00007ffb70880000 - 0x00007ffb70902000 	C:\Windows\System32\bcryptPrimitives.dll
0x00007ffb6e470000 - 0x00007ffb6e498000 	C:\Program Files\Java\jdk-11\bin\java.dll
0x00007ffb6e450000 - 0x00007ffb6e45a000 	C:\Program Files\Java\jdk-11\bin\jimage.dll
0x00007ffb6e430000 - 0x00007ffb6e447000 	C:\Program Files\Java\jdk-11\bin\zip.dll
0x00007ffb721d0000 - 0x00007ffb72915000 	C:\Windows\System32\SHELL32.dll
0x00007ffb6d890000 - 0x00007ffb6e022000 	C:\Windows\SYSTEM32\windows.storage.dll
0x00007ffb70e20000 - 0x00007ffb71175000 	C:\Windows\System32\combase.dll
0x00007ffb6f7c0000 - 0x00007ffb6f7f0000 	C:\Windows\SYSTEM32\Wldp.dll
0x00007ffb71eb0000 - 0x00007ffb71f5d000 	C:\Windows\System32\SHCORE.dll
0x00007ffb717b0000 - 0x00007ffb71805000 	C:\Windows\System32\shlwapi.dll
0x00007ffb70410000 - 0x00007ffb7042f000 	C:\Windows\SYSTEM32\profapi.dll
0x00007ffb6e410000 - 0x00007ffb6e429000 	C:\Program Files\Java\jdk-11\bin\net.dll
0x00007ffb66bd0000 - 0x00007ffb66cda000 	C:\Windows\SYSTEM32\WINHTTP.dll
0x00007ffb6f4d0000 - 0x00007ffb6f53a000 	C:\Windows\system32\mswsock.dll
0x00007ffb6e3f0000 - 0x00007ffb6e402000 	C:\Program Files\Java\jdk-11\bin\nio.dll
0x00007ffb6e260000 - 0x00007ffb6e3e2000 	C:\Program Files\Java\jdk-11\bin\awt.dll
0x00007ffb71380000 - 0x00007ffb7144d000 	C:\Windows\System32\OLEAUT32.dll
0x00007ffb6d1a0000 - 0x00007ffb6d230000 	C:\Windows\SYSTEM32\apphelp.dll
0x00007ffb6d2a0000 - 0x00007ffb6d33e000 	C:\Windows\system32\uxtheme.dll
0x00007ffb71500000 - 0x00007ffb71614000 	C:\Windows\System32\MSCTF.dll
0x00007ffb71190000 - 0x00007ffb712ba000 	C:\Windows\System32\ole32.dll
0x00007ffb6d580000 - 0x00007ffb6d5af000 	C:\Windows\system32\DWMAPI.DLL
0x00007ffb6e140000 - 0x00007ffb6e1c6000 	C:\Program Files\Java\jdk-11\bin\freetype.dll
0x00007ffb6e070000 - 0x00007ffb6e135000 	C:\Program Files\Java\jdk-11\bin\fontmanager.dll
0x00007ffb44440000 - 0x00007ffb44565000 	C:\Windows\system32\opengl32.dll
0x00007ffb44680000 - 0x00007ffb446ac000 	C:\Windows\SYSTEM32\GLU32.dll

dbghelp: loaded successfully - version: 4.0.5 - missing functions: none
symbol engine: initialized successfully - sym options: 0x614 - pdb path: .;C:\Program Files\Java\jdk-11\bin;C:\Windows\SYSTEM32;C:\Program Files\AVG\Antivirus;C:\Windows\WinSxS\amd64_microsoft.windows.common-controls_6595b64144ccf1df_6.0.19041.1110_none_60b5254171f9507e;C:\Program Files\Java\jdk-11\bin\server

VM Arguments:
jvm_args: -Dfile.encoding=UTF-8 
java_command: VIsta.Programa.JframePrincipal
java_class_path (initial): C:\Program Files\NetBeans-15\netbeans\java\modules\ext\AbsoluteLayout.jar;C:\Users\Pao\Documents\librerias\KControls-2.0.jar;C:\Users\Pao\Documents\librerias\RSScaleLabel.jar;C:\Users\Pao\Documents\librerias\javax.activation-1.2.0.jar;C:\Users\Pao\Documents\librerias\javax.mail.jar;C:\Users\Pao\Documents\librerias\jcalendar-1.4.jar;C:\Users\Pao\Documents\librerias\mssql-jdbc-12.2.0.jre11.jar;C:\Users\Pao\Documents\librerias\Librerias para reportes\AbsoluteLayout.jar;C:\Users\Pao\Documents\librerias\Librerias para reportes\commons-beanutils-1.9.4.jar;C:\Users\Pao\Documents\librerias\Librerias para reportes\commons-codec-1.10.jar;C:\Users\Pao\Documents\librerias\Librerias para reportes\commons-collections4-4.1.jar;C:\Users\Pao\Documents\librerias\Librerias para reportes\commons-digester-2.1.jar;C:\Users\Pao\Documents\librerias\Librerias para reportes\commons-logging-1.2.jar;C:\Users\Pao\Documents\librerias\Librerias para reportes\groovy-all-2.4.5.jar;C:\Users\Pao\Documents\librerias\Librerias para reportes\itext-pdfa-5.5.4.jar;C:\Users\Pao\Documents\librerias\Librerias para reportes\itextpdf-5.5.4.jar;C:\Users\Pao\Documents\librerias\Librerias para reportes\jasperreports-6.20.5.jar;C:\Users\Pao\Documents\librerias\Librerias para reportes\jfreechart-1.0.12.jar;C:\Users\Pao\Documents\librerias\Librerias para reportes\junit-4.12.jar;C:\Users\Pao\Documents\librerias\Librerias para reportes\log4j-1.2.17.jar;C:\Users\Pao\Documents\librerias\Librerias para reportes\poi-3.16.jar;C:\Users\Pao\Documents\librerias\Librerias para reportes\poi-excelant-3.16.jar;C:\Users\Pao\Documents\librerias\Librerias para reportes\poi-ooxml-3.16.jar;C:\Users\Pao\Documents\librerias\Librerias para reportes\poi-ooxml-schemas-3.16.jar;C:\Users\Pao\Documents\librerias\Librerias para reportes\poi-scratchpad-3.16.jar;C:\Users\Pao\Documents\librerias\Librerias para reportes\xmlbeans-2.6.0.jar;C:\Users\Pao\Documents\librerias\jar_files\commons-codec-1.15.jar;C:\Users\Pao\Do
Launcher Type: SUN_STANDARD

[Global flags]
     intx CICompilerCount                          = 3                                         {product} {ergonomic}
     uint ConcGCThreads                            = 1                                         {product} {ergonomic}
     uint G1ConcRefinementThreads                  = 4                                         {product} {ergonomic}
   size_t G1HeapRegionSize                         = 1048576                                   {product} {ergonomic}
    uintx GCDrainStackTargetSize                   = 64                                        {product} {ergonomic}
   size_t InitialHeapSize                          = 264241152                                 {product} {ergonomic}
   size_t MarkStackSize                            = 4194304                                   {product} {ergonomic}
   size_t MaxHeapSize                              = 4225761280                                {product} {ergonomic}
   size_t MaxNewSize                               = 2535456768                                {product} {ergonomic}
   size_t MinHeapDeltaBytes                        = 1048576                                   {product} {ergonomic}
    uintx NonNMethodCodeHeapSize                   = 5830732                                {pd product} {ergonomic}
    uintx NonProfiledCodeHeapSize                  = 122913754                              {pd product} {ergonomic}
    uintx ProfiledCodeHeapSize                     = 122913754                              {pd product} {ergonomic}
    uintx ReservedCodeCacheSize                    = 251658240                              {pd product} {ergonomic}
     bool SegmentedCodeCache                       = true                                      {product} {ergonomic}
     bool UseCompressedClassPointers               = true                                 {lp64_product} {ergonomic}
     bool UseCompressedOops                        = true                                 {lp64_product} {ergonomic}
     bool UseG1GC                                  = true                                      {product} {ergonomic}
     bool UseLargePagesIndividualAllocation        = false                                  {pd product} {ergonomic}

Logging:
Log output configuration:
 #0: stdout all=warning uptime,level,tags
 #1: stderr all=off uptime,level,tags

Environment Variables:
PATH=C:\Program Files\Microsoft MPI\Bin\;C:\Program Files\Common Files\Oracle\Java\javapath;C:\Windows\system32;C:\Windows;C:\Windows\System32\Wbem;C:\Windows\System32\WindowsPowerShell\v1.0\;C:\Windows\System32\OpenSSH\;C:\Program Files\Azure Data Studio\bin;C:\Program Files (x86)\Microsoft SQL Server\160\Tools\Binn\;C:\Program Files\Microsoft SQL Server\160\Tools\Binn\;C:\Program Files\Microsoft SQL Server\Client SDK\ODBC\170\Tools\Binn\;C:\Program Files\Microsoft SQL Server\160\DTS\Binn\;C:\Program Files (x86)\Microsoft SQL Server\160\DTS\Binn\;C:\Program Files (x86)\HP\Common\HPDestPlgIn\;C:\Users\Pao\AppData\Local\Microsoft\WindowsApps;;C:\Program Files\Azure Data Studio\bin
USERNAME=Pao
OS=Windows_NT
PROCESSOR_IDENTIFIER=Intel64 Family 6 Model 78 Stepping 3, GenuineIntel



---------------  S Y S T E M  ---------------

OS: Windows 10 , 64 bit Build 19041 (10.0.19041.2546)

CPU:total 4 (initial active 4) (2 cores per cpu, 2 threads per core) family 6 model 78 stepping 3 microcode 0xf0, cmov, cx8, fxsr, mmx, sse, sse2, sse3, ssse3, sse4.1, sse4.2, popcnt, avx, avx2, aes, clmul, erms, rtm, 3dnowpref, lzcnt, ht, tsc, tscinvbit, bmi1, bmi2, adx, fma

Memory: 4k page, system-wide physical 16118M (8633M free)
TotalPageFile size 18550M (AvailPageFile size 10641M)
current process WorkingSet (physical memory assigned to process): 95M, peak: 95M
current process commit charge ("private bytes"): 358M, peak: 358M

vm_info: Java HotSpot(TM) 64-Bit Server VM (11.0.18+9-LTS-195) for windows-amd64 JRE (11.0.18+9-LTS-195), built on Dec  6 2022 15:50:58 by "mach5one" with MS VC++ 17.1 (VS2022)

END.
