#
# A fatal error has been detected by the Java Runtime Environment:
#
#  EXCEPTION_ACCESS_VIOLATION (0xc0000005) at pc=0x0000000000000050, pid=12972, tid=12696
#
# JRE version: Java(TM) SE Runtime Environment 18.9 (11.0.18+9) (build 11.0.18+9-LTS-195)
# Java VM: Java HotSpot(TM) 64-Bit Server VM 18.9 (11.0.18+9-LTS-195, mixed mode, tiered, compressed oops, g1 gc, windows-amd64)
# Problematic frame:
# C  0x0000000000000050
#
# No core dump will be written. Minidumps are not enabled by default on client versions of Windows
#
# If you would like to submit a bug report, please visit:
#   https://bugreport.java.com/bugreport/crash.jsp
#

---------------  S U M M A R Y ------------

Command Line: -Dfile.encoding=UTF-8 VIsta.RecuperarContra

Host: Intel(R) Core(TM) i5-6300U CPU @ 2.40GHz, 4 cores, 15G,  Windows 10 , 64 bit Build 19041 (10.0.19041.2546)
Time: Tue Jul 25 21:17:21 2023 Hora estándar, América Central elapsed time: 13.907180 seconds (0d 0h 0m 13s)

---------------  T H R E A D  ---------------

Current thread (0x000001adff858800):  GCTaskThread "GC Thread#0" [stack: 0x0000009c3d000000,0x0000009c3d100000] [id=12696]

Stack: [0x0000009c3d000000,0x0000009c3d100000],  sp=0x0000009c3d0ff278,  free space=1020k
Native frames: (J=compiled Java code, j=interpreted, Vv=VM code, C=native code)
C  0x0000000000000050


siginfo: EXCEPTION_ACCESS_VIOLATION (0xc0000005), data execution prevention violation at address 0x0000000000000050


Register to memory mapping:

RIP=0x0000000000000050 is an unknown value
RAX=0x00000000000001ad is an unknown value
RBX=0x0000000000000001 is an unknown value
RCX=0x000001ada5cafec0 points into unknown readable memory: 0x00007ffcaf166f40 | 40 6f 16 af fc 7f 00 00
RDX=0x00000007112950f8 is an oop: 
[error occurred during error reporting (printing register info), id 0xc0000005, EXCEPTION_ACCESS_VIOLATION (0xc0000005) at pc=0x00007ffcaef0a92d]

Registers:
RAX=0x00000000000001ad, RBX=0x0000000000000001, RCX=0x000001ada5cafec0, RDX=0x00000007112950f8
RSP=0x0000009c3d0ff278, RBP=0x000001ada5cafd50, RSI=0x00000007112950f8, RDI=0x0000000000000001
R8 =0x0000000800011190, R9 =0x00007ffcae8c0000, R10=0x00007ffcfe4b0000, R11=0x00007ffcfe4b15a1
R12=0x0000000000000000, R13=0x0000000000000014, R14=0x00000007131c4d38, R15=0x0000000000000009
RIP=0x0000000000000050, EFLAGS=0x0000000000010206

Top of Stack: (sp=0x0000009c3d0ff278)
0x0000009c3d0ff278:   00007ffcaebd358d 0000000000000001
0x0000009c3d0ff288:   00000007112950f8 0000000711295088
0x0000009c3d0ff298:   0000000000000020 000001ada4ba9140
0x0000009c3d0ff2a8:   000001adff84f6a0 000001ad0000000f
0x0000009c3d0ff2b8:   00007ffcaebe28a3 000001ada4807a38
0x0000009c3d0ff2c8:   000001ada4ba9140 000001ada4ba9148
0x0000009c3d0ff2d8:   0000000000000040 000001adff84f6a0
0x0000009c3d0ff2e8:   00000007131c4d38 000001ada5cafd50
0x0000009c3d0ff2f8:   00007ffcaebe1f3a 0000000000000000
0x0000009c3d0ff308:   000001ada21ded40 0000000000000009
0x0000009c3d0ff318:   0000000000000001 000001ada4807a38
0x0000009c3d0ff328:   00007ffcaea9f774 0000000000000001
0x0000009c3d0ff338:   0000000000000002 000001ada4ba9148
0x0000009c3d0ff348:   000001ada4807998 000001adff855c70
0x0000009c3d0ff358:   00007ffcaea9f5d5 0000000000000001
0x0000009c3d0ff368:   000001ada5c513b0 000001ada4ba9140 

Instructions: (pc=0x0000000000000050)
0x0000000000000030:   ?? ?? ?? ?? ?? ?? ?? ?? ?? ?? ?? ?? ?? ?? ?? ??
0x0000000000000040:   ?? ?? ?? ?? ?? ?? ?? ?? ?? ?? ?? ?? ?? ?? ?? ??
0x0000000000000050:   ?? ?? ?? ?? ?? ?? ?? ?? ?? ?? ?? ?? ?? ?? ?? ??
0x0000000000000060:   ?? ?? ?? ?? ?? ?? ?? ?? ?? ?? ?? ?? ?? ?? ?? ?? 


Stack slot to memory mapping:
stack at sp + 0 slots: 0x00007ffcaebd358d jvm.dll
stack at sp + 1 slots: 0x0000000000000001 is an unknown value
stack at sp + 2 slots: 0x00000007112950f8 is an oop: 
[error occurred during error reporting (inspecting top of stack), id 0xc0000005, EXCEPTION_ACCESS_VIOLATION (0xc0000005) at pc=0x00007ffcaef0a92d]


---------------  P R O C E S S  ---------------

Threads class SMR info:
_java_thread_list=0x000001ada33ec120, length=16, elements={
0x000001ada2a47800, 0x000001ada2a52800, 0x000001ada2aa5800, 0x000001ada2aa6800,
0x000001ada2aa8000, 0x000001ada2ab4800, 0x000001ada2ab5800, 0x000001ada2abe800,
0x000001ada2c49800, 0x000001ada320c800, 0x000001ada320d000, 0x000001ada3175800,
0x000001ada42ef000, 0x000001adff843000, 0x000001ada3406000, 0x000001ada4198000
}

Java Threads: ( => current thread )
  0x000001ada2a47800 JavaThread "Reference Handler" daemon [_thread_blocked, id=8060, stack(0x0000009c3d600000,0x0000009c3d700000)]
  0x000001ada2a52800 JavaThread "Finalizer" daemon [_thread_blocked, id=11840, stack(0x0000009c3d700000,0x0000009c3d800000)]
  0x000001ada2aa5800 JavaThread "Signal Dispatcher" daemon [_thread_blocked, id=10704, stack(0x0000009c3d800000,0x0000009c3d900000)]
  0x000001ada2aa6800 JavaThread "Attach Listener" daemon [_thread_blocked, id=11496, stack(0x0000009c3d900000,0x0000009c3da00000)]
  0x000001ada2aa8000 JavaThread "Service Thread" daemon [_thread_blocked, id=12452, stack(0x0000009c3da00000,0x0000009c3db00000)]
  0x000001ada2ab4800 JavaThread "C2 CompilerThread0" daemon [_thread_blocked, id=12532, stack(0x0000009c3db00000,0x0000009c3dc00000)]
  0x000001ada2ab5800 JavaThread "C1 CompilerThread0" daemon [_thread_blocked, id=10608, stack(0x0000009c3dc00000,0x0000009c3dd00000)]
  0x000001ada2abe800 JavaThread "Sweeper thread" daemon [_thread_blocked, id=8156, stack(0x0000009c3dd00000,0x0000009c3de00000)]
  0x000001ada2c49800 JavaThread "Common-Cleaner" daemon [_thread_blocked, id=11732, stack(0x0000009c3df00000,0x0000009c3e000000)]
  0x000001ada320c800 JavaThread "Java2D Disposer" daemon [_thread_blocked, id=7780, stack(0x0000009c3e000000,0x0000009c3e100000)]
  0x000001ada320d000 JavaThread "AWT-Shutdown" [_thread_blocked, id=5600, stack(0x0000009c3e100000,0x0000009c3e200000)]
  0x000001ada3175800 JavaThread "AWT-Windows" daemon [_thread_blocked, id=8620, stack(0x0000009c3e200000,0x0000009c3e300000)]
  0x000001ada42ef000 JavaThread "AWT-EventQueue-0" [_thread_blocked, id=11664, stack(0x0000009c3e400000,0x0000009c3e500000)]
  0x000001adff843000 JavaThread "DestroyJavaVM" [_thread_blocked, id=4880, stack(0x0000009c3cf00000,0x0000009c3d000000)]
  0x000001ada3406000 JavaThread "TimerQueue" daemon [_thread_blocked, id=12932, stack(0x0000009c3e300000,0x0000009c3e400000)]
  0x000001ada4198000 JavaThread "C2 CompilerThread1" daemon [_thread_blocked, id=11452, stack(0x0000009c3e500000,0x0000009c3e600000)]

Other Threads:
  0x000001ada2a26000 VMThread "VM Thread" [stack: 0x0000009c3d500000,0x0000009c3d600000] [id=11740]
  0x000001ada2c45000 WatcherThread [stack: 0x0000009c3de00000,0x0000009c3df00000] [id=12712]
=>0x000001adff858800 GCTaskThread "GC Thread#0" [stack: 0x0000009c3d000000,0x0000009c3d100000] [id=12696]
  0x000001ada4454000 GCTaskThread "GC Thread#1" [stack: 0x0000009c3e700000,0x0000009c3e800000] [id=7680]
  0x000001ada32ea000 GCTaskThread "GC Thread#2" [stack: 0x0000009c3e800000,0x0000009c3e900000] [id=11716]
  0x000001ada3593000 GCTaskThread "GC Thread#3" [stack: 0x0000009c3e900000,0x0000009c3ea00000] [id=12472]
  0x000001adff8b3800 ConcurrentGCThread "G1 Main Marker" [stack: 0x0000009c3d100000,0x0000009c3d200000] [id=10804]
  0x000001adff8b6800 ConcurrentGCThread "G1 Conc#0" [stack: 0x0000009c3d200000,0x0000009c3d300000] [id=13144]
  0x000001ada2086800 ConcurrentGCThread "G1 Refine#0" [stack: 0x0000009c3d300000,0x0000009c3d400000] [id=13240]
  0x000001ada3196000 ConcurrentGCThread "G1 Refine#1" [stack: 0x0000009c3ea00000,0x0000009c3eb00000] [id=208]
  0x000001ada36f9000 ConcurrentGCThread "G1 Refine#2" [stack: 0x0000009c3eb00000,0x0000009c3ec00000] [id=12480]
  0x000001ada2087800 ConcurrentGCThread "G1 Young RemSet Sampling" [stack: 0x0000009c3d400000,0x0000009c3d500000] [id=240]

Threads with active compile tasks:

VM state:at safepoint (normal execution)

VM Mutex/Monitor currently owned by a thread:  ([mutex/lock_event])
[0x000001adff83ef00] Threads_lock - owner thread: 0x000001ada2a26000
[0x000001adff83e600] Heap_lock - owner thread: 0x000001ada42ef000
[0x000001adff83df40] MultiArray_lock - owner thread: 0x000001ada42ef000
[0x000001adff83de20] Compile_lock - owner thread: 0x000001ada42ef000

Heap address: 0x0000000704200000, size: 4030 MB, Compressed Oops mode: Zero based, Oop shift amount: 3
Narrow klass base: 0x0000000800000000, Narrow klass shift: 0
Compressed class space size: 1073741824 Address: 0x0000000800000000

Heap:
 garbage-first heap   total 258048K, used 55691K [0x0000000704200000, 0x0000000800000000)
  region size 1024K, 46 young (47104K), 6 survivors (6144K)
 Metaspace       used 35093K, capacity 35778K, committed 35920K, reserved 1081344K
  class space    used 3784K, capacity 4083K, committed 4096K, reserved 1048576K
Heap Regions: E=young(eden), S=young(survivor), O=old, HS=humongous(starts), HC=humongous(continues), CS=collection set, F=free, A=archive, TAMS=top-at-mark-start (previous, next)
|   0|0x0000000704200000, 0x0000000704300000, 0x0000000704300000|100%| O|  |TAMS 0x0000000704300000, 0x0000000704300000| Untracked 
|   1|0x0000000704300000, 0x0000000704400000, 0x0000000704400000|100%| O|  |TAMS 0x0000000704400000, 0x0000000704400000| Untracked 
|   2|0x0000000704400000, 0x0000000704500000, 0x0000000704500000|100%| O|  |TAMS 0x0000000704500000, 0x0000000704500000| Untracked 
|   3|0x0000000704500000, 0x0000000704600000, 0x0000000704600000|100%|HS|  |TAMS 0x0000000704600000, 0x0000000704600000| Complete 
|   4|0x0000000704600000, 0x0000000704700000, 0x0000000704700000|100%|HC|  |TAMS 0x0000000704700000, 0x0000000704700000| Complete 
|   5|0x0000000704700000, 0x0000000704800000, 0x0000000704800000|100%|HC|  |TAMS 0x0000000704800000, 0x0000000704800000| Complete 
|   6|0x0000000704800000, 0x0000000704900000, 0x0000000704900000|100%| O|  |TAMS 0x0000000704900000, 0x0000000704900000| Untracked 
|   7|0x0000000704900000, 0x00000007049fe288, 0x0000000704a00000| 99%| O|  |TAMS 0x00000007049a3400, 0x0000000704a00000| Untracked 
|   8|0x0000000704a00000, 0x0000000704b00000, 0x0000000704b00000|100%|HS|  |TAMS 0x0000000704b00000, 0x0000000704b00000| Complete 
|   9|0x0000000704b00000, 0x0000000704c00000, 0x0000000704c00000|100%|HS|  |TAMS 0x0000000704c00000, 0x0000000704c00000| Complete 
|  10|0x0000000704c00000, 0x0000000704d00000, 0x0000000704d00000|100%|HS|  |TAMS 0x0000000704d00000, 0x0000000704d00000| Complete 
|  11|0x0000000704d00000, 0x0000000704e00000, 0x0000000704e00000|100%|HC|  |TAMS 0x0000000704e00000, 0x0000000704e00000| Complete 
|  12|0x0000000704e00000, 0x0000000704f00000, 0x0000000704f00000|100%|HC|  |TAMS 0x0000000704f00000, 0x0000000704f00000| Complete 
|  13|0x0000000704f00000, 0x0000000704f00000, 0x0000000705000000|  0%| F|  |TAMS 0x0000000704f00000, 0x0000000704f00000| Untracked 
|  14|0x0000000705000000, 0x0000000705000000, 0x0000000705100000|  0%| F|  |TAMS 0x0000000705000000, 0x0000000705000000| Untracked 
|  15|0x0000000705100000, 0x0000000705100000, 0x0000000705200000|  0%| F|  |TAMS 0x0000000705100000, 0x0000000705100000| Untracked 
|  16|0x0000000705200000, 0x0000000705200000, 0x0000000705300000|  0%| F|  |TAMS 0x0000000705200000, 0x0000000705200000| Untracked 
|  17|0x0000000705300000, 0x0000000705300000, 0x0000000705400000|  0%| F|  |TAMS 0x0000000705300000, 0x0000000705300000| Untracked 
|  18|0x0000000705400000, 0x0000000705400000, 0x0000000705500000|  0%| F|  |TAMS 0x0000000705400000, 0x0000000705400000| Untracked 
|  19|0x0000000705500000, 0x0000000705500000, 0x0000000705600000|  0%| F|  |TAMS 0x0000000705500000, 0x0000000705500000| Untracked 
|  20|0x0000000705600000, 0x0000000705600000, 0x0000000705700000|  0%| F|  |TAMS 0x0000000705600000, 0x0000000705600000| Untracked 
|  21|0x0000000705700000, 0x0000000705700000, 0x0000000705800000|  0%| F|  |TAMS 0x0000000705700000, 0x0000000705700000| Untracked 
|  22|0x0000000705800000, 0x0000000705800000, 0x0000000705900000|  0%| F|  |TAMS 0x0000000705800000, 0x0000000705800000| Untracked 
|  23|0x0000000705900000, 0x0000000705900000, 0x0000000705a00000|  0%| F|  |TAMS 0x0000000705900000, 0x0000000705900000| Untracked 
|  24|0x0000000705a00000, 0x0000000705a00000, 0x0000000705b00000|  0%| F|  |TAMS 0x0000000705a00000, 0x0000000705a00000| Untracked 
|  25|0x0000000705b00000, 0x0000000705b00000, 0x0000000705c00000|  0%| F|  |TAMS 0x0000000705b00000, 0x0000000705b00000| Untracked 
|  26|0x0000000705c00000, 0x0000000705c00000, 0x0000000705d00000|  0%| F|  |TAMS 0x0000000705c00000, 0x0000000705c00000| Untracked 
|  27|0x0000000705d00000, 0x0000000705d00000, 0x0000000705e00000|  0%| F|  |TAMS 0x0000000705d00000, 0x0000000705d00000| Untracked 
|  28|0x0000000705e00000, 0x0000000705e00000, 0x0000000705f00000|  0%| F|  |TAMS 0x0000000705e00000, 0x0000000705e00000| Untracked 
|  29|0x0000000705f00000, 0x0000000705f00000, 0x0000000706000000|  0%| F|  |TAMS 0x0000000705f00000, 0x0000000705f00000| Untracked 
|  30|0x0000000706000000, 0x0000000706000000, 0x0000000706100000|  0%| F|  |TAMS 0x0000000706000000, 0x0000000706000000| Untracked 
|  31|0x0000000706100000, 0x0000000706100000, 0x0000000706200000|  0%| F|  |TAMS 0x0000000706100000, 0x0000000706100000| Untracked 
|  32|0x0000000706200000, 0x0000000706200000, 0x0000000706300000|  0%| F|  |TAMS 0x0000000706200000, 0x0000000706200000| Untracked 
|  33|0x0000000706300000, 0x0000000706300000, 0x0000000706400000|  0%| F|  |TAMS 0x0000000706300000, 0x0000000706300000| Untracked 
|  34|0x0000000706400000, 0x0000000706400000, 0x0000000706500000|  0%| F|  |TAMS 0x0000000706400000, 0x0000000706400000| Untracked 
|  35|0x0000000706500000, 0x0000000706500000, 0x0000000706600000|  0%| F|  |TAMS 0x0000000706500000, 0x0000000706500000| Untracked 
|  36|0x0000000706600000, 0x0000000706600000, 0x0000000706700000|  0%| F|  |TAMS 0x0000000706600000, 0x0000000706600000| Untracked 
|  37|0x0000000706700000, 0x0000000706700000, 0x0000000706800000|  0%| F|  |TAMS 0x0000000706700000, 0x0000000706700000| Untracked 
|  38|0x0000000706800000, 0x0000000706800000, 0x0000000706900000|  0%| F|  |TAMS 0x0000000706800000, 0x0000000706800000| Untracked 
|  39|0x0000000706900000, 0x0000000706900000, 0x0000000706a00000|  0%| F|  |TAMS 0x0000000706900000, 0x0000000706900000| Untracked 
|  40|0x0000000706a00000, 0x0000000706a00000, 0x0000000706b00000|  0%| F|  |TAMS 0x0000000706a00000, 0x0000000706a00000| Untracked 
|  41|0x0000000706b00000, 0x0000000706b00000, 0x0000000706c00000|  0%| F|  |TAMS 0x0000000706b00000, 0x0000000706b00000| Untracked 
|  42|0x0000000706c00000, 0x0000000706c00000, 0x0000000706d00000|  0%| F|  |TAMS 0x0000000706c00000, 0x0000000706c00000| Untracked 
|  43|0x0000000706d00000, 0x0000000706d00000, 0x0000000706e00000|  0%| F|  |TAMS 0x0000000706d00000, 0x0000000706d00000| Untracked 
|  44|0x0000000706e00000, 0x0000000706e00000, 0x0000000706f00000|  0%| F|  |TAMS 0x0000000706e00000, 0x0000000706e00000| Untracked 
|  45|0x0000000706f00000, 0x0000000706f00000, 0x0000000707000000|  0%| F|  |TAMS 0x0000000706f00000, 0x0000000706f00000| Untracked 
|  46|0x0000000707000000, 0x0000000707000000, 0x0000000707100000|  0%| F|  |TAMS 0x0000000707000000, 0x0000000707000000| Untracked 
|  47|0x0000000707100000, 0x0000000707100000, 0x0000000707200000|  0%| F|  |TAMS 0x0000000707100000, 0x0000000707100000| Untracked 
|  48|0x0000000707200000, 0x0000000707200000, 0x0000000707300000|  0%| F|  |TAMS 0x0000000707200000, 0x0000000707200000| Untracked 
|  49|0x0000000707300000, 0x0000000707300000, 0x0000000707400000|  0%| F|  |TAMS 0x0000000707300000, 0x0000000707300000| Untracked 
|  50|0x0000000707400000, 0x0000000707400000, 0x0000000707500000|  0%| F|  |TAMS 0x0000000707400000, 0x0000000707400000| Untracked 
|  51|0x0000000707500000, 0x0000000707500000, 0x0000000707600000|  0%| F|  |TAMS 0x0000000707500000, 0x0000000707500000| Untracked 
|  52|0x0000000707600000, 0x0000000707600000, 0x0000000707700000|  0%| F|  |TAMS 0x0000000707600000, 0x0000000707600000| Untracked 
|  53|0x0000000707700000, 0x0000000707700000, 0x0000000707800000|  0%| F|  |TAMS 0x0000000707700000, 0x0000000707700000| Untracked 
|  54|0x0000000707800000, 0x0000000707800000, 0x0000000707900000|  0%| F|  |TAMS 0x0000000707800000, 0x0000000707800000| Untracked 
|  55|0x0000000707900000, 0x0000000707900000, 0x0000000707a00000|  0%| F|  |TAMS 0x0000000707900000, 0x0000000707900000| Untracked 
|  56|0x0000000707a00000, 0x0000000707a00000, 0x0000000707b00000|  0%| F|  |TAMS 0x0000000707a00000, 0x0000000707a00000| Untracked 
|  57|0x0000000707b00000, 0x0000000707b00000, 0x0000000707c00000|  0%| F|  |TAMS 0x0000000707b00000, 0x0000000707b00000| Untracked 
|  58|0x0000000707c00000, 0x0000000707c00000, 0x0000000707d00000|  0%| F|  |TAMS 0x0000000707c00000, 0x0000000707c00000| Untracked 
|  59|0x0000000707d00000, 0x0000000707d00000, 0x0000000707e00000|  0%| F|  |TAMS 0x0000000707d00000, 0x0000000707d00000| Untracked 
|  60|0x0000000707e00000, 0x0000000707e00000, 0x0000000707f00000|  0%| F|  |TAMS 0x0000000707e00000, 0x0000000707e00000| Untracked 
|  61|0x0000000707f00000, 0x0000000707f00000, 0x0000000708000000|  0%| F|  |TAMS 0x0000000707f00000, 0x0000000707f00000| Untracked 
|  62|0x0000000708000000, 0x0000000708000000, 0x0000000708100000|  0%| F|  |TAMS 0x0000000708000000, 0x0000000708000000| Untracked 
|  63|0x0000000708100000, 0x0000000708100000, 0x0000000708200000|  0%| F|  |TAMS 0x0000000708100000, 0x0000000708100000| Untracked 
|  64|0x0000000708200000, 0x0000000708200000, 0x0000000708300000|  0%| F|  |TAMS 0x0000000708200000, 0x0000000708200000| Untracked 
|  65|0x0000000708300000, 0x0000000708300000, 0x0000000708400000|  0%| F|  |TAMS 0x0000000708300000, 0x0000000708300000| Untracked 
|  66|0x0000000708400000, 0x0000000708400000, 0x0000000708500000|  0%| F|  |TAMS 0x0000000708400000, 0x0000000708400000| Untracked 
|  67|0x0000000708500000, 0x0000000708500000, 0x0000000708600000|  0%| F|  |TAMS 0x0000000708500000, 0x0000000708500000| Untracked 
|  68|0x0000000708600000, 0x0000000708600000, 0x0000000708700000|  0%| F|  |TAMS 0x0000000708600000, 0x0000000708600000| Untracked 
|  69|0x0000000708700000, 0x0000000708700000, 0x0000000708800000|  0%| F|  |TAMS 0x0000000708700000, 0x0000000708700000| Untracked 
|  70|0x0000000708800000, 0x0000000708800000, 0x0000000708900000|  0%| F|  |TAMS 0x0000000708800000, 0x0000000708800000| Untracked 
|  71|0x0000000708900000, 0x0000000708900000, 0x0000000708a00000|  0%| F|  |TAMS 0x0000000708900000, 0x0000000708900000| Untracked 
|  72|0x0000000708a00000, 0x0000000708a00000, 0x0000000708b00000|  0%| F|  |TAMS 0x0000000708a00000, 0x0000000708a00000| Untracked 
|  73|0x0000000708b00000, 0x0000000708b00000, 0x0000000708c00000|  0%| F|  |TAMS 0x0000000708b00000, 0x0000000708b00000| Untracked 
|  74|0x0000000708c00000, 0x0000000708c00000, 0x0000000708d00000|  0%| F|  |TAMS 0x0000000708c00000, 0x0000000708c00000| Untracked 
|  75|0x0000000708d00000, 0x0000000708d00000, 0x0000000708e00000|  0%| F|  |TAMS 0x0000000708d00000, 0x0000000708d00000| Untracked 
|  76|0x0000000708e00000, 0x0000000708e00000, 0x0000000708f00000|  0%| F|  |TAMS 0x0000000708e00000, 0x0000000708e00000| Untracked 
|  77|0x0000000708f00000, 0x0000000708f00000, 0x0000000709000000|  0%| F|  |TAMS 0x0000000708f00000, 0x0000000708f00000| Untracked 
|  78|0x0000000709000000, 0x0000000709000000, 0x0000000709100000|  0%| F|  |TAMS 0x0000000709000000, 0x0000000709000000| Untracked 
|  79|0x0000000709100000, 0x0000000709100000, 0x0000000709200000|  0%| F|  |TAMS 0x0000000709100000, 0x0000000709100000| Untracked 
|  80|0x0000000709200000, 0x0000000709200000, 0x0000000709300000|  0%| F|  |TAMS 0x0000000709200000, 0x0000000709200000| Untracked 
|  81|0x0000000709300000, 0x0000000709300000, 0x0000000709400000|  0%| F|  |TAMS 0x0000000709300000, 0x0000000709300000| Untracked 
|  82|0x0000000709400000, 0x0000000709400000, 0x0000000709500000|  0%| F|  |TAMS 0x0000000709400000, 0x0000000709400000| Untracked 
|  83|0x0000000709500000, 0x0000000709500000, 0x0000000709600000|  0%| F|  |TAMS 0x0000000709500000, 0x0000000709500000| Untracked 
|  84|0x0000000709600000, 0x0000000709600000, 0x0000000709700000|  0%| F|  |TAMS 0x0000000709600000, 0x0000000709600000| Untracked 
|  85|0x0000000709700000, 0x0000000709700000, 0x0000000709800000|  0%| F|  |TAMS 0x0000000709700000, 0x0000000709700000| Untracked 
|  86|0x0000000709800000, 0x0000000709800000, 0x0000000709900000|  0%| F|  |TAMS 0x0000000709800000, 0x0000000709800000| Untracked 
|  87|0x0000000709900000, 0x0000000709900000, 0x0000000709a00000|  0%| F|  |TAMS 0x0000000709900000, 0x0000000709900000| Untracked 
|  88|0x0000000709a00000, 0x0000000709a00000, 0x0000000709b00000|  0%| F|  |TAMS 0x0000000709a00000, 0x0000000709a00000| Untracked 
|  89|0x0000000709b00000, 0x0000000709b00000, 0x0000000709c00000|  0%| F|  |TAMS 0x0000000709b00000, 0x0000000709b00000| Untracked 
|  90|0x0000000709c00000, 0x0000000709c00000, 0x0000000709d00000|  0%| F|  |TAMS 0x0000000709c00000, 0x0000000709c00000| Untracked 
|  91|0x0000000709d00000, 0x0000000709d00000, 0x0000000709e00000|  0%| F|  |TAMS 0x0000000709d00000, 0x0000000709d00000| Untracked 
|  92|0x0000000709e00000, 0x0000000709e00000, 0x0000000709f00000|  0%| F|  |TAMS 0x0000000709e00000, 0x0000000709e00000| Untracked 
|  93|0x0000000709f00000, 0x0000000709f00000, 0x000000070a000000|  0%| F|  |TAMS 0x0000000709f00000, 0x0000000709f00000| Untracked 
|  94|0x000000070a000000, 0x000000070a000000, 0x000000070a100000|  0%| F|  |TAMS 0x000000070a000000, 0x000000070a000000| Untracked 
|  95|0x000000070a100000, 0x000000070a100000, 0x000000070a200000|  0%| F|  |TAMS 0x000000070a100000, 0x000000070a100000| Untracked 
|  96|0x000000070a200000, 0x000000070a200000, 0x000000070a300000|  0%| F|  |TAMS 0x000000070a200000, 0x000000070a200000| Untracked 
|  97|0x000000070a300000, 0x000000070a300000, 0x000000070a400000|  0%| F|  |TAMS 0x000000070a300000, 0x000000070a300000| Untracked 
|  98|0x000000070a400000, 0x000000070a400000, 0x000000070a500000|  0%| F|  |TAMS 0x000000070a400000, 0x000000070a400000| Untracked 
|  99|0x000000070a500000, 0x000000070a500000, 0x000000070a600000|  0%| F|  |TAMS 0x000000070a500000, 0x000000070a500000| Untracked 
| 100|0x000000070a600000, 0x000000070a600000, 0x000000070a700000|  0%| F|  |TAMS 0x000000070a600000, 0x000000070a600000| Untracked 
| 101|0x000000070a700000, 0x000000070a700000, 0x000000070a800000|  0%| F|  |TAMS 0x000000070a700000, 0x000000070a700000| Untracked 
| 102|0x000000070a800000, 0x000000070a800000, 0x000000070a900000|  0%| F|  |TAMS 0x000000070a800000, 0x000000070a800000| Untracked 
| 103|0x000000070a900000, 0x000000070a900000, 0x000000070aa00000|  0%| F|  |TAMS 0x000000070a900000, 0x000000070a900000| Untracked 
| 104|0x000000070aa00000, 0x000000070aa00000, 0x000000070ab00000|  0%| F|  |TAMS 0x000000070aa00000, 0x000000070aa00000| Untracked 
| 105|0x000000070ab00000, 0x000000070ab00000, 0x000000070ac00000|  0%| F|  |TAMS 0x000000070ab00000, 0x000000070ab00000| Untracked 
| 106|0x000000070ac00000, 0x000000070ac00000, 0x000000070ad00000|  0%| F|  |TAMS 0x000000070ac00000, 0x000000070ac00000| Untracked 
| 107|0x000000070ad00000, 0x000000070ad00000, 0x000000070ae00000|  0%| F|  |TAMS 0x000000070ad00000, 0x000000070ad00000| Untracked 
| 108|0x000000070ae00000, 0x000000070ae00000, 0x000000070af00000|  0%| F|  |TAMS 0x000000070ae00000, 0x000000070ae00000| Untracked 
| 109|0x000000070af00000, 0x000000070af00000, 0x000000070b000000|  0%| F|  |TAMS 0x000000070af00000, 0x000000070af00000| Untracked 
| 110|0x000000070b000000, 0x000000070b000000, 0x000000070b100000|  0%| F|  |TAMS 0x000000070b000000, 0x000000070b000000| Untracked 
| 111|0x000000070b100000, 0x000000070b100000, 0x000000070b200000|  0%| F|  |TAMS 0x000000070b100000, 0x000000070b100000| Untracked 
| 112|0x000000070b200000, 0x000000070b200000, 0x000000070b300000|  0%| F|  |TAMS 0x000000070b200000, 0x000000070b200000| Untracked 
| 113|0x000000070b300000, 0x000000070b300000, 0x000000070b400000|  0%| F|  |TAMS 0x000000070b300000, 0x000000070b300000| Untracked 
| 114|0x000000070b400000, 0x000000070b400000, 0x000000070b500000|  0%| F|  |TAMS 0x000000070b400000, 0x000000070b400000| Untracked 
| 115|0x000000070b500000, 0x000000070b500000, 0x000000070b600000|  0%| F|  |TAMS 0x000000070b500000, 0x000000070b500000| Untracked 
| 116|0x000000070b600000, 0x000000070b600000, 0x000000070b700000|  0%| F|  |TAMS 0x000000070b600000, 0x000000070b600000| Untracked 
| 117|0x000000070b700000, 0x000000070b700000, 0x000000070b800000|  0%| F|  |TAMS 0x000000070b700000, 0x000000070b700000| Untracked 
| 118|0x000000070b800000, 0x000000070b800000, 0x000000070b900000|  0%| F|  |TAMS 0x000000070b800000, 0x000000070b800000| Untracked 
| 119|0x000000070b900000, 0x000000070b900000, 0x000000070ba00000|  0%| F|  |TAMS 0x000000070b900000, 0x000000070b900000| Untracked 
| 120|0x000000070ba00000, 0x000000070ba00000, 0x000000070bb00000|  0%| F|  |TAMS 0x000000070ba00000, 0x000000070ba00000| Untracked 
| 121|0x000000070bb00000, 0x000000070bb00000, 0x000000070bc00000|  0%| F|  |TAMS 0x000000070bb00000, 0x000000070bb00000| Untracked 
| 122|0x000000070bc00000, 0x000000070bc00000, 0x000000070bd00000|  0%| F|  |TAMS 0x000000070bc00000, 0x000000070bc00000| Untracked 
| 123|0x000000070bd00000, 0x000000070bd00000, 0x000000070be00000|  0%| F|  |TAMS 0x000000070bd00000, 0x000000070bd00000| Untracked 
| 124|0x000000070be00000, 0x000000070be00000, 0x000000070bf00000|  0%| F|  |TAMS 0x000000070be00000, 0x000000070be00000| Untracked 
| 125|0x000000070bf00000, 0x000000070bf00000, 0x000000070c000000|  0%| F|  |TAMS 0x000000070bf00000, 0x000000070bf00000| Untracked 
| 126|0x000000070c000000, 0x000000070c000000, 0x000000070c100000|  0%| F|  |TAMS 0x000000070c000000, 0x000000070c000000| Untracked 
| 127|0x000000070c100000, 0x000000070c100000, 0x000000070c200000|  0%| F|  |TAMS 0x000000070c100000, 0x000000070c100000| Untracked 
| 128|0x000000070c200000, 0x000000070c200000, 0x000000070c300000|  0%| F|  |TAMS 0x000000070c200000, 0x000000070c200000| Untracked 
| 129|0x000000070c300000, 0x000000070c300000, 0x000000070c400000|  0%| F|  |TAMS 0x000000070c300000, 0x000000070c300000| Untracked 
| 130|0x000000070c400000, 0x000000070c400000, 0x000000070c500000|  0%| F|  |TAMS 0x000000070c400000, 0x000000070c400000| Untracked 
| 131|0x000000070c500000, 0x000000070c500000, 0x000000070c600000|  0%| F|  |TAMS 0x000000070c500000, 0x000000070c500000| Untracked 
| 132|0x000000070c600000, 0x000000070c600000, 0x000000070c700000|  0%| F|  |TAMS 0x000000070c600000, 0x000000070c600000| Untracked 
| 133|0x000000070c700000, 0x000000070c700000, 0x000000070c800000|  0%| F|  |TAMS 0x000000070c700000, 0x000000070c700000| Untracked 
| 134|0x000000070c800000, 0x000000070c800000, 0x000000070c900000|  0%| F|  |TAMS 0x000000070c800000, 0x000000070c800000| Untracked 
| 135|0x000000070c900000, 0x000000070c900000, 0x000000070ca00000|  0%| F|  |TAMS 0x000000070c900000, 0x000000070c900000| Untracked 
| 136|0x000000070ca00000, 0x000000070ca00000, 0x000000070cb00000|  0%| F|  |TAMS 0x000000070ca00000, 0x000000070ca00000| Untracked 
| 137|0x000000070cb00000, 0x000000070cb00000, 0x000000070cc00000|  0%| F|  |TAMS 0x000000070cb00000, 0x000000070cb00000| Untracked 
| 138|0x000000070cc00000, 0x000000070cc00000, 0x000000070cd00000|  0%| F|  |TAMS 0x000000070cc00000, 0x000000070cc00000| Untracked 
| 139|0x000000070cd00000, 0x000000070cd00000, 0x000000070ce00000|  0%| F|  |TAMS 0x000000070cd00000, 0x000000070cd00000| Untracked 
| 140|0x000000070ce00000, 0x000000070ce00000, 0x000000070cf00000|  0%| F|  |TAMS 0x000000070ce00000, 0x000000070ce00000| Untracked 
| 141|0x000000070cf00000, 0x000000070cf00000, 0x000000070d000000|  0%| F|  |TAMS 0x000000070cf00000, 0x000000070cf00000| Untracked 
| 142|0x000000070d000000, 0x000000070d000000, 0x000000070d100000|  0%| F|  |TAMS 0x000000070d000000, 0x000000070d000000| Untracked 
| 143|0x000000070d100000, 0x000000070d100000, 0x000000070d200000|  0%| F|  |TAMS 0x000000070d100000, 0x000000070d100000| Untracked 
| 144|0x000000070d200000, 0x000000070d200000, 0x000000070d300000|  0%| F|  |TAMS 0x000000070d200000, 0x000000070d200000| Untracked 
| 145|0x000000070d300000, 0x000000070d300000, 0x000000070d400000|  0%| F|  |TAMS 0x000000070d300000, 0x000000070d300000| Untracked 
| 146|0x000000070d400000, 0x000000070d400000, 0x000000070d500000|  0%| F|  |TAMS 0x000000070d400000, 0x000000070d400000| Untracked 
| 147|0x000000070d500000, 0x000000070d500000, 0x000000070d600000|  0%| F|  |TAMS 0x000000070d500000, 0x000000070d500000| Untracked 
| 148|0x000000070d600000, 0x000000070d600000, 0x000000070d700000|  0%| F|  |TAMS 0x000000070d600000, 0x000000070d600000| Untracked 
| 149|0x000000070d700000, 0x000000070d700000, 0x000000070d800000|  0%| F|  |TAMS 0x000000070d700000, 0x000000070d700000| Untracked 
| 150|0x000000070d800000, 0x000000070d800000, 0x000000070d900000|  0%| F|  |TAMS 0x000000070d800000, 0x000000070d800000| Untracked 
| 151|0x000000070d900000, 0x000000070d900000, 0x000000070da00000|  0%| F|  |TAMS 0x000000070d900000, 0x000000070d900000| Untracked 
| 152|0x000000070da00000, 0x000000070da00000, 0x000000070db00000|  0%| F|  |TAMS 0x000000070da00000, 0x000000070da00000| Untracked 
| 153|0x000000070db00000, 0x000000070db00000, 0x000000070dc00000|  0%| F|  |TAMS 0x000000070db00000, 0x000000070db00000| Untracked 
| 154|0x000000070dc00000, 0x000000070dc00000, 0x000000070dd00000|  0%| F|  |TAMS 0x000000070dc00000, 0x000000070dc00000| Untracked 
| 155|0x000000070dd00000, 0x000000070dd00000, 0x000000070de00000|  0%| F|  |TAMS 0x000000070dd00000, 0x000000070dd00000| Untracked 
| 156|0x000000070de00000, 0x000000070de00000, 0x000000070df00000|  0%| F|  |TAMS 0x000000070de00000, 0x000000070de00000| Untracked 
| 157|0x000000070df00000, 0x000000070df00000, 0x000000070e000000|  0%| F|  |TAMS 0x000000070df00000, 0x000000070df00000| Untracked 
| 158|0x000000070e000000, 0x000000070e000000, 0x000000070e100000|  0%| F|  |TAMS 0x000000070e000000, 0x000000070e000000| Untracked 
| 159|0x000000070e100000, 0x000000070e100000, 0x000000070e200000|  0%| F|  |TAMS 0x000000070e100000, 0x000000070e100000| Untracked 
| 160|0x000000070e200000, 0x000000070e200000, 0x000000070e300000|  0%| F|  |TAMS 0x000000070e200000, 0x000000070e200000| Untracked 
| 161|0x000000070e300000, 0x000000070e300000, 0x000000070e400000|  0%| F|  |TAMS 0x000000070e300000, 0x000000070e300000| Untracked 
| 162|0x000000070e400000, 0x000000070e400000, 0x000000070e500000|  0%| F|  |TAMS 0x000000070e400000, 0x000000070e400000| Untracked 
| 163|0x000000070e500000, 0x000000070e500000, 0x000000070e600000|  0%| F|  |TAMS 0x000000070e500000, 0x000000070e500000| Untracked 
| 164|0x000000070e600000, 0x000000070e600000, 0x000000070e700000|  0%| F|  |TAMS 0x000000070e600000, 0x000000070e600000| Untracked 
| 165|0x000000070e700000, 0x000000070e700000, 0x000000070e800000|  0%| F|  |TAMS 0x000000070e700000, 0x000000070e700000| Untracked 
| 166|0x000000070e800000, 0x000000070e800000, 0x000000070e900000|  0%| F|  |TAMS 0x000000070e800000, 0x000000070e800000| Untracked 
| 167|0x000000070e900000, 0x000000070e900000, 0x000000070ea00000|  0%| F|  |TAMS 0x000000070e900000, 0x000000070e900000| Untracked 
| 168|0x000000070ea00000, 0x000000070ea00000, 0x000000070eb00000|  0%| F|  |TAMS 0x000000070ea00000, 0x000000070ea00000| Untracked 
| 169|0x000000070eb00000, 0x000000070eb00000, 0x000000070ec00000|  0%| F|  |TAMS 0x000000070eb00000, 0x000000070eb00000| Untracked 
| 170|0x000000070ec00000, 0x000000070ec00000, 0x000000070ed00000|  0%| F|  |TAMS 0x000000070ec00000, 0x000000070ec00000| Untracked 
| 171|0x000000070ed00000, 0x000000070ed00000, 0x000000070ee00000|  0%| F|  |TAMS 0x000000070ed00000, 0x000000070ed00000| Untracked 
| 172|0x000000070ee00000, 0x000000070ee00000, 0x000000070ef00000|  0%| F|  |TAMS 0x000000070ee00000, 0x000000070ee00000| Untracked 
| 173|0x000000070ef00000, 0x000000070ef00000, 0x000000070f000000|  0%| F|  |TAMS 0x000000070ef00000, 0x000000070ef00000| Untracked 
| 174|0x000000070f000000, 0x000000070f000000, 0x000000070f100000|  0%| F|  |TAMS 0x000000070f000000, 0x000000070f000000| Untracked 
| 175|0x000000070f100000, 0x000000070f100000, 0x000000070f200000|  0%| F|  |TAMS 0x000000070f100000, 0x000000070f100000| Untracked 
| 176|0x000000070f200000, 0x000000070f200000, 0x000000070f300000|  0%| F|  |TAMS 0x000000070f200000, 0x000000070f200000| Untracked 
| 177|0x000000070f300000, 0x000000070f300000, 0x000000070f400000|  0%| F|  |TAMS 0x000000070f300000, 0x000000070f300000| Untracked 
| 178|0x000000070f400000, 0x000000070f400000, 0x000000070f500000|  0%| F|  |TAMS 0x000000070f400000, 0x000000070f400000| Untracked 
| 179|0x000000070f500000, 0x000000070f500000, 0x000000070f600000|  0%| F|  |TAMS 0x000000070f500000, 0x000000070f500000| Untracked 
| 180|0x000000070f600000, 0x000000070f600000, 0x000000070f700000|  0%| F|  |TAMS 0x000000070f600000, 0x000000070f600000| Untracked 
| 181|0x000000070f700000, 0x000000070f700000, 0x000000070f800000|  0%| F|  |TAMS 0x000000070f700000, 0x000000070f700000| Untracked 
| 182|0x000000070f800000, 0x000000070f800000, 0x000000070f900000|  0%| F|  |TAMS 0x000000070f800000, 0x000000070f800000| Untracked 
| 183|0x000000070f900000, 0x000000070f900000, 0x000000070fa00000|  0%| F|  |TAMS 0x000000070f900000, 0x000000070f900000| Untracked 
| 184|0x000000070fa00000, 0x000000070fa00000, 0x000000070fb00000|  0%| F|  |TAMS 0x000000070fa00000, 0x000000070fa00000| Untracked 
| 185|0x000000070fb00000, 0x000000070fb00000, 0x000000070fc00000|  0%| F|  |TAMS 0x000000070fb00000, 0x000000070fb00000| Untracked 
| 186|0x000000070fc00000, 0x000000070fc00000, 0x000000070fd00000|  0%| F|  |TAMS 0x000000070fc00000, 0x000000070fc00000| Untracked 
| 187|0x000000070fd00000, 0x000000070fd00000, 0x000000070fe00000|  0%| F|  |TAMS 0x000000070fd00000, 0x000000070fd00000| Untracked 
| 188|0x000000070fe00000, 0x000000070fe00000, 0x000000070ff00000|  0%| F|  |TAMS 0x000000070fe00000, 0x000000070fe00000| Untracked 
| 189|0x000000070ff00000, 0x000000070ff00000, 0x0000000710000000|  0%| F|  |TAMS 0x000000070ff00000, 0x000000070ff00000| Untracked 
| 190|0x0000000710000000, 0x0000000710000000, 0x0000000710100000|  0%| F|  |TAMS 0x0000000710000000, 0x0000000710000000| Untracked 
| 191|0x0000000710100000, 0x0000000710100000, 0x0000000710200000|  0%| F|  |TAMS 0x0000000710100000, 0x0000000710100000| Untracked 
| 192|0x0000000710200000, 0x0000000710200000, 0x0000000710300000|  0%| F|  |TAMS 0x0000000710200000, 0x0000000710200000| Untracked 
| 193|0x0000000710300000, 0x0000000710300000, 0x0000000710400000|  0%| F|  |TAMS 0x0000000710300000, 0x0000000710300000| Untracked 
| 194|0x0000000710400000, 0x0000000710400000, 0x0000000710500000|  0%| F|  |TAMS 0x0000000710400000, 0x0000000710400000| Untracked 
| 195|0x0000000710500000, 0x0000000710500000, 0x0000000710600000|  0%| F|  |TAMS 0x0000000710500000, 0x0000000710500000| Untracked 
| 196|0x0000000710600000, 0x0000000710600000, 0x0000000710700000|  0%| F|  |TAMS 0x0000000710600000, 0x0000000710600000| Untracked 
| 197|0x0000000710700000, 0x0000000710700000, 0x0000000710800000|  0%| F|  |TAMS 0x0000000710700000, 0x0000000710700000| Untracked 
| 198|0x0000000710800000, 0x0000000710800000, 0x0000000710900000|  0%| F|  |TAMS 0x0000000710800000, 0x0000000710800000| Untracked 
| 199|0x0000000710900000, 0x0000000710900000, 0x0000000710a00000|  0%| F|  |TAMS 0x0000000710900000, 0x0000000710900000| Untracked 
| 200|0x0000000710a00000, 0x0000000710a00000, 0x0000000710b00000|  0%| F|  |TAMS 0x0000000710a00000, 0x0000000710a00000| Untracked 
| 201|0x0000000710b00000, 0x0000000710b00000, 0x0000000710c00000|  0%| F|  |TAMS 0x0000000710b00000, 0x0000000710b00000| Untracked 
| 202|0x0000000710c00000, 0x0000000710c00000, 0x0000000710d00000|  0%| F|  |TAMS 0x0000000710c00000, 0x0000000710c00000| Untracked 
| 203|0x0000000710d00000, 0x0000000710e00000, 0x0000000710e00000|100%| S|  |TAMS 0x0000000710d00000, 0x0000000710d00000| Complete 
| 204|0x0000000710e00000, 0x0000000710f00000, 0x0000000710f00000|100%| S|  |TAMS 0x0000000710e00000, 0x0000000710e00000| Complete 
| 205|0x0000000710f00000, 0x0000000711000000, 0x0000000711000000|100%| S|  |TAMS 0x0000000710f00000, 0x0000000710f00000| Complete 
| 206|0x0000000711000000, 0x0000000711100000, 0x0000000711100000|100%| S|  |TAMS 0x0000000711000000, 0x0000000711000000| Complete 
| 207|0x0000000711100000, 0x0000000711200000, 0x0000000711200000|100%| S|  |TAMS 0x0000000711100000, 0x0000000711100000| Complete 
| 208|0x0000000711200000, 0x0000000711300000, 0x0000000711300000|100%| S|  |TAMS 0x0000000711200000, 0x0000000711200000| Complete 
| 209|0x0000000711300000, 0x0000000711382910, 0x0000000711400000| 51%| E|CS|TAMS 0x0000000711300000, 0x0000000711382910| Complete 
| 210|0x0000000711400000, 0x0000000711500000, 0x0000000711500000|100%| E|CS|TAMS 0x0000000711400000, 0x0000000711500000| Complete 
| 211|0x0000000711500000, 0x0000000711600000, 0x0000000711600000|100%| E|CS|TAMS 0x0000000711500000, 0x0000000711600000| Complete 
| 212|0x0000000711600000, 0x0000000711700000, 0x0000000711700000|100%| E|CS|TAMS 0x0000000711600000, 0x0000000711700000| Complete 
| 213|0x0000000711700000, 0x0000000711800000, 0x0000000711800000|100%| E|CS|TAMS 0x0000000711700000, 0x0000000711800000| Complete 
| 214|0x0000000711800000, 0x0000000711900000, 0x0000000711900000|100%| E|CS|TAMS 0x0000000711800000, 0x0000000711900000| Complete 
| 215|0x0000000711900000, 0x0000000711a00000, 0x0000000711a00000|100%| E|CS|TAMS 0x0000000711900000, 0x0000000711a00000| Complete 
| 216|0x0000000711a00000, 0x0000000711b00000, 0x0000000711b00000|100%| E|CS|TAMS 0x0000000711a00000, 0x0000000711b00000| Complete 
| 217|0x0000000711b00000, 0x0000000711c00000, 0x0000000711c00000|100%| E|CS|TAMS 0x0000000711b00000, 0x0000000711c00000| Complete 
| 218|0x0000000711c00000, 0x0000000711d00000, 0x0000000711d00000|100%| E|CS|TAMS 0x0000000711c00000, 0x0000000711d00000| Complete 
| 219|0x0000000711d00000, 0x0000000711e00000, 0x0000000711e00000|100%| E|CS|TAMS 0x0000000711d00000, 0x0000000711e00000| Complete 
| 220|0x0000000711e00000, 0x0000000711f00000, 0x0000000711f00000|100%| E|CS|TAMS 0x0000000711e00000, 0x0000000711f00000| Complete 
| 221|0x0000000711f00000, 0x0000000712000000, 0x0000000712000000|100%| E|CS|TAMS 0x0000000711f00000, 0x0000000712000000| Complete 
| 222|0x0000000712000000, 0x0000000712100000, 0x0000000712100000|100%| E|CS|TAMS 0x0000000712000000, 0x0000000712100000| Complete 
| 223|0x0000000712100000, 0x0000000712200000, 0x0000000712200000|100%| E|CS|TAMS 0x0000000712100000, 0x0000000712200000| Complete 
| 224|0x0000000712200000, 0x0000000712300000, 0x0000000712300000|100%| E|CS|TAMS 0x0000000712200000, 0x0000000712300000| Complete 
| 225|0x0000000712300000, 0x0000000712400000, 0x0000000712400000|100%| E|CS|TAMS 0x0000000712300000, 0x0000000712400000| Complete 
| 226|0x0000000712400000, 0x0000000712500000, 0x0000000712500000|100%| E|CS|TAMS 0x0000000712400000, 0x0000000712500000| Complete 
| 227|0x0000000712500000, 0x0000000712600000, 0x0000000712600000|100%| E|CS|TAMS 0x0000000712500000, 0x0000000712600000| Complete 
| 228|0x0000000712600000, 0x0000000712700000, 0x0000000712700000|100%| E|CS|TAMS 0x0000000712600000, 0x0000000712700000| Complete 
| 229|0x0000000712700000, 0x0000000712800000, 0x0000000712800000|100%| E|CS|TAMS 0x0000000712700000, 0x0000000712800000| Complete 
| 230|0x0000000712800000, 0x0000000712900000, 0x0000000712900000|100%| E|CS|TAMS 0x0000000712800000, 0x0000000712900000| Complete 
| 231|0x0000000712900000, 0x0000000712a00000, 0x0000000712a00000|100%| E|CS|TAMS 0x0000000712900000, 0x0000000712a00000| Complete 
| 232|0x0000000712a00000, 0x0000000712b00000, 0x0000000712b00000|100%| E|CS|TAMS 0x0000000712a00000, 0x0000000712b00000| Complete 
| 233|0x0000000712b00000, 0x0000000712b3cff0, 0x0000000712c00000| 23%| E|CS|TAMS 0x0000000712b00000, 0x0000000712b3cff0| Complete 
| 234|0x0000000712c00000, 0x0000000712d00000, 0x0000000712d00000|100%| E|CS|TAMS 0x0000000712c00000, 0x0000000712d00000| Complete 
| 235|0x0000000712d00000, 0x0000000712e00000, 0x0000000712e00000|100%| E|CS|TAMS 0x0000000712d00000, 0x0000000712e00000| Complete 
| 236|0x0000000712e00000, 0x0000000712f00000, 0x0000000712f00000|100%| E|CS|TAMS 0x0000000712e00000, 0x0000000712f00000| Complete 
| 237|0x0000000712f00000, 0x0000000713000000, 0x0000000713000000|100%| E|CS|TAMS 0x0000000712f00000, 0x0000000713000000| Complete 
| 238|0x0000000713000000, 0x0000000713100000, 0x0000000713100000|100%| E|CS|TAMS 0x0000000713000000, 0x0000000713100000| Complete 
| 239|0x0000000713100000, 0x0000000713200000, 0x0000000713200000|100%| E|CS|TAMS 0x0000000713100000, 0x0000000713200000| Complete 
| 240|0x0000000713200000, 0x0000000713300000, 0x0000000713300000|100%| E|CS|TAMS 0x0000000713200000, 0x0000000713300000| Complete 
| 241|0x0000000713300000, 0x0000000713400000, 0x0000000713400000|100%| E|CS|TAMS 0x0000000713300000, 0x0000000713400000| Complete 
| 242|0x0000000713400000, 0x0000000713500000, 0x0000000713500000|100%| E|CS|TAMS 0x0000000713400000, 0x0000000713500000| Complete 
| 243|0x0000000713500000, 0x0000000713600000, 0x0000000713600000|100%| E|CS|TAMS 0x0000000713500000, 0x0000000713600000| Complete 
| 244|0x0000000713600000, 0x0000000713700000, 0x0000000713700000|100%| E|CS|TAMS 0x0000000713600000, 0x0000000713700000| Complete 
| 245|0x0000000713700000, 0x0000000713800000, 0x0000000713800000|100%| E|CS|TAMS 0x0000000713700000, 0x0000000713800000| Complete 
| 246|0x0000000713800000, 0x0000000713900000, 0x0000000713900000|100%| E|CS|TAMS 0x0000000713800000, 0x0000000713900000| Complete 
| 247|0x0000000713900000, 0x0000000713a00000, 0x0000000713a00000|100%| E|CS|TAMS 0x0000000713900000, 0x0000000713a00000| Complete 
| 248|0x0000000713a00000, 0x0000000713b00000, 0x0000000713b00000|100%| E|CS|TAMS 0x0000000713a00000, 0x0000000713b00000| Complete 
| 249|0x0000000713b00000, 0x0000000713c00000, 0x0000000713c00000|100%| E|CS|TAMS 0x0000000713b00000, 0x0000000713c00000| Complete 
| 250|0x0000000713c00000, 0x0000000713d00000, 0x0000000713d00000|100%| E|CS|TAMS 0x0000000713c00000, 0x0000000713d00000| Complete 
| 251|0x0000000713d00000, 0x0000000713e00000, 0x0000000713e00000|100%| E|CS|TAMS 0x0000000713d00000, 0x0000000713e00000| Complete 

Card table byte_map: [0x000001ad96de0000,0x000001ad975c0000] _byte_map_base: 0x000001ad935bf000

Marking Bits (Prev, Next): (CMBitMap*) 0x000001adff8a2dc0, (CMBitMap*) 0x000001adff8a2d88
 Prev Bits: [0x000001ad9bca0000, 0x000001ad9fb98000)
 Next Bits: [0x000001ad97da0000, 0x000001ad9bc98000)

Polling page: 0x000001adfdf00000

Metaspace:

Usage:
  Non-class:     30.95 MB capacity,    30.58 MB ( 99%) used,   299.87 KB ( <1%) free+waste,    86.25 KB ( <1%) overhead. 
      Class:      3.99 MB capacity,     3.70 MB ( 93%) used,   255.64 KB (  6%) free+waste,    42.75 KB (  1%) overhead. 
       Both:     34.94 MB capacity,    34.27 MB ( 98%) used,   555.51 KB (  2%) free+waste,   129.00 KB ( <1%) overhead. 

Virtual space:
  Non-class space:       32.00 MB reserved,      31.08 MB ( 97%) committed 
      Class space:        1.00 GB reserved,       4.00 MB ( <1%) committed 
             Both:        1.03 GB reserved,      35.08 MB (  3%) committed 

Chunk freelists:
   Non-Class:  4.12 KB
       Class:  0 bytes
        Both:  4.12 KB

CodeHeap 'non-profiled nmethods': size=120064Kb used=1302Kb max_used=1302Kb free=118761Kb
 bounds [0x000001ad8f0c0000, 0x000001ad8f330000, 0x000001ad96600000]
CodeHeap 'profiled nmethods': size=120000Kb used=7728Kb max_used=7728Kb free=112271Kb
 bounds [0x000001ad87b90000, 0x000001ad88320000, 0x000001ad8f0c0000]
CodeHeap 'non-nmethods': size=5696Kb used=1337Kb max_used=1362Kb free=4358Kb
 bounds [0x000001ad87600000, 0x000001ad87870000, 0x000001ad87b90000]
 total_blobs=4175 nmethods=3425 adapters=659
 compilation: enabled
              stopped_count=0, restarted_count=0
 full_count=0

Compilation events (10 events):
Event: 13.788 Thread 0x000001ada2ab5800 3428       3       java.util.jar.JarFile$JarFileEntry::getRealName (5 bytes)
Event: 13.788 Thread 0x000001ada2ab5800 nmethod 3428 0x000001ad8831ba10 code [0x000001ad8831bba0, 0x000001ad8831bcb8]
Event: 13.800 Thread 0x000001ada2ab4800 3429   !   4       java.util.WeakHashMap::expungeStaleEntries (139 bytes)
Event: 13.811 Thread 0x000001ada2ab4800 nmethod 3429 0x000001ad8f203f10 code [0x000001ad8f2040a0, 0x000001ad8f204788]
Event: 13.838 Thread 0x000001ada2ab5800 3430       1       java.lang.invoke.MethodHandle::internalForm (5 bytes)
Event: 13.839 Thread 0x000001ada2ab5800 nmethod 3430 0x000001ad8f204910 code [0x000001ad8f204aa0, 0x000001ad8f204b58]
Event: 13.843 Thread 0x000001ada2ab5800 3431       3       java.lang.Long::<init> (10 bytes)
Event: 13.844 Thread 0x000001ada2ab5800 nmethod 3431 0x000001ad8831bd90 code [0x000001ad8831bf40, 0x000001ad8831c0f8]
Event: 13.845 Thread 0x000001ada2ab5800 3432       1       java.lang.invoke.MethodHandleImpl$IntrinsicMethodHandle::getTarget (5 bytes)
Event: 13.845 Thread 0x000001ada2ab5800 nmethod 3432 0x000001ad8f204c10 code [0x000001ad8f204da0, 0x000001ad8f204e58]

GC Heap History (7 events):
Event: 3.853 GC heap before
{Heap before GC invocations=0 (full 0):
 garbage-first heap   total 258048K, used 14336K [0x0000000704200000, 0x0000000800000000)
  region size 1024K, 14 young (14336K), 0 survivors (0K)
 Metaspace       used 15879K, capacity 16298K, committed 16640K, reserved 1064960K
  class space    used 1724K, capacity 1950K, committed 2048K, reserved 1048576K
}
Event: 3.863 GC heap after
{Heap after GC invocations=1 (full 0):
 garbage-first heap   total 258048K, used 4607K [0x0000000704200000, 0x0000000800000000)
  region size 1024K, 2 young (2048K), 2 survivors (2048K)
 Metaspace       used 15879K, capacity 16298K, committed 16640K, reserved 1064960K
  class space    used 1724K, capacity 1950K, committed 2048K, reserved 1048576K
}
Event: 4.458 GC heap before
{Heap before GC invocations=1 (full 0):
 garbage-first heap   total 258048K, used 16895K [0x0000000704200000, 0x0000000800000000)
  region size 1024K, 12 young (12288K), 2 survivors (2048K)
 Metaspace       used 17704K, capacity 18114K, committed 18304K, reserved 1064960K
  class space    used 1902K, capacity 2132K, committed 2176K, reserved 1048576K
}
Event: 4.464 GC heap after
{Heap after GC invocations=2 (full 0):
 garbage-first heap   total 258048K, used 8902K [0x0000000704200000, 0x0000000800000000)
  region size 1024K, 2 young (2048K), 2 survivors (2048K)
 Metaspace       used 17704K, capacity 18114K, committed 18304K, reserved 1064960K
  class space    used 1902K, capacity 2132K, committed 2176K, reserved 1048576K
}
Event: 12.636 GC heap before
{Heap before GC invocations=2 (full 0):
 garbage-first heap   total 258048K, used 27334K [0x0000000704200000, 0x0000000800000000)
  region size 1024K, 16 young (16384K), 2 survivors (2048K)
 Metaspace       used 20766K, capacity 21220K, committed 21296K, reserved 1069056K
  class space    used 2205K, capacity 2413K, committed 2432K, reserved 1048576K
}
Event: 12.640 GC heap after
{Heap after GC invocations=3 (full 0):
 garbage-first heap   total 258048K, used 15232K [0x0000000704200000, 0x0000000800000000)
  region size 1024K, 3 young (3072K), 3 survivors (3072K)
 Metaspace       used 20766K, capacity 21220K, committed 21296K, reserved 1069056K
  class space    used 2205K, capacity 2413K, committed 2432K, reserved 1048576K
}
Event: 13.866 GC heap before
{Heap before GC invocations=4 (full 0):
 garbage-first heap   total 258048K, used 55168K [0x0000000704200000, 0x0000000800000000)
  region size 1024K, 43 young (44032K), 3 survivors (3072K)
 Metaspace       used 35093K, capacity 35778K, committed 35920K, reserved 1081344K
  class space    used 3784K, capacity 4083K, committed 4096K, reserved 1048576K
}

Deoptimization events (10 events):
Event: 13.536 Thread 0x000001ada42ef000 Uncommon trap: reason=unstable_if action=reinterpret pc=0x000001ad8f1ca120 method=java.lang.String.<init>([CIILjava/lang/Void;)V @ 5 c2
Event: 13.538 Thread 0x000001ada42ef000 Uncommon trap: reason=unstable_if action=reinterpret pc=0x000001ad8f1dd714 method=java.lang.String.startsWith(Ljava/lang/String;I)Z @ 46 c2
Event: 13.538 Thread 0x000001ada42ef000 Uncommon trap: reason=unstable_if action=reinterpret pc=0x000001ad8f1dc644 method=java.lang.String.startsWith(Ljava/lang/String;I)Z @ 46 c2
Event: 13.559 Thread 0x000001ada42ef000 Uncommon trap: reason=unstable_if action=reinterpret pc=0x000001ad8f1f2854 method=java.lang.String.startsWith(Ljava/lang/String;I)Z @ 131 c2
Event: 13.572 Thread 0x000001ada42ef000 Uncommon trap: reason=unstable_if action=reinterpret pc=0x000001ad8f1e05c8 method=java.util.concurrent.ConcurrentHashMap.transfer([Ljava/util/concurrent/ConcurrentHashMap$Node;[Ljava/util/concurrent/ConcurrentHashMap$Node;)V @ 352 c2
Event: 13.711 Thread 0x000001ada42ef000 Uncommon trap: reason=class_check action=maybe_recompile pc=0x000001ad8f11741c method=java.io.DataInputStream.readByte()B @ 4 c2
Event: 13.711 Thread 0x000001ada42ef000 Uncommon trap: reason=class_check action=maybe_recompile pc=0x000001ad8f11741c method=java.io.DataInputStream.readByte()B @ 4 c2
Event: 13.711 Thread 0x000001ada42ef000 Uncommon trap: reason=class_check action=maybe_recompile pc=0x000001ad8f11741c method=java.io.DataInputStream.readByte()B @ 4 c2
Event: 13.711 Thread 0x000001ada42ef000 Uncommon trap: reason=class_check action=maybe_recompile pc=0x000001ad8f11741c method=java.io.DataInputStream.readByte()B @ 4 c2
Event: 13.856 Thread 0x000001ada42ef000 Uncommon trap: reason=unstable_if action=reinterpret pc=0x000001ad8f1ec758 method=jdk.internal.org.objectweb.asm.Type.getArgumentsAndReturnSizes(Ljava/lang/String;)I @ 47 c2

Classes redefined (0 events):
No events

Internal exceptions (10 events):
Event: 13.279 Thread 0x000001ada42ef000 Exception <a 'java/lang/NoSuchMethodError'{0x000000071303f900}: java.lang.invoke.DirectMethodHandle$Holder.invokeStatic(Ljava/lang/Object;Ljava/lang/Object;Ljava/lang/Object;Ljava/lang/Object;Ljava/lang/Object;Ljava/lang/Object;Ljava/lang/Object;II)Ljava/
Event: 13.281 Thread 0x000001ada42ef000 Exception <a 'java/lang/NoSuchMethodError'{0x0000000713059720}: java.lang.invoke.DirectMethodHandle$Holder.invokeStatic(Ljava/lang/Object;Ljava/lang/Object;Ljava/lang/Object;Ljava/lang/Object;Ljava/lang/Object;Ljava/lang/Object;Ljava/lang/Object;IILjava/l
Event: 13.452 Thread 0x000001ada42ef000 Exception <a 'java/lang/NoClassDefFoundError'{0x00000007129a5aa8}: org/apache/log4j/Priority> (0x00000007129a5aa8) thrown at [./open/src/hotspot/share/classfile/systemDictionary.cpp, line 215]
Event: 13.648 Thread 0x000001ada42ef000 Exception <a 'java/lang/NoClassDefFoundError'{0x000000071217ec20}: org/slf4j/impl/StaticLoggerBinder> (0x000000071217ec20) thrown at [./open/src/hotspot/share/classfile/systemDictionary.cpp, line 215]
Event: 13.847 Thread 0x000001ada42ef000 Exception <a 'java/lang/NoSuchMethodError'{0x00000007114bdd30}: java.lang.invoke.DirectMethodHandle$Holder.invokeStaticInit(Ljava/lang/Object;Ljava/lang/Object;Ljava/lang/Object;)Ljava/lang/Object;> (0x00000007114bdd30) thrown at [./open/src/hotspot/share
Event: 13.856 Thread 0x000001ada42ef000 Exception <a 'java/lang/NoSuchMethodError'{0x000000071130f918}: java.lang.invoke.DirectMethodHandle$Holder.invokeSpecial(Ljava/lang/Object;Ljava/lang/Object;)J> (0x000000071130f918) thrown at [./open/src/hotspot/share/interpreter/linkResolver.cpp, line 77
Event: 13.859 Thread 0x000001ada42ef000 Exception <a 'java/lang/NoSuchMethodError'{0x0000000711319c18}: java.lang.invoke.DirectMethodHandle$Holder.invokeStatic(Ljava/lang/Object;Ljava/lang/Object;)J> (0x0000000711319c18) thrown at [./open/src/hotspot/share/interpreter/linkResolver.cpp, line 772
Event: 13.859 Thread 0x000001ada42ef000 Exception <a 'java/lang/NoSuchMethodError'{0x000000071131ca40}: java.lang.invoke.DirectMethodHandle$Holder.invokeStaticInit(Ljava/lang/Object;Ljava/lang/Object;)J> (0x000000071131ca40) thrown at [./open/src/hotspot/share/interpreter/linkResolver.cpp, line
Event: 13.860 Thread 0x000001ada42ef000 Exception <a 'java/lang/NoSuchMethodError'{0x0000000711328fd0}: java.lang.invoke.DirectMethodHandle$Holder.invokeInterface(Ljava/lang/Object;Ljava/lang/Object;)J> (0x0000000711328fd0) thrown at [./open/src/hotspot/share/interpreter/linkResolver.cpp, line 
Event: 13.860 Thread 0x000001ada42ef000 Exception <a 'java/lang/IncompatibleClassChangeError'{0x000000071132bd68}: Found class java.lang.Object, but interface was expected> (0x000000071132bd68) thrown at [./open/src/hotspot/share/interpreter/linkResolver.cpp, line 838]

Events (10 events):
Event: 13.864 loading class com/twilio/http/Request done
Event: 13.865 loading class java/net/MalformedURLException
Event: 13.865 loading class java/net/MalformedURLException done
Event: 13.865 loading class com/twilio/exception/InvalidRequestException
Event: 13.865 loading class com/twilio/exception/InvalidRequestException done
Event: 13.865 loading class com/twilio/http/HttpMethod
Event: 13.865 loading class com/twilio/http/HttpMethod done
Event: 13.865 loading class com/twilio/rest/Domains
Event: 13.865 loading class com/twilio/rest/Domains done
Event: 13.866 Executing VM operation: CollectForMetadataAllocation


Dynamic libraries:
0x00007ff6002f0000 - 0x00007ff600300000 	C:\Program Files\Java\jdk-11\bin\java.exe
0x00007ffd12f50000 - 0x00007ffd13148000 	C:\Windows\SYSTEM32\ntdll.dll
0x00007ffd09e90000 - 0x00007ffd09ea9000 	C:\Program Files\AVG\Antivirus\aswhook.dll
0x00007ffd129f0000 - 0x00007ffd12aaf000 	C:\Windows\System32\KERNEL32.DLL
0x00007ffd10900000 - 0x00007ffd10bd2000 	C:\Windows\System32\KERNELBASE.dll
0x00007ffd10c40000 - 0x00007ffd10d40000 	C:\Windows\System32\ucrtbase.dll
0x00007ffcfe4b0000 - 0x00007ffcfe4cb000 	C:\Program Files\Java\jdk-11\bin\VCRUNTIME140.dll
0x00007ffccdbf0000 - 0x00007ffccdc08000 	C:\Program Files\Java\jdk-11\bin\jli.dll
0x00007ffd125d0000 - 0x00007ffd1267e000 	C:\Windows\System32\ADVAPI32.dll
0x00007ffd126e0000 - 0x00007ffd1277e000 	C:\Windows\System32\msvcrt.dll
0x00007ffd11b70000 - 0x00007ffd11c0c000 	C:\Windows\System32\sechost.dll
0x00007ffd11ca0000 - 0x00007ffd11dc5000 	C:\Windows\System32\RPCRT4.dll
0x00007ffd12cb0000 - 0x00007ffd12e51000 	C:\Windows\System32\USER32.dll
0x00007ffd10be0000 - 0x00007ffd10c02000 	C:\Windows\System32\win32u.dll
0x00007ffcff1c0000 - 0x00007ffcff45a000 	C:\Windows\WinSxS\amd64_microsoft.windows.common-controls_6595b64144ccf1df_6.0.19041.1110_none_60b5254171f9507e\COMCTL32.dll
0x00007ffd11b30000 - 0x00007ffd11b5b000 	C:\Windows\System32\GDI32.dll
0x00007ffd107f0000 - 0x00007ffd108ff000 	C:\Windows\System32\gdi32full.dll
0x00007ffd10750000 - 0x00007ffd107ed000 	C:\Windows\System32\msvcp_win.dll
0x00007ffd0a060000 - 0x00007ffd0a06a000 	C:\Windows\SYSTEM32\VERSION.dll
0x00007ffd11de0000 - 0x00007ffd11e10000 	C:\Windows\System32\IMM32.DLL
0x00007ffd0b6f0000 - 0x00007ffd0b6fc000 	C:\Program Files\Java\jdk-11\bin\vcruntime140_1.dll
0x00007ffcd6540000 - 0x00007ffcd65ce000 	C:\Program Files\Java\jdk-11\bin\msvcp140.dll
0x00007ffcae8c0000 - 0x00007ffcaf428000 	C:\Program Files\Java\jdk-11\bin\server\jvm.dll
0x00007ffd11b60000 - 0x00007ffd11b68000 	C:\Windows\System32\PSAPI.DLL
0x00007ffd00950000 - 0x00007ffd00977000 	C:\Windows\SYSTEM32\WINMM.dll
0x00007ffcfc7b0000 - 0x00007ffcfc7b9000 	C:\Windows\SYSTEM32\WSOCK32.dll
0x00007ffd11e10000 - 0x00007ffd11e7b000 	C:\Windows\System32\WS2_32.dll
0x00007ffd0e510000 - 0x00007ffd0e522000 	C:\Windows\SYSTEM32\kernel.appcore.dll
0x00007ffcfe6b0000 - 0x00007ffcfe6c0000 	C:\Program Files\Java\jdk-11\bin\verify.dll
0x00007ffd064a0000 - 0x00007ffd06684000 	C:\Windows\SYSTEM32\DBGHELP.DLL
0x00007ffd06870000 - 0x00007ffd068a5000 	C:\Windows\SYSTEM32\dbgcore.DLL
0x00007ffd10f10000 - 0x00007ffd10f92000 	C:\Windows\System32\bcryptPrimitives.dll
0x00007ffcfe130000 - 0x00007ffcfe158000 	C:\Program Files\Java\jdk-11\bin\java.dll
0x00007ffcfe590000 - 0x00007ffcfe59a000 	C:\Program Files\Java\jdk-11\bin\jimage.dll
0x00007ffcfbe80000 - 0x00007ffcfbe97000 	C:\Program Files\Java\jdk-11\bin\zip.dll
0x00007ffd11e80000 - 0x00007ffd125c5000 	C:\Windows\System32\SHELL32.dll
0x00007ffd0e710000 - 0x00007ffd0eea2000 	C:\Windows\SYSTEM32\windows.storage.dll
0x00007ffd117d0000 - 0x00007ffd11b25000 	C:\Windows\System32\combase.dll
0x00007ffd0ffd0000 - 0x00007ffd10000000 	C:\Windows\SYSTEM32\Wldp.dll
0x00007ffd12c00000 - 0x00007ffd12cad000 	C:\Windows\System32\SHCORE.dll
0x00007ffd12860000 - 0x00007ffd128b5000 	C:\Windows\System32\shlwapi.dll
0x00007ffd10590000 - 0x00007ffd105af000 	C:\Windows\SYSTEM32\profapi.dll
0x00007ffcf6de0000 - 0x00007ffcf6df9000 	C:\Program Files\Java\jdk-11\bin\net.dll
0x00007ffd06930000 - 0x00007ffd06a3a000 	C:\Windows\SYSTEM32\WINHTTP.dll
0x00007ffd0fd30000 - 0x00007ffd0fd9a000 	C:\Windows\system32\mswsock.dll
0x00007ffcecb30000 - 0x00007ffcecb42000 	C:\Program Files\Java\jdk-11\bin\nio.dll
0x00007ffcae730000 - 0x00007ffcae8b2000 	C:\Program Files\Java\jdk-11\bin\awt.dll
0x00007ffd128c0000 - 0x00007ffd1298d000 	C:\Windows\System32\OLEAUT32.dll
0x00007ffd0df40000 - 0x00007ffd0dfd0000 	C:\Windows\SYSTEM32\apphelp.dll
0x00007ffd0e040000 - 0x00007ffd0e0de000 	C:\Windows\system32\uxtheme.dll
0x00007ffd12ae0000 - 0x00007ffd12bf4000 	C:\Windows\System32\MSCTF.dll
0x00007ffd10fa0000 - 0x00007ffd110ca000 	C:\Windows\System32\ole32.dll
0x00007ffd0e400000 - 0x00007ffd0e42f000 	C:\Windows\system32\DWMAPI.DLL
0x00007ffcd35b0000 - 0x00007ffcd3636000 	C:\Program Files\Java\jdk-11\bin\freetype.dll
0x00007ffcb0de0000 - 0x00007ffcb0ea5000 	C:\Program Files\Java\jdk-11\bin\fontmanager.dll
0x00007ffcd5fb0000 - 0x00007ffcd60d5000 	C:\Windows\system32\opengl32.dll
0x00007ffcec2a0000 - 0x00007ffcec2cc000 	C:\Windows\SYSTEM32\GLU32.dll
0x00007ffd0ff30000 - 0x00007ffd0ff48000 	C:\Windows\SYSTEM32\CRYPTSP.dll
0x00007ffd0f650000 - 0x00007ffd0f684000 	C:\Windows\system32\rsaenh.dll
0x00007ffd10c10000 - 0x00007ffd10c37000 	C:\Windows\System32\bcrypt.dll
0x00007ffd10510000 - 0x00007ffd1053e000 	C:\Windows\SYSTEM32\USERENV.dll
0x00007ffd0ff20000 - 0x00007ffd0ff2c000 	C:\Windows\SYSTEM32\CRYPTBASE.dll
0x00007ffd0fa20000 - 0x00007ffd0fa5b000 	C:\Windows\SYSTEM32\IPHLPAPI.DLL
0x00007ffd12ab0000 - 0x00007ffd12ab8000 	C:\Windows\System32\NSI.dll
0x00007ffd06d80000 - 0x00007ffd06d97000 	C:\Windows\SYSTEM32\dhcpcsvc6.DLL
0x00007ffd07f10000 - 0x00007ffd07f2d000 	C:\Windows\SYSTEM32\dhcpcsvc.DLL
0x00007ffd0fa60000 - 0x00007ffd0fb2b000 	C:\Windows\SYSTEM32\DNSAPI.dll
0x00007ffd12e60000 - 0x00007ffd12f09000 	C:\Windows\System32\clbcatq.dll
0x00007ffd0a440000 - 0x00007ffd0a5f4000 	C:\Windows\SYSTEM32\WindowsCodecs.dll
0x00007ffcd7030000 - 0x00007ffcd706e000 	C:\Windows\system32\dataexchange.dll
0x00007ffd0d360000 - 0x00007ffd0d543000 	C:\Windows\system32\dcomp.dll
0x00007ffd0ca50000 - 0x00007ffd0ccb3000 	C:\Windows\system32\d3d11.dll
0x00007ffd0ef10000 - 0x00007ffd0f003000 	C:\Windows\system32\dxgi.dll
0x00007ffd0a790000 - 0x00007ffd0a990000 	C:\Windows\system32\twinapi.appcore.dll
0x00007ffd06c40000 - 0x00007ffd06d39000 	C:\Windows\SYSTEM32\textinputframework.dll
0x00007ffd0d8e0000 - 0x00007ffd0dc3e000 	C:\Windows\System32\CoreUIComponents.dll
0x00007ffd0dc70000 - 0x00007ffd0dd62000 	C:\Windows\System32\CoreMessaging.dll
0x00007ffd0f770000 - 0x00007ffd0f7a3000 	C:\Windows\SYSTEM32\ntmarta.dll
0x00007ffd0d200000 - 0x00007ffd0d354000 	C:\Windows\SYSTEM32\wintypes.dll
0x00007ffcf70b0000 - 0x00007ffcf7116000 	C:\Windows\system32\Oleacc.dll
0x00007ffcf35d0000 - 0x00007ffcf35e7000 	C:\Windows\system32\napinsp.dll
0x00007ffcf35b0000 - 0x00007ffcf35cb000 	C:\Windows\system32\pnrpnsp.dll
0x00007ffcf30f0000 - 0x00007ffcf3105000 	C:\Windows\system32\wshbth.dll
0x00007ffd0bdd0000 - 0x00007ffd0bded000 	C:\Windows\system32\NLAapi.dll
0x00007ffcf30d0000 - 0x00007ffcf30e2000 	C:\Windows\System32\winrnr.dll
0x00007ffcfe9a0000 - 0x00007ffcfe9aa000 	C:\Windows\System32\rasadhlp.dll
0x00007ffcff520000 - 0x00007ffcff5a0000 	C:\Windows\System32\fwpuclnt.dll
0x00007ffcd3860000 - 0x00007ffcd3887000 	C:\Program Files\Java\jdk-11\bin\sunec.dll
0x00007ffd06a40000 - 0x00007ffd06a4d000 	C:\Program Files\Java\jdk-11\bin\sunmscapi.dll
0x00007ffd10db0000 - 0x00007ffd10f06000 	C:\Windows\System32\CRYPT32.dll
0x00007ffd10040000 - 0x00007ffd10067000 	C:\Windows\SYSTEM32\ncrypt.dll
0x00007ffd10000000 - 0x00007ffd1003b000 	C:\Windows\SYSTEM32\NTASN1.dll

dbghelp: loaded successfully - version: 4.0.5 - missing functions: none
symbol engine: initialized successfully - sym options: 0x614 - pdb path: .;C:\Program Files\Java\jdk-11\bin;C:\Windows\SYSTEM32;C:\Program Files\AVG\Antivirus;C:\Windows\WinSxS\amd64_microsoft.windows.common-controls_6595b64144ccf1df_6.0.19041.1110_none_60b5254171f9507e;C:\Program Files\Java\jdk-11\bin\server

VM Arguments:
jvm_args: -Dfile.encoding=UTF-8 
java_command: VIsta.RecuperarContra
java_class_path (initial): C:\Program Files\NetBeans-15\netbeans\java\modules\ext\AbsoluteLayout.jar;C:\Users\Pao\Documents\LibreriasExpo\KControls-2.0.jar;C:\Users\Pao\Documents\LibreriasExpo\RSScaleLabel (1).jar;C:\Users\Pao\Documents\LibreriasExpo\comm-2.0.jar;C:\Users\Pao\Documents\LibreriasExpo\http-2.2.1.jar;C:\Users\Pao\Documents\LibreriasExpo\javax.activation-1.2.0.jar;C:\Users\Pao\Documents\LibreriasExpo\javax.mail.jar;C:\Users\Pao\Documents\LibreriasExpo\jcalendar-1.4.jar;C:\Users\Pao\Documents\LibreriasExpo\mssql-jdbc-12.2.0.jre11.jar;C:\Users\Pao\Documents\LibreriasExpo\jar_files\commons-codec-1.15.jar;C:\Users\Pao\Documents\LibreriasExpo\jar_files\commons-io-2.7.jar;C:\Users\Pao\Documents\LibreriasExpo\jar_files\commons-logging-1.2.jar;C:\Users\Pao\Documents\LibreriasExpo\jar_files\httpclient-4.5.13.jar;C:\Users\Pao\Documents\LibreriasExpo\jar_files\httpcore-4.4.13.jar;C:\Users\Pao\Documents\LibreriasExpo\jar_files\jackson-annotations-2.14.0.jar;C:\Users\Pao\Documents\LibreriasExpo\jar_files\jackson-core-2.14.0.jar;C:\Users\Pao\Documents\LibreriasExpo\jar_files\jackson-databind-2.14.0.jar;C:\Users\Pao\Documents\LibreriasExpo\jar_files\jackson-dataformat-xml-2.14.0.jar;C:\Users\Pao\Documents\LibreriasExpo\jar_files\jackson-datatype-jsr310-2.14.0.jar;C:\Users\Pao\Documents\LibreriasExpo\jar_files\jjwt-api-0.11.2.jar;C:\Users\Pao\Documents\LibreriasExpo\jar_files\jjwt-impl-0.11.2.jar;C:\Users\Pao\Documents\LibreriasExpo\jar_files\jjwt-jackson-0.11.2.jar;C:\Users\Pao\Documents\LibreriasExpo\jar_files\slf4j-api-1.7.30.jar;C:\Users\Pao\Documents\LibreriasExpo\jar_files\stax2-api-4.2.1.jar;C:\Users\Pao\Documents\LibreriasExpo\jar_files\twilio-10.0.0-rc.1.jar;C:\Users\Pao\Documents\LibreriasExpo\jar_files\woodstox-core-6.4.0.jar;C:\Users\Pao\Documents\NetBeansProjects\2023Esespi\build\classes
Launcher Type: SUN_STANDARD

[Global flags]
     intx CICompilerCount                          = 3                                         {product} {ergonomic}
     uint ConcGCThreads                            = 1                                         {product} {ergonomic}
     uint G1ConcRefinementThreads                  = 4                                         {product} {ergonomic}
   size_t G1HeapRegionSize                         = 1048576                                   {product} {ergonomic}
    uintx GCDrainStackTargetSize                   = 64                                        {product} {ergonomic}
   size_t InitialHeapSize                          = 264241152                                 {product} {ergonomic}
   size_t MarkStackSize                            = 4194304                                   {product} {ergonomic}
   size_t MaxHeapSize                              = 4225761280                                {product} {ergonomic}
   size_t MaxNewSize                               = 2535456768                                {product} {ergonomic}
   size_t MinHeapDeltaBytes                        = 1048576                                   {product} {ergonomic}
    uintx NonNMethodCodeHeapSize                   = 5830732                                {pd product} {ergonomic}
    uintx NonProfiledCodeHeapSize                  = 122913754                              {pd product} {ergonomic}
    uintx ProfiledCodeHeapSize                     = 122913754                              {pd product} {ergonomic}
    uintx ReservedCodeCacheSize                    = 251658240                              {pd product} {ergonomic}
     bool SegmentedCodeCache                       = true                                      {product} {ergonomic}
     bool UseCompressedClassPointers               = true                                 {lp64_product} {ergonomic}
     bool UseCompressedOops                        = true                                 {lp64_product} {ergonomic}
     bool UseG1GC                                  = true                                      {product} {ergonomic}
     bool UseLargePagesIndividualAllocation        = false                                  {pd product} {ergonomic}

Logging:
Log output configuration:
 #0: stdout all=warning uptime,level,tags
 #1: stderr all=off uptime,level,tags

Environment Variables:
PATH=C:\Program Files\Microsoft MPI\Bin\;C:\Program Files\Common Files\Oracle\Java\javapath;C:\Windows\system32;C:\Windows;C:\Windows\System32\Wbem;C:\Windows\System32\WindowsPowerShell\v1.0\;C:\Windows\System32\OpenSSH\;C:\Program Files\Azure Data Studio\bin;C:\Program Files (x86)\Microsoft SQL Server\160\Tools\Binn\;C:\Program Files\Microsoft SQL Server\160\Tools\Binn\;C:\Program Files\Microsoft SQL Server\Client SDK\ODBC\170\Tools\Binn\;C:\Program Files\Microsoft SQL Server\160\DTS\Binn\;C:\Program Files (x86)\Microsoft SQL Server\160\DTS\Binn\;C:\Users\Pao\AppData\Local\Microsoft\WindowsApps;;C:\Program Files\Azure Data Studio\bin
USERNAME=Pao
OS=Windows_NT
PROCESSOR_IDENTIFIER=Intel64 Family 6 Model 78 Stepping 3, GenuineIntel



---------------  S Y S T E M  ---------------

OS: Windows 10 , 64 bit Build 19041 (10.0.19041.2546)

CPU:total 4 (initial active 4) (2 cores per cpu, 2 threads per core) family 6 model 78 stepping 3 microcode 0xf0, cmov, cx8, fxsr, mmx, sse, sse2, sse3, ssse3, sse4.1, sse4.2, popcnt, avx, avx2, aes, clmul, erms, rtm, 3dnowpref, lzcnt, ht, tsc, tscinvbit, bmi1, bmi2, adx, fma

Memory: 4k page, system-wide physical 16118M (8044M free)
TotalPageFile size 18550M (AvailPageFile size 10048M)
current process WorkingSet (physical memory assigned to process): 180M, peak: 180M
current process commit charge ("private bytes"): 398M, peak: 398M

vm_info: Java HotSpot(TM) 64-Bit Server VM (11.0.18+9-LTS-195) for windows-amd64 JRE (11.0.18+9-LTS-195), built on Dec  6 2022 15:50:58 by "mach5one" with MS VC++ 17.1 (VS2022)

END.
