#
# A fatal error has been detected by the Java Runtime Environment:
#
#  EXCEPTION_ACCESS_VIOLATION (0xc0000005) at pc=0x00007ffb7383ea9a, pid=6684, tid=4604
#
# JRE version: Java(TM) SE Runtime Environment 18.9 (11.0.18+9) (build 11.0.18+9-LTS-195)
# Java VM: Java HotSpot(TM) 64-Bit Server VM 18.9 (11.0.18+9-LTS-195, mixed mode, tiered, compressed oops, g1 gc, windows-amd64)
# Problematic frame:
# V  [jvm.dll+0x56ea9a]
#
# No core dump will be written. Minidumps are not enabled by default on client versions of Windows
#
# If you would like to submit a bug report, please visit:
#   https://bugreport.java.com/bugreport/crash.jsp
#

---------------  S U M M A R Y ------------

Command Line: -Dapplication.home=C:\Program Files\Java\jdk-11 --add-modules=ALL-DEFAULT -Xms8m -Djdk.module.main=jdk.compiler jdk.compiler/com.sun.tools.javac.Main -d C:\Users\Pao\Documents\NetBeansProjects\2023Esespi\build\classes -classpath C:\Users\Pao\Documents\NetBeansProjects\2023Esespi\build\classes;C:\Program Files\NetBeans-15\netbeans\java\modules\ext\AbsoluteLayout.jar;C:\Users\Pao\Documents\LibreriasExpo\KControls-2.0.jar;C:\Users\Pao\Documents\LibreriasExpo\RSScaleLabel (1).jar;C:\Users\Pao\Documents\LibreriasExpo\comm-2.0.jar;C:\Users\Pao\Documents\LibreriasExpo\commons-codec-1.15.jar;C:\Users\Pao\Documents\LibreriasExpo\commons-io-2.7.jar;C:\Users\Pao\Documents\LibreriasExpo\commons-logging-1.2.jar;C:\Users\Pao\Documents\LibreriasExpo\http-2.2.1.jar;C:\Users\Pao\Documents\LibreriasExpo\httpclient-4.5.13.jar;C:\Users\Pao\Documents\LibreriasExpo\httpcore-4.4.13.jar;C:\Users\Pao\Documents\LibreriasExpo\jackson-annotations-2.14.0.jar;C:\Users\Pao\Documents\LibreriasExpo\jackson-core-2.14.0.jar;C:\Users\Pao\Documents\LibreriasExpo\jackson-databind-2.14.0.jar;C:\Users\Pao\Documents\LibreriasExpo\jackson-dataformat-xml-2.14.0.jar;C:\Users\Pao\Documents\LibreriasExpo\jackson-datatype-jsr310-2.14.0.jar;C:\Users\Pao\Documents\LibreriasExpo\javax.activation-1.2.0.jar;C:\Users\Pao\Documents\LibreriasExpo\javax.mail.jar;C:\Users\Pao\Documents\LibreriasExpo\jcalendar-1.4.jar;C:\Users\Pao\Documents\LibreriasExpo\jjwt-api-0.11.2.jar;C:\Users\Pao\Documents\LibreriasExpo\jjwt-impl-0.11.2.jar;C:\Users\Pao\Documents\LibreriasExpo\jjwt-jackson-0.11.2.jar;C:\Users\Pao\Documents\LibreriasExpo\mssql-jdbc-12.2.0.jre11.jar;C:\Users\Pao\Documents\LibreriasExpo\slf4j-api-1.7.30.jar;C:\Users\Pao\Documents\LibreriasExpo\stax2-api-4.2.1.jar;C:\Users\Pao\Documents\LibreriasExpo\twilio-10.0.0-rc.1.jar;C:\Users\Pao\Documents\LibreriasExpo\woodstox-core-6.4.0.jar -sourcepath C:\Users\Pao\Documents\NetBeansProjects\2023Esespi\src -target 11 -encoding UTF-8 -g -processorpath C:\Program Files\NetBeans-15\netbeans\java\modules\ext\AbsoluteLayout.jar;C:\Users\Pao\Documents\LibreriasExpo\KControls-2.0.jar;C:\Users\Pao\Documents\LibreriasExpo\RSScaleLabel (1).jar;C:\Users\Pao\Documents\LibreriasExpo\comm-2.0.jar;C:\Users\Pao\Documents\LibreriasExpo\commons-codec-1.15.jar;C:\Users\Pao\Documents\LibreriasExpo\commons-io-2.7.jar;C:\Users\Pao\Documents\LibreriasExpo\commons-logging-1.2.jar;C:\Users\Pao\Documents\LibreriasExpo\http-2.2.1.jar;C:\Users\Pao\Documents\LibreriasExpo\httpclient-4.5.13.jar;C:\Users\Pao\Documents\LibreriasExpo\httpcore-4.4.13.jar;C:\Users\Pao\Documents\LibreriasExpo\jackson-annotations-2.14.0.jar;C:\Users\Pao\Documents\LibreriasExpo\jackson-core-2.14.0.jar;C:\Users\Pao\Documents\LibreriasExpo\jackson-databind-2.14.0.jar;C:\Users\Pao\Documents\LibreriasExpo\jackson-dataformat-xml-2.14.0.jar;C:\Users\Pao\Documents\LibreriasExpo\jackson-datatype-jsr310-2.14.0.jar;C:\Users\Pao\Documents\LibreriasExpo\javax.activation-1.2.0.jar;C:\Users\Pao\Documents\LibreriasExpo\javax.mail.jar;C:\Users\Pao\Documents\LibreriasExpo\jcalendar-1.4.jar;C:\Users\Pao\Documents\LibreriasExpo\jjwt-api-0.11.2.jar;C:\Users\Pao\Documents\LibreriasExpo\jjwt-impl-0.11.2.jar;C:\Users\Pao\Documents\LibreriasExpo\jjwt-jackson-0.11.2.jar;C:\Users\Pao\Documents\LibreriasExpo\mssql-jdbc-12.2.0.jre11.jar;C:\Users\Pao\Documents\LibreriasExpo\slf4j-api-1.7.30.jar;C:\Users\Pao\Documents\LibreriasExpo\stax2-api-4.2.1.jar;C:\Users\Pao\Documents\LibreriasExpo\twilio-10.0.0-rc.1.jar;C:\Users\Pao\Documents\LibreriasExpo\woodstox-core-6.4.0.jar;C:\Users\Pao\Documents\NetBeansProjects\2023Esespi\build\empty -s C:\Users\Pao\Documents\NetBeansProjects\2023Esespi\build\generated-sources\ap-source-output -source 11 C:\Users\Pao\Documents\NetBeansProjects\2023Esespi\src\VIsta\Programa\JframePrincipal.java

Host: Intel(R) Core(TM) i5-6300U CPU @ 2.40GHz, 4 cores, 15G,  Windows 10 , 64 bit Build 19041 (10.0.19041.2546)
Time: Wed Aug  2 09:23:11 2023 Hora estándar, América Central elapsed time: 1.710621 seconds (0d 0h 0m 1s)

---------------  T H R E A D  ---------------

Current thread (0x00000255ff5b5000):  JavaThread "C2 CompilerThread1" daemon [_thread_in_native, id=4604, stack(0x000000aa8b500000,0x000000aa8b600000)]


Current CompileTask:
C2:   1710 1972       4       com.sun.tools.javac.code.Types$15::visitClassType (10 bytes)

Stack: [0x000000aa8b500000,0x000000aa8b600000],  sp=0x000000aa8b5fab40,  free space=1002k
Native frames: (J=compiled Java code, j=interpreted, Vv=VM code, C=native code)
V  [jvm.dll+0x56ea9a]
V  [jvm.dll+0x56e826]
V  [jvm.dll+0x56db54]
V  [jvm.dll+0x21a251]
V  [jvm.dll+0x213a35]
V  [jvm.dll+0x210264]
V  [jvm.dll+0x18c641]
V  [jvm.dll+0x220609]
V  [jvm.dll+0x21e92c]
V  [jvm.dll+0x763f61]
V  [jvm.dll+0x75c924]
V  [jvm.dll+0x65c755]
C  [ucrtbase.dll+0x21bb2]
C  [KERNEL32.DLL+0x17614]
C  [ntdll.dll+0x526a1]


siginfo: EXCEPTION_ACCESS_VIOLATION (0xc0000005), reading address 0x0000025d94dad1e0


Register to memory mapping:

RIP=0x00007ffb7383ea9a jvm.dll
RAX=0x0000025599e63260 points into unknown readable memory: 0x0000000000000000 | 00 00 00 00 00 00 00 00
RBX=0x000002559aa29a30 points into unknown readable memory: 0x0000000000000000 | 00 00 00 00 00 00 00 00
RCX=0x00000000ff5e93f0 is an unknown value
RDX=0x000000aa8b5fb140 is pointing into the stack for thread: 0x00000255ff5b5000
RSP=0x000000aa8b5fab40 is pointing into the stack for thread: 0x00000255ff5b5000
RBP=0x000002559aa930c0 points into unknown readable memory: 0x00007ffb73b37658 | 58 76 b3 73 fb 7f 00 00
RSI=0x0000025599be6400 points into unknown readable memory: 0x0000000000000000 | 00 00 00 00 00 00 00 00
RDI=0x000000aa8b5fb110 is pointing into the stack for thread: 0x00000255ff5b5000
R8 =0x0000025599be6400 points into unknown readable memory: 0x0000000000000000 | 00 00 00 00 00 00 00 00
R9 =0x0000000000002000 is an unknown value
R10=0x00007ffbb5450000 VCRUNTIME140.dll
R11=0x00007ffbb5451b41 VCRUNTIME140.dll
R12=0x000000aa8b5fac48 is pointing into the stack for thread: 0x00000255ff5b5000
R13=0x000000aa8b5fac18 is pointing into the stack for thread: 0x00000255ff5b5000
R14=0x000002559aa94c78 points into unknown readable memory: 0x00007ffb73b370f0 | f0 70 b3 73 fb 7f 00 00
R15=0x000002559aa2b520 points into unknown readable memory: 0x00007ffb73b4c590 | 90 c5 b4 73 fb 7f 00 00


Registers:
RAX=0x0000025599e63260, RBX=0x000002559aa29a30, RCX=0x00000000ff5e93f0, RDX=0x000000aa8b5fb140
RSP=0x000000aa8b5fab40, RBP=0x000002559aa930c0, RSI=0x0000025599be6400, RDI=0x000000aa8b5fb110
R8 =0x0000025599be6400, R9 =0x0000000000002000, R10=0x00007ffbb5450000, R11=0x00007ffbb5451b41
R12=0x000000aa8b5fac48, R13=0x000000aa8b5fac18, R14=0x000002559aa94c78, R15=0x000002559aa2b520
RIP=0x00007ffb7383ea9a, EFLAGS=0x0000000000010206

Top of Stack: (sp=0x000000aa8b5fab40)
0x000000aa8b5fab40:   000002559aa95108 0000000000000026
0x000000aa8b5fab50:   0000025599a29030 00000255ff599840
0x000000aa8b5fab60:   000002559aa94c78 0000000000000001
0x000000aa8b5fab70:   000000aa8b5faca8 00007ffb7383e826
0x000000aa8b5fab80:   000002559aa95108 000000aa8b5facf0
0x000000aa8b5fab90:   0000000000000026 000000aa8b5fac48
0x000000aa8b5faba0:   000000aa8b5fba98 00007ffb7390d13f
0x000000aa8b5fabb0:   000000aa8b5fbac0 000000aa8b5fba98
0x000000aa8b5fabc0:   000000aa8b5fb110 000000aa8b5facf0
0x000000aa8b5fabd0:   0000000000000000 00000255ff599840
0x000000aa8b5fabe0:   00000255ff5e93f0 00007ffb7383db54
0x000000aa8b5fabf0:   000000aa8b5fb110 0000000000000001
0x000000aa8b5fac00:   000000aa00000001 000000aa8b5faca8
0x000000aa8b5fac10:   00000255ff599840 00000255ff599840
0x000000aa8b5fac20:   0000025500000100 0000025599ed4b70
0x000000aa8b5fac30:   000077c600000027 000000aa8b5fbac0 

Instructions: (pc=0x00007ffb7383ea9a)
0x00007ffb7383ea7a:   57 02 00 00 44 8b 4f 28 48 8d 57 30 4c 89 64 24
0x00007ffb7383ea8a:   58 0f 1f 44 00 00 8b 4b 28 48 8b 87 f8 09 00 00
0x00007ffb7383ea9a:   48 8b 1c c8 4c 8d 04 c8 48 8b 43 08 48 83 38 00
0x00007ffb7383eaaa:   75 2b 0f 1f 40 00 8b 43 28 41 3b c1 73 0b 8b c8 


Stack slot to memory mapping:
stack at sp + 0 slots: 0x000002559aa95108 points into unknown readable memory: 0x00007ffb73b374c0 | c0 74 b3 73 fb 7f 00 00
stack at sp + 1 slots: 0x0000000000000026 is an unknown value
stack at sp + 2 slots: 0x0000025599a29030 points into unknown readable memory: 0x00007ffb73b371b0 | b0 71 b3 73 fb 7f 00 00
stack at sp + 3 slots: 0x00000255ff599840 points into unknown readable memory: 0x72616e6900000006 | 06 00 00 00 69 6e 61 72
stack at sp + 4 slots: 0x000002559aa94c78 points into unknown readable memory: 0x00007ffb73b370f0 | f0 70 b3 73 fb 7f 00 00
stack at sp + 5 slots: 0x0000000000000001 is an unknown value
stack at sp + 6 slots: 0x000000aa8b5faca8 is pointing into the stack for thread: 0x00000255ff5b5000
stack at sp + 7 slots: 0x00007ffb7383e826 jvm.dll


---------------  P R O C E S S  ---------------

Threads class SMR info:
_java_thread_list=0x00000255ff5977e0, length=11, elements={
0x00000255f5779000, 0x00000255fea79000, 0x00000255feaa4800, 0x00000255feb06800,
0x00000255feb09800, 0x00000255feb0b800, 0x00000255feabb000, 0x00000255feb15800,
0x00000255feb16800, 0x00000255ff593800, 0x00000255ff5b5000
}

Java Threads: ( => current thread )
  0x00000255f5779000 JavaThread "main" [_thread_in_Java, id=10380, stack(0x000000aa8a500000,0x000000aa8a600000)]
  0x00000255fea79000 JavaThread "Reference Handler" daemon [_thread_blocked, id=2668, stack(0x000000aa8ac00000,0x000000aa8ad00000)]
  0x00000255feaa4800 JavaThread "Finalizer" daemon [_thread_blocked, id=5600, stack(0x000000aa8ad00000,0x000000aa8ae00000)]
  0x00000255feb06800 JavaThread "Signal Dispatcher" daemon [_thread_blocked, id=2528, stack(0x000000aa8ae00000,0x000000aa8af00000)]
  0x00000255feb09800 JavaThread "Attach Listener" daemon [_thread_blocked, id=5464, stack(0x000000aa8af00000,0x000000aa8b000000)]
  0x00000255feb0b800 JavaThread "Service Thread" daemon [_thread_blocked, id=5580, stack(0x000000aa8b000000,0x000000aa8b100000)]
  0x00000255feabb000 JavaThread "C2 CompilerThread0" daemon [_thread_in_native, id=1392, stack(0x000000aa8b100000,0x000000aa8b200000)]
  0x00000255feb15800 JavaThread "C1 CompilerThread0" daemon [_thread_blocked, id=9780, stack(0x000000aa8b200000,0x000000aa8b300000)]
  0x00000255feb16800 JavaThread "Sweeper thread" daemon [_thread_blocked, id=6644, stack(0x000000aa8b300000,0x000000aa8b400000)]
  0x00000255ff593800 JavaThread "Common-Cleaner" daemon [_thread_blocked, id=9056, stack(0x000000aa8b400000,0x000000aa8b500000)]
=>0x00000255ff5b5000 JavaThread "C2 CompilerThread1" daemon [_thread_in_native, id=4604, stack(0x000000aa8b500000,0x000000aa8b600000)]

Other Threads:
  0x00000255fea76800 VMThread "VM Thread" [stack: 0x000000aa8ab00000,0x000000aa8ac00000] [id=1744]
  0x00000255ff662000 WatcherThread [stack: 0x000000aa8b600000,0x000000aa8b700000] [id=9920]
  0x00000255f578e000 GCTaskThread "GC Thread#0" [stack: 0x000000aa8a600000,0x000000aa8a700000] [id=8356]
  0x00000255ff7a5800 GCTaskThread "GC Thread#1" [stack: 0x000000aa8b700000,0x000000aa8b800000] [id=8896]
  0x00000255f57eb000 ConcurrentGCThread "G1 Main Marker" [stack: 0x000000aa8a700000,0x000000aa8a800000] [id=10404]
  0x00000255f57ed000 ConcurrentGCThread "G1 Conc#0" [stack: 0x000000aa8a800000,0x000000aa8a900000] [id=2288]
  0x00000255f580b000 ConcurrentGCThread "G1 Refine#0" [stack: 0x000000aa8a900000,0x000000aa8aa00000] [id=396]
  0x00000255f580c000 ConcurrentGCThread "G1 Young RemSet Sampling" [stack: 0x000000aa8aa00000,0x000000aa8ab00000] [id=9492]

Threads with active compile tasks:
C2 CompilerThread0     1828 1623   !   4       com.sun.tools.javac.jvm.ClassReader::classSigToType (498 bytes)
C2 CompilerThread1     1829 1972       4       com.sun.tools.javac.code.Types$15::visitClassType (10 bytes)

VM state:not at safepoint (normal execution)

VM Mutex/Monitor currently owned by a thread: None

Heap address: 0x0000000704200000, size: 4030 MB, Compressed Oops mode: Zero based, Oop shift amount: 3
Narrow klass base: 0x0000000800000000, Narrow klass shift: 0
Compressed class space size: 1073741824 Address: 0x0000000800000000

Heap:
 garbage-first heap   total 47104K, used 22009K [0x0000000704200000, 0x0000000800000000)
  region size 1024K, 12 young (12288K), 2 survivors (2048K)
 Metaspace       used 17068K, capacity 17419K, committed 17536K, reserved 1064960K
  class space    used 1719K, capacity 1892K, committed 1920K, reserved 1048576K
Heap Regions: E=young(eden), S=young(survivor), O=old, HS=humongous(starts), HC=humongous(continues), CS=collection set, F=free, A=archive, TAMS=top-at-mark-start (previous, next)
|   0|0x0000000704200000, 0x0000000704300000, 0x0000000704300000|100%| O|  |TAMS 0x0000000704300000, 0x0000000704200000| Untracked 
|   1|0x0000000704300000, 0x0000000704400000, 0x0000000704400000|100%| O|  |TAMS 0x0000000704400000, 0x0000000704300000| Untracked 
|   2|0x0000000704400000, 0x0000000704500000, 0x0000000704500000|100%| O|  |TAMS 0x0000000704500000, 0x0000000704400000| Untracked 
|   3|0x0000000704500000, 0x0000000704600000, 0x0000000704600000|100%| O|  |TAMS 0x0000000704600000, 0x0000000704500000| Untracked 
|   4|0x0000000704600000, 0x0000000704700000, 0x0000000704700000|100%| O|  |TAMS 0x0000000704700000, 0x0000000704600000| Untracked 
|   5|0x0000000704700000, 0x0000000704800000, 0x0000000704800000|100%| O|  |TAMS 0x0000000704800000, 0x0000000704700000| Untracked 
|   6|0x0000000704800000, 0x0000000704900000, 0x0000000704900000|100%| O|  |TAMS 0x0000000704900000, 0x0000000704800000| Untracked 
|   7|0x0000000704900000, 0x0000000704a00000, 0x0000000704a00000|100%| O|  |TAMS 0x0000000704953000, 0x0000000704900000| Untracked 
|   8|0x0000000704a00000, 0x0000000704b00000, 0x0000000704b00000|100%| O|  |TAMS 0x0000000704a00000, 0x0000000704a00000| Untracked 
|   9|0x0000000704b00000, 0x0000000704c00000, 0x0000000704c00000|100%| O|  |TAMS 0x0000000704b00000, 0x0000000704b00000| Untracked 
|  10|0x0000000704c00000, 0x0000000704caec00, 0x0000000704d00000| 68%| O|  |TAMS 0x0000000704c00000, 0x0000000704c00000| Untracked 
|  11|0x0000000704d00000, 0x0000000704d00000, 0x0000000704e00000|  0%| F|  |TAMS 0x0000000704d00000, 0x0000000704d00000| Untracked 
|  12|0x0000000704e00000, 0x0000000704e00000, 0x0000000704f00000|  0%| F|  |TAMS 0x0000000704e00000, 0x0000000704e00000| Untracked 
|  13|0x0000000704f00000, 0x0000000704f00000, 0x0000000705000000|  0%| F|  |TAMS 0x0000000704f00000, 0x0000000704f00000| Untracked 
|  14|0x0000000705000000, 0x0000000705000000, 0x0000000705100000|  0%| F|  |TAMS 0x0000000705000000, 0x0000000705000000| Untracked 
|  15|0x0000000705100000, 0x0000000705100000, 0x0000000705200000|  0%| F|  |TAMS 0x0000000705100000, 0x0000000705100000| Untracked 
|  16|0x0000000705200000, 0x0000000705200000, 0x0000000705300000|  0%| F|  |TAMS 0x0000000705200000, 0x0000000705200000| Untracked 
|  17|0x0000000705300000, 0x0000000705300000, 0x0000000705400000|  0%| F|  |TAMS 0x0000000705300000, 0x0000000705300000| Untracked 
|  18|0x0000000705400000, 0x0000000705400000, 0x0000000705500000|  0%| F|  |TAMS 0x0000000705400000, 0x0000000705400000| Untracked 
|  19|0x0000000705500000, 0x0000000705500000, 0x0000000705600000|  0%| F|  |TAMS 0x0000000705500000, 0x0000000705500000| Untracked 
|  20|0x0000000705600000, 0x0000000705600000, 0x0000000705700000|  0%| F|  |TAMS 0x0000000705600000, 0x0000000705600000| Untracked 
|  21|0x0000000705700000, 0x0000000705700000, 0x0000000705800000|  0%| F|  |TAMS 0x0000000705700000, 0x0000000705700000| Untracked 
|  22|0x0000000705800000, 0x0000000705800000, 0x0000000705900000|  0%| F|  |TAMS 0x0000000705800000, 0x0000000705800000| Untracked 
|  23|0x0000000705900000, 0x0000000705900000, 0x0000000705a00000|  0%| F|  |TAMS 0x0000000705900000, 0x0000000705900000| Untracked 
|  24|0x0000000705a00000, 0x0000000705a00000, 0x0000000705b00000|  0%| F|  |TAMS 0x0000000705a00000, 0x0000000705a00000| Untracked 
|  25|0x0000000705b00000, 0x0000000705b00000, 0x0000000705c00000|  0%| F|  |TAMS 0x0000000705b00000, 0x0000000705b00000| Untracked 
|  26|0x0000000705c00000, 0x0000000705c00000, 0x0000000705d00000|  0%| F|  |TAMS 0x0000000705c00000, 0x0000000705c00000| Untracked 
|  27|0x0000000705d00000, 0x0000000705d00000, 0x0000000705e00000|  0%| F|  |TAMS 0x0000000705d00000, 0x0000000705d00000| Untracked 
|  28|0x0000000705e00000, 0x0000000705e00000, 0x0000000705f00000|  0%| F|  |TAMS 0x0000000705e00000, 0x0000000705e00000| Untracked 
|  29|0x0000000705f00000, 0x0000000705f00000, 0x0000000706000000|  0%| F|  |TAMS 0x0000000705f00000, 0x0000000705f00000| Untracked 
|  30|0x0000000706000000, 0x0000000706000000, 0x0000000706100000|  0%| F|  |TAMS 0x0000000706000000, 0x0000000706000000| Untracked 
|  31|0x0000000706100000, 0x0000000706100000, 0x0000000706200000|  0%| F|  |TAMS 0x0000000706100000, 0x0000000706100000| Untracked 
|  32|0x0000000706200000, 0x0000000706200000, 0x0000000706300000|  0%| F|  |TAMS 0x0000000706200000, 0x0000000706200000| Untracked 
|  33|0x0000000706300000, 0x0000000706300000, 0x0000000706400000|  0%| F|  |TAMS 0x0000000706300000, 0x0000000706300000| Untracked 
|  34|0x0000000706400000, 0x00000007064cfa20, 0x0000000706500000| 81%| S|CS|TAMS 0x0000000706400000, 0x0000000706400000| Complete 
|  35|0x0000000706500000, 0x0000000706600000, 0x0000000706600000|100%| S|CS|TAMS 0x0000000706500000, 0x0000000706500000| Complete 
|  36|0x0000000706600000, 0x0000000706642580, 0x0000000706700000| 25%| E|  |TAMS 0x0000000706600000, 0x0000000706600000| Complete 
|  37|0x0000000706700000, 0x0000000706800000, 0x0000000706800000|100%| E|CS|TAMS 0x0000000706700000, 0x0000000706700000| Complete 
|  38|0x0000000706800000, 0x0000000706900000, 0x0000000706900000|100%| E|CS|TAMS 0x0000000706800000, 0x0000000706800000| Complete 
|  39|0x0000000706900000, 0x0000000706a00000, 0x0000000706a00000|100%| E|CS|TAMS 0x0000000706900000, 0x0000000706900000| Complete 
|  40|0x0000000706a00000, 0x0000000706b00000, 0x0000000706b00000|100%| E|CS|TAMS 0x0000000706a00000, 0x0000000706a00000| Complete 
|  41|0x0000000706b00000, 0x0000000706c00000, 0x0000000706c00000|100%| E|CS|TAMS 0x0000000706b00000, 0x0000000706b00000| Complete 
|  42|0x0000000706c00000, 0x0000000706d00000, 0x0000000706d00000|100%| E|CS|TAMS 0x0000000706c00000, 0x0000000706c00000| Complete 
|  43|0x0000000706d00000, 0x0000000706e00000, 0x0000000706e00000|100%| E|CS|TAMS 0x0000000706d00000, 0x0000000706d00000| Complete 
|  44|0x0000000706e00000, 0x0000000706f00000, 0x0000000706f00000|100%| E|CS|TAMS 0x0000000706e00000, 0x0000000706e00000| Complete 
|  45|0x0000000706f00000, 0x0000000707000000, 0x0000000707000000|100%| E|CS|TAMS 0x0000000706f00000, 0x0000000706f00000| Complete 

Card table byte_map: [0x00000255fd630000,0x00000255fde10000] _byte_map_base: 0x00000255f9e0f000

Marking Bits (Prev, Next): (CMBitMap*) 0x00000255f57da440, (CMBitMap*) 0x00000255f57da408
 Prev Bits: [0x0000025592f00000, 0x0000025596df8000)
 Next Bits: [0x000002558f000000, 0x0000025592ef8000)

Polling page: 0x00000255f3760000

Metaspace:

Usage:
  Non-class:     15.16 MB capacity,    14.99 MB ( 99%) used,   142.14 KB ( <1%) free+waste,    35.56 KB ( <1%) overhead. 
      Class:      1.85 MB capacity,     1.68 MB ( 91%) used,   156.45 KB (  8%) free+waste,    16.06 KB ( <1%) overhead. 
       Both:     17.01 MB capacity,    16.67 MB ( 98%) used,   298.59 KB (  2%) free+waste,    51.62 KB ( <1%) overhead. 

Virtual space:
  Non-class space:       16.00 MB reserved,      15.25 MB ( 95%) committed 
      Class space:        1.00 GB reserved,       1.88 MB ( <1%) committed 
             Both:        1.02 GB reserved,      17.12 MB (  2%) committed 

Chunk freelists:
   Non-Class:  3.12 KB
       Class:  3.50 KB
        Both:  6.62 KB

CodeHeap 'non-profiled nmethods': size=120064Kb used=633Kb max_used=633Kb free=119430Kb
 bounds [0x0000025587ac0000, 0x0000025587d30000, 0x000002558f000000]
CodeHeap 'profiled nmethods': size=120000Kb used=4820Kb max_used=4820Kb free=115179Kb
 bounds [0x0000025580590000, 0x0000025580a50000, 0x0000025587ac0000]
CodeHeap 'non-nmethods': size=5696Kb used=1106Kb max_used=1134Kb free=4589Kb
 bounds [0x0000025580000000, 0x0000025580270000, 0x0000025580590000]
 total_blobs=2693 nmethods=2285 adapters=319
 compilation: enabled
              stopped_count=0, restarted_count=0
 full_count=0

Compilation events (10 events):
Event: 1.695 Thread 0x00000255feb15800 2145       2       com.sun.tools.javac.tree.TreeScanner::visitLiteral (1 bytes)
Event: 1.695 Thread 0x00000255feb15800 nmethod 2145 0x00000255809f8f90 code [0x00000255809f9120, 0x00000255809f9218]
Event: 1.695 Thread 0x00000255feb15800 2142       2       com.sun.tools.javac.util.Iterators$2::hasNext (13 bytes)
Event: 1.696 Thread 0x00000255feb15800 nmethod 2142 0x00000255809f9290 code [0x00000255809f9420, 0x00000255809f9538]
Event: 1.696 Thread 0x00000255feb15800 2146       1       com.sun.tools.javac.code.Types$12::visitType (2 bytes)
Event: 1.696 Thread 0x00000255feb15800 nmethod 2146 0x0000025587b5d410 code [0x0000025587b5d5a0, 0x0000025587b5d658]
Event: 1.696 Thread 0x00000255feb15800 2147       2       jdk.internal.org.objectweb.asm.MethodWriter::visitFieldInsn (256 bytes)
Event: 1.697 Thread 0x00000255feb15800 nmethod 2147 0x00000255809f9610 code [0x00000255809f9800, 0x00000255809f9ca8]
Event: 1.697 Thread 0x00000255feb15800 2148       2       jdk.internal.org.objectweb.asm.ClassWriter::newFieldItem (77 bytes)
Event: 1.697 Thread 0x00000255feb15800 nmethod 2148 0x00000255809fa010 code [0x00000255809fa200, 0x00000255809fa538]

GC Heap History (10 events):
Event: 1.187 GC heap before
{Heap before GC invocations=20 (full 0):
 garbage-first heap   total 23552K, used 12363K [0x0000000704200000, 0x0000000800000000)
  region size 1024K, 5 young (5120K), 1 survivors (1024K)
 Metaspace       used 15368K, capacity 15631K, committed 15872K, reserved 1062912K
  class space    used 1589K, capacity 1712K, committed 1792K, reserved 1048576K
}
Event: 1.190 GC heap after
{Heap after GC invocations=21 (full 0):
 garbage-first heap   total 23552K, used 8963K [0x0000000704200000, 0x0000000800000000)
  region size 1024K, 1 young (1024K), 1 survivors (1024K)
 Metaspace       used 15368K, capacity 15631K, committed 15872K, reserved 1062912K
  class space    used 1589K, capacity 1712K, committed 1792K, reserved 1048576K
}
Event: 1.221 GC heap before
{Heap before GC invocations=21 (full 0):
 garbage-first heap   total 23552K, used 13059K [0x0000000704200000, 0x0000000800000000)
  region size 1024K, 5 young (5120K), 1 survivors (1024K)
 Metaspace       used 15419K, capacity 15713K, committed 15872K, reserved 1062912K
  class space    used 1596K, capacity 1718K, committed 1792K, reserved 1048576K
}
Event: 1.225 GC heap after
{Heap after GC invocations=22 (full 0):
 garbage-first heap   total 23552K, used 9681K [0x0000000704200000, 0x0000000800000000)
  region size 1024K, 1 young (1024K), 1 survivors (1024K)
 Metaspace       used 15419K, capacity 15713K, committed 15872K, reserved 1062912K
  class space    used 1596K, capacity 1718K, committed 1792K, reserved 1048576K
}
Event: 1.298 GC heap before
{Heap before GC invocations=22 (full 0):
 garbage-first heap   total 23552K, used 12753K [0x0000000704200000, 0x0000000800000000)
  region size 1024K, 5 young (5120K), 1 survivors (1024K)
 Metaspace       used 15598K, capacity 15873K, committed 16128K, reserved 1062912K
  class space    used 1606K, capacity 1728K, committed 1792K, reserved 1048576K
}
Event: 1.303 GC heap after
{Heap after GC invocations=23 (full 0):
 garbage-first heap   total 23552K, used 10892K [0x0000000704200000, 0x0000000800000000)
  region size 1024K, 1 young (1024K), 1 survivors (1024K)
 Metaspace       used 15598K, capacity 15873K, committed 16128K, reserved 1062912K
  class space    used 1606K, capacity 1728K, committed 1792K, reserved 1048576K
}
Event: 1.366 GC heap before
{Heap before GC invocations=23 (full 0):
 garbage-first heap   total 23552K, used 14988K [0x0000000704200000, 0x0000000800000000)
  region size 1024K, 5 young (5120K), 1 survivors (1024K)
 Metaspace       used 15914K, capacity 16187K, committed 16384K, reserved 1064960K
  class space    used 1640K, capacity 1768K, committed 1792K, reserved 1048576K
}
Event: 1.372 GC heap after
{Heap after GC invocations=24 (full 0):
 garbage-first heap   total 47104K, used 11737K [0x0000000704200000, 0x0000000800000000)
  region size 1024K, 1 young (1024K), 1 survivors (1024K)
 Metaspace       used 15914K, capacity 16187K, committed 16384K, reserved 1064960K
  class space    used 1640K, capacity 1768K, committed 1792K, reserved 1048576K
}
Event: 1.550 GC heap before
{Heap before GC invocations=24 (full 0):
 garbage-first heap   total 47104K, used 20953K [0x0000000704200000, 0x0000000800000000)
  region size 1024K, 11 young (11264K), 1 survivors (1024K)
 Metaspace       used 16254K, capacity 16535K, committed 16640K, reserved 1064960K
  class space    used 1660K, capacity 1775K, committed 1792K, reserved 1048576K
}
Event: 1.555 GC heap after
{Heap after GC invocations=25 (full 0):
 garbage-first heap   total 47104K, used 12793K [0x0000000704200000, 0x0000000800000000)
  region size 1024K, 2 young (2048K), 2 survivors (2048K)
 Metaspace       used 16254K, capacity 16535K, committed 16640K, reserved 1064960K
  class space    used 1660K, capacity 1775K, committed 1792K, reserved 1048576K
}

Deoptimization events (10 events):
Event: 0.834 Thread 0x00000255f5779000 Uncommon trap: reason=class_check action=maybe_recompile pc=0x0000025587b01024 method=java.util.HashMap.putVal(ILjava/lang/Object;Ljava/lang/Object;ZZ)Ljava/lang/Object; @ 203 c2
Event: 0.842 Thread 0x00000255f5779000 Uncommon trap: reason=class_check action=maybe_recompile pc=0x0000025587b01024 method=java.util.HashMap.putVal(ILjava/lang/Object;Ljava/lang/Object;ZZ)Ljava/lang/Object; @ 203 c2
Event: 1.012 Thread 0x00000255f5779000 Uncommon trap: reason=profile_predicate action=maybe_recompile pc=0x0000025587b2536c method=java.lang.StringLatin1.indexOf([BI[BII)I @ 18 c2
Event: 1.012 Thread 0x00000255f5779000 Uncommon trap: reason=profile_predicate action=maybe_recompile pc=0x0000025587b2536c method=java.lang.StringLatin1.indexOf([BI[BII)I @ 18 c2
Event: 1.012 Thread 0x00000255f5779000 Uncommon trap: reason=profile_predicate action=maybe_recompile pc=0x0000025587b2536c method=java.lang.StringLatin1.indexOf([BI[BII)I @ 18 c2
Event: 1.012 Thread 0x00000255f5779000 Uncommon trap: reason=profile_predicate action=maybe_recompile pc=0x0000025587b2536c method=java.lang.StringLatin1.indexOf([BI[BII)I @ 18 c2
Event: 1.051 Thread 0x00000255f5779000 Uncommon trap: reason=class_check action=maybe_recompile pc=0x0000025587b02af8 method=java.util.HashMap.getNode(ILjava/lang/Object;)Ljava/util/HashMap$Node; @ 126 c2
Event: 1.111 Thread 0x00000255f5779000 Uncommon trap: reason=unstable_if action=reinterpret pc=0x0000025587afdca0 method=com.sun.tools.javac.parser.JavaTokenizer.scanIdent()V @ 15 c2
Event: 1.112 Thread 0x00000255f5779000 Uncommon trap: reason=unstable_if action=reinterpret pc=0x0000025587b0ffa4 method=com.sun.tools.javac.parser.JavaTokenizer.readToken()Lcom/sun/tools/javac/parser/Tokens$Token; @ 39 c2
Event: 1.655 Thread 0x00000255f5779000 Uncommon trap: reason=unstable_if action=reinterpret pc=0x0000025587b560b0 method=com.sun.tools.javac.code.Scope$ScopeImpl$2.hasNext()Z @ 69 c2

Classes redefined (0 events):
No events

Internal exceptions (10 events):
Event: 1.415 Thread 0x00000255f5779000 Exception <a 'sun/nio/fs/WindowsException'{0x0000000706bceee8}> (0x0000000706bceee8) thrown at [./open/src/hotspot/share/prims/jni.cpp, line 611]
Event: 1.415 Thread 0x00000255f5779000 Exception <a 'sun/nio/fs/WindowsException'{0x0000000706bcf1b0}> (0x0000000706bcf1b0) thrown at [./open/src/hotspot/share/prims/jni.cpp, line 611]
Event: 1.416 Thread 0x00000255f5779000 Exception <a 'sun/nio/fs/WindowsException'{0x0000000706bd0e30}> (0x0000000706bd0e30) thrown at [./open/src/hotspot/share/prims/jni.cpp, line 611]
Event: 1.416 Thread 0x00000255f5779000 Exception <a 'sun/nio/fs/WindowsException'{0x0000000706bd1150}> (0x0000000706bd1150) thrown at [./open/src/hotspot/share/prims/jni.cpp, line 611]
Event: 1.416 Thread 0x00000255f5779000 Exception <a 'sun/nio/fs/WindowsException'{0x0000000706bd26d8}> (0x0000000706bd26d8) thrown at [./open/src/hotspot/share/prims/jni.cpp, line 611]
Event: 1.417 Thread 0x00000255f5779000 Exception <a 'sun/nio/fs/WindowsException'{0x0000000706bd29b8}> (0x0000000706bd29b8) thrown at [./open/src/hotspot/share/prims/jni.cpp, line 611]
Event: 1.417 Thread 0x00000255f5779000 Exception <a 'sun/nio/fs/WindowsException'{0x0000000706bd4750}> (0x0000000706bd4750) thrown at [./open/src/hotspot/share/prims/jni.cpp, line 611]
Event: 1.417 Thread 0x00000255f5779000 Exception <a 'sun/nio/fs/WindowsException'{0x0000000706bd4aa0}> (0x0000000706bd4aa0) thrown at [./open/src/hotspot/share/prims/jni.cpp, line 611]
Event: 1.418 Thread 0x00000255f5779000 Exception <a 'sun/nio/fs/WindowsException'{0x0000000706bd7630}> (0x0000000706bd7630) thrown at [./open/src/hotspot/share/prims/jni.cpp, line 611]
Event: 1.418 Thread 0x00000255f5779000 Exception <a 'sun/nio/fs/WindowsException'{0x0000000706bd7948}> (0x0000000706bd7948) thrown at [./open/src/hotspot/share/prims/jni.cpp, line 611]

Events (10 events):
Event: 1.696 loading class com/sun/tools/javac/util/JCDiagnostic$DiagnosticPosition
Event: 1.696 loading class com/sun/tools/javac/util/JCDiagnostic$DiagnosticPosition done
Event: 1.696 loading class com/sun/tools/javac/comp/Operators
Event: 1.696 loading class com/sun/tools/javac/comp/Operators done
Event: 1.697 loading class com/sun/tools/javac/code/Type
Event: 1.697 loading class com/sun/tools/javac/code/Type done
Event: 1.697 loading class com/sun/tools/javac/code/Symbol$OperatorSymbol
Event: 1.697 loading class com/sun/tools/javac/code/Symbol$OperatorSymbol done
Event: 1.697 loading class com/sun/tools/javac/comp/Operators$UnaryOperatorHelper
Event: 1.697 loading class com/sun/tools/javac/comp/Operators$UnaryOperatorHelper done


Dynamic libraries:
0x00007ff610bd0000 - 0x00007ff610bd8000 	C:\Program Files\Java\jdk-11\bin\javac.exe
0x00007ffbdbfd0000 - 0x00007ffbdc1c8000 	C:\Windows\SYSTEM32\ntdll.dll
0x00007ffbb3e00000 - 0x00007ffbb3e19000 	C:\Program Files\AVG\Antivirus\aswhook.dll
0x00007ffbdad90000 - 0x00007ffbdae4f000 	C:\Windows\System32\KERNEL32.DLL
0x00007ffbd9af0000 - 0x00007ffbd9dc2000 	C:\Windows\System32\KERNELBASE.dll
0x00007ffbd9980000 - 0x00007ffbd9a80000 	C:\Windows\System32\ucrtbase.dll
0x00007ffbc8350000 - 0x00007ffbc8368000 	C:\Program Files\Java\jdk-11\bin\jli.dll
0x00007ffbb5450000 - 0x00007ffbb546b000 	C:\Program Files\Java\jdk-11\bin\VCRUNTIME140.dll
0x00007ffbda460000 - 0x00007ffbda50e000 	C:\Windows\System32\ADVAPI32.dll
0x00007ffbdafb0000 - 0x00007ffbdb04e000 	C:\Windows\System32\msvcrt.dll
0x00007ffbdb050000 - 0x00007ffbdb0ec000 	C:\Windows\System32\sechost.dll
0x00007ffbda620000 - 0x00007ffbda745000 	C:\Windows\System32\RPCRT4.dll
0x00007ffbdb970000 - 0x00007ffbdbb11000 	C:\Windows\System32\USER32.dll
0x00007ffbc8710000 - 0x00007ffbc89aa000 	C:\Windows\WinSxS\amd64_microsoft.windows.common-controls_6595b64144ccf1df_6.0.19041.1110_none_60b5254171f9507e\COMCTL32.dll
0x00007ffbd9fc0000 - 0x00007ffbd9fe2000 	C:\Windows\System32\win32u.dll
0x00007ffbda430000 - 0x00007ffbda45b000 	C:\Windows\System32\GDI32.dll
0x00007ffbd97d0000 - 0x00007ffbd98df000 	C:\Windows\System32\gdi32full.dll
0x00007ffbd98e0000 - 0x00007ffbd997d000 	C:\Windows\System32\msvcp_win.dll
0x00007ffbd34a0000 - 0x00007ffbd34aa000 	C:\Windows\SYSTEM32\VERSION.dll
0x00007ffbdaec0000 - 0x00007ffbdaef0000 	C:\Windows\System32\IMM32.DLL
0x00007ffbc6d00000 - 0x00007ffbc6d0c000 	C:\Program Files\Java\jdk-11\bin\vcruntime140_1.dll
0x00007ffba7d00000 - 0x00007ffba7d8e000 	C:\Program Files\Java\jdk-11\bin\msvcp140.dll
0x00007ffb732d0000 - 0x00007ffb73e38000 	C:\Program Files\Java\jdk-11\bin\server\jvm.dll
0x00007ffbdaeb0000 - 0x00007ffbdaeb8000 	C:\Windows\System32\PSAPI.DLL
0x00007ffbc57a0000 - 0x00007ffbc57a9000 	C:\Windows\SYSTEM32\WSOCK32.dll
0x00007ffbc6f40000 - 0x00007ffbc6f67000 	C:\Windows\SYSTEM32\WINMM.dll
0x00007ffbda890000 - 0x00007ffbda8fb000 	C:\Windows\System32\WS2_32.dll
0x00007ffbd7590000 - 0x00007ffbd75a2000 	C:\Windows\SYSTEM32\kernel.appcore.dll
0x00007ffbbf680000 - 0x00007ffbbf690000 	C:\Program Files\Java\jdk-11\bin\verify.dll
0x00007ffbcb5c0000 - 0x00007ffbcb7a4000 	C:\Windows\SYSTEM32\DBGHELP.DLL
0x00007ffbcb530000 - 0x00007ffbcb565000 	C:\Windows\SYSTEM32\dbgcore.DLL
0x00007ffbd9f30000 - 0x00007ffbd9fb2000 	C:\Windows\System32\bcryptPrimitives.dll
0x00007ffbb48a0000 - 0x00007ffbb48c8000 	C:\Program Files\Java\jdk-11\bin\java.dll
0x00007ffbbc6f0000 - 0x00007ffbbc6fa000 	C:\Program Files\Java\jdk-11\bin\jimage.dll
0x00007ffbb5430000 - 0x00007ffbb5447000 	C:\Program Files\Java\jdk-11\bin\zip.dll
0x00007ffbdb1c0000 - 0x00007ffbdb905000 	C:\Windows\System32\SHELL32.dll
0x00007ffbd7790000 - 0x00007ffbd7f22000 	C:\Windows\SYSTEM32\windows.storage.dll
0x00007ffbda020000 - 0x00007ffbda375000 	C:\Windows\System32\combase.dll
0x00007ffbd9050000 - 0x00007ffbd9080000 	C:\Windows\SYSTEM32\Wldp.dll
0x00007ffbdaa20000 - 0x00007ffbdaacd000 	C:\Windows\System32\SHCORE.dll
0x00007ffbdae50000 - 0x00007ffbdaea5000 	C:\Windows\System32\shlwapi.dll
0x00007ffbd9610000 - 0x00007ffbd962f000 	C:\Windows\SYSTEM32\profapi.dll
0x00007ffbae2f0000 - 0x00007ffbae309000 	C:\Program Files\Java\jdk-11\bin\net.dll
0x00007ffbcb2a0000 - 0x00007ffbcb3aa000 	C:\Windows\SYSTEM32\WINHTTP.dll
0x00007ffbd8db0000 - 0x00007ffbd8e1a000 	C:\Windows\system32\mswsock.dll
0x00007ffbae2d0000 - 0x00007ffbae2e2000 	C:\Program Files\Java\jdk-11\bin\nio.dll

dbghelp: loaded successfully - version: 4.0.5 - missing functions: none
symbol engine: initialized successfully - sym options: 0x614 - pdb path: .;C:\Program Files\Java\jdk-11\bin;C:\Windows\SYSTEM32;C:\Program Files\AVG\Antivirus;C:\Windows\WinSxS\amd64_microsoft.windows.common-controls_6595b64144ccf1df_6.0.19041.1110_none_60b5254171f9507e;C:\Program Files\Java\jdk-11\bin\server

VM Arguments:
jvm_args: -Dapplication.home=C:\Program Files\Java\jdk-11 --add-modules=ALL-DEFAULT -Xms8m -Djdk.module.main=jdk.compiler 
java_command: jdk.compiler/com.sun.tools.javac.Main -d C:\Users\Pao\Documents\NetBeansProjects\2023Esespi\build\classes -classpath C:\Users\Pao\Documents\NetBeansProjects\2023Esespi\build\classes;C:\Program Files\NetBeans-15\netbeans\java\modules\ext\AbsoluteLayout.jar;C:\Users\Pao\Documents\LibreriasExpo\KControls-2.0.jar;C:\Users\Pao\Documents\LibreriasExpo\RSScaleLabel (1).jar;C:\Users\Pao\Documents\LibreriasExpo\comm-2.0.jar;C:\Users\Pao\Documents\LibreriasExpo\commons-codec-1.15.jar;C:\Users\Pao\Documents\LibreriasExpo\commons-io-2.7.jar;C:\Users\Pao\Documents\LibreriasExpo\commons-logging-1.2.jar;C:\Users\Pao\Documents\LibreriasExpo\http-2.2.1.jar;C:\Users\Pao\Documents\LibreriasExpo\httpclient-4.5.13.jar;C:\Users\Pao\Documents\LibreriasExpo\httpcore-4.4.13.jar;C:\Users\Pao\Documents\LibreriasExpo\jackson-annotations-2.14.0.jar;C:\Users\Pao\Documents\LibreriasExpo\jackson-core-2.14.0.jar;C:\Users\Pao\Documents\LibreriasExpo\jackson-databind-2.14.0.jar;C:\Users\Pao\Documents\LibreriasExpo\jackson-dataformat-xml-2.14.0.jar;C:\Users\Pao\Documents\LibreriasExpo\jackson-datatype-jsr310-2.14.0.jar;C:\Users\Pao\Documents\LibreriasExpo\javax.activation-1.2.0.jar;C:\Users\Pao\Documents\LibreriasExpo\javax.mail.jar;C:\Users\Pao\Documents\LibreriasExpo\jcalendar-1.4.jar;C:\Users\Pao\Documents\LibreriasExpo\jjwt-api-0.11.2.jar;C:\Users\Pao\Documents\LibreriasExpo\jjwt-impl-0.11.2.jar;C:\Users\Pao\Documents\LibreriasExpo\jjwt-jackson-0.11.2.jar;C:\Users\Pao\Documents\LibreriasExpo\mssql-jdbc-12.2.0.jre11.jar;C:\Users\Pao\Documents\LibreriasExpo\slf4j-api-1.7.30.jar;C:\Users\Pao\Documents\LibreriasExpo\stax2-api-4.2.1.jar;C:\Users\Pao\Documents\LibreriasExpo\twilio-10.0.0-rc.1.jar;C:\Users\Pao\Documents\LibreriasExpo\woodstox-core-6.4.0.jar -sourcepath C:\Users\Pao\Documents\NetBeansProjects\2023Esespi\src -target 11 -encoding UTF-8 -g -processorpath C:\Program Files\NetBeans-15\netbeans\java\modules\ext\AbsoluteLayout.jar;C:\Users\Pao\Documents\LibreriasExpo\KControls-2.
java_class_path (initial): <not set>
Launcher Type: SUN_STANDARD

[Global flags]
     intx CICompilerCount                          = 3                                         {product} {ergonomic}
     uint ConcGCThreads                            = 1                                         {product} {ergonomic}
     uint G1ConcRefinementThreads                  = 4                                         {product} {ergonomic}
   size_t G1HeapRegionSize                         = 1048576                                   {product} {ergonomic}
    uintx GCDrainStackTargetSize                   = 64                                        {product} {ergonomic}
   size_t InitialHeapSize                          = 8388608                                   {product} {command line}
   size_t MarkStackSize                            = 4194304                                   {product} {ergonomic}
   size_t MaxHeapSize                              = 4225761280                                {product} {ergonomic}
   size_t MaxNewSize                               = 2535456768                                {product} {ergonomic}
   size_t MinHeapDeltaBytes                        = 1048576                                   {product} {ergonomic}
    uintx NonNMethodCodeHeapSize                   = 5830732                                {pd product} {ergonomic}
    uintx NonProfiledCodeHeapSize                  = 122913754                              {pd product} {ergonomic}
    uintx ProfiledCodeHeapSize                     = 122913754                              {pd product} {ergonomic}
    uintx ReservedCodeCacheSize                    = 251658240                              {pd product} {ergonomic}
     bool SegmentedCodeCache                       = true                                      {product} {ergonomic}
     bool UseCompressedClassPointers               = true                                 {lp64_product} {ergonomic}
     bool UseCompressedOops                        = true                                 {lp64_product} {ergonomic}
     bool UseG1GC                                  = true                                      {product} {ergonomic}
     bool UseLargePagesIndividualAllocation        = false                                  {pd product} {ergonomic}

Logging:
Log output configuration:
 #0: stdout all=warning uptime,level,tags
 #1: stderr all=off uptime,level,tags

Environment Variables:
PATH=C:\Program Files\Microsoft MPI\Bin\;C:\Program Files\Common Files\Oracle\Java\javapath;C:\Windows\system32;C:\Windows;C:\Windows\System32\Wbem;C:\Windows\System32\WindowsPowerShell\v1.0\;C:\Windows\System32\OpenSSH\;C:\Program Files\Azure Data Studio\bin;C:\Program Files (x86)\Microsoft SQL Server\160\Tools\Binn\;C:\Program Files\Microsoft SQL Server\160\Tools\Binn\;C:\Program Files\Microsoft SQL Server\Client SDK\ODBC\170\Tools\Binn\;C:\Program Files\Microsoft SQL Server\160\DTS\Binn\;C:\Program Files (x86)\Microsoft SQL Server\160\DTS\Binn\;C:\Users\Pao\AppData\Local\Microsoft\WindowsApps;;C:\Program Files\Azure Data Studio\bin
USERNAME=Pao
OS=Windows_NT
PROCESSOR_IDENTIFIER=Intel64 Family 6 Model 78 Stepping 3, GenuineIntel



---------------  S Y S T E M  ---------------

OS: Windows 10 , 64 bit Build 19041 (10.0.19041.2546)

CPU:total 4 (initial active 4) (2 cores per cpu, 2 threads per core) family 6 model 78 stepping 3 microcode 0xf0, cmov, cx8, fxsr, mmx, sse, sse2, sse3, ssse3, sse4.1, sse4.2, popcnt, avx, avx2, aes, clmul, erms, rtm, 3dnowpref, lzcnt, ht, tsc, tscinvbit, bmi1, bmi2, adx, fma

Memory: 4k page, system-wide physical 16118M (7903M free)
TotalPageFile size 18550M (AvailPageFile size 9120M)
current process WorkingSet (physical memory assigned to process): 121M, peak: 121M
current process commit charge ("private bytes"): 159M, peak: 159M

vm_info: Java HotSpot(TM) 64-Bit Server VM (11.0.18+9-LTS-195) for windows-amd64 JRE (11.0.18+9-LTS-195), built on Dec  6 2022 15:50:58 by "mach5one" with MS VC++ 17.1 (VS2022)

END.
