#
# A fatal error has been detected by the Java Runtime Environment:
#
#  EXCEPTION_ACCESS_VIOLATION (0xc0000005) at pc=0x00007fff8440f0b6, pid=528, tid=6044
#
# JRE version: Java(TM) SE Runtime Environment 18.9 (11.0.18+9) (build 11.0.18+9-LTS-195)
# Java VM: Java HotSpot(TM) 64-Bit Server VM 18.9 (11.0.18+9-LTS-195, mixed mode, tiered, compressed oops, g1 gc, windows-amd64)
# Problematic frame:
# V  [jvm.dll+0x56f0b6]
#
# No core dump will be written. Minidumps are not enabled by default on client versions of Windows
#
# If you would like to submit a bug report, please visit:
#   https://bugreport.java.com/bugreport/crash.jsp
#

---------------  S U M M A R Y ------------

Command Line: -Dfile.encoding=UTF-8 VIsta.Login

Host: Intel(R) Core(TM) i5-6300U CPU @ 2.40GHz, 4 cores, 15G,  Windows 10 , 64 bit Build 19041 (10.0.19041.2546)
Time: Wed Jul 12 23:21:48 2023 Hora estándar, América Central elapsed time: 2.037434 seconds (0d 0h 0m 2s)

---------------  T H R E A D  ---------------

Current thread (0x000001a922478800):  JavaThread "C2 CompilerThread0" daemon [_thread_in_native, id=6044, stack(0x000000251b700000,0x000000251b800000)]


Current CompileTask:
C2:   2037 1280       4       sun.awt.image.PNGImageDecoder::filterRow (459 bytes)

Stack: [0x000000251b700000,0x000000251b800000],  sp=0x000000251b7fb6b0,  free space=1005k
Native frames: (J=compiled Java code, j=interpreted, Vv=VM code, C=native code)
V  [jvm.dll+0x56f0b6]
V  [jvm.dll+0x56d477]
V  [jvm.dll+0x210b87]
V  [jvm.dll+0x2133b9]
V  [jvm.dll+0x210264]
V  [jvm.dll+0x18c641]
V  [jvm.dll+0x220609]
V  [jvm.dll+0x21e92c]
V  [jvm.dll+0x763f61]
V  [jvm.dll+0x75c924]
V  [jvm.dll+0x65c755]
C  [ucrtbase.dll+0x21bb2]
C  [KERNEL32.DLL+0x17614]
C  [ntdll.dll+0x526a1]


siginfo: EXCEPTION_ACCESS_VIOLATION (0xc0000005), reading address 0x000001a9b2c91fa0


Register to memory mapping:

RIP=0x00007fff8440f0b6 jvm.dll
RAX=0x000001a92404dcb0 points into unknown readable memory: 0x0000000100000001 | 01 00 00 00 01 00 00 00
RBX=0x000001a922b5d5a0 points into unknown readable memory: 0x000001a92263c5e0 | e0 c5 63 22 a9 01 00 00
RCX=0x000000002404dc48 is an unknown value
RDX=0x000001a924051610 points into unknown readable memory: 0x000001a92404dcb0 | b0 dc 04 24 a9 01 00 00
RSP=0x000000251b7fb6b0 is pointing into the stack for thread: 0x000001a922478800
RBP=0x000000251b7fb708 is pointing into the stack for thread: 0x000001a922478800
RSI=0x0000000000000001 is an unknown value
RDI=0x000001a924051548 points into unknown readable memory: 0x00007fff84707720 | 20 77 70 84 ff 7f 00 00
R8 =0x000001a924051618 points into unknown readable memory: 0x000001a924050390 | 90 03 05 24 a9 01 00 00
R9 =0x000001a922b5ae80 points into unknown readable memory: 0x0000000000000002 | 02 00 00 00 00 00 00 00
R10=0x0000000000000001 is an unknown value
R11=0x000000251b7fb650 is pointing into the stack for thread: 0x000001a922478800
R12=0x000001a924051490 points into unknown readable memory: 0x00007fff847074c0 | c0 74 70 84 ff 7f 00 00
R13=0x000000251b7fd220 is pointing into the stack for thread: 0x000001a922478800
R14=0x0000000000000023 is an unknown value
R15=0x0000000000000098 is an unknown value


Registers:
RAX=0x000001a92404dcb0, RBX=0x000001a922b5d5a0, RCX=0x000000002404dc48, RDX=0x000001a924051610
RSP=0x000000251b7fb6b0, RBP=0x000000251b7fb708, RSI=0x0000000000000001, RDI=0x000001a924051548
R8 =0x000001a924051618, R9 =0x000001a922b5ae80, R10=0x0000000000000001, R11=0x000000251b7fb650
R12=0x000001a924051490, R13=0x000000251b7fd220, R14=0x0000000000000023, R15=0x0000000000000098
RIP=0x00007fff8440f0b6, EFLAGS=0x0000000000010293

Top of Stack: (sp=0x000000251b7fb6b0)
0x000000251b7fb6b0:   000001a922b5d5a0 000001a922e338e8
0x000000251b7fb6c0:   0000000000000085 000001a922b5ade0
0x000000251b7fb6d0:   0000028700000023 0000000000000000
0x000000251b7fb6e0:   0000000000000008 000001a922b5d5a0
0x000000251b7fb6f0:   0000000000000002 0000000000000000
0x000000251b7fb700:   000001a922466530 000000251b7fd220
0x000000251b7fb710:   000000251b7fb820 00007fff8440d477
0x000000251b7fb720:   0000000000000000 0000000000000010
0x000000251b7fb730:   000001a922466530 00000000000003ff
0x000000251b7fb740:   000001a922466530 000001a922466530
0x000000251b7fb750:   0000000000000100 000001a9243d7040
0x000000251b7fb760:   0000000000000000 000000251b7fdbd0
0x000000251b7fb770:   000000251b7fdbc8 00007fff84795150
0x000000251b7fb780:   000001a922466530 00007fff00000002
0x000000251b7fb790:   000001a923bb66f0 000001a923bb66a0
0x000000251b7fb7a0:   0000000000028338 000001a923bb66f0 

Instructions: (pc=0x00007fff8440f0b6)
0x00007fff8440f096:   4c 8d 04 c2 49 3b d0 0f 83 f6 00 00 00 0f 1f 40
0x00007fff8440f0a6:   00 66 0f 1f 84 00 00 00 00 00 48 8b 02 8b 48 28
0x00007fff8440f0b6:   41 8b 04 89 85 c0 74 0b a8 01 75 07 d1 e8 41 3b
0x00007fff8440f0c6:   c7 7c 0e 48 83 c2 08 49 3b d0 72 de e9 c2 00 00 


Stack slot to memory mapping:
stack at sp + 0 slots: 0x000001a922b5d5a0 points into unknown readable memory: 0x000001a92263c5e0 | e0 c5 63 22 a9 01 00 00
stack at sp + 1 slots: 0x000001a922e338e8 points into unknown readable memory: 0x00007fff84707658 | 58 76 70 84 ff 7f 00 00
stack at sp + 2 slots: 0x0000000000000085 is an unknown value
stack at sp + 3 slots: 0x000001a922b5ade0 points into unknown readable memory: 0x0000000000000000 | 00 00 00 00 00 00 00 00
stack at sp + 4 slots: 0x0000028700000023 is an unknown value
stack at sp + 5 slots: 0x0 is NULL
stack at sp + 6 slots: 0x0000000000000008 is an unknown value
stack at sp + 7 slots: 0x000001a922b5d5a0 points into unknown readable memory: 0x000001a92263c5e0 | e0 c5 63 22 a9 01 00 00


---------------  P R O C E S S  ---------------

Threads class SMR info:
_java_thread_list=0x000001a922a91f50, length=17, elements={
0x000001a922407800, 0x000001a922410800, 0x000001a922462800, 0x000001a922464000,
0x000001a922465000, 0x000001a922478800, 0x000001a92247c000, 0x000001a922482800,
0x000001a9225eb000, 0x000001a9229e2800, 0x000001a922b39800, 0x000001a922b3a800,
0x000001a922a37800, 0x000001a97f7b7800, 0x000001a923b3e000, 0x000001a924469000,
0x000001a92247f800
}

Java Threads: ( => current thread )
  0x000001a922407800 JavaThread "Reference Handler" daemon [_thread_blocked, id=6872, stack(0x000000251b200000,0x000000251b300000)]
  0x000001a922410800 JavaThread "Finalizer" daemon [_thread_blocked, id=8928, stack(0x000000251b300000,0x000000251b400000)]
  0x000001a922462800 JavaThread "Signal Dispatcher" daemon [_thread_blocked, id=6576, stack(0x000000251b400000,0x000000251b500000)]
  0x000001a922464000 JavaThread "Attach Listener" daemon [_thread_blocked, id=8268, stack(0x000000251b500000,0x000000251b600000)]
  0x000001a922465000 JavaThread "Service Thread" daemon [_thread_blocked, id=9664, stack(0x000000251b600000,0x000000251b700000)]
=>0x000001a922478800 JavaThread "C2 CompilerThread0" daemon [_thread_in_native, id=6044, stack(0x000000251b700000,0x000000251b800000)]
  0x000001a92247c000 JavaThread "C1 CompilerThread0" daemon [_thread_blocked, id=6956, stack(0x000000251b800000,0x000000251b900000)]
  0x000001a922482800 JavaThread "Sweeper thread" daemon [_thread_blocked, id=6472, stack(0x000000251b900000,0x000000251ba00000)]
  0x000001a9225eb000 JavaThread "Common-Cleaner" daemon [_thread_blocked, id=2556, stack(0x000000251bb00000,0x000000251bc00000)]
  0x000001a9229e2800 JavaThread "Java2D Disposer" daemon [_thread_blocked, id=6988, stack(0x000000251bc00000,0x000000251bd00000)]
  0x000001a922b39800 JavaThread "AWT-Shutdown" [_thread_blocked, id=5296, stack(0x000000251bd00000,0x000000251be00000)]
  0x000001a922b3a800 JavaThread "AWT-Windows" daemon [_thread_in_native, id=7984, stack(0x000000251be00000,0x000000251bf00000)]
  0x000001a922a37800 JavaThread "AWT-EventQueue-0" [_thread_in_native, id=8396, stack(0x000000251c000000,0x000000251c100000)]
  0x000001a97f7b7800 JavaThread "DestroyJavaVM" [_thread_blocked, id=8388, stack(0x000000251ab00000,0x000000251ac00000)]
  0x000001a923b3e000 JavaThread "Image Fetcher 0" daemon [_thread_blocked, id=1656, stack(0x000000251c100000,0x000000251c200000)]
  0x000001a924469000 JavaThread "TimerQueue" daemon [_thread_blocked, id=5848, stack(0x000000251c900000,0x000000251ca00000)]
  0x000001a92247f800 JavaThread "C2 CompilerThread1" daemon [_thread_in_native, id=9488, stack(0x000000251bf00000,0x000000251c000000)]

Other Threads:
  0x000001a922404800 VMThread "VM Thread" [stack: 0x000000251b100000,0x000000251b200000] [id=2376]
  0x000001a9225e5000 WatcherThread [stack: 0x000000251ba00000,0x000000251bb00000] [id=5740]
  0x000001a97f7cb800 GCTaskThread "GC Thread#0" [stack: 0x000000251ac00000,0x000000251ad00000] [id=4800]
  0x000001a924215000 GCTaskThread "GC Thread#1" [stack: 0x000000251c200000,0x000000251c300000] [id=9424]
  0x000001a923b75800 GCTaskThread "GC Thread#2" [stack: 0x000000251c300000,0x000000251c400000] [id=8656]
  0x000001a9225e3800 GCTaskThread "GC Thread#3" [stack: 0x000000251c400000,0x000000251c500000] [id=9596]
  0x000001a97f829800 ConcurrentGCThread "G1 Main Marker" [stack: 0x000000251ad00000,0x000000251ae00000] [id=6048]
  0x000001a97f82b800 ConcurrentGCThread "G1 Conc#0" [stack: 0x000000251ae00000,0x000000251af00000] [id=4864]
  0x000001a97fc7a800 ConcurrentGCThread "G1 Refine#0" [stack: 0x000000251af00000,0x000000251b000000] [id=6276]
  0x000001a92273a800 ConcurrentGCThread "G1 Refine#1" [stack: 0x000000251c500000,0x000000251c600000] [id=984]
  0x000001a97fc7b800 ConcurrentGCThread "G1 Young RemSet Sampling" [stack: 0x000000251b000000,0x000000251b100000] [id=9684]

Threads with active compile tasks:
C2 CompilerThread0     2286 1280       4       sun.awt.image.PNGImageDecoder::filterRow (459 bytes)
C2 CompilerThread1     2286 1292 % !   4       sun.awt.image.PNGImageDecoder::produceImage @ 960 (1916 bytes)

VM state:not at safepoint (normal execution)

VM Mutex/Monitor currently owned by a thread: None

Heap address: 0x0000000704200000, size: 4030 MB, Compressed Oops mode: Zero based, Oop shift amount: 3
Narrow klass base: 0x0000000800000000, Narrow klass shift: 0
Compressed class space size: 1073741824 Address: 0x0000000800000000

Heap:
 garbage-first heap   total 258048K, used 15544K [0x0000000704200000, 0x0000000800000000)
  region size 1024K, 8 young (8192K), 2 survivors (2048K)
 Metaspace       used 19258K, capacity 19666K, committed 19712K, reserved 1067008K
  class space    used 2102K, capacity 2304K, committed 2304K, reserved 1048576K
Heap Regions: E=young(eden), S=young(survivor), O=old, HS=humongous(starts), HC=humongous(continues), CS=collection set, F=free, A=archive, TAMS=top-at-mark-start (previous, next)
|   0|0x0000000704200000, 0x0000000704300000, 0x0000000704300000|100%|HS|  |TAMS 0x0000000704200000, 0x0000000704200000| Complete 
|   1|0x0000000704300000, 0x0000000704400000, 0x0000000704400000|100%|HC|  |TAMS 0x0000000704300000, 0x0000000704300000| Complete 
|   2|0x0000000704400000, 0x0000000704500000, 0x0000000704500000|100%|HC|  |TAMS 0x0000000704400000, 0x0000000704400000| Complete 
|   3|0x0000000704500000, 0x0000000704600000, 0x0000000704600000|100%| O|  |TAMS 0x0000000704500000, 0x0000000704500000| Untracked 
|   4|0x0000000704600000, 0x000000070462e000, 0x0000000704700000| 17%| O|  |TAMS 0x0000000704600000, 0x0000000704600000| Untracked 
|   5|0x0000000704700000, 0x0000000704800000, 0x0000000704800000|100%|HS|  |TAMS 0x0000000704700000, 0x0000000704700000| Complete 
|   6|0x0000000704800000, 0x0000000704900000, 0x0000000704900000|100%|HC|  |TAMS 0x0000000704800000, 0x0000000704800000| Complete 
|   7|0x0000000704900000, 0x0000000704a00000, 0x0000000704a00000|100%|HC|  |TAMS 0x0000000704900000, 0x0000000704900000| Complete 
|   8|0x0000000704a00000, 0x0000000704b00000, 0x0000000704b00000|100%|HS|  |TAMS 0x0000000704a00000, 0x0000000704a00000| Complete 
|   9|0x0000000704b00000, 0x0000000704b00000, 0x0000000704c00000|  0%| F|  |TAMS 0x0000000704b00000, 0x0000000704b00000| Untracked 
|  10|0x0000000704c00000, 0x0000000704c00000, 0x0000000704d00000|  0%| F|  |TAMS 0x0000000704c00000, 0x0000000704c00000| Untracked 
|  11|0x0000000704d00000, 0x0000000704d00000, 0x0000000704e00000|  0%| F|  |TAMS 0x0000000704d00000, 0x0000000704d00000| Untracked 
|  12|0x0000000704e00000, 0x0000000704e00000, 0x0000000704f00000|  0%| F|  |TAMS 0x0000000704e00000, 0x0000000704e00000| Untracked 
|  13|0x0000000704f00000, 0x0000000704f00000, 0x0000000705000000|  0%| F|  |TAMS 0x0000000704f00000, 0x0000000704f00000| Untracked 
|  14|0x0000000705000000, 0x0000000705000000, 0x0000000705100000|  0%| F|  |TAMS 0x0000000705000000, 0x0000000705000000| Untracked 
|  15|0x0000000705100000, 0x0000000705100000, 0x0000000705200000|  0%| F|  |TAMS 0x0000000705100000, 0x0000000705100000| Untracked 
|  16|0x0000000705200000, 0x0000000705200000, 0x0000000705300000|  0%| F|  |TAMS 0x0000000705200000, 0x0000000705200000| Untracked 
|  17|0x0000000705300000, 0x0000000705300000, 0x0000000705400000|  0%| F|  |TAMS 0x0000000705300000, 0x0000000705300000| Untracked 
|  18|0x0000000705400000, 0x0000000705400000, 0x0000000705500000|  0%| F|  |TAMS 0x0000000705400000, 0x0000000705400000| Untracked 
|  19|0x0000000705500000, 0x0000000705500000, 0x0000000705600000|  0%| F|  |TAMS 0x0000000705500000, 0x0000000705500000| Untracked 
|  20|0x0000000705600000, 0x0000000705600000, 0x0000000705700000|  0%| F|  |TAMS 0x0000000705600000, 0x0000000705600000| Untracked 
|  21|0x0000000705700000, 0x0000000705700000, 0x0000000705800000|  0%| F|  |TAMS 0x0000000705700000, 0x0000000705700000| Untracked 
|  22|0x0000000705800000, 0x0000000705800000, 0x0000000705900000|  0%| F|  |TAMS 0x0000000705800000, 0x0000000705800000| Untracked 
|  23|0x0000000705900000, 0x0000000705900000, 0x0000000705a00000|  0%| F|  |TAMS 0x0000000705900000, 0x0000000705900000| Untracked 
|  24|0x0000000705a00000, 0x0000000705a00000, 0x0000000705b00000|  0%| F|  |TAMS 0x0000000705a00000, 0x0000000705a00000| Untracked 
|  25|0x0000000705b00000, 0x0000000705b00000, 0x0000000705c00000|  0%| F|  |TAMS 0x0000000705b00000, 0x0000000705b00000| Untracked 
|  26|0x0000000705c00000, 0x0000000705c00000, 0x0000000705d00000|  0%| F|  |TAMS 0x0000000705c00000, 0x0000000705c00000| Untracked 
|  27|0x0000000705d00000, 0x0000000705d00000, 0x0000000705e00000|  0%| F|  |TAMS 0x0000000705d00000, 0x0000000705d00000| Untracked 
|  28|0x0000000705e00000, 0x0000000705e00000, 0x0000000705f00000|  0%| F|  |TAMS 0x0000000705e00000, 0x0000000705e00000| Untracked 
|  29|0x0000000705f00000, 0x0000000705f00000, 0x0000000706000000|  0%| F|  |TAMS 0x0000000705f00000, 0x0000000705f00000| Untracked 
|  30|0x0000000706000000, 0x0000000706000000, 0x0000000706100000|  0%| F|  |TAMS 0x0000000706000000, 0x0000000706000000| Untracked 
|  31|0x0000000706100000, 0x0000000706100000, 0x0000000706200000|  0%| F|  |TAMS 0x0000000706100000, 0x0000000706100000| Untracked 
|  32|0x0000000706200000, 0x0000000706200000, 0x0000000706300000|  0%| F|  |TAMS 0x0000000706200000, 0x0000000706200000| Untracked 
|  33|0x0000000706300000, 0x0000000706300000, 0x0000000706400000|  0%| F|  |TAMS 0x0000000706300000, 0x0000000706300000| Untracked 
|  34|0x0000000706400000, 0x0000000706400000, 0x0000000706500000|  0%| F|  |TAMS 0x0000000706400000, 0x0000000706400000| Untracked 
|  35|0x0000000706500000, 0x0000000706500000, 0x0000000706600000|  0%| F|  |TAMS 0x0000000706500000, 0x0000000706500000| Untracked 
|  36|0x0000000706600000, 0x0000000706600000, 0x0000000706700000|  0%| F|  |TAMS 0x0000000706600000, 0x0000000706600000| Untracked 
|  37|0x0000000706700000, 0x0000000706700000, 0x0000000706800000|  0%| F|  |TAMS 0x0000000706700000, 0x0000000706700000| Untracked 
|  38|0x0000000706800000, 0x0000000706800000, 0x0000000706900000|  0%| F|  |TAMS 0x0000000706800000, 0x0000000706800000| Untracked 
|  39|0x0000000706900000, 0x0000000706900000, 0x0000000706a00000|  0%| F|  |TAMS 0x0000000706900000, 0x0000000706900000| Untracked 
|  40|0x0000000706a00000, 0x0000000706a00000, 0x0000000706b00000|  0%| F|  |TAMS 0x0000000706a00000, 0x0000000706a00000| Untracked 
|  41|0x0000000706b00000, 0x0000000706b00000, 0x0000000706c00000|  0%| F|  |TAMS 0x0000000706b00000, 0x0000000706b00000| Untracked 
|  42|0x0000000706c00000, 0x0000000706c00000, 0x0000000706d00000|  0%| F|  |TAMS 0x0000000706c00000, 0x0000000706c00000| Untracked 
|  43|0x0000000706d00000, 0x0000000706d00000, 0x0000000706e00000|  0%| F|  |TAMS 0x0000000706d00000, 0x0000000706d00000| Untracked 
|  44|0x0000000706e00000, 0x0000000706e00000, 0x0000000706f00000|  0%| F|  |TAMS 0x0000000706e00000, 0x0000000706e00000| Untracked 
|  45|0x0000000706f00000, 0x0000000706f00000, 0x0000000707000000|  0%| F|  |TAMS 0x0000000706f00000, 0x0000000706f00000| Untracked 
|  46|0x0000000707000000, 0x0000000707000000, 0x0000000707100000|  0%| F|  |TAMS 0x0000000707000000, 0x0000000707000000| Untracked 
|  47|0x0000000707100000, 0x0000000707100000, 0x0000000707200000|  0%| F|  |TAMS 0x0000000707100000, 0x0000000707100000| Untracked 
|  48|0x0000000707200000, 0x0000000707200000, 0x0000000707300000|  0%| F|  |TAMS 0x0000000707200000, 0x0000000707200000| Untracked 
|  49|0x0000000707300000, 0x0000000707300000, 0x0000000707400000|  0%| F|  |TAMS 0x0000000707300000, 0x0000000707300000| Untracked 
|  50|0x0000000707400000, 0x0000000707400000, 0x0000000707500000|  0%| F|  |TAMS 0x0000000707400000, 0x0000000707400000| Untracked 
|  51|0x0000000707500000, 0x0000000707500000, 0x0000000707600000|  0%| F|  |TAMS 0x0000000707500000, 0x0000000707500000| Untracked 
|  52|0x0000000707600000, 0x0000000707600000, 0x0000000707700000|  0%| F|  |TAMS 0x0000000707600000, 0x0000000707600000| Untracked 
|  53|0x0000000707700000, 0x0000000707700000, 0x0000000707800000|  0%| F|  |TAMS 0x0000000707700000, 0x0000000707700000| Untracked 
|  54|0x0000000707800000, 0x0000000707800000, 0x0000000707900000|  0%| F|  |TAMS 0x0000000707800000, 0x0000000707800000| Untracked 
|  55|0x0000000707900000, 0x0000000707900000, 0x0000000707a00000|  0%| F|  |TAMS 0x0000000707900000, 0x0000000707900000| Untracked 
|  56|0x0000000707a00000, 0x0000000707a00000, 0x0000000707b00000|  0%| F|  |TAMS 0x0000000707a00000, 0x0000000707a00000| Untracked 
|  57|0x0000000707b00000, 0x0000000707b00000, 0x0000000707c00000|  0%| F|  |TAMS 0x0000000707b00000, 0x0000000707b00000| Untracked 
|  58|0x0000000707c00000, 0x0000000707c00000, 0x0000000707d00000|  0%| F|  |TAMS 0x0000000707c00000, 0x0000000707c00000| Untracked 
|  59|0x0000000707d00000, 0x0000000707d00000, 0x0000000707e00000|  0%| F|  |TAMS 0x0000000707d00000, 0x0000000707d00000| Untracked 
|  60|0x0000000707e00000, 0x0000000707e00000, 0x0000000707f00000|  0%| F|  |TAMS 0x0000000707e00000, 0x0000000707e00000| Untracked 
|  61|0x0000000707f00000, 0x0000000707f00000, 0x0000000708000000|  0%| F|  |TAMS 0x0000000707f00000, 0x0000000707f00000| Untracked 
|  62|0x0000000708000000, 0x0000000708000000, 0x0000000708100000|  0%| F|  |TAMS 0x0000000708000000, 0x0000000708000000| Untracked 
|  63|0x0000000708100000, 0x0000000708100000, 0x0000000708200000|  0%| F|  |TAMS 0x0000000708100000, 0x0000000708100000| Untracked 
|  64|0x0000000708200000, 0x0000000708200000, 0x0000000708300000|  0%| F|  |TAMS 0x0000000708200000, 0x0000000708200000| Untracked 
|  65|0x0000000708300000, 0x0000000708300000, 0x0000000708400000|  0%| F|  |TAMS 0x0000000708300000, 0x0000000708300000| Untracked 
|  66|0x0000000708400000, 0x0000000708400000, 0x0000000708500000|  0%| F|  |TAMS 0x0000000708400000, 0x0000000708400000| Untracked 
|  67|0x0000000708500000, 0x0000000708500000, 0x0000000708600000|  0%| F|  |TAMS 0x0000000708500000, 0x0000000708500000| Untracked 
|  68|0x0000000708600000, 0x0000000708600000, 0x0000000708700000|  0%| F|  |TAMS 0x0000000708600000, 0x0000000708600000| Untracked 
|  69|0x0000000708700000, 0x0000000708700000, 0x0000000708800000|  0%| F|  |TAMS 0x0000000708700000, 0x0000000708700000| Untracked 
|  70|0x0000000708800000, 0x0000000708800000, 0x0000000708900000|  0%| F|  |TAMS 0x0000000708800000, 0x0000000708800000| Untracked 
|  71|0x0000000708900000, 0x0000000708900000, 0x0000000708a00000|  0%| F|  |TAMS 0x0000000708900000, 0x0000000708900000| Untracked 
|  72|0x0000000708a00000, 0x0000000708a00000, 0x0000000708b00000|  0%| F|  |TAMS 0x0000000708a00000, 0x0000000708a00000| Untracked 
|  73|0x0000000708b00000, 0x0000000708b00000, 0x0000000708c00000|  0%| F|  |TAMS 0x0000000708b00000, 0x0000000708b00000| Untracked 
|  74|0x0000000708c00000, 0x0000000708c00000, 0x0000000708d00000|  0%| F|  |TAMS 0x0000000708c00000, 0x0000000708c00000| Untracked 
|  75|0x0000000708d00000, 0x0000000708d00000, 0x0000000708e00000|  0%| F|  |TAMS 0x0000000708d00000, 0x0000000708d00000| Untracked 
|  76|0x0000000708e00000, 0x0000000708e00000, 0x0000000708f00000|  0%| F|  |TAMS 0x0000000708e00000, 0x0000000708e00000| Untracked 
|  77|0x0000000708f00000, 0x0000000708f00000, 0x0000000709000000|  0%| F|  |TAMS 0x0000000708f00000, 0x0000000708f00000| Untracked 
|  78|0x0000000709000000, 0x0000000709000000, 0x0000000709100000|  0%| F|  |TAMS 0x0000000709000000, 0x0000000709000000| Untracked 
|  79|0x0000000709100000, 0x0000000709100000, 0x0000000709200000|  0%| F|  |TAMS 0x0000000709100000, 0x0000000709100000| Untracked 
|  80|0x0000000709200000, 0x0000000709200000, 0x0000000709300000|  0%| F|  |TAMS 0x0000000709200000, 0x0000000709200000| Untracked 
|  81|0x0000000709300000, 0x0000000709300000, 0x0000000709400000|  0%| F|  |TAMS 0x0000000709300000, 0x0000000709300000| Untracked 
|  82|0x0000000709400000, 0x0000000709400000, 0x0000000709500000|  0%| F|  |TAMS 0x0000000709400000, 0x0000000709400000| Untracked 
|  83|0x0000000709500000, 0x0000000709500000, 0x0000000709600000|  0%| F|  |TAMS 0x0000000709500000, 0x0000000709500000| Untracked 
|  84|0x0000000709600000, 0x0000000709600000, 0x0000000709700000|  0%| F|  |TAMS 0x0000000709600000, 0x0000000709600000| Untracked 
|  85|0x0000000709700000, 0x0000000709700000, 0x0000000709800000|  0%| F|  |TAMS 0x0000000709700000, 0x0000000709700000| Untracked 
|  86|0x0000000709800000, 0x0000000709800000, 0x0000000709900000|  0%| F|  |TAMS 0x0000000709800000, 0x0000000709800000| Untracked 
|  87|0x0000000709900000, 0x0000000709900000, 0x0000000709a00000|  0%| F|  |TAMS 0x0000000709900000, 0x0000000709900000| Untracked 
|  88|0x0000000709a00000, 0x0000000709a00000, 0x0000000709b00000|  0%| F|  |TAMS 0x0000000709a00000, 0x0000000709a00000| Untracked 
|  89|0x0000000709b00000, 0x0000000709b00000, 0x0000000709c00000|  0%| F|  |TAMS 0x0000000709b00000, 0x0000000709b00000| Untracked 
|  90|0x0000000709c00000, 0x0000000709c00000, 0x0000000709d00000|  0%| F|  |TAMS 0x0000000709c00000, 0x0000000709c00000| Untracked 
|  91|0x0000000709d00000, 0x0000000709d00000, 0x0000000709e00000|  0%| F|  |TAMS 0x0000000709d00000, 0x0000000709d00000| Untracked 
|  92|0x0000000709e00000, 0x0000000709e00000, 0x0000000709f00000|  0%| F|  |TAMS 0x0000000709e00000, 0x0000000709e00000| Untracked 
|  93|0x0000000709f00000, 0x0000000709f00000, 0x000000070a000000|  0%| F|  |TAMS 0x0000000709f00000, 0x0000000709f00000| Untracked 
|  94|0x000000070a000000, 0x000000070a000000, 0x000000070a100000|  0%| F|  |TAMS 0x000000070a000000, 0x000000070a000000| Untracked 
|  95|0x000000070a100000, 0x000000070a100000, 0x000000070a200000|  0%| F|  |TAMS 0x000000070a100000, 0x000000070a100000| Untracked 
|  96|0x000000070a200000, 0x000000070a200000, 0x000000070a300000|  0%| F|  |TAMS 0x000000070a200000, 0x000000070a200000| Untracked 
|  97|0x000000070a300000, 0x000000070a300000, 0x000000070a400000|  0%| F|  |TAMS 0x000000070a300000, 0x000000070a300000| Untracked 
|  98|0x000000070a400000, 0x000000070a400000, 0x000000070a500000|  0%| F|  |TAMS 0x000000070a400000, 0x000000070a400000| Untracked 
|  99|0x000000070a500000, 0x000000070a500000, 0x000000070a600000|  0%| F|  |TAMS 0x000000070a500000, 0x000000070a500000| Untracked 
| 100|0x000000070a600000, 0x000000070a600000, 0x000000070a700000|  0%| F|  |TAMS 0x000000070a600000, 0x000000070a600000| Untracked 
| 101|0x000000070a700000, 0x000000070a700000, 0x000000070a800000|  0%| F|  |TAMS 0x000000070a700000, 0x000000070a700000| Untracked 
| 102|0x000000070a800000, 0x000000070a800000, 0x000000070a900000|  0%| F|  |TAMS 0x000000070a800000, 0x000000070a800000| Untracked 
| 103|0x000000070a900000, 0x000000070a900000, 0x000000070aa00000|  0%| F|  |TAMS 0x000000070a900000, 0x000000070a900000| Untracked 
| 104|0x000000070aa00000, 0x000000070aa00000, 0x000000070ab00000|  0%| F|  |TAMS 0x000000070aa00000, 0x000000070aa00000| Untracked 
| 105|0x000000070ab00000, 0x000000070ab00000, 0x000000070ac00000|  0%| F|  |TAMS 0x000000070ab00000, 0x000000070ab00000| Untracked 
| 106|0x000000070ac00000, 0x000000070ac00000, 0x000000070ad00000|  0%| F|  |TAMS 0x000000070ac00000, 0x000000070ac00000| Untracked 
| 107|0x000000070ad00000, 0x000000070ad00000, 0x000000070ae00000|  0%| F|  |TAMS 0x000000070ad00000, 0x000000070ad00000| Untracked 
| 108|0x000000070ae00000, 0x000000070ae00000, 0x000000070af00000|  0%| F|  |TAMS 0x000000070ae00000, 0x000000070ae00000| Untracked 
| 109|0x000000070af00000, 0x000000070af00000, 0x000000070b000000|  0%| F|  |TAMS 0x000000070af00000, 0x000000070af00000| Untracked 
| 110|0x000000070b000000, 0x000000070b000000, 0x000000070b100000|  0%| F|  |TAMS 0x000000070b000000, 0x000000070b000000| Untracked 
| 111|0x000000070b100000, 0x000000070b100000, 0x000000070b200000|  0%| F|  |TAMS 0x000000070b100000, 0x000000070b100000| Untracked 
| 112|0x000000070b200000, 0x000000070b200000, 0x000000070b300000|  0%| F|  |TAMS 0x000000070b200000, 0x000000070b200000| Untracked 
| 113|0x000000070b300000, 0x000000070b300000, 0x000000070b400000|  0%| F|  |TAMS 0x000000070b300000, 0x000000070b300000| Untracked 
| 114|0x000000070b400000, 0x000000070b400000, 0x000000070b500000|  0%| F|  |TAMS 0x000000070b400000, 0x000000070b400000| Untracked 
| 115|0x000000070b500000, 0x000000070b500000, 0x000000070b600000|  0%| F|  |TAMS 0x000000070b500000, 0x000000070b500000| Untracked 
| 116|0x000000070b600000, 0x000000070b600000, 0x000000070b700000|  0%| F|  |TAMS 0x000000070b600000, 0x000000070b600000| Untracked 
| 117|0x000000070b700000, 0x000000070b700000, 0x000000070b800000|  0%| F|  |TAMS 0x000000070b700000, 0x000000070b700000| Untracked 
| 118|0x000000070b800000, 0x000000070b800000, 0x000000070b900000|  0%| F|  |TAMS 0x000000070b800000, 0x000000070b800000| Untracked 
| 119|0x000000070b900000, 0x000000070b900000, 0x000000070ba00000|  0%| F|  |TAMS 0x000000070b900000, 0x000000070b900000| Untracked 
| 120|0x000000070ba00000, 0x000000070ba00000, 0x000000070bb00000|  0%| F|  |TAMS 0x000000070ba00000, 0x000000070ba00000| Untracked 
| 121|0x000000070bb00000, 0x000000070bb00000, 0x000000070bc00000|  0%| F|  |TAMS 0x000000070bb00000, 0x000000070bb00000| Untracked 
| 122|0x000000070bc00000, 0x000000070bc00000, 0x000000070bd00000|  0%| F|  |TAMS 0x000000070bc00000, 0x000000070bc00000| Untracked 
| 123|0x000000070bd00000, 0x000000070bd00000, 0x000000070be00000|  0%| F|  |TAMS 0x000000070bd00000, 0x000000070bd00000| Untracked 
| 124|0x000000070be00000, 0x000000070be00000, 0x000000070bf00000|  0%| F|  |TAMS 0x000000070be00000, 0x000000070be00000| Untracked 
| 125|0x000000070bf00000, 0x000000070bf00000, 0x000000070c000000|  0%| F|  |TAMS 0x000000070bf00000, 0x000000070bf00000| Untracked 
| 126|0x000000070c000000, 0x000000070c000000, 0x000000070c100000|  0%| F|  |TAMS 0x000000070c000000, 0x000000070c000000| Untracked 
| 127|0x000000070c100000, 0x000000070c100000, 0x000000070c200000|  0%| F|  |TAMS 0x000000070c100000, 0x000000070c100000| Untracked 
| 128|0x000000070c200000, 0x000000070c200000, 0x000000070c300000|  0%| F|  |TAMS 0x000000070c200000, 0x000000070c200000| Untracked 
| 129|0x000000070c300000, 0x000000070c300000, 0x000000070c400000|  0%| F|  |TAMS 0x000000070c300000, 0x000000070c300000| Untracked 
| 130|0x000000070c400000, 0x000000070c400000, 0x000000070c500000|  0%| F|  |TAMS 0x000000070c400000, 0x000000070c400000| Untracked 
| 131|0x000000070c500000, 0x000000070c500000, 0x000000070c600000|  0%| F|  |TAMS 0x000000070c500000, 0x000000070c500000| Untracked 
| 132|0x000000070c600000, 0x000000070c600000, 0x000000070c700000|  0%| F|  |TAMS 0x000000070c600000, 0x000000070c600000| Untracked 
| 133|0x000000070c700000, 0x000000070c700000, 0x000000070c800000|  0%| F|  |TAMS 0x000000070c700000, 0x000000070c700000| Untracked 
| 134|0x000000070c800000, 0x000000070c800000, 0x000000070c900000|  0%| F|  |TAMS 0x000000070c800000, 0x000000070c800000| Untracked 
| 135|0x000000070c900000, 0x000000070c900000, 0x000000070ca00000|  0%| F|  |TAMS 0x000000070c900000, 0x000000070c900000| Untracked 
| 136|0x000000070ca00000, 0x000000070ca00000, 0x000000070cb00000|  0%| F|  |TAMS 0x000000070ca00000, 0x000000070ca00000| Untracked 
| 137|0x000000070cb00000, 0x000000070cb00000, 0x000000070cc00000|  0%| F|  |TAMS 0x000000070cb00000, 0x000000070cb00000| Untracked 
| 138|0x000000070cc00000, 0x000000070cc00000, 0x000000070cd00000|  0%| F|  |TAMS 0x000000070cc00000, 0x000000070cc00000| Untracked 
| 139|0x000000070cd00000, 0x000000070cd00000, 0x000000070ce00000|  0%| F|  |TAMS 0x000000070cd00000, 0x000000070cd00000| Untracked 
| 140|0x000000070ce00000, 0x000000070ce00000, 0x000000070cf00000|  0%| F|  |TAMS 0x000000070ce00000, 0x000000070ce00000| Untracked 
| 141|0x000000070cf00000, 0x000000070cf00000, 0x000000070d000000|  0%| F|  |TAMS 0x000000070cf00000, 0x000000070cf00000| Untracked 
| 142|0x000000070d000000, 0x000000070d000000, 0x000000070d100000|  0%| F|  |TAMS 0x000000070d000000, 0x000000070d000000| Untracked 
| 143|0x000000070d100000, 0x000000070d100000, 0x000000070d200000|  0%| F|  |TAMS 0x000000070d100000, 0x000000070d100000| Untracked 
| 144|0x000000070d200000, 0x000000070d200000, 0x000000070d300000|  0%| F|  |TAMS 0x000000070d200000, 0x000000070d200000| Untracked 
| 145|0x000000070d300000, 0x000000070d300000, 0x000000070d400000|  0%| F|  |TAMS 0x000000070d300000, 0x000000070d300000| Untracked 
| 146|0x000000070d400000, 0x000000070d400000, 0x000000070d500000|  0%| F|  |TAMS 0x000000070d400000, 0x000000070d400000| Untracked 
| 147|0x000000070d500000, 0x000000070d500000, 0x000000070d600000|  0%| F|  |TAMS 0x000000070d500000, 0x000000070d500000| Untracked 
| 148|0x000000070d600000, 0x000000070d600000, 0x000000070d700000|  0%| F|  |TAMS 0x000000070d600000, 0x000000070d600000| Untracked 
| 149|0x000000070d700000, 0x000000070d700000, 0x000000070d800000|  0%| F|  |TAMS 0x000000070d700000, 0x000000070d700000| Untracked 
| 150|0x000000070d800000, 0x000000070d800000, 0x000000070d900000|  0%| F|  |TAMS 0x000000070d800000, 0x000000070d800000| Untracked 
| 151|0x000000070d900000, 0x000000070d900000, 0x000000070da00000|  0%| F|  |TAMS 0x000000070d900000, 0x000000070d900000| Untracked 
| 152|0x000000070da00000, 0x000000070da00000, 0x000000070db00000|  0%| F|  |TAMS 0x000000070da00000, 0x000000070da00000| Untracked 
| 153|0x000000070db00000, 0x000000070db00000, 0x000000070dc00000|  0%| F|  |TAMS 0x000000070db00000, 0x000000070db00000| Untracked 
| 154|0x000000070dc00000, 0x000000070dc00000, 0x000000070dd00000|  0%| F|  |TAMS 0x000000070dc00000, 0x000000070dc00000| Untracked 
| 155|0x000000070dd00000, 0x000000070dd00000, 0x000000070de00000|  0%| F|  |TAMS 0x000000070dd00000, 0x000000070dd00000| Untracked 
| 156|0x000000070de00000, 0x000000070de00000, 0x000000070df00000|  0%| F|  |TAMS 0x000000070de00000, 0x000000070de00000| Untracked 
| 157|0x000000070df00000, 0x000000070df00000, 0x000000070e000000|  0%| F|  |TAMS 0x000000070df00000, 0x000000070df00000| Untracked 
| 158|0x000000070e000000, 0x000000070e000000, 0x000000070e100000|  0%| F|  |TAMS 0x000000070e000000, 0x000000070e000000| Untracked 
| 159|0x000000070e100000, 0x000000070e100000, 0x000000070e200000|  0%| F|  |TAMS 0x000000070e100000, 0x000000070e100000| Untracked 
| 160|0x000000070e200000, 0x000000070e200000, 0x000000070e300000|  0%| F|  |TAMS 0x000000070e200000, 0x000000070e200000| Untracked 
| 161|0x000000070e300000, 0x000000070e300000, 0x000000070e400000|  0%| F|  |TAMS 0x000000070e300000, 0x000000070e300000| Untracked 
| 162|0x000000070e400000, 0x000000070e400000, 0x000000070e500000|  0%| F|  |TAMS 0x000000070e400000, 0x000000070e400000| Untracked 
| 163|0x000000070e500000, 0x000000070e500000, 0x000000070e600000|  0%| F|  |TAMS 0x000000070e500000, 0x000000070e500000| Untracked 
| 164|0x000000070e600000, 0x000000070e600000, 0x000000070e700000|  0%| F|  |TAMS 0x000000070e600000, 0x000000070e600000| Untracked 
| 165|0x000000070e700000, 0x000000070e700000, 0x000000070e800000|  0%| F|  |TAMS 0x000000070e700000, 0x000000070e700000| Untracked 
| 166|0x000000070e800000, 0x000000070e800000, 0x000000070e900000|  0%| F|  |TAMS 0x000000070e800000, 0x000000070e800000| Untracked 
| 167|0x000000070e900000, 0x000000070e900000, 0x000000070ea00000|  0%| F|  |TAMS 0x000000070e900000, 0x000000070e900000| Untracked 
| 168|0x000000070ea00000, 0x000000070ea00000, 0x000000070eb00000|  0%| F|  |TAMS 0x000000070ea00000, 0x000000070ea00000| Untracked 
| 169|0x000000070eb00000, 0x000000070eb00000, 0x000000070ec00000|  0%| F|  |TAMS 0x000000070eb00000, 0x000000070eb00000| Untracked 
| 170|0x000000070ec00000, 0x000000070ec00000, 0x000000070ed00000|  0%| F|  |TAMS 0x000000070ec00000, 0x000000070ec00000| Untracked 
| 171|0x000000070ed00000, 0x000000070ed00000, 0x000000070ee00000|  0%| F|  |TAMS 0x000000070ed00000, 0x000000070ed00000| Untracked 
| 172|0x000000070ee00000, 0x000000070ee00000, 0x000000070ef00000|  0%| F|  |TAMS 0x000000070ee00000, 0x000000070ee00000| Untracked 
| 173|0x000000070ef00000, 0x000000070ef00000, 0x000000070f000000|  0%| F|  |TAMS 0x000000070ef00000, 0x000000070ef00000| Untracked 
| 174|0x000000070f000000, 0x000000070f000000, 0x000000070f100000|  0%| F|  |TAMS 0x000000070f000000, 0x000000070f000000| Untracked 
| 175|0x000000070f100000, 0x000000070f100000, 0x000000070f200000|  0%| F|  |TAMS 0x000000070f100000, 0x000000070f100000| Untracked 
| 176|0x000000070f200000, 0x000000070f200000, 0x000000070f300000|  0%| F|  |TAMS 0x000000070f200000, 0x000000070f200000| Untracked 
| 177|0x000000070f300000, 0x000000070f300000, 0x000000070f400000|  0%| F|  |TAMS 0x000000070f300000, 0x000000070f300000| Untracked 
| 178|0x000000070f400000, 0x000000070f400000, 0x000000070f500000|  0%| F|  |TAMS 0x000000070f400000, 0x000000070f400000| Untracked 
| 179|0x000000070f500000, 0x000000070f500000, 0x000000070f600000|  0%| F|  |TAMS 0x000000070f500000, 0x000000070f500000| Untracked 
| 180|0x000000070f600000, 0x000000070f600000, 0x000000070f700000|  0%| F|  |TAMS 0x000000070f600000, 0x000000070f600000| Untracked 
| 181|0x000000070f700000, 0x000000070f700000, 0x000000070f800000|  0%| F|  |TAMS 0x000000070f700000, 0x000000070f700000| Untracked 
| 182|0x000000070f800000, 0x000000070f800000, 0x000000070f900000|  0%| F|  |TAMS 0x000000070f800000, 0x000000070f800000| Untracked 
| 183|0x000000070f900000, 0x000000070f900000, 0x000000070fa00000|  0%| F|  |TAMS 0x000000070f900000, 0x000000070f900000| Untracked 
| 184|0x000000070fa00000, 0x000000070fa00000, 0x000000070fb00000|  0%| F|  |TAMS 0x000000070fa00000, 0x000000070fa00000| Untracked 
| 185|0x000000070fb00000, 0x000000070fb00000, 0x000000070fc00000|  0%| F|  |TAMS 0x000000070fb00000, 0x000000070fb00000| Untracked 
| 186|0x000000070fc00000, 0x000000070fc00000, 0x000000070fd00000|  0%| F|  |TAMS 0x000000070fc00000, 0x000000070fc00000| Untracked 
| 187|0x000000070fd00000, 0x000000070fd00000, 0x000000070fe00000|  0%| F|  |TAMS 0x000000070fd00000, 0x000000070fd00000| Untracked 
| 188|0x000000070fe00000, 0x000000070fe00000, 0x000000070ff00000|  0%| F|  |TAMS 0x000000070fe00000, 0x000000070fe00000| Untracked 
| 189|0x000000070ff00000, 0x000000070ff00000, 0x0000000710000000|  0%| F|  |TAMS 0x000000070ff00000, 0x000000070ff00000| Untracked 
| 190|0x0000000710000000, 0x0000000710000000, 0x0000000710100000|  0%| F|  |TAMS 0x0000000710000000, 0x0000000710000000| Untracked 
| 191|0x0000000710100000, 0x0000000710100000, 0x0000000710200000|  0%| F|  |TAMS 0x0000000710100000, 0x0000000710100000| Untracked 
| 192|0x0000000710200000, 0x0000000710200000, 0x0000000710300000|  0%| F|  |TAMS 0x0000000710200000, 0x0000000710200000| Untracked 
| 193|0x0000000710300000, 0x0000000710300000, 0x0000000710400000|  0%| F|  |TAMS 0x0000000710300000, 0x0000000710300000| Untracked 
| 194|0x0000000710400000, 0x0000000710400000, 0x0000000710500000|  0%| F|  |TAMS 0x0000000710400000, 0x0000000710400000| Untracked 
| 195|0x0000000710500000, 0x0000000710500000, 0x0000000710600000|  0%| F|  |TAMS 0x0000000710500000, 0x0000000710500000| Untracked 
| 196|0x0000000710600000, 0x0000000710600000, 0x0000000710700000|  0%| F|  |TAMS 0x0000000710600000, 0x0000000710600000| Untracked 
| 197|0x0000000710700000, 0x0000000710700000, 0x0000000710800000|  0%| F|  |TAMS 0x0000000710700000, 0x0000000710700000| Untracked 
| 198|0x0000000710800000, 0x0000000710800000, 0x0000000710900000|  0%| F|  |TAMS 0x0000000710800000, 0x0000000710800000| Untracked 
| 199|0x0000000710900000, 0x0000000710900000, 0x0000000710a00000|  0%| F|  |TAMS 0x0000000710900000, 0x0000000710900000| Untracked 
| 200|0x0000000710a00000, 0x0000000710a00000, 0x0000000710b00000|  0%| F|  |TAMS 0x0000000710a00000, 0x0000000710a00000| Untracked 
| 201|0x0000000710b00000, 0x0000000710b00000, 0x0000000710c00000|  0%| F|  |TAMS 0x0000000710b00000, 0x0000000710b00000| Untracked 
| 202|0x0000000710c00000, 0x0000000710c00000, 0x0000000710d00000|  0%| F|  |TAMS 0x0000000710c00000, 0x0000000710c00000| Untracked 
| 203|0x0000000710d00000, 0x0000000710d00000, 0x0000000710e00000|  0%| F|  |TAMS 0x0000000710d00000, 0x0000000710d00000| Untracked 
| 204|0x0000000710e00000, 0x0000000710e00000, 0x0000000710f00000|  0%| F|  |TAMS 0x0000000710e00000, 0x0000000710e00000| Untracked 
| 205|0x0000000710f00000, 0x0000000710f00000, 0x0000000711000000|  0%| F|  |TAMS 0x0000000710f00000, 0x0000000710f00000| Untracked 
| 206|0x0000000711000000, 0x0000000711000000, 0x0000000711100000|  0%| F|  |TAMS 0x0000000711000000, 0x0000000711000000| Untracked 
| 207|0x0000000711100000, 0x0000000711100000, 0x0000000711200000|  0%| F|  |TAMS 0x0000000711100000, 0x0000000711100000| Untracked 
| 208|0x0000000711200000, 0x0000000711200000, 0x0000000711300000|  0%| F|  |TAMS 0x0000000711200000, 0x0000000711200000| Untracked 
| 209|0x0000000711300000, 0x0000000711300000, 0x0000000711400000|  0%| F|  |TAMS 0x0000000711300000, 0x0000000711300000| Untracked 
| 210|0x0000000711400000, 0x0000000711400000, 0x0000000711500000|  0%| F|  |TAMS 0x0000000711400000, 0x0000000711400000| Untracked 
| 211|0x0000000711500000, 0x0000000711500000, 0x0000000711600000|  0%| F|  |TAMS 0x0000000711500000, 0x0000000711500000| Untracked 
| 212|0x0000000711600000, 0x0000000711600000, 0x0000000711700000|  0%| F|  |TAMS 0x0000000711600000, 0x0000000711600000| Untracked 
| 213|0x0000000711700000, 0x0000000711700000, 0x0000000711800000|  0%| F|  |TAMS 0x0000000711700000, 0x0000000711700000| Untracked 
| 214|0x0000000711800000, 0x0000000711800000, 0x0000000711900000|  0%| F|  |TAMS 0x0000000711800000, 0x0000000711800000| Untracked 
| 215|0x0000000711900000, 0x0000000711900000, 0x0000000711a00000|  0%| F|  |TAMS 0x0000000711900000, 0x0000000711900000| Untracked 
| 216|0x0000000711a00000, 0x0000000711a00000, 0x0000000711b00000|  0%| F|  |TAMS 0x0000000711a00000, 0x0000000711a00000| Untracked 
| 217|0x0000000711b00000, 0x0000000711b00000, 0x0000000711c00000|  0%| F|  |TAMS 0x0000000711b00000, 0x0000000711b00000| Untracked 
| 218|0x0000000711c00000, 0x0000000711c00000, 0x0000000711d00000|  0%| F|  |TAMS 0x0000000711c00000, 0x0000000711c00000| Untracked 
| 219|0x0000000711d00000, 0x0000000711d00000, 0x0000000711e00000|  0%| F|  |TAMS 0x0000000711d00000, 0x0000000711d00000| Untracked 
| 220|0x0000000711e00000, 0x0000000711e00000, 0x0000000711f00000|  0%| F|  |TAMS 0x0000000711e00000, 0x0000000711e00000| Untracked 
| 221|0x0000000711f00000, 0x0000000711f00000, 0x0000000712000000|  0%| F|  |TAMS 0x0000000711f00000, 0x0000000711f00000| Untracked 
| 222|0x0000000712000000, 0x0000000712000000, 0x0000000712100000|  0%| F|  |TAMS 0x0000000712000000, 0x0000000712000000| Untracked 
| 223|0x0000000712100000, 0x0000000712100000, 0x0000000712200000|  0%| F|  |TAMS 0x0000000712100000, 0x0000000712100000| Untracked 
| 224|0x0000000712200000, 0x0000000712200000, 0x0000000712300000|  0%| F|  |TAMS 0x0000000712200000, 0x0000000712200000| Untracked 
| 225|0x0000000712300000, 0x0000000712300000, 0x0000000712400000|  0%| F|  |TAMS 0x0000000712300000, 0x0000000712300000| Untracked 
| 226|0x0000000712400000, 0x0000000712400000, 0x0000000712500000|  0%| F|  |TAMS 0x0000000712400000, 0x0000000712400000| Untracked 
| 227|0x0000000712500000, 0x0000000712500000, 0x0000000712600000|  0%| F|  |TAMS 0x0000000712500000, 0x0000000712500000| Untracked 
| 228|0x0000000712600000, 0x0000000712600000, 0x0000000712700000|  0%| F|  |TAMS 0x0000000712600000, 0x0000000712600000| Untracked 
| 229|0x0000000712700000, 0x0000000712700000, 0x0000000712800000|  0%| F|  |TAMS 0x0000000712700000, 0x0000000712700000| Untracked 
| 230|0x0000000712800000, 0x0000000712800000, 0x0000000712900000|  0%| F|  |TAMS 0x0000000712800000, 0x0000000712800000| Untracked 
| 231|0x0000000712900000, 0x0000000712900000, 0x0000000712a00000|  0%| F|  |TAMS 0x0000000712900000, 0x0000000712900000| Untracked 
| 232|0x0000000712a00000, 0x0000000712a00000, 0x0000000712b00000|  0%| F|  |TAMS 0x0000000712a00000, 0x0000000712a00000| Untracked 
| 233|0x0000000712b00000, 0x0000000712b00000, 0x0000000712c00000|  0%| F|  |TAMS 0x0000000712b00000, 0x0000000712b00000| Untracked 
| 234|0x0000000712c00000, 0x0000000712c00000, 0x0000000712d00000|  0%| F|  |TAMS 0x0000000712c00000, 0x0000000712c00000| Untracked 
| 235|0x0000000712d00000, 0x0000000712d00000, 0x0000000712e00000|  0%| F|  |TAMS 0x0000000712d00000, 0x0000000712d00000| Untracked 
| 236|0x0000000712e00000, 0x0000000712f00000, 0x0000000712f00000|100%| S|CS|TAMS 0x0000000712e00000, 0x0000000712e00000| Complete 
| 237|0x0000000712f00000, 0x0000000713000000, 0x0000000713000000|100%| S|CS|TAMS 0x0000000712f00000, 0x0000000712f00000| Complete 
| 238|0x0000000713000000, 0x0000000713000000, 0x0000000713100000|  0%| F|  |TAMS 0x0000000713000000, 0x0000000713000000| Untracked 
| 239|0x0000000713100000, 0x0000000713100000, 0x0000000713200000|  0%| F|  |TAMS 0x0000000713100000, 0x0000000713100000| Untracked 
| 240|0x0000000713200000, 0x0000000713200000, 0x0000000713300000|  0%| F|  |TAMS 0x0000000713200000, 0x0000000713200000| Untracked 
| 241|0x0000000713300000, 0x0000000713300000, 0x0000000713400000|  0%| F|  |TAMS 0x0000000713300000, 0x0000000713300000| Untracked 
| 242|0x0000000713400000, 0x0000000713400000, 0x0000000713500000|  0%| F|  |TAMS 0x0000000713400000, 0x0000000713400000| Untracked 
| 243|0x0000000713500000, 0x0000000713500000, 0x0000000713600000|  0%| F|  |TAMS 0x0000000713500000, 0x0000000713500000| Untracked 
| 244|0x0000000713600000, 0x0000000713600000, 0x0000000713700000|  0%| F|  |TAMS 0x0000000713600000, 0x0000000713600000| Untracked 
| 245|0x0000000713700000, 0x0000000713700000, 0x0000000713800000|  0%| F|  |TAMS 0x0000000713700000, 0x0000000713700000| Untracked 
| 246|0x0000000713800000, 0x0000000713900000, 0x0000000713900000|100%| E|  |TAMS 0x0000000713800000, 0x0000000713800000| Complete 
| 247|0x0000000713900000, 0x0000000713a00000, 0x0000000713a00000|100%| E|CS|TAMS 0x0000000713900000, 0x0000000713900000| Complete 
| 248|0x0000000713a00000, 0x0000000713b00000, 0x0000000713b00000|100%| E|CS|TAMS 0x0000000713a00000, 0x0000000713a00000| Complete 
| 249|0x0000000713b00000, 0x0000000713c00000, 0x0000000713c00000|100%| E|CS|TAMS 0x0000000713b00000, 0x0000000713b00000| Complete 
| 250|0x0000000713c00000, 0x0000000713d00000, 0x0000000713d00000|100%| E|CS|TAMS 0x0000000713c00000, 0x0000000713c00000| Complete 
| 251|0x0000000713d00000, 0x0000000713e00000, 0x0000000713e00000|100%| E|CS|TAMS 0x0000000713d00000, 0x0000000713d00000| Complete 

Card table byte_map: [0x000001a916de0000,0x000001a9175c0000] _byte_map_base: 0x000001a9135bf000

Marking Bits (Prev, Next): (CMBitMap*) 0x000001a97f818eb8, (CMBitMap*) 0x000001a97f818ef0
 Prev Bits: [0x000001a917da0000, 0x000001a91bc98000)
 Next Bits: [0x000001a91bca0000, 0x000001a91fb98000)

Polling page: 0x000001a97d770000

Metaspace:

Usage:
  Non-class:     16.96 MB capacity,    16.75 MB ( 99%) used,   158.84 KB ( <1%) free+waste,    47.31 KB ( <1%) overhead. 
      Class:      2.25 MB capacity,     2.05 MB ( 91%) used,   176.45 KB (  8%) free+waste,    24.75 KB (  1%) overhead. 
       Both:     19.21 MB capacity,    18.81 MB ( 98%) used,   335.29 KB (  2%) free+waste,    72.06 KB ( <1%) overhead. 

Virtual space:
  Non-class space:       18.00 MB reserved,      17.00 MB ( 94%) committed 
      Class space:        1.00 GB reserved,       2.25 MB ( <1%) committed 
             Both:        1.02 GB reserved,      19.25 MB (  2%) committed 

Chunk freelists:
   Non-Class:  5.75 KB
       Class:  0 bytes
        Both:  5.75 KB

CodeHeap 'non-profiled nmethods': size=120064Kb used=424Kb max_used=424Kb free=119639Kb
 bounds [0x000001a90f0c0000, 0x000001a90f330000, 0x000001a916600000]
CodeHeap 'profiled nmethods': size=120000Kb used=2698Kb max_used=2698Kb free=117301Kb
 bounds [0x000001a907b90000, 0x000001a907e40000, 0x000001a90f0c0000]
CodeHeap 'non-nmethods': size=5696Kb used=1250Kb max_used=1250Kb free=4445Kb
 bounds [0x000001a907600000, 0x000001a907870000, 0x000001a907b90000]
 total_blobs=2050 nmethods=1414 adapters=548
 compilation: enabled
              stopped_count=0, restarted_count=0
 full_count=0

Compilation events (10 events):
Event: 2.022 Thread 0x000001a92247c000 1287  s!   3       jdk.internal.loader.URLClassPath::getLoader (194 bytes)
Event: 2.024 Thread 0x000001a92247c000 nmethod 1287 0x000001a907df9610 code [0x000001a907df9980, 0x000001a907dfb708]
Event: 2.024 Thread 0x000001a92247c000 1288   !   3       javax.swing.RepaintManager::addDirtyRegion0 (205 bytes)
Event: 2.026 Thread 0x000001a92247c000 nmethod 1288 0x000001a907dfc190 code [0x000001a907dfc4a0, 0x000001a907dfe198]
Event: 2.026 Thread 0x000001a92247c000 1291       2       java.util.Arrays::copyOf (40 bytes)
Event: 2.026 Thread 0x000001a92247c000 nmethod 1291 0x000001a907dfe890 code [0x000001a907dfea60, 0x000001a907dfee68]
Event: 2.026 Thread 0x000001a92247c000 1286       3       java.util.zip.ZipFile::ensureOpen (38 bytes)
Event: 2.026 Thread 0x000001a92247c000 nmethod 1286 0x000001a907dff010 code [0x000001a907dff1e0, 0x000001a907dff518]
Event: 2.026 Thread 0x000001a92247c000 1289   !   3       java.util.jar.JarFile::isMultiRelease (33 bytes)
Event: 2.026 Thread 0x000001a92247c000 nmethod 1289 0x000001a907dff690 code [0x000001a907dff840, 0x000001a907dffa28]

GC Heap History (2 events):
Event: 0.968 GC heap before
{Heap before GC invocations=0 (full 0):
 garbage-first heap   total 258048K, used 17408K [0x0000000704200000, 0x0000000800000000)
  region size 1024K, 14 young (14336K), 0 survivors (0K)
 Metaspace       used 16101K, capacity 16505K, committed 16640K, reserved 1064960K
  class space    used 1746K, capacity 1934K, committed 2048K, reserved 1048576K
}
Event: 0.974 GC heap after
{Heap after GC invocations=1 (full 0):
 garbage-first heap   total 258048K, used 6328K [0x0000000704200000, 0x0000000800000000)
  region size 1024K, 2 young (2048K), 2 survivors (2048K)
 Metaspace       used 16101K, capacity 16505K, committed 16640K, reserved 1064960K
  class space    used 1746K, capacity 1934K, committed 2048K, reserved 1048576K
}

Deoptimization events (10 events):
Event: 0.778 Thread 0x000001a923b3e000 Uncommon trap: reason=bimorphic_or_optimized_type_check action=maybe_recompile pc=0x000001a90f1016d0 method=java.util.concurrent.ConcurrentHashMap.get(Ljava/lang/Object;)Ljava/lang/Object; @ 149 c2
Event: 0.782 Thread 0x000001a923b3e000 Uncommon trap: reason=bimorphic_or_optimized_type_check action=maybe_recompile pc=0x000001a90f1016d0 method=java.util.concurrent.ConcurrentHashMap.get(Ljava/lang/Object;)Ljava/lang/Object; @ 149 c2
Event: 0.787 Thread 0x000001a923b3e000 Uncommon trap: reason=bimorphic_or_optimized_type_check action=maybe_recompile pc=0x000001a90f1016d0 method=java.util.concurrent.ConcurrentHashMap.get(Ljava/lang/Object;)Ljava/lang/Object; @ 149 c2
Event: 0.798 Thread 0x000001a923b3e000 Uncommon trap: reason=unstable_if action=reinterpret pc=0x000001a90f10332c method=java.lang.StringLatin1.canEncode(I)Z @ 4 c2
Event: 0.798 Thread 0x000001a923b3e000 Uncommon trap: reason=unstable_if action=reinterpret pc=0x000001a90f0f6194 method=java.lang.AbstractStringBuilder.isLatin1()Z @ 10 c2
Event: 0.899 Thread 0x000001a923b3e000 Uncommon trap: reason=unstable_if action=reinterpret pc=0x000001a90f10dd2c method=sun.awt.image.PNGImageDecoder.produceImage()V @ 867 c2
Event: 1.103 Thread 0x000001a922a37800 Uncommon trap: reason=intrinsic_or_type_checked_inlining action=make_not_entrant pc=0x000001a90f114660 method=java.util.Arrays.copyOf([Ljava/lang/Object;ILjava/lang/Class;)[Ljava/lang/Object; @ 35 c2
Event: 1.118 Thread 0x000001a922a37800 Uncommon trap: reason=bimorphic_or_optimized_type_check action=maybe_recompile pc=0x000001a90f1016d0 method=java.util.concurrent.ConcurrentHashMap.get(Ljava/lang/Object;)Ljava/lang/Object; @ 149 c2
Event: 1.128 Thread 0x000001a922a37800 Uncommon trap: reason=unstable_if action=reinterpret pc=0x000001a90f0fe614 method=java.util.Arrays.equals([Ljava/lang/Object;[Ljava/lang/Object;)Z @ 44 c2
Event: 2.011 Thread 0x000001a923b3e000 Uncommon trap: reason=unstable_if action=reinterpret pc=0x000001a90f112ff0 method=sun.awt.image.PNGImageDecoder.filterRow([B[BIII)V @ 4 c2

Classes redefined (0 events):
No events

Internal exceptions (10 events):
Event: 0.619 Thread 0x000001a97f7b7800 Exception <a 'java/lang/ClassNotFoundException'{0x0000000713630738}: com/sun/swing/internal/plaf/basic/resources/spi/basicProvider> (0x0000000713630738) thrown at [./open/src/hotspot/share/classfile/systemDictionary.cpp, line 226]
Event: 0.622 Thread 0x000001a97f7b7800 Exception <a 'java/lang/NoSuchMethodError'{0x000000071366cc58}: java.lang.invoke.DirectMethodHandle$Holder.invokeStatic(Ljava/lang/Object;Ljava/lang/Object;Ljava/lang/Object;Ljava/lang/Object;Ljava/lang/Object;Ljava/lang/Object;Ljava/lang/Object;Ljava/lan
Event: 0.624 Thread 0x000001a97f7b7800 Exception <a 'java/lang/NoSuchMethodError'{0x000000071368ab90}: java.lang.invoke.DirectMethodHandle$Holder.invokeStatic(Ljava/lang/Object;Ljava/lang/Object;Ljava/lang/Object;Ljava/lang/Object;Ljava/lang/Object;Ljava/lang/Object;Ljava/lang/Object;Ljava/lan
Event: 0.627 Thread 0x000001a97f7b7800 Exception <a 'java/lang/NoSuchMethodError'{0x00000007136a9b58}: java.lang.invoke.DirectMethodHandle$Holder.invokeStatic(Ljava/lang/Object;Ljava/lang/Object;Ljava/lang/Object;Ljava/lang/Object;Ljava/lang/Object;Ljava/lang/Object;Ljava/lang/Object;Ljava/lan
Event: 0.629 Thread 0x000001a97f7b7800 Exception <a 'java/lang/NoSuchMethodError'{0x00000007136c9f68}: java.lang.invoke.DirectMethodHandle$Holder.invokeStatic(Ljava/lang/Object;Ljava/lang/Object;Ljava/lang/Object;Ljava/lang/Object;Ljava/lang/Object;Ljava/lang/Object;Ljava/lang/Object;Ljava/lan
Event: 0.655 Thread 0x000001a922a37800 Exception <a 'java/lang/ClassNotFoundException'{0x00000007135568c8}: com/sun/swing/internal/plaf/synth/resources/spi/synthProvider> (0x00000007135568c8) thrown at [./open/src/hotspot/share/classfile/systemDictionary.cpp, line 226]
Event: 0.755 Thread 0x000001a923b3e000 Implicit null exception at 0x000001a90f0f6754 to 0x000001a90f0f6ca0
Event: 0.961 Thread 0x000001a922a37800 Exception <a 'java/lang/NoSuchMethodError'{0x000000071348c538}: java.lang.invoke.DirectMethodHandle$Holder.invokeStaticInit(Ljava/lang/Object;)V> (0x000000071348c538) thrown at [./open/src/hotspot/share/interpreter/linkResolver.cpp, line 772]
Event: 0.979 Thread 0x000001a922a37800 Exception <a 'java/lang/NoSuchMethodError'{0x0000000713d250d0}: java.lang.invoke.Invokers$Holder.linkToTargetMethod(Ljava/lang/Object;ILjava/lang/Object;)Ljava/lang/Object;> (0x0000000713d250d0) thrown at [./open/src/hotspot/share/interpreter/linkResolver
Event: 1.015 Thread 0x000001a922b3a800 Exception <a 'java/lang/NoSuchMethodError'{0x0000000713d81158}: java.lang.invoke.DirectMethodHandle$Holder.invokeVirtual(Ljava/lang/Object;Ljava/lang/Object;)V> (0x0000000713d81158) thrown at [./open/src/hotspot/share/interpreter/linkResolver.cpp, line 77

Events (10 events):
Event: 2.026 Thread 0x000001a923b3e000 DEOPT PACKING pc=0x000001a907df016d sp=0x000000251c1ff180
Event: 2.026 Thread 0x000001a923b3e000 DEOPT UNPACKING pc=0x000001a90762705e sp=0x000000251c1fe5f0 mode 0
Event: 2.027 Thread 0x000001a923b3e000 DEOPT PACKING pc=0x000001a907df016d sp=0x000000251c1ff180
Event: 2.027 Thread 0x000001a923b3e000 DEOPT UNPACKING pc=0x000001a90762705e sp=0x000000251c1fe5f0 mode 0
Event: 2.027 Thread 0x000001a923b3e000 DEOPT PACKING pc=0x000001a907df016d sp=0x000000251c1ff180
Event: 2.027 Thread 0x000001a923b3e000 DEOPT UNPACKING pc=0x000001a90762705e sp=0x000000251c1fe5f0 mode 0
Event: 2.027 Thread 0x000001a923b3e000 DEOPT PACKING pc=0x000001a907df016d sp=0x000000251c1ff180
Event: 2.027 Thread 0x000001a923b3e000 DEOPT UNPACKING pc=0x000001a90762705e sp=0x000000251c1fe5f0 mode 0
Event: 2.027 Thread 0x000001a923b3e000 DEOPT PACKING pc=0x000001a907df016d sp=0x000000251c1ff180
Event: 2.027 Thread 0x000001a923b3e000 DEOPT UNPACKING pc=0x000001a90762705e sp=0x000000251c1fe5f0 mode 0


Dynamic libraries:
0x00007ff793110000 - 0x00007ff793120000 	C:\Program Files\Java\jdk-11\bin\java.exe
0x00007fffce450000 - 0x00007fffce648000 	C:\Windows\SYSTEM32\ntdll.dll
0x00007fffa8d30000 - 0x00007fffa8d49000 	C:\Program Files\AVG\Antivirus\aswhook.dll
0x00007fffcddd0000 - 0x00007fffcde8f000 	C:\Windows\System32\KERNEL32.DLL
0x00007fffcbfd0000 - 0x00007fffcc2a2000 	C:\Windows\System32\KERNELBASE.dll
0x00007fffc6030000 - 0x00007fffc604b000 	C:\Program Files\Java\jdk-11\bin\VCRUNTIME140.dll
0x00007fffc4920000 - 0x00007fffc4938000 	C:\Program Files\Java\jdk-11\bin\jli.dll
0x00007fffcbed0000 - 0x00007fffcbfd0000 	C:\Windows\System32\ucrtbase.dll
0x00007fffcd650000 - 0x00007fffcd6fe000 	C:\Windows\System32\ADVAPI32.dll
0x00007fffcd710000 - 0x00007fffcd7ae000 	C:\Windows\System32\msvcrt.dll
0x00007fffcc790000 - 0x00007fffcc82c000 	C:\Windows\System32\sechost.dll
0x00007fffcd890000 - 0x00007fffcd9b5000 	C:\Windows\System32\RPCRT4.dll
0x00007fffccf80000 - 0x00007fffcd121000 	C:\Windows\System32\USER32.dll
0x00007fffcc3f0000 - 0x00007fffcc412000 	C:\Windows\System32\win32u.dll
0x00007fffcaee0000 - 0x00007fffcb17a000 	C:\Windows\WinSxS\amd64_microsoft.windows.common-controls_6595b64144ccf1df_6.0.19041.1110_none_60b5254171f9507e\COMCTL32.dll
0x00007fffcc5b0000 - 0x00007fffcc5db000 	C:\Windows\System32\GDI32.dll
0x00007fffcbc60000 - 0x00007fffcbd6f000 	C:\Windows\System32\gdi32full.dll
0x00007fffcbb50000 - 0x00007fffcbbed000 	C:\Windows\System32\msvcp_win.dll
0x00007fffc4a00000 - 0x00007fffc4a0a000 	C:\Windows\SYSTEM32\VERSION.dll
0x00007fffcdef0000 - 0x00007fffcdf20000 	C:\Windows\System32\IMM32.DLL
0x00007fffc6020000 - 0x00007fffc602c000 	C:\Program Files\Java\jdk-11\bin\vcruntime140_1.dll
0x00007fffa74a0000 - 0x00007fffa752e000 	C:\Program Files\Java\jdk-11\bin\msvcp140.dll
0x00007fff83ea0000 - 0x00007fff84a08000 	C:\Program Files\Java\jdk-11\bin\server\jvm.dll
0x00007fffcdc30000 - 0x00007fffcdc38000 	C:\Windows\System32\PSAPI.DLL
0x00007fffbafc0000 - 0x00007fffbafe7000 	C:\Windows\SYSTEM32\WINMM.dll
0x00007fffb90c0000 - 0x00007fffb90c9000 	C:\Windows\SYSTEM32\WSOCK32.dll
0x00007fffcdf20000 - 0x00007fffcdf8b000 	C:\Windows\System32\WS2_32.dll
0x00007fffc8c10000 - 0x00007fffc8c22000 	C:\Windows\SYSTEM32\kernel.appcore.dll
0x00007fffc59e0000 - 0x00007fffc59f0000 	C:\Program Files\Java\jdk-11\bin\verify.dll
0x00007fffcb470000 - 0x00007fffcb654000 	C:\Windows\SYSTEM32\DBGHELP.DLL
0x00007fffcb290000 - 0x00007fffcb2c5000 	C:\Windows\SYSTEM32\dbgcore.DLL
0x00007fffcc2b0000 - 0x00007fffcc332000 	C:\Windows\System32\bcryptPrimitives.dll
0x00007fffb7c30000 - 0x00007fffb7c58000 	C:\Program Files\Java\jdk-11\bin\java.dll
0x00007fffc59d0000 - 0x00007fffc59da000 	C:\Program Files\Java\jdk-11\bin\jimage.dll
0x00007fffc47a0000 - 0x00007fffc47b7000 	C:\Program Files\Java\jdk-11\bin\zip.dll
0x00007fffcc830000 - 0x00007fffccf75000 	C:\Windows\System32\SHELL32.dll
0x00007fffc8e10000 - 0x00007fffc95a2000 	C:\Windows\SYSTEM32\windows.storage.dll
0x00007fffce0b0000 - 0x00007fffce405000 	C:\Windows\System32\combase.dll
0x00007fffcae40000 - 0x00007fffcae70000 	C:\Windows\SYSTEM32\Wldp.dll
0x00007fffcc4a0000 - 0x00007fffcc54d000 	C:\Windows\System32\SHCORE.dll
0x00007fffcde90000 - 0x00007fffcdee5000 	C:\Windows\System32\shlwapi.dll
0x00007fffcba90000 - 0x00007fffcbaaf000 	C:\Windows\SYSTEM32\profapi.dll
0x00007fffb7c10000 - 0x00007fffb7c29000 	C:\Program Files\Java\jdk-11\bin\net.dll
0x00007fffc2000000 - 0x00007fffc210a000 	C:\Windows\SYSTEM32\WINHTTP.dll
0x00007fffcab20000 - 0x00007fffcab8a000 	C:\Windows\system32\mswsock.dll
0x00007fffb7b10000 - 0x00007fffb7b22000 	C:\Program Files\Java\jdk-11\bin\nio.dll
0x00007fffa7b20000 - 0x00007fffa7ca2000 	C:\Program Files\Java\jdk-11\bin\awt.dll
0x00007fffcdc40000 - 0x00007fffcdd0d000 	C:\Windows\System32\OLEAUT32.dll
0x00007fffc8680000 - 0x00007fffc8710000 	C:\Windows\SYSTEM32\apphelp.dll
0x00007fffc8820000 - 0x00007fffc88be000 	C:\Windows\system32\uxtheme.dll
0x00007fffcdf90000 - 0x00007fffce0a4000 	C:\Windows\System32\MSCTF.dll
0x00007fffcdb00000 - 0x00007fffcdc2a000 	C:\Windows\System32\ole32.dll
0x00007fffc8b00000 - 0x00007fffc8b2f000 	C:\Windows\system32\DWMAPI.DLL
0x00007fffa7410000 - 0x00007fffa7496000 	C:\Program Files\Java\jdk-11\bin\freetype.dll
0x00007fffa7340000 - 0x00007fffa7405000 	C:\Program Files\Java\jdk-11\bin\fontmanager.dll
0x00007fffa1560000 - 0x00007fffa1685000 	C:\Windows\system32\opengl32.dll
0x00007fffb8c00000 - 0x00007fffb8c2c000 	C:\Windows\SYSTEM32\GLU32.dll
0x00007fffcd130000 - 0x00007fffcd1d9000 	C:\Windows\System32\clbcatq.dll
0x00007fffc4ba0000 - 0x00007fffc4d54000 	C:\Windows\SYSTEM32\WindowsCodecs.dll
0x00007fffcc470000 - 0x00007fffcc497000 	C:\Windows\System32\bcrypt.dll
0x00007fffa1b50000 - 0x00007fffa1b8e000 	C:\Windows\system32\dataexchange.dll
0x00007fffc6b20000 - 0x00007fffc6d83000 	C:\Windows\system32\d3d11.dll
0x00007fffc7a60000 - 0x00007fffc7c43000 	C:\Windows\system32\dcomp.dll
0x00007fffc9da0000 - 0x00007fffc9e93000 	C:\Windows\system32\dxgi.dll
0x00007fffc4ed0000 - 0x00007fffc50d0000 	C:\Windows\system32\twinapi.appcore.dll
0x00007fffc10b0000 - 0x00007fffc11a9000 	C:\Windows\SYSTEM32\textinputframework.dll
0x00007fffc7fe0000 - 0x00007fffc833e000 	C:\Windows\System32\CoreUIComponents.dll
0x00007fffc8340000 - 0x00007fffc8432000 	C:\Windows\System32\CoreMessaging.dll
0x00007fffc7900000 - 0x00007fffc7a54000 	C:\Windows\SYSTEM32\wintypes.dll
0x00007fffcb7c0000 - 0x00007fffcb7f3000 	C:\Windows\SYSTEM32\ntmarta.dll
0x00007fffa7d30000 - 0x00007fffa7d96000 	C:\Windows\system32\Oleacc.dll
0x00007fffcb800000 - 0x00007fffcb818000 	C:\Windows\SYSTEM32\CRYPTSP.dll
0x00007fffca520000 - 0x00007fffca554000 	C:\Windows\system32\rsaenh.dll
0x00007fffcba50000 - 0x00007fffcba7e000 	C:\Windows\SYSTEM32\USERENV.dll
0x00007fffcad50000 - 0x00007fffcad5c000 	C:\Windows\SYSTEM32\CRYPTBASE.dll
0x00007fffca890000 - 0x00007fffca8cb000 	C:\Windows\SYSTEM32\IPHLPAPI.DLL
0x00007fffcd700000 - 0x00007fffcd708000 	C:\Windows\System32\NSI.dll
0x00007fffc2db0000 - 0x00007fffc2dc7000 	C:\Windows\SYSTEM32\dhcpcsvc6.DLL
0x00007fffc3640000 - 0x00007fffc365d000 	C:\Windows\SYSTEM32\dhcpcsvc.DLL
0x00007fffca8d0000 - 0x00007fffca99b000 	C:\Windows\SYSTEM32\DNSAPI.dll

dbghelp: loaded successfully - version: 4.0.5 - missing functions: none
symbol engine: initialized successfully - sym options: 0x614 - pdb path: .;C:\Program Files\Java\jdk-11\bin;C:\Windows\SYSTEM32;C:\Program Files\AVG\Antivirus;C:\Windows\WinSxS\amd64_microsoft.windows.common-controls_6595b64144ccf1df_6.0.19041.1110_none_60b5254171f9507e;C:\Program Files\Java\jdk-11\bin\server

VM Arguments:
jvm_args: -Dfile.encoding=UTF-8 
java_command: VIsta.Login
java_class_path (initial): C:\Program Files\NetBeans-15\netbeans\java\modules\ext\AbsoluteLayout.jar;C:\Users\Pao\Documents\LibreriasExpo\RSScaleLabel (1).jar;C:\Users\Pao\Documents\LibreriasExpo\comm-2.0.jar;C:\Users\Pao\Documents\LibreriasExpo\http-2.2.1.jar;C:\Users\Pao\Documents\LibreriasExpo\javax.activation-1.2.0.jar;C:\Users\Pao\Documents\LibreriasExpo\javax.mail.jar;C:\Users\Pao\Documents\LibreriasExpo\mssql-jdbc-12.2.0.jre11.jar;C:\Users\Pao\Documents\LibreriasExpo\Desplazable.jar;C:\Users\Pao\Documents\NetBeansProjects\2023Esespi\build\classes
Launcher Type: SUN_STANDARD

[Global flags]
     intx CICompilerCount                          = 3                                         {product} {ergonomic}
     uint ConcGCThreads                            = 1                                         {product} {ergonomic}
     uint G1ConcRefinementThreads                  = 4                                         {product} {ergonomic}
   size_t G1HeapRegionSize                         = 1048576                                   {product} {ergonomic}
    uintx GCDrainStackTargetSize                   = 64                                        {product} {ergonomic}
   size_t InitialHeapSize                          = 264241152                                 {product} {ergonomic}
   size_t MarkStackSize                            = 4194304                                   {product} {ergonomic}
   size_t MaxHeapSize                              = 4225761280                                {product} {ergonomic}
   size_t MaxNewSize                               = 2535456768                                {product} {ergonomic}
   size_t MinHeapDeltaBytes                        = 1048576                                   {product} {ergonomic}
    uintx NonNMethodCodeHeapSize                   = 5830732                                {pd product} {ergonomic}
    uintx NonProfiledCodeHeapSize                  = 122913754                              {pd product} {ergonomic}
    uintx ProfiledCodeHeapSize                     = 122913754                              {pd product} {ergonomic}
    uintx ReservedCodeCacheSize                    = 251658240                              {pd product} {ergonomic}
     bool SegmentedCodeCache                       = true                                      {product} {ergonomic}
     bool UseCompressedClassPointers               = true                                 {lp64_product} {ergonomic}
     bool UseCompressedOops                        = true                                 {lp64_product} {ergonomic}
     bool UseG1GC                                  = true                                      {product} {ergonomic}
     bool UseLargePagesIndividualAllocation        = false                                  {pd product} {ergonomic}

Logging:
Log output configuration:
 #0: stdout all=warning uptime,level,tags
 #1: stderr all=off uptime,level,tags

Environment Variables:
PATH=C:\Program Files\Microsoft MPI\Bin\;C:\Program Files\Common Files\Oracle\Java\javapath;C:\Windows\system32;C:\Windows;C:\Windows\System32\Wbem;C:\Windows\System32\WindowsPowerShell\v1.0\;C:\Windows\System32\OpenSSH\;C:\Program Files\Azure Data Studio\bin;C:\Program Files (x86)\Microsoft SQL Server\160\Tools\Binn\;C:\Program Files\Microsoft SQL Server\160\Tools\Binn\;C:\Program Files\Microsoft SQL Server\Client SDK\ODBC\170\Tools\Binn\;C:\Program Files\Microsoft SQL Server\160\DTS\Binn\;C:\Program Files (x86)\Microsoft SQL Server\160\DTS\Binn\;C:\Users\Pao\AppData\Local\Microsoft\WindowsApps;;C:\Program Files\Azure Data Studio\bin
USERNAME=Pao
OS=Windows_NT
PROCESSOR_IDENTIFIER=Intel64 Family 6 Model 78 Stepping 3, GenuineIntel



---------------  S Y S T E M  ---------------

OS: Windows 10 , 64 bit Build 19041 (10.0.19041.2546)

CPU:total 4 (initial active 4) (2 cores per cpu, 2 threads per core) family 6 model 78 stepping 3 microcode 0xf0, cmov, cx8, fxsr, mmx, sse, sse2, sse3, ssse3, sse4.1, sse4.2, popcnt, avx, avx2, aes, clmul, erms, rtm, 3dnowpref, lzcnt, ht, tsc, tscinvbit, bmi1, bmi2, adx, fma

Memory: 4k page, system-wide physical 16118M (9239M free)
TotalPageFile size 18550M (AvailPageFile size 11158M)
current process WorkingSet (physical memory assigned to process): 107M, peak: 110M
current process commit charge ("private bytes"): 364M, peak: 366M

vm_info: Java HotSpot(TM) 64-Bit Server VM (11.0.18+9-LTS-195) for windows-amd64 JRE (11.0.18+9-LTS-195), built on Dec  6 2022 15:50:58 by "mach5one" with MS VC++ 17.1 (VS2022)

END.
